# lambda = 2.9
#===============================================
0           0.7            0.7007         
1           0.609          0.608187       
2           0.690545       0.691057       
3           0.619708       0.619141       
4           0.683443       0.683835       
5           0.627411       0.626993       
6           0.677922       0.678231       
7           0.633197       0.632878       
8           0.67355        0.673796       
9           0.637653       0.637405       
10          0.67005        0.670247       
11          0.641141       0.640946       
12          0.66723        0.667389       
13          0.643899       0.643744       
14          0.66495        0.665079       
15          0.646096       0.645972       
16          0.663103       0.663207       
17          0.647853       0.647754       
18          0.661605       0.66169        
19          0.649263       0.649184       
20          0.660389       0.660458       
21          0.650398       0.650334       
22          0.659403       0.659459       
23          0.651313       0.651261       
24          0.658603       0.658648       
25          0.652051       0.652009       
26          0.657953       0.65799        
27          0.652647       0.652613       
28          0.657427       0.657457       
29          0.653129       0.653102       
30          0.657          0.657024       
31          0.653518       0.653496       
32          0.656653       0.656673       
33          0.653833       0.653816       
34          0.656372       0.656388       
35          0.654088       0.654074       
36          0.656145       0.656158       
37          0.654295       0.654283       
38          0.65596        0.655971       
39          0.654462       0.654452       
40          0.655811       0.655819       
41          0.654597       0.654589       
42          0.65569        0.655696       
43          0.654706       0.6547         
44          0.655591       0.655597       
45          0.654795       0.65479        
46          0.655512       0.655516       
47          0.654867       0.654863       
48          0.655447       0.655451       
49          0.654925       0.654921       
50          0.655395       0.655398       
51          0.654972       0.654969       
52          0.655353       0.655355       
53          0.65501        0.655008       
54          0.655319       0.65532        
55          0.655041       0.655039       
56          0.655291       0.655292       
57          0.655066       0.655064       
58          0.655268       0.65527        
59          0.655086       0.655085       
60          0.65525        0.655251       
61          0.655102       0.655102       
62          0.655235       0.655236       
63          0.655116       0.655115       
64          0.655223       0.655224       
65          0.655127       0.655126       
66          0.655214       0.655214       
67          0.655135       0.655135       
68          0.655206       0.655206       
69          0.655142       0.655142       
70          0.655199       0.6552         
71          0.655148       0.655148       
72          0.655194       0.655195       
73          0.655153       0.655152       
74          0.65519        0.65519        
75          0.655156       0.655156       
76          0.655187       0.655187       
77          0.655159       0.655159       
78          0.655184       0.655184       
79          0.655162       0.655162       
80          0.655182       0.655182       
81          0.655164       0.655164       
82          0.65518        0.65518        
83          0.655166       0.655165       
84          0.655179       0.655179       
85          0.655167       0.655167       
86          0.655177       0.655177       
87          0.655168       0.655168       
88          0.655176       0.655177       
89          0.655169       0.655169       
90          0.655176       0.655176       
91          0.655169       0.655169       
92          0.655175       0.655175       
93          0.65517        0.65517        
94          0.655175       0.655175       
95          0.65517        0.65517        
96          0.655174       0.655174       
97          0.655171       0.655171       
98          0.655174       0.655174       
99          0.655171       0.655171       
