# lambda = 4
#===============================================
0           0.7            0.7007         
1           0.84           0.838878       
2           0.5376         0.540647       
3           0.994345       0.993391       
4           0.0224922      0.0262598      
5           0.0879454      0.102281       
6           0.320844       0.367278       
7           0.871612       0.929539       
8           0.447617       0.261985       
9           0.989024       0.773395       
10          0.0434219      0.701021       
11          0.166146       0.838362       
12          0.554165       0.542045       
13          0.988265       0.992929       
14          0.0463905      0.0280851      
15          0.176954       0.109185       
16          0.582565       0.389055       
17          0.972732       0.950765       
18          0.106097       0.187243       
19          0.379361       0.608733       
20          0.941785       0.952709       
21          0.219305       0.180219       
22          0.684842       0.59096        
23          0.863333       0.966905       
24          0.471956       0.127998       
25          0.996854       0.446458       
26          0.0125443      0.988533       
27          0.0495476      0.0453423      
28          0.188371       0.173145       
29          0.611548       0.572664       
30          0.950228       0.97888        
31          0.18918        0.0826975      
32          0.613563       0.303435       
33          0.948414       0.845448       
34          0.195699       0.522663       
35          0.629604       0.997946       
36          0.932811       0.00820056     
37          0.2507         0.0325333      
38          0.751397       0.125899       
39          0.747198       0.440195       
40          0.755573       0.985693       
41          0.73873        0.0564078      
42          0.772031       0.212904       
43          0.703996       0.670303       
44          0.833542       0.883987       
45          0.554998       0.410215       
46          0.987901       0.967755       
47          0.0478117      0.124822       
48          0.182103       0.436967       
49          0.595766       0.984107       
50          0.963316       0.0625604      
51          0.141354       0.234586       
52          0.485493       0.718223       
53          0.999158       0.809516       
54          0.00336452     0.6168         
55          0.0134128      0.945431       
56          0.0529316      0.206365       
57          0.20052        0.655114       
58          0.641246       0.903758       
59          0.920198       0.347917       
60          0.293733       0.907483       
61          0.829816       0.335829       
62          0.564886       0.892192       
63          0.983159       0.384742       
64          0.0662292      0.946862       
65          0.247372       0.201256       
66          0.744715       0.643009       
67          0.760457       0.918194       
68          0.728648       0.300455       
69          0.79088        0.840728       
70          0.661554       0.535619       
71          0.895601       0.994925       
72          0.374          0.020196       
73          0.936496       0.0791526      
74          0.237885       0.29155        
75          0.725184       0.826194       
76          0.797169       0.57439        
77          0.646763       0.977865       
78          0.913843       0.0865816      
79          0.314936       0.316341       
80          0.863005       0.865078       
81          0.472909       0.466874       
82          0.997064       0.995611       
83          0.0117083      0.0174807      
84          0.046285       0.0687005      
85          0.176571       0.255923       
86          0.581574       0.761705       
87          0.973383       0.726041       
88          0.103636       0.795622       
89          0.371581       0.650431       
90          0.934034       0.909482       
91          0.246458       0.329297       
92          0.742865       0.883442       
93          0.764066       0.411888       
94          0.721077       0.968945       
95          0.804499       0.120361       
96          0.629121       0.423496       
97          0.933311       0.976589       
98          0.248965       0.0914525      
99          0.747927       0.332356       
100         0.75413        0.887581       
101         0.741673       0.399122       
102         0.766378       0.959295       
103         0.716172       0.156193       
104         0.813079       0.527187       
105         0.607927       0.997043       
106         0.953407       0.0117916      
107         0.177689       0.0466101      
108         0.584462       0.17775        
109         0.971465       0.584621       
110         0.110885       0.971357       
111         0.394358       0.111289       
112         0.955359       0.395616       
113         0.170594       0.956416       
114         0.565966       0.166738       
115         0.982594       0.555745       
116         0.0684127      0.98757        
117         0.25493        0.0491023      
118         0.759762       0.186765       
119         0.730094       0.607535       
120         0.788226       0.953745       
121         0.667703       0.176462       
122         0.887503       0.581294       
123         0.399365       0.973565       
124         0.959491       0.102944       
125         0.155473       0.369386       
126         0.525205       0.93176        
127         0.997459       0.254332       
128         0.0101387      0.758589       
129         0.0401437      0.732526       
130         0.154129       0.783726       
131         0.521493       0.677998       
132         0.998152       0.873267       
133         0.00737735     0.442688       
134         0.0292917      0.986861       
135         0.113735       0.0518637      
136         0.403197       0.196695       
137         0.962517       0.632025       
138         0.144314       0.930278       
139         0.493949       0.259445       
140         0.999854       0.768533       
141         0.00058566     0.71156        
142         0.00234127     0.82097        
143         0.00934315     0.587913       
144         0.0370234      0.969085       
145         0.142611       0.119835       
146         0.489092       0.421899       
147         0.999524       0.975601       
148         0.00190297     0.0952148      
149         0.00759739     0.344596       
150         0.0301587      0.903398       
151         0.116997       0.34908        
152         0.413233       0.908893       
153         0.969886       0.331227       
154         0.116828       0.886063       
155         0.412715       0.403821       
156         0.969526       0.962998       
157         0.118183       0.142531       
158         0.416862       0.488864       
159         0.972353       0.999504       
160         0.107532       0.00198331     
161         0.383877       0.00791752     
162         0.946062       0.0314193      
163         0.204116       0.121729       
164         0.64981        0.427643       
165         0.910228       0.979058       
166         0.326853       0.0820144      
167         0.88008        0.301152       
168         0.422157       0.841838       
169         0.975762       0.532587       
170         0.094603       0.995752       
171         0.342613       0.0169188      
172         0.900917       0.0665301      
173         0.357061       0.248415       
174         0.918274       0.746821       
175         0.300189       0.756318       
176         0.840302       0.737205       
177         0.536778       0.774936       
178         0.99459        0.697641       
179         0.0215248      0.843752       
180         0.0842458      0.527339       
181         0.308594       0.99701        
182         0.853455       0.0119231      
183         0.50028        0.0471237      
184         1              0.179612       
185         1.25076e-06    0.589407       
186         5.00302e-06    0.968025       
187         2.0012e-05     0.123809       
188         8.00463e-05    0.43392        
189         0.000320159    0.982534       
190         0.00128023     0.0686443      
191         0.00511436     0.255729       
192         0.0203528      0.761327       
193         0.0797542      0.726834       
194         0.293574       0.794186       
195         0.829553       0.653818       
196         0.565579       0.90536        
197         0.982798       0.342732       
198         0.0676256      0.901067       
199         0.25221        0.35658        
200         0.7544         0.917723       
201         0.741123       0.302029       
202         0.767438       0.843231       
203         0.713908       0.528771       
204         0.816973       0.996689       
205         0.598111       0.0132005      
206         0.961497       0.0521051      
207         0.148083       0.197561       
208         0.504618       0.634122       
209         0.999915       0.928045       
210         0.000341129    0.26711        
211         0.00136405     0.783048       
212         0.00544877     0.679535       
213         0.0216763      0.871069       
214         0.0848258      0.449233       
215         0.310521       0.989691       
216         0.856392       0.0408122      
217         0.49194        0.156586       
218         0.99974        0.528268       
219         0.0010391      0.996804       
220         0.00415207     0.0127447      
221         0.0165393      0.0503289      
222         0.0650631      0.191184       
223         0.24332        0.61853        
224         0.736461       0.943802       
225         0.776346       0.212158       
226         0.694533       0.668587       
227         0.848628       0.886313       
228         0.513833       0.403048       
229         0.999235       0.962401       
230         0.00305926     0.144741       
231         0.0121996      0.495165       
232         0.0482031      0.999906       
233         0.183518       0.000374018    
234         0.599357       0.00149551     
235         0.960513       0.00597311     
236         0.151713       0.0237497      
237         0.514784       0.0927427      
238         0.999126       0.336566       
239         0.00349421     0.893157       
240         0.013928       0.381709       
241         0.0549361      0.944029       
242         0.207672       0.211352       
243         0.658179       0.66673        
244         0.899918       0.888804       
245         0.360262       0.395326       
246         0.921893       0.956174       
247         0.288026       0.167623       
248         0.820268       0.558101       
249         0.589713       0.986497       
250         0.967807       0.0532825      
251         0.124628       0.201774       
252         0.436383       0.644244       
253         0.983812       0.916774       
254         0.0637049      0.305197       
255         0.238586       0.848207       
256         0.726651       0.515006       
257         0.794517       0.999099       
258         0.65304        0.00359986     
259         0.906316       0.0143476      
260         0.339631       0.056567       
261         0.897127       0.213469       
262         0.369162       0.671599       
263         0.931525       0.882215       
264         0.255144       0.415646       
265         0.760181       0.971537       
266         0.729223       0.11061        
267         0.789827       0.393501       
268         0.664001       0.954632       
269         0.892415       0.173239       
270         0.384041       0.572909       
271         0.946214       0.978737       
272         0.203572       0.0832433      
273         0.648523       0.305255       
274         0.911764       0.848298       
275         0.321801       0.514754       
276         0.872981       0.999129       
277         0.44354        0.00347962     
278         0.987249       0.0138701      
279         0.0503529      0.0547107      
280         0.19127        0.20687        
281         0.618743       0.656299       
282         0.943601       0.902283       
283         0.212874       0.352674       
284         0.670235       0.91318        
285         0.88408        0.31713        
286         0.40993        0.866235       
287         0.967549       0.463489       
288         0.12559        0.994668       
289         0.43927        0.0212156      
290         0.985247       0.0830619      
291         0.0581397      0.304651       
292         0.219038       0.847354       
293         0.684241       0.51738        
294         0.864221       0.998792       
295         0.469373       0.00482697     
296         0.996248       0.0192147      
297         0.0149517      0.075382       
298         0.0589127      0.278798       
299         0.221768       0.804279       
300         0.690348       0.629658       
301         0.855071       0.932756       
302         0.4957         0.25089        
303         0.999926       0.751778       
304         0.000295853    0.746432       
305         0.00118306     0.757085       
306         0.00472665     0.73563        
307         0.0188172      0.777914       
308         0.0738525      0.691054       
309         0.273593       0.853993       
310         0.79496        0.498755       
311         0.651994       0.999994       
312         0.907591       2.4781e-05     
313         0.335477       9.91214e-05    
314         0.891729       0.000396446    
315         0.386195       0.00158516     
316         0.948193       0.00633057     
317         0.196491       0.025162       
318         0.631529       0.0981155      
319         0.930801       0.353955       
320         0.257643       0.914684       
321         0.765053       0.312149       
322         0.718989       0.858849       
323         0.808176       0.484911       
324         0.62011        0.999089       
325         0.942294       0.0036397      
326         0.217503       0.0145058      
327         0.680783       0.0571816      
328         0.86927        0.215647       
329         0.454558       0.676574       
330         0.99174        0.875286       
331         0.0327664      0.436641       
332         0.126771       0.983942       
333         0.442801       0.0631988      
334         0.986913       0.236819       
335         0.0516623      0.722943       
336         0.195973       0.801186       
337         0.630271       0.637148       
338         0.932118       0.924762       
339         0.253096       0.278309       
340         0.756154       0.803412       
341         0.737541       0.631764       
342         0.774298       0.930553       
343         0.699043       0.258495       
344         0.841528       0.766701       
345         0.533436       0.715482       
346         0.995528       0.814271       
347         0.017807       0.604935       
348         0.0699595      0.955954       
349         0.260261       0.168423       
350         0.7701         0.560227       
351         0.708184       0.985491       
352         0.826638       0.0571945      
353         0.57323        0.215693       
354         0.97855        0.676679       
355         0.0839613      0.875139       
356         0.307647       0.437084       
357         0.852002       0.984166       
358         0.504379       0.0623326      
359         0.999923       0.233789       
360         0.000306789    0.716527       
361         0.00122678     0.812464       
362         0.00490109     0.609465       
363         0.0195083      0.95207        
364         0.0765109      0.182531       
365         0.282628       0.596854       
366         0.810997       0.962478       
367         0.613123       0.144458       
368         0.948813       0.49436        
369         0.194267       0.999873       
370         0.626109       0.000508954    
371         0.936386       0.00203478     
372         0.23827        0.00812257     
373         0.725991       0.0322264      
374         0.795713       0.124751       
375         0.650215       0.436754       
376         0.909742       0.984          
377         0.328448       0.0629777      
378         0.882279       0.236046       
379         0.415451       0.721313       
380         0.971406       0.804082       
381         0.111106       0.630136       
382         0.395047       0.932259       
383         0.955939       0.252609       
384         0.168478       0.755191       
385         0.560372       0.739511       
386         0.985421       0.770539       
387         0.057467       0.707235       
388         0.216658       0.828214       
389         0.67887        0.569101       
390         0.872022       0.9809         
391         0.446398       0.0749407      
392         0.988507       0.277299       
393         0.0454424      0.801616       
394         0.17351        0.636111       
395         0.573616       0.925896       
396         0.978323       0.274452       
397         0.0848299      0.796512       
398         0.310535       0.648322       
399         0.856412       0.912003       
400         0.491881       0.321014       
401         0.999736       0.871857       
402         0.0010544      0.446891       
403         0.00421316     0.988718       
404         0.0167817      0.0446204      
405         0.0660001      0.170518       
406         0.246576       0.565765       
407         0.743106       0.9827         
408         0.763598       0.068004       
409         0.722065       0.253518       
410         0.802749       0.756986       
411         0.633371       0.735832       
412         0.928848       0.777533       
413         0.264356       0.691902       
414         0.777888       0.852695       
415         0.691112       0.502424       
416         0.853904       0.999976       
417         0.499006       9.40336e-05    
418         0.999996       0.000376099    
419         1.5793e-05     0.00150383     
420         6.31711e-05    0.00600627     
421         0.000252669    0.0238808      
422         0.00101042     0.093242       
423         0.00403759     0.338192       
424         0.0160852      0.895272       
425         0.0633057      0.375039       
426         0.237192       0.937539       
427         0.723729       0.234237       
428         0.799782       0.717481       
429         0.640523       0.810808       
430         0.921013       0.613594       
431         0.290992       0.948386       
432         0.825263       0.195801       
433         0.576817       0.629852       
434         0.976397       0.932554       
435         0.0921851      0.251587       
436         0.334748       0.753164       
437         0.890767       0.743632       
438         0.389204       0.762573       
439         0.950897       0.724221       
440         0.186767       0.798899       
441         0.607541       0.642637       
442         0.953739       0.918618       
443         0.176482       0.299035       
444         0.581344       0.838452       
445         0.973532       0.5418         
446         0.103069       0.993011       
447         0.369782       0.0277607      
448         0.932173       0.10796        
449         0.252906       0.385219       
450         0.755777       0.947302       
451         0.738312       0.199685       
452         0.77283        0.639244       
453         0.702256       0.922445       
454         0.83637        0.286162       
455         0.547421       0.817093       
456         0.991005       0.597808       
457         0.0356565      0.961734       
458         0.13754        0.147206       
459         0.474492       0.502145       
460         0.997397       0.999982       
461         0.0103835      7.36316e-05    
462         0.0411026      0.000294505    
463         0.157653       0.00117767     
464         0.531193       0.00470514     
465         0.996108       0.018732       
466         0.0155073      0.0735245      
467         0.0610673      0.272474       
468         0.229352       0.792929       
469         0.706999       0.656771       
470         0.828606       0.901691       
471         0.568073       0.354578       
472         0.981464       0.91541        
473         0.0727692      0.309739       
474         0.269895       0.855203       
475         0.788208       0.495324       
476         0.667746       0.999913       
477         0.887446       0.000349749    
478         0.399544       0.0013985      
479         0.959634       0.0055862      
480         0.154946       0.02222        
481         0.523751       0.0869049      
482         0.997744       0.31741        
483         0.00900538     0.866643       
484         0.0356971      0.462291       
485         0.137691       0.994312       
486         0.47493        0.0226226      
487         0.997486       0.0884433      
488         0.0100308      0.322484       
489         0.0397208      0.873953       
490         0.152572       0.440637       
491         0.517175       0.985904       
492         0.99882        0.0555887      
493         0.00471433     0.209994       
494         0.0187684      0.663587       
495         0.0736647      0.892958       
496         0.272953       0.382337       
497         0.793798       0.944622       
498         0.65473        0.209246       
499         0.904235       0.661849       
