# lambda = 3.4
#===============================================
0           0.7            0.7007         
1           0.714          0.713046       
2           0.694294       0.695678       
3           0.72165        0.719814       
4           0.682962       0.685718       
5           0.736184       0.73273        
6           0.660338       0.665845       
7           0.762592       0.756484       
8           0.615554       0.626334       
9           0.8046         0.795735       
10          0.534543       0.552638       
11          0.845943       0.840579       
12          0.4431         0.455619       
13          0.838992       0.843303       
14          0.459287       0.449286       
15          0.844364       0.841255       
16          0.446805       0.454052       
17          0.840379       0.842822       
18          0.456083       0.450409       
19          0.843443       0.841638       
20          0.448961       0.453163       
21          0.841143       0.842541       
22          0.454313       0.451062       
23          0.842903       0.841857       
24          0.450219       0.452654       
25          0.841574       0.842378       
26          0.453312       0.451442       
27          0.842589       0.841983       
28          0.450952       0.452362       
29          0.841821       0.842284       
30          0.452739       0.451662       
31          0.842406       0.842056       
32          0.451378       0.452193       
33          0.841962       0.842229       
34          0.452411       0.451789       
35          0.8423         0.842097       
36          0.451625       0.452096       
37          0.842043       0.842198       
38          0.452221       0.451863       
39          0.842238       0.842121       
40          0.451768       0.45204        
41          0.84209        0.842179       
42          0.452112       0.451905       
43          0.842203       0.842135       
44          0.45185        0.452007       
45          0.842117       0.842169       
46          0.452049       0.45193        
47          0.842182       0.842143       
48          0.451898       0.451989       
49          0.842133       0.842163       
50          0.452013       0.451944       
51          0.842171       0.842148       
52          0.451926       0.451978       
53          0.842142       0.842159       
54          0.451992       0.451952       
55          0.842164       0.842151       
56          0.451941       0.451972       
57          0.842147       0.842157       
58          0.45198        0.451957       
59          0.84216        0.842152       
60          0.451951       0.451968       
61          0.84215        0.842156       
62          0.451973       0.45196        
63          0.842158       0.842153       
64          0.451956       0.451966       
65          0.842152       0.842155       
66          0.451969       0.451961       
67          0.842156       0.842154       
68          0.451959       0.451965       
69          0.842153       0.842155       
70          0.451966       0.451962       
71          0.842155       0.842154       
72          0.451961       0.451964       
73          0.842154       0.842155       
74          0.451965       0.451963       
75          0.842155       0.842154       
76          0.451962       0.451964       
77          0.842154       0.842155       
78          0.451964       0.451963       
79          0.842155       0.842154       
80          0.451962       0.451964       
81          0.842154       0.842155       
82          0.451964       0.451963       
83          0.842155       0.842154       
84          0.451963       0.451963       
85          0.842154       0.842154       
86          0.451964       0.451963       
87          0.842155       0.842154       
88          0.451963       0.451963       
89          0.842154       0.842154       
90          0.451963       0.451963       
91          0.842154       0.842154       
92          0.451963       0.451963       
93          0.842154       0.842154       
94          0.451963       0.451963       
95          0.842154       0.842154       
96          0.451963       0.451963       
97          0.842154       0.842154       
98          0.451963       0.451963       
99          0.842154       0.842154       
100         0.451963       0.451963       
101         0.842154       0.842154       
102         0.451963       0.451963       
103         0.842154       0.842154       
104         0.451963       0.451963       
105         0.842154       0.842154       
106         0.451963       0.451963       
107         0.842154       0.842154       
108         0.451963       0.451963       
109         0.842154       0.842154       
110         0.451963       0.451963       
111         0.842154       0.842154       
112         0.451963       0.451963       
113         0.842154       0.842154       
114         0.451963       0.451963       
115         0.842154       0.842154       
116         0.451963       0.451963       
117         0.842154       0.842154       
118         0.451963       0.451963       
119         0.842154       0.842154       
120         0.451963       0.451963       
121         0.842154       0.842154       
122         0.451963       0.451963       
123         0.842154       0.842154       
124         0.451963       0.451963       
125         0.842154       0.842154       
126         0.451963       0.451963       
127         0.842154       0.842154       
128         0.451963       0.451963       
129         0.842154       0.842154       
130         0.451963       0.451963       
131         0.842154       0.842154       
132         0.451963       0.451963       
133         0.842154       0.842154       
134         0.451963       0.451963       
135         0.842154       0.842154       
136         0.451963       0.451963       
137         0.842154       0.842154       
138         0.451963       0.451963       
139         0.842154       0.842154       
140         0.451963       0.451963       
141         0.842154       0.842154       
142         0.451963       0.451963       
143         0.842154       0.842154       
144         0.451963       0.451963       
145         0.842154       0.842154       
146         0.451963       0.451963       
147         0.842154       0.842154       
148         0.451963       0.451963       
149         0.842154       0.842154       
150         0.451963       0.451963       
151         0.842154       0.842154       
152         0.451963       0.451963       
153         0.842154       0.842154       
154         0.451963       0.451963       
155         0.842154       0.842154       
156         0.451963       0.451963       
157         0.842154       0.842154       
158         0.451963       0.451963       
159         0.842154       0.842154       
160         0.451963       0.451963       
161         0.842154       0.842154       
162         0.451963       0.451963       
163         0.842154       0.842154       
164         0.451963       0.451963       
165         0.842154       0.842154       
166         0.451963       0.451963       
167         0.842154       0.842154       
168         0.451963       0.451963       
169         0.842154       0.842154       
170         0.451963       0.451963       
171         0.842154       0.842154       
172         0.451963       0.451963       
173         0.842154       0.842154       
174         0.451963       0.451963       
175         0.842154       0.842154       
176         0.451963       0.451963       
177         0.842154       0.842154       
178         0.451963       0.451963       
179         0.842154       0.842154       
180         0.451963       0.451963       
181         0.842154       0.842154       
182         0.451963       0.451963       
183         0.842154       0.842154       
184         0.451963       0.451963       
185         0.842154       0.842154       
186         0.451963       0.451963       
187         0.842154       0.842154       
188         0.451963       0.451963       
189         0.842154       0.842154       
190         0.451963       0.451963       
191         0.842154       0.842154       
192         0.451963       0.451963       
193         0.842154       0.842154       
194         0.451963       0.451963       
195         0.842154       0.842154       
196         0.451963       0.451963       
197         0.842154       0.842154       
198         0.451963       0.451963       
199         0.842154       0.842154       
200         0.451963       0.451963       
201         0.842154       0.842154       
202         0.451963       0.451963       
203         0.842154       0.842154       
204         0.451963       0.451963       
205         0.842154       0.842154       
206         0.451963       0.451963       
207         0.842154       0.842154       
208         0.451963       0.451963       
209         0.842154       0.842154       
210         0.451963       0.451963       
211         0.842154       0.842154       
212         0.451963       0.451963       
213         0.842154       0.842154       
214         0.451963       0.451963       
215         0.842154       0.842154       
216         0.451963       0.451963       
217         0.842154       0.842154       
218         0.451963       0.451963       
219         0.842154       0.842154       
220         0.451963       0.451963       
221         0.842154       0.842154       
222         0.451963       0.451963       
223         0.842154       0.842154       
224         0.451963       0.451963       
225         0.842154       0.842154       
226         0.451963       0.451963       
227         0.842154       0.842154       
228         0.451963       0.451963       
229         0.842154       0.842154       
230         0.451963       0.451963       
231         0.842154       0.842154       
232         0.451963       0.451963       
233         0.842154       0.842154       
234         0.451963       0.451963       
235         0.842154       0.842154       
236         0.451963       0.451963       
237         0.842154       0.842154       
238         0.451963       0.451963       
239         0.842154       0.842154       
240         0.451963       0.451963       
241         0.842154       0.842154       
242         0.451963       0.451963       
243         0.842154       0.842154       
244         0.451963       0.451963       
245         0.842154       0.842154       
246         0.451963       0.451963       
247         0.842154       0.842154       
248         0.451963       0.451963       
249         0.842154       0.842154       
250         0.451963       0.451963       
251         0.842154       0.842154       
252         0.451963       0.451963       
253         0.842154       0.842154       
254         0.451963       0.451963       
255         0.842154       0.842154       
256         0.451963       0.451963       
257         0.842154       0.842154       
258         0.451963       0.451963       
259         0.842154       0.842154       
260         0.451963       0.451963       
261         0.842154       0.842154       
262         0.451963       0.451963       
263         0.842154       0.842154       
264         0.451963       0.451963       
265         0.842154       0.842154       
266         0.451963       0.451963       
267         0.842154       0.842154       
268         0.451963       0.451963       
269         0.842154       0.842154       
270         0.451963       0.451963       
271         0.842154       0.842154       
272         0.451963       0.451963       
273         0.842154       0.842154       
274         0.451963       0.451963       
275         0.842154       0.842154       
276         0.451963       0.451963       
277         0.842154       0.842154       
278         0.451963       0.451963       
279         0.842154       0.842154       
280         0.451963       0.451963       
281         0.842154       0.842154       
282         0.451963       0.451963       
283         0.842154       0.842154       
284         0.451963       0.451963       
285         0.842154       0.842154       
286         0.451963       0.451963       
287         0.842154       0.842154       
288         0.451963       0.451963       
289         0.842154       0.842154       
290         0.451963       0.451963       
291         0.842154       0.842154       
292         0.451963       0.451963       
293         0.842154       0.842154       
294         0.451963       0.451963       
295         0.842154       0.842154       
296         0.451963       0.451963       
297         0.842154       0.842154       
298         0.451963       0.451963       
299         0.842154       0.842154       
300         0.451963       0.451963       
301         0.842154       0.842154       
302         0.451963       0.451963       
303         0.842154       0.842154       
304         0.451963       0.451963       
305         0.842154       0.842154       
306         0.451963       0.451963       
307         0.842154       0.842154       
308         0.451963       0.451963       
309         0.842154       0.842154       
310         0.451963       0.451963       
311         0.842154       0.842154       
312         0.451963       0.451963       
313         0.842154       0.842154       
314         0.451963       0.451963       
315         0.842154       0.842154       
316         0.451963       0.451963       
317         0.842154       0.842154       
318         0.451963       0.451963       
319         0.842154       0.842154       
320         0.451963       0.451963       
321         0.842154       0.842154       
322         0.451963       0.451963       
323         0.842154       0.842154       
324         0.451963       0.451963       
325         0.842154       0.842154       
326         0.451963       0.451963       
327         0.842154       0.842154       
328         0.451963       0.451963       
329         0.842154       0.842154       
330         0.451963       0.451963       
331         0.842154       0.842154       
332         0.451963       0.451963       
333         0.842154       0.842154       
334         0.451963       0.451963       
335         0.842154       0.842154       
336         0.451963       0.451963       
337         0.842154       0.842154       
338         0.451963       0.451963       
339         0.842154       0.842154       
340         0.451963       0.451963       
341         0.842154       0.842154       
342         0.451963       0.451963       
343         0.842154       0.842154       
344         0.451963       0.451963       
345         0.842154       0.842154       
346         0.451963       0.451963       
347         0.842154       0.842154       
348         0.451963       0.451963       
349         0.842154       0.842154       
350         0.451963       0.451963       
351         0.842154       0.842154       
352         0.451963       0.451963       
353         0.842154       0.842154       
354         0.451963       0.451963       
355         0.842154       0.842154       
356         0.451963       0.451963       
357         0.842154       0.842154       
358         0.451963       0.451963       
359         0.842154       0.842154       
360         0.451963       0.451963       
361         0.842154       0.842154       
362         0.451963       0.451963       
363         0.842154       0.842154       
364         0.451963       0.451963       
365         0.842154       0.842154       
366         0.451963       0.451963       
367         0.842154       0.842154       
368         0.451963       0.451963       
369         0.842154       0.842154       
370         0.451963       0.451963       
371         0.842154       0.842154       
372         0.451963       0.451963       
373         0.842154       0.842154       
374         0.451963       0.451963       
375         0.842154       0.842154       
376         0.451963       0.451963       
377         0.842154       0.842154       
378         0.451963       0.451963       
379         0.842154       0.842154       
380         0.451963       0.451963       
381         0.842154       0.842154       
382         0.451963       0.451963       
383         0.842154       0.842154       
384         0.451963       0.451963       
385         0.842154       0.842154       
386         0.451963       0.451963       
387         0.842154       0.842154       
388         0.451963       0.451963       
389         0.842154       0.842154       
390         0.451963       0.451963       
391         0.842154       0.842154       
392         0.451963       0.451963       
393         0.842154       0.842154       
394         0.451963       0.451963       
395         0.842154       0.842154       
396         0.451963       0.451963       
397         0.842154       0.842154       
398         0.451963       0.451963       
399         0.842154       0.842154       
400         0.451963       0.451963       
401         0.842154       0.842154       
402         0.451963       0.451963       
403         0.842154       0.842154       
404         0.451963       0.451963       
405         0.842154       0.842154       
406         0.451963       0.451963       
407         0.842154       0.842154       
408         0.451963       0.451963       
409         0.842154       0.842154       
410         0.451963       0.451963       
411         0.842154       0.842154       
412         0.451963       0.451963       
413         0.842154       0.842154       
414         0.451963       0.451963       
415         0.842154       0.842154       
416         0.451963       0.451963       
417         0.842154       0.842154       
418         0.451963       0.451963       
419         0.842154       0.842154       
420         0.451963       0.451963       
421         0.842154       0.842154       
422         0.451963       0.451963       
423         0.842154       0.842154       
424         0.451963       0.451963       
425         0.842154       0.842154       
426         0.451963       0.451963       
427         0.842154       0.842154       
428         0.451963       0.451963       
429         0.842154       0.842154       
430         0.451963       0.451963       
431         0.842154       0.842154       
432         0.451963       0.451963       
433         0.842154       0.842154       
434         0.451963       0.451963       
435         0.842154       0.842154       
436         0.451963       0.451963       
437         0.842154       0.842154       
438         0.451963       0.451963       
439         0.842154       0.842154       
440         0.451963       0.451963       
441         0.842154       0.842154       
442         0.451963       0.451963       
443         0.842154       0.842154       
444         0.451963       0.451963       
445         0.842154       0.842154       
446         0.451963       0.451963       
447         0.842154       0.842154       
448         0.451963       0.451963       
449         0.842154       0.842154       
450         0.451963       0.451963       
451         0.842154       0.842154       
452         0.451963       0.451963       
453         0.842154       0.842154       
454         0.451963       0.451963       
455         0.842154       0.842154       
456         0.451963       0.451963       
457         0.842154       0.842154       
458         0.451963       0.451963       
459         0.842154       0.842154       
460         0.451963       0.451963       
461         0.842154       0.842154       
462         0.451963       0.451963       
463         0.842154       0.842154       
464         0.451963       0.451963       
465         0.842154       0.842154       
466         0.451963       0.451963       
467         0.842154       0.842154       
468         0.451963       0.451963       
469         0.842154       0.842154       
470         0.451963       0.451963       
471         0.842154       0.842154       
472         0.451963       0.451963       
473         0.842154       0.842154       
474         0.451963       0.451963       
475         0.842154       0.842154       
476         0.451963       0.451963       
477         0.842154       0.842154       
478         0.451963       0.451963       
479         0.842154       0.842154       
480         0.451963       0.451963       
481         0.842154       0.842154       
482         0.451963       0.451963       
483         0.842154       0.842154       
484         0.451963       0.451963       
485         0.842154       0.842154       
486         0.451963       0.451963       
487         0.842154       0.842154       
488         0.451963       0.451963       
489         0.842154       0.842154       
490         0.451963       0.451963       
491         0.842154       0.842154       
492         0.451963       0.451963       
493         0.842154       0.842154       
494         0.451963       0.451963       
495         0.842154       0.842154       
496         0.451963       0.451963       
497         0.842154       0.842154       
498         0.451963       0.451963       
499         0.842154       0.842154       
