# lambda = 1.5
#===============================================
0           0.7            0.7007         
1           0.315          0.314579       
2           0.323663       0.323429       
3           0.328358       0.328234       
4           0.330808       0.330745       
5           0.332061       0.332029       
6           0.332695       0.332679       
7           0.333013       0.333005       
8           0.333173       0.333169       
9           0.333253       0.333251       
10          0.333293       0.333292       
11          0.333313       0.333313       
12          0.333323       0.333323       
13          0.333328       0.333328       
14          0.333331       0.333331       
15          0.333332       0.333332       
16          0.333333       0.333333       
17          0.333333       0.333333       
18          0.333333       0.333333       
19          0.333333       0.333333       
20          0.333333       0.333333       
21          0.333333       0.333333       
22          0.333333       0.333333       
23          0.333333       0.333333       
24          0.333333       0.333333       
25          0.333333       0.333333       
26          0.333333       0.333333       
27          0.333333       0.333333       
28          0.333333       0.333333       
29          0.333333       0.333333       
30          0.333333       0.333333       
31          0.333333       0.333333       
32          0.333333       0.333333       
33          0.333333       0.333333       
34          0.333333       0.333333       
35          0.333333       0.333333       
36          0.333333       0.333333       
37          0.333333       0.333333       
38          0.333333       0.333333       
39          0.333333       0.333333       
40          0.333333       0.333333       
41          0.333333       0.333333       
42          0.333333       0.333333       
43          0.333333       0.333333       
44          0.333333       0.333333       
45          0.333333       0.333333       
46          0.333333       0.333333       
47          0.333333       0.333333       
48          0.333333       0.333333       
49          0.333333       0.333333       
50          0.333333       0.333333       
51          0.333333       0.333333       
52          0.333333       0.333333       
53          0.333333       0.333333       
54          0.333333       0.333333       
55          0.333333       0.333333       
56          0.333333       0.333333       
57          0.333333       0.333333       
58          0.333333       0.333333       
59          0.333333       0.333333       
60          0.333333       0.333333       
61          0.333333       0.333333       
62          0.333333       0.333333       
63          0.333333       0.333333       
64          0.333333       0.333333       
65          0.333333       0.333333       
66          0.333333       0.333333       
67          0.333333       0.333333       
68          0.333333       0.333333       
69          0.333333       0.333333       
70          0.333333       0.333333       
71          0.333333       0.333333       
72          0.333333       0.333333       
73          0.333333       0.333333       
74          0.333333       0.333333       
75          0.333333       0.333333       
76          0.333333       0.333333       
77          0.333333       0.333333       
78          0.333333       0.333333       
79          0.333333       0.333333       
80          0.333333       0.333333       
81          0.333333       0.333333       
82          0.333333       0.333333       
83          0.333333       0.333333       
84          0.333333       0.333333       
85          0.333333       0.333333       
86          0.333333       0.333333       
87          0.333333       0.333333       
88          0.333333       0.333333       
89          0.333333       0.333333       
90          0.333333       0.333333       
91          0.333333       0.333333       
92          0.333333       0.333333       
93          0.333333       0.333333       
94          0.333333       0.333333       
95          0.333333       0.333333       
96          0.333333       0.333333       
97          0.333333       0.333333       
98          0.333333       0.333333       
99          0.333333       0.333333       
