# lambda = 3.6
#===============================================
0           0.7            0.7007         
1           0.756          0.75499        
2           0.66407        0.665928       
3           0.803091       0.800885       
4           0.569288       0.574087       
5           0.882717       0.88024        
6           0.3727         0.379503       
7           0.841661       0.847729       
8           0.479763       0.464704       
9           0.898526       0.895515       
10          0.328238       0.336844       
11          0.793792       0.804169       
12          0.58927        0.566933       
13          0.871311       0.883872       
14          0.403661       0.369512       
15          0.866588       0.838702       
16          0.416209       0.487011       
17          0.874724       0.899393       
18          0.394494       0.325748       
19          0.859926       0.79069        
20          0.433631       0.595797       
21          0.884143       0.866963       
22          0.368764       0.415218       
23          0.837998       0.874123       
24          0.488727       0.396115       
25          0.899543       0.861148       
26          0.325317       0.430459       
27          0.790149       0.88259        
28          0.596929       0.373048       
29          0.866177       0.84198        
30          0.417292       0.478979       
31          0.875374       0.898409       
32          0.392741       0.328572       
33          0.858584       0.794205       
34          0.437104       0.588396       
35          0.885759       0.87187        
36          0.364284       0.402166       
37          0.833693       0.865542       
38          0.499137       0.418964       
39          0.899997       0.876359       
40          0.324008       0.390074       
41          0.788496       0.856498       
42          0.600372       0.442472       
43          0.863732       0.888086       
44          0.423717       0.357801       
45          0.879051       0.827206       
46          0.382752       0.514569       
47          0.850511       0.899236       
48          0.457712       0.326199       
49          0.893562       0.791255       
50          0.342392       0.594614       
51          0.810575       0.867774       
52          0.552756       0.413073       
53          0.88998        0.872797       
54          0.352495       0.39968        
55          0.821672       0.863769       
56          0.527497       0.423619       
57          0.897278       0.878997       
58          0.331813       0.3829         
59          0.798167       0.850635       
60          0.579948       0.457397       
61          0.87699        0.893466       
62          0.388362       0.342664       
63          0.855133       0.810883       
64          0.445969       0.552066       
65          0.88949        0.890241       
66          0.35387        0.351763       
67          0.823126       0.820893       
68          0.524124       0.5293         
69          0.897905       0.896909       
70          0.330018       0.332866       
71          0.795982       0.799439       
72          0.584621       0.577211       
73          0.874221       0.878539       
74          0.39585        0.384151       
75          0.86095        0.851684       
76          0.430974       0.454746       
77          0.882847       0.892627       
78          0.37234        0.345038       
79          0.841331       0.813552       
80          0.480576       0.546067       
81          0.898642       0.89236        
82          0.327905       0.345792       
83          0.79338        0.814392       
84          0.590141       0.544168       
85          0.870748       0.892977       
86          0.405165       0.344048       
87          0.867622       0.812444       
88          0.413473       0.548562       
89          0.873047       0.89151        
90          0.399009       0.348192       
91          0.863283       0.817035       
92          0.424893       0.53816        
93          0.879692       0.894758       
94          0.381002       0.338998       
95          0.849022       0.806683       
96          0.46146        0.561405       
97          0.894653       0.886426       
98          0.339297       0.36243        
99          0.807028       0.831868       
100         0.560641       0.503509       
101         0.886761       0.899956       
102         0.361496       0.324128       
103         0.83094        0.788648       
104         0.505724       0.600056       
105         0.899882       0.86396        
106         0.32434        0.42312        
107         0.788916       0.878722       
108         0.599498       0.38365        
109         0.86436        0.851266       
110         0.42207        0.455805       
111         0.878137       0.892969       
112         0.385245       0.344073       
113         0.852593       0.812472       
114         0.452442       0.548501       
115         0.891858       0.891532       
116         0.347211       0.34813        
117         0.81596        0.816968       
118         0.54061        0.538312       
119         0.894063       0.894716       
120         0.340972       0.339118       
121         0.808956       0.806821       
122         0.556367       0.5611         
123         0.888562       0.886561       
124         0.35647        0.362055       
125         0.825837       0.831497       
126         0.517789       0.504396       
127         0.898861       0.89993        
128         0.327276       0.3242         
129         0.792599       0.78874        
130         0.591788       0.599865       
131         0.86967        0.864097       
132         0.408039       0.42276        
133         0.869556       0.878522       
134         0.408343       0.384196       
135         0.869756       0.851722       
136         0.407809       0.454651       
137         0.869403       0.892596       
138         0.40875        0.345125       
139         0.870024       0.813649       
140         0.407096       0.545847       
141         0.868928       0.892433       
142         0.410013       0.345587       
143         0.870848       0.814163       
144         0.404898       0.544685       
145         0.86744        0.892812       
146         0.413956       0.344516       
147         0.873347       0.812969       
148         0.398203       0.547381       
149         0.862695       0.891918       
150         0.426429       0.347041       
151         0.880514       0.815773       
152         0.378752       0.541035       
153         0.847076       0.893938       
154         0.466337       0.341326       
155         0.89592        0.809362       
156         0.335689       0.555463       
157         0.802807       0.888926       
158         0.569908       0.355452       
159         0.882406       0.824782       
160         0.373556       0.520261       
161         0.842443       0.898522       
162         0.477839       0.328248       
163         0.898232       0.793805       
164         0.329081       0.589243       
165         0.794832       0.871328       
166         0.587067       0.403615       
167         0.872709       0.866556       
168         0.399916       0.416293       
169         0.863939       0.874775       
170         0.423173       0.394357       
171         0.878752       0.859822       
172         0.38357        0.4339         
173         0.851199       0.884271       
174         0.455975       0.368409       
175         0.893022       0.837662       
176         0.34392        0.489545       
177         0.812301       0.899606       
178         0.548885       0.325133       
179         0.891397       0.789917       
180         0.348511       0.597413       
181         0.817383       0.865839       
182         0.537364       0.418183       
183         0.894974       0.875902       
184         0.338384       0.391313       
185         0.805968       0.857474       
186         0.56298        0.439966       
187         0.885721       0.887025       
188         0.36439        0.360762       
189         0.833796       0.830206       
190         0.498889       0.507472       
191         0.899996       0.899799       
192         0.324013       0.324579       
193         0.788503       0.789218       
194         0.600358       0.59887        
195         0.863741       0.864809       
196         0.423692       0.420891       
197         0.879037       0.87747        
198         0.38279        0.387058       
199         0.850543       0.854079       
200         0.457631       0.448662       
201         0.893537       0.890512       
202         0.342462       0.351001       
203         0.810654       0.820078       
204         0.552579       0.53118        
205         0.890048       0.8965         
206         0.352306       0.334036       
207         0.821471       0.800841       
208         0.527962       0.574181       
209         0.897185       0.88019        
210         0.332078       0.37964        
211         0.798488       0.847848       
212         0.579257       0.464405       
213         0.877386       0.895439       
214         0.387288       0.337061       
215         0.854265       0.804423       
216         0.448186       0.566375       
217         0.890335       0.88414        
218         0.351499       0.368772       
219         0.820611       0.838005       
220         0.529951       0.488708       
221         0.89677        0.899541       
222         0.333263       0.325321       
223         0.799916       0.790154       
224         0.576181       0.596918       
225         0.879107       0.866185       
226         0.3826         0.417271       
227         0.850382       0.875361       
228         0.458037       0.392775       
229         0.893661       0.85861        
230         0.342112       0.437037       
231         0.810257       0.885728       
232         0.553465       0.36437        
233         0.889709       0.833776       
234         0.353256       0.498938       
235         0.822478       0.899996       
236         0.525628       0.324012       
237         0.897636       0.788501       
238         0.330789       0.600361       
239         0.796924       0.863739       
240         0.58261        0.423697       
241         0.875432       0.87904        
242         0.392583       0.382782       
243         0.858461       0.850536       
244         0.437419       0.457648       
245         0.885901       0.893543       
246         0.363889       0.342447       
247         0.833306       0.810637       
248         0.500066       0.552617       
249         0.9            0.890033       
250         0.324          0.352347       
251         0.788486       0.821515       
252         0.600392       0.527862       
253         0.863717       0.897205       
254         0.423755       0.33202        
255         0.879072       0.798418       
256         0.382695       0.579408       
257         0.850462       0.8773         
258         0.457834       0.387521       
259         0.893599       0.854455       
260         0.342287       0.447703       
261         0.810455       0.890154       
262         0.553023       0.352008       
263         0.889879       0.821154       
264         0.35278        0.528697       
265         0.821975       0.897035       
266         0.526796       0.332507       
267         0.897415       0.799005       
268         0.331421       0.578145       
269         0.797691       0.878016       
270         0.580967       0.385573       
271         0.876399       0.852863       
272         0.389964       0.451755       
273         0.856412       0.891621       
274         0.442694       0.34788        
275         0.888178       0.816694       
276         0.357545       0.538938       
277         0.826943       0.894542       
278         0.515189       0.339612       
279         0.899169       0.807393       
280         0.32639        0.559835       
281         0.791494       0.887111       
282         0.594113       0.360522       
283         0.868114       0.829965       
284         0.412172       0.508043       
285         0.87223        0.899767       
286         0.401201       0.32467        
287         0.864859       0.789334       
288         0.420759       0.598628       
289         0.877395       0.864981       
290         0.387262       0.42044        
291         0.854245       0.877213       
292         0.448239       0.387758       
293         0.890355       0.854646       
294         0.351443       0.447214       
295         0.820551       0.889969       
296         0.530089       0.352527       
297         0.896741       0.821706       
298         0.333348       0.527418       
299         0.800018       0.897294       
300         0.575961       0.331768       
301         0.879227       0.798113       
302         0.382272       0.580064       
303         0.850104       0.876923       
304         0.458738       0.388544       
305         0.893871       0.855279       
306         0.341517       0.445596       
307         0.809579       0.889345       
308         0.554979       0.354278       
309         0.889119       0.823555       
310         0.354912       0.523124       
311         0.824219       0.898075       
312         0.521576       0.329531       
313         0.898324       0.795385       
314         0.328817       0.585892       
315         0.794507       0.873441       
316         0.587757       0.39795        
317         0.872275       0.862509       
318         0.40108        0.426914       
319         0.864774       0.88077        
320         0.420985       0.378051       
321         0.877524       0.846462       
322         0.386913       0.467871       
323         0.853961       0.896284       
324         0.448962       0.334653       
325         0.890622       0.801577       
326         0.350691       0.572584       
327         0.819744       0.881034       
328         0.531949       0.377328       
329         0.896325       0.845826       
330         0.334535       0.469457       
331         0.801436       0.896642       
332         0.57289        0.333632       
333         0.880873       0.800358       
334         0.377768       0.575227       
335         0.846214       0.879627       
336         0.46849        0.381179       
337         0.896426       0.849174       
338         0.334248       0.46108        
339         0.801095       0.894547       
340         0.57363        0.339598       
341         0.880483       0.807376       
342         0.378838       0.559871       
343         0.847151       0.887096       
344         0.46615        0.360565       
345         0.895875       0.830008       
346         0.335819       0.50794        
347         0.80296        0.899773       
348         0.569574       0.324653       
349         0.882574       0.789313       
350         0.373093       0.598673       
351         0.842021       0.864949       
352         0.478878       0.420524       
353         0.898394       0.877261       
354         0.328616       0.387628       
355         0.79426        0.854541       
356         0.588281       0.447483       
357         0.871943       0.890071       
358         0.401969       0.352241       
359         0.865404       0.821402       
360         0.419328       0.528123       
361         0.876571       0.897153       
362         0.389498       0.332171       
363         0.856042       0.7986         
364         0.443643       0.579017       
365         0.888566       0.877523       
366         0.356459       0.386916       
367         0.825826       0.853963       
368         0.517816       0.448956       
369         0.898857       0.89062        
370         0.327286       0.350697       
371         0.792612       0.819751       
372         0.591762       0.531934       
373         0.869687       0.896329       
374         0.407994       0.334524       
375         0.869525       0.801424       
376         0.408423       0.572917       
377         0.869809       0.880859       
378         0.407668       0.377806       
379         0.869309       0.846247       
380         0.408999       0.468407       
381         0.870188       0.896407       
382         0.406659       0.334302       
383         0.868635       0.801159       
384         0.410789       0.573491       
385         0.871349       0.880557       
386         0.403559       0.378636       
387         0.866517       0.846975       
388         0.416395       0.466591       
389         0.874837       0.895982       
390         0.39419        0.335515       
391         0.859695       0.8026         
392         0.434229       0.570359       
393         0.884427       0.882179       
394         0.367977       0.374182       
395         0.837252       0.843012       
396         0.490541       0.476435       
397         0.899678       0.898001       
398         0.324927       0.329743       
399         0.789658       0.795645       
400         0.597953       0.585338       
401         0.865459       0.873783       
402         0.419184       0.397031       
403         0.876487       0.86183        
404         0.389726       0.428684       
405         0.856223       0.88169        
406         0.443179       0.375525       
407         0.888377       0.844221       
408         0.356988       0.473442       
409         0.826371       0.897461       
410         0.516534       0.33129        
411         0.899016       0.797532       
412         0.326831       0.581308       
413         0.792045       0.8762         
414         0.592955       0.390504       
415         0.868893       0.856838       
416         0.410104       0.4416         
417         0.870907       0.887722       
418         0.404741       0.358818       
419         0.867332       0.828243       
420         0.414241       0.512123       
421         0.873523       0.899471       
422         0.397729       0.325523       
423         0.862346       0.790408       
424         0.427339       0.596388       
425         0.880993       0.866554       
426         0.377439       0.416299       
427         0.845924       0.874779       
428         0.469212       0.394347       
429         0.896588       0.859815       
430         0.333786       0.433919       
431         0.800542       0.88428        
432         0.574828       0.368384       
433         0.879843       0.837638       
434         0.38059        0.489603       
435         0.848668       0.899611       
436         0.46235        0.32512        
437         0.894897       0.789901       
438         0.338603       0.597446       
439         0.806224       0.865816       
440         0.562417       0.418244       
441         0.885975       0.875938       
442         0.363684       0.391216       
443         0.833105       0.857397       
444         0.500548       0.440162       
445         0.899999       0.88711        
446         0.324003       0.360526       
447         0.78849        0.829969       
448         0.600384       0.508034       
449         0.863723       0.899768       
450         0.42374        0.324669       
451         0.879064       0.789332       
452         0.382718       0.598632       
453         0.850482       0.864978       
454         0.457785       0.420448       
455         0.893584       0.877217       
456         0.342329       0.387746       
457         0.810503       0.854637       
458         0.552916       0.447238       
459         0.88992        0.889978       
460         0.352666       0.352501       
461         0.821854       0.821679       
462         0.527077       0.527483       
463         0.897361       0.897281       
464         0.331576       0.331804       
465         0.79788        0.798157       
466         0.580562       0.579969       
467         0.876635       0.876978       
468         0.389326       0.388396       
469         0.855905       0.855161       
470         0.443995       0.445899       
471         0.888708       0.889463       
472         0.356061       0.353946       
473         0.825413       0.823206       
474         0.518782       0.523937       
475         0.89873        0.897937       
476         0.327652       0.329925       
477         0.793066       0.795868       
478         0.590805       0.584863       
479         0.870316       0.874074       
480         0.406317       0.396247       
481         0.868405       0.861247       
482         0.4114         0.430201       
483         0.87174        0.882461       
484         0.402513       0.373404       
485         0.865786       0.842304       
486         0.418321       0.47818        
487         0.875983       0.898286       
488         0.391093       0.328926       
489         0.857301       0.794641       
490         0.440408       0.587472       
491         0.887216       0.872455       
492         0.36023        0.400597       
493         0.829672       0.864429       
494         0.50874        0.42189        
495         0.899725       0.878036       
496         0.324792       0.385519       
497         0.789487       0.852819       
498         0.59831        0.451867       
499         0.865207       0.89166        
