# lambda = 2.7
#===============================================
0           0.7            0.7007         
1           0.567          0.566243       
2           0.66288        0.663152       
3           0.60337        0.60313        
4           0.64615        0.646284       
5           0.617329       0.617223       
6           0.637832       0.637899       
7           0.623706       0.623657       
8           0.633681       0.633714       
9           0.626749       0.626725       
10          0.631623       0.63164        
11          0.628223       0.628212       
12          0.630609       0.630617       
13          0.628942       0.628936       
14          0.63011        0.630114       
15          0.629293       0.62929        
16          0.629865       0.629867       
17          0.629465       0.629463       
18          0.629745       0.629746       
19          0.629549       0.629548       
20          0.629686       0.629687       
21          0.62959        0.62959        
22          0.629657       0.629658       
23          0.62961        0.62961        
24          0.629643       0.629643       
25          0.62962        0.62962        
26          0.629636       0.629636       
27          0.629625       0.629625       
28          0.629633       0.629633       
29          0.629627       0.629627       
30          0.629631       0.629631       
31          0.629629       0.629629       
32          0.62963        0.62963        
33          0.629629       0.629629       
34          0.62963        0.62963        
35          0.629629       0.629629       
36          0.62963        0.62963        
37          0.629629       0.629629       
38          0.62963        0.62963        
39          0.62963        0.62963        
40          0.62963        0.62963        
41          0.62963        0.62963        
42          0.62963        0.62963        
43          0.62963        0.62963        
44          0.62963        0.62963        
45          0.62963        0.62963        
46          0.62963        0.62963        
47          0.62963        0.62963        
48          0.62963        0.62963        
49          0.62963        0.62963        
50          0.62963        0.62963        
51          0.62963        0.62963        
52          0.62963        0.62963        
53          0.62963        0.62963        
54          0.62963        0.62963        
55          0.62963        0.62963        
56          0.62963        0.62963        
57          0.62963        0.62963        
58          0.62963        0.62963        
59          0.62963        0.62963        
60          0.62963        0.62963        
61          0.62963        0.62963        
62          0.62963        0.62963        
63          0.62963        0.62963        
64          0.62963        0.62963        
65          0.62963        0.62963        
66          0.62963        0.62963        
67          0.62963        0.62963        
68          0.62963        0.62963        
69          0.62963        0.62963        
70          0.62963        0.62963        
71          0.62963        0.62963        
72          0.62963        0.62963        
73          0.62963        0.62963        
74          0.62963        0.62963        
75          0.62963        0.62963        
76          0.62963        0.62963        
77          0.62963        0.62963        
78          0.62963        0.62963        
79          0.62963        0.62963        
80          0.62963        0.62963        
81          0.62963        0.62963        
82          0.62963        0.62963        
83          0.62963        0.62963        
84          0.62963        0.62963        
85          0.62963        0.62963        
86          0.62963        0.62963        
87          0.62963        0.62963        
88          0.62963        0.62963        
89          0.62963        0.62963        
90          0.62963        0.62963        
91          0.62963        0.62963        
92          0.62963        0.62963        
93          0.62963        0.62963        
94          0.62963        0.62963        
95          0.62963        0.62963        
96          0.62963        0.62963        
97          0.62963        0.62963        
98          0.62963        0.62963        
99          0.62963        0.62963        
