# lambda = 3.55
#===============================================
0           0.7            0.7007         
1           0.7455         0.744504       
2           0.673541       0.675273       
3           0.780587       0.778442       
4           0.608012       0.612268       
5           0.846084       0.842755       
6           0.462303       0.470442       
7           0.882455       0.884399       
8           0.368235       0.362944       
9           0.825865       0.820816       
10          0.510534       0.522124       
11          0.887106       0.885762       
12          0.355528       0.359215       
13          0.813404       0.817138       
14          0.538811       0.530454       
15          0.882153       0.884208       
16          0.369056       0.363465       
17          0.82663        0.821322       
18          0.50876        0.520971       
19          0.887228       0.885939       
20          0.355195       0.358732       
21          0.813061       0.816654       
22          0.539574       0.531542       
23          0.88194        0.883968       
24          0.369631       0.364118       
25          0.827164       0.821953       
26          0.507521       0.519528       
27          0.887299       0.886146       
28          0.354998       0.358163       
29          0.812859       0.816083       
30          0.540024       0.532826       
31          0.881813       0.883675       
32          0.369976       0.364918       
33          0.827483       0.822722       
34          0.50678        0.517769       
35          0.887337       0.886379       
36          0.354894       0.357524       
37          0.812752       0.815438       
38          0.54026        0.534272       
39          0.881746       0.88333        
40          0.370159       0.365855       
41          0.827652       0.823619       
42          0.506388       0.515712       
43          0.887355       0.886624       
44          0.354844       0.356854       
45          0.8127         0.814757       
46          0.540376       0.535794       
47          0.881713       0.882952       
48          0.370249       0.366885       
49          0.827734       0.824595       
50          0.506196       0.513464       
51          0.887364       0.886856       
52          0.35482        0.356214       
53          0.812676       0.814106       
54          0.54043        0.537247       
55          0.881697       0.882575       
56          0.37029        0.367909       
57          0.827773       0.82556        
58          0.506106       0.511238       
59          0.887368       0.887052       
60          0.354809       0.355678       
61          0.812665       0.813558       
62          0.540454       0.538469       
63          0.88169        0.882246       
64          0.37031        0.368801       
65          0.82779        0.826394       
66          0.506065       0.509309       
67          0.887369       0.887192       
68          0.354804       0.355291       
69          0.81266        0.813161       
70          0.540466       0.539353       
71          0.881687       0.882002       
72          0.370318       0.369463       
73          0.827799       0.827009       
74          0.506046       0.507882       
75          0.88737        0.887279       
76          0.354802       0.355052       
77          0.812658       0.812915       
78          0.540471       0.5399         
79          0.881686       0.881848       
80          0.370322       0.369881       
81          0.827802       0.827395       
82          0.506037       0.506985       
83          0.887371       0.887327       
84          0.354801       0.354922       
85          0.812657       0.812781       
86          0.540473       0.540197       
87          0.881685       0.881764       
88          0.370324       0.37011        
89          0.827804       0.827607       
90          0.506034       0.506492       
91          0.887371       0.88735        
92          0.354801       0.354857       
93          0.812656       0.812714       
94          0.540474       0.540346       
95          0.881685       0.881721       
96          0.370325       0.370225       
97          0.827805       0.827713       
98          0.506032       0.506246       
99          0.887371       0.887362       
100         0.354801       0.354826       
101         0.812656       0.812682       
102         0.540474       0.540416       
103         0.881684       0.881701       
104         0.370325       0.37028        
105         0.827805       0.827763       
106         0.506031       0.506129       
107         0.887371       0.887367       
108         0.354801       0.354812       
109         0.812656       0.812668       
110         0.540475       0.540448       
111         0.881684       0.881692       
112         0.370325       0.370305       
113         0.827805       0.827786       
114         0.506031       0.506075       
115         0.887371       0.887369       
116         0.3548         0.354806       
117         0.812656       0.812661       
118         0.540475       0.540463       
119         0.881684       0.881688       
120         0.370326       0.370316       
121         0.827805       0.827796       
122         0.506031       0.506051       
123         0.887371       0.88737        
124         0.3548         0.354803       
125         0.812656       0.812658       
126         0.540475       0.540469       
127         0.881684       0.881686       
128         0.370326       0.370321       
129         0.827805       0.827801       
130         0.506031       0.50604        
131         0.887371       0.887371       
132         0.3548         0.354802       
133         0.812656       0.812657       
134         0.540475       0.540472       
135         0.881684       0.881685       
136         0.370326       0.370324       
137         0.827805       0.827803       
138         0.506031       0.506035       
139         0.887371       0.887371       
140         0.3548         0.354801       
141         0.812656       0.812656       
142         0.540475       0.540474       
143         0.881684       0.881685       
144         0.370326       0.370325       
145         0.827805       0.827804       
146         0.506031       0.506032       
147         0.887371       0.887371       
148         0.3548         0.354801       
149         0.812656       0.812656       
150         0.540475       0.540474       
151         0.881684       0.881684       
152         0.370326       0.370325       
153         0.827805       0.827805       
154         0.506031       0.506031       
155         0.887371       0.887371       
156         0.3548         0.354801       
157         0.812656       0.812656       
158         0.540475       0.540475       
159         0.881684       0.881684       
160         0.370326       0.370325       
161         0.827805       0.827805       
162         0.506031       0.506031       
163         0.887371       0.887371       
164         0.3548         0.3548         
165         0.812656       0.812656       
166         0.540475       0.540475       
167         0.881684       0.881684       
168         0.370326       0.370325       
169         0.827805       0.827805       
170         0.506031       0.506031       
171         0.887371       0.887371       
172         0.3548         0.3548         
173         0.812656       0.812656       
174         0.540475       0.540475       
175         0.881684       0.881684       
176         0.370326       0.370326       
177         0.827805       0.827805       
178         0.506031       0.506031       
179         0.887371       0.887371       
180         0.3548         0.3548         
181         0.812656       0.812656       
182         0.540475       0.540475       
183         0.881684       0.881684       
184         0.370326       0.370326       
185         0.827805       0.827805       
186         0.506031       0.506031       
187         0.887371       0.887371       
188         0.3548         0.3548         
189         0.812656       0.812656       
190         0.540475       0.540475       
191         0.881684       0.881684       
192         0.370326       0.370326       
193         0.827805       0.827805       
194         0.506031       0.506031       
195         0.887371       0.887371       
196         0.3548         0.3548         
197         0.812656       0.812656       
198         0.540475       0.540475       
199         0.881684       0.881684       
200         0.370326       0.370326       
201         0.827805       0.827805       
202         0.506031       0.506031       
203         0.887371       0.887371       
204         0.3548         0.3548         
205         0.812656       0.812656       
206         0.540475       0.540475       
207         0.881684       0.881684       
208         0.370326       0.370326       
209         0.827805       0.827805       
210         0.506031       0.506031       
211         0.887371       0.887371       
212         0.3548         0.3548         
213         0.812656       0.812656       
214         0.540475       0.540475       
215         0.881684       0.881684       
216         0.370326       0.370326       
217         0.827805       0.827805       
218         0.506031       0.506031       
219         0.887371       0.887371       
220         0.3548         0.3548         
221         0.812656       0.812656       
222         0.540475       0.540475       
223         0.881684       0.881684       
224         0.370326       0.370326       
225         0.827805       0.827805       
226         0.506031       0.506031       
227         0.887371       0.887371       
228         0.3548         0.3548         
229         0.812656       0.812656       
230         0.540475       0.540475       
231         0.881684       0.881684       
232         0.370326       0.370326       
233         0.827805       0.827805       
234         0.506031       0.506031       
235         0.887371       0.887371       
236         0.3548         0.3548         
237         0.812656       0.812656       
238         0.540475       0.540475       
239         0.881684       0.881684       
240         0.370326       0.370326       
241         0.827805       0.827805       
242         0.506031       0.506031       
243         0.887371       0.887371       
244         0.3548         0.3548         
245         0.812656       0.812656       
246         0.540475       0.540475       
247         0.881684       0.881684       
248         0.370326       0.370326       
249         0.827805       0.827805       
250         0.506031       0.506031       
251         0.887371       0.887371       
252         0.3548         0.3548         
253         0.812656       0.812656       
254         0.540475       0.540475       
255         0.881684       0.881684       
256         0.370326       0.370326       
257         0.827805       0.827805       
258         0.506031       0.506031       
259         0.887371       0.887371       
260         0.3548         0.3548         
261         0.812656       0.812656       
262         0.540475       0.540475       
263         0.881684       0.881684       
264         0.370326       0.370326       
265         0.827805       0.827805       
266         0.506031       0.506031       
267         0.887371       0.887371       
268         0.3548         0.3548         
269         0.812656       0.812656       
270         0.540475       0.540475       
271         0.881684       0.881684       
272         0.370326       0.370326       
273         0.827805       0.827805       
274         0.506031       0.506031       
275         0.887371       0.887371       
276         0.3548         0.3548         
277         0.812656       0.812656       
278         0.540475       0.540475       
279         0.881684       0.881684       
280         0.370326       0.370326       
281         0.827805       0.827805       
282         0.506031       0.506031       
283         0.887371       0.887371       
284         0.3548         0.3548         
285         0.812656       0.812656       
286         0.540475       0.540475       
287         0.881684       0.881684       
288         0.370326       0.370326       
289         0.827805       0.827805       
290         0.506031       0.506031       
291         0.887371       0.887371       
292         0.3548         0.3548         
293         0.812656       0.812656       
294         0.540475       0.540475       
295         0.881684       0.881684       
296         0.370326       0.370326       
297         0.827805       0.827805       
298         0.506031       0.506031       
299         0.887371       0.887371       
300         0.3548         0.3548         
301         0.812656       0.812656       
302         0.540475       0.540475       
303         0.881684       0.881684       
304         0.370326       0.370326       
305         0.827805       0.827805       
306         0.506031       0.506031       
307         0.887371       0.887371       
308         0.3548         0.3548         
309         0.812656       0.812656       
310         0.540475       0.540475       
311         0.881684       0.881684       
312         0.370326       0.370326       
313         0.827805       0.827805       
314         0.506031       0.506031       
315         0.887371       0.887371       
316         0.3548         0.3548         
317         0.812656       0.812656       
318         0.540475       0.540475       
319         0.881684       0.881684       
320         0.370326       0.370326       
321         0.827805       0.827805       
322         0.506031       0.506031       
323         0.887371       0.887371       
324         0.3548         0.3548         
325         0.812656       0.812656       
326         0.540475       0.540475       
327         0.881684       0.881684       
328         0.370326       0.370326       
329         0.827805       0.827805       
330         0.506031       0.506031       
331         0.887371       0.887371       
332         0.3548         0.3548         
333         0.812656       0.812656       
334         0.540475       0.540475       
335         0.881684       0.881684       
336         0.370326       0.370326       
337         0.827805       0.827805       
338         0.506031       0.506031       
339         0.887371       0.887371       
340         0.3548         0.3548         
341         0.812656       0.812656       
342         0.540475       0.540475       
343         0.881684       0.881684       
344         0.370326       0.370326       
345         0.827805       0.827805       
346         0.506031       0.506031       
347         0.887371       0.887371       
348         0.3548         0.3548         
349         0.812656       0.812656       
350         0.540475       0.540475       
351         0.881684       0.881684       
352         0.370326       0.370326       
353         0.827805       0.827805       
354         0.506031       0.506031       
355         0.887371       0.887371       
356         0.3548         0.3548         
357         0.812656       0.812656       
358         0.540475       0.540475       
359         0.881684       0.881684       
360         0.370326       0.370326       
361         0.827805       0.827805       
362         0.506031       0.506031       
363         0.887371       0.887371       
364         0.3548         0.3548         
365         0.812656       0.812656       
366         0.540475       0.540475       
367         0.881684       0.881684       
368         0.370326       0.370326       
369         0.827805       0.827805       
370         0.506031       0.506031       
371         0.887371       0.887371       
372         0.3548         0.3548         
373         0.812656       0.812656       
374         0.540475       0.540475       
375         0.881684       0.881684       
376         0.370326       0.370326       
377         0.827805       0.827805       
378         0.506031       0.506031       
379         0.887371       0.887371       
380         0.3548         0.3548         
381         0.812656       0.812656       
382         0.540475       0.540475       
383         0.881684       0.881684       
384         0.370326       0.370326       
385         0.827805       0.827805       
386         0.506031       0.506031       
387         0.887371       0.887371       
388         0.3548         0.3548         
389         0.812656       0.812656       
390         0.540475       0.540475       
391         0.881684       0.881684       
392         0.370326       0.370326       
393         0.827805       0.827805       
394         0.506031       0.506031       
395         0.887371       0.887371       
396         0.3548         0.3548         
397         0.812656       0.812656       
398         0.540475       0.540475       
399         0.881684       0.881684       
400         0.370326       0.370326       
401         0.827805       0.827805       
402         0.506031       0.506031       
403         0.887371       0.887371       
404         0.3548         0.3548         
405         0.812656       0.812656       
406         0.540475       0.540475       
407         0.881684       0.881684       
408         0.370326       0.370326       
409         0.827805       0.827805       
410         0.506031       0.506031       
411         0.887371       0.887371       
412         0.3548         0.3548         
413         0.812656       0.812656       
414         0.540475       0.540475       
415         0.881684       0.881684       
416         0.370326       0.370326       
417         0.827805       0.827805       
418         0.506031       0.506031       
419         0.887371       0.887371       
420         0.3548         0.3548         
421         0.812656       0.812656       
422         0.540475       0.540475       
423         0.881684       0.881684       
424         0.370326       0.370326       
425         0.827805       0.827805       
426         0.506031       0.506031       
427         0.887371       0.887371       
428         0.3548         0.3548         
429         0.812656       0.812656       
430         0.540475       0.540475       
431         0.881684       0.881684       
432         0.370326       0.370326       
433         0.827805       0.827805       
434         0.506031       0.506031       
435         0.887371       0.887371       
436         0.3548         0.3548         
437         0.812656       0.812656       
438         0.540475       0.540475       
439         0.881684       0.881684       
440         0.370326       0.370326       
441         0.827805       0.827805       
442         0.506031       0.506031       
443         0.887371       0.887371       
444         0.3548         0.3548         
445         0.812656       0.812656       
446         0.540475       0.540475       
447         0.881684       0.881684       
448         0.370326       0.370326       
449         0.827805       0.827805       
450         0.506031       0.506031       
451         0.887371       0.887371       
452         0.3548         0.3548         
453         0.812656       0.812656       
454         0.540475       0.540475       
455         0.881684       0.881684       
456         0.370326       0.370326       
457         0.827805       0.827805       
458         0.506031       0.506031       
459         0.887371       0.887371       
460         0.3548         0.3548         
461         0.812656       0.812656       
462         0.540475       0.540475       
463         0.881684       0.881684       
464         0.370326       0.370326       
465         0.827805       0.827805       
466         0.506031       0.506031       
467         0.887371       0.887371       
468         0.3548         0.3548         
469         0.812656       0.812656       
470         0.540475       0.540475       
471         0.881684       0.881684       
472         0.370326       0.370326       
473         0.827805       0.827805       
474         0.506031       0.506031       
475         0.887371       0.887371       
476         0.3548         0.3548         
477         0.812656       0.812656       
478         0.540475       0.540475       
479         0.881684       0.881684       
480         0.370326       0.370326       
481         0.827805       0.827805       
482         0.506031       0.506031       
483         0.887371       0.887371       
484         0.3548         0.3548         
485         0.812656       0.812656       
486         0.540475       0.540475       
487         0.881684       0.881684       
488         0.370326       0.370326       
489         0.827805       0.827805       
490         0.506031       0.506031       
491         0.887371       0.887371       
492         0.3548         0.3548         
493         0.812656       0.812656       
494         0.540475       0.540475       
495         0.881684       0.881684       
496         0.370326       0.370326       
497         0.827805       0.827805       
498         0.506031       0.506031       
499         0.887371       0.887371       
