# lambda = 2.2
#===============================================
0           0.7            0.7007         
1           0.462          0.461383       
2           0.546823       0.546719       
3           0.545177       0.545198       
4           0.54551        0.545506       
5           0.545443       0.545444       
6           0.545457       0.545457       
7           0.545454       0.545454       
8           0.545455       0.545455       
9           0.545455       0.545455       
10          0.545455       0.545455       
11          0.545455       0.545455       
12          0.545455       0.545455       
13          0.545455       0.545455       
14          0.545455       0.545455       
15          0.545455       0.545455       
16          0.545455       0.545455       
17          0.545455       0.545455       
18          0.545455       0.545455       
19          0.545455       0.545455       
20          0.545455       0.545455       
21          0.545455       0.545455       
22          0.545455       0.545455       
23          0.545455       0.545455       
24          0.545455       0.545455       
25          0.545455       0.545455       
26          0.545455       0.545455       
27          0.545455       0.545455       
28          0.545455       0.545455       
29          0.545455       0.545455       
30          0.545455       0.545455       
31          0.545455       0.545455       
32          0.545455       0.545455       
33          0.545455       0.545455       
34          0.545455       0.545455       
35          0.545455       0.545455       
36          0.545455       0.545455       
37          0.545455       0.545455       
38          0.545455       0.545455       
39          0.545455       0.545455       
40          0.545455       0.545455       
41          0.545455       0.545455       
42          0.545455       0.545455       
43          0.545455       0.545455       
44          0.545455       0.545455       
45          0.545455       0.545455       
46          0.545455       0.545455       
47          0.545455       0.545455       
48          0.545455       0.545455       
49          0.545455       0.545455       
50          0.545455       0.545455       
51          0.545455       0.545455       
52          0.545455       0.545455       
53          0.545455       0.545455       
54          0.545455       0.545455       
55          0.545455       0.545455       
56          0.545455       0.545455       
57          0.545455       0.545455       
58          0.545455       0.545455       
59          0.545455       0.545455       
60          0.545455       0.545455       
61          0.545455       0.545455       
62          0.545455       0.545455       
63          0.545455       0.545455       
64          0.545455       0.545455       
65          0.545455       0.545455       
66          0.545455       0.545455       
67          0.545455       0.545455       
68          0.545455       0.545455       
69          0.545455       0.545455       
70          0.545455       0.545455       
71          0.545455       0.545455       
72          0.545455       0.545455       
73          0.545455       0.545455       
74          0.545455       0.545455       
75          0.545455       0.545455       
76          0.545455       0.545455       
77          0.545455       0.545455       
78          0.545455       0.545455       
79          0.545455       0.545455       
80          0.545455       0.545455       
81          0.545455       0.545455       
82          0.545455       0.545455       
83          0.545455       0.545455       
84          0.545455       0.545455       
85          0.545455       0.545455       
86          0.545455       0.545455       
87          0.545455       0.545455       
88          0.545455       0.545455       
89          0.545455       0.545455       
90          0.545455       0.545455       
91          0.545455       0.545455       
92          0.545455       0.545455       
93          0.545455       0.545455       
94          0.545455       0.545455       
95          0.545455       0.545455       
96          0.545455       0.545455       
97          0.545455       0.545455       
98          0.545455       0.545455       
99          0.545455       0.545455       
