# lambda = 3.1
#===============================================
0           0.7            0.7007         
1           0.651          0.65013        
2           0.704317       0.705129       
3           0.645589       0.644559       
4           0.709292       0.710218       
5           0.639211       0.638006       
6           0.714923       0.715959       
7           0.631805       0.630422       
8           0.721145       0.72227        
9           0.623394       0.621848       
10          0.727799       0.728974       
11          0.614133       0.612469       
12          0.734618       0.735787       
13          0.604358       0.602654       
14          0.741239       0.742333       
15          0.594592       0.592952       
16          0.747262       0.748216       
17          0.58547        0.584006       
18          0.752354       0.753123       
19          0.577584       0.576378       
20          0.75634        0.756916       
21          0.571298       0.570382       
22          0.759241       0.759644       
23          0.566661       0.566014       
24          0.761225       0.761491       
25          0.563461       0.56303        
26          0.762515       0.762684       
27          0.561366       0.561091       
28          0.763326       0.763431       
29          0.560044       0.559873       
30          0.763824       0.763887       
31          0.559231       0.559127       
32          0.764124       0.764162       
33          0.558739       0.558677       
34          0.764304       0.764327       
35          0.558444       0.558407       
36          0.764411       0.764425       
37          0.558269       0.558247       
38          0.764475       0.764483       
39          0.558165       0.558152       
40          0.764512       0.764517       
41          0.558103       0.558095       
42          0.764535       0.764537       
43          0.558067       0.558062       
44          0.764548       0.764549       
45          0.558045       0.558042       
46          0.764555       0.764556       
47          0.558032       0.558031       
48          0.76456        0.764561       
49          0.558025       0.558024       
50          0.764563       0.764563       
51          0.55802        0.55802        
52          0.764564       0.764564       
53          0.558018       0.558018       
54          0.764565       0.764565       
55          0.558016       0.558016       
56          0.764566       0.764566       
57          0.558015       0.558015       
58          0.764566       0.764566       
59          0.558015       0.558015       
60          0.764566       0.764566       
61          0.558015       0.558015       
62          0.764566       0.764566       
63          0.558014       0.558014       
64          0.764566       0.764566       
65          0.558014       0.558014       
66          0.764566       0.764566       
67          0.558014       0.558014       
68          0.764566       0.764566       
69          0.558014       0.558014       
70          0.764567       0.764567       
71          0.558014       0.558014       
72          0.764567       0.764567       
73          0.558014       0.558014       
74          0.764567       0.764567       
75          0.558014       0.558014       
76          0.764567       0.764567       
77          0.558014       0.558014       
78          0.764567       0.764567       
79          0.558014       0.558014       
80          0.764567       0.764567       
81          0.558014       0.558014       
82          0.764567       0.764567       
83          0.558014       0.558014       
84          0.764567       0.764567       
85          0.558014       0.558014       
86          0.764567       0.764567       
87          0.558014       0.558014       
88          0.764567       0.764567       
89          0.558014       0.558014       
90          0.764567       0.764567       
91          0.558014       0.558014       
92          0.764567       0.764567       
93          0.558014       0.558014       
94          0.764567       0.764567       
95          0.558014       0.558014       
96          0.764567       0.764567       
97          0.558014       0.558014       
98          0.764567       0.764567       
99          0.558014       0.558014       
100         0.764567       0.764567       
101         0.558014       0.558014       
102         0.764567       0.764567       
103         0.558014       0.558014       
104         0.764567       0.764567       
105         0.558014       0.558014       
106         0.764567       0.764567       
107         0.558014       0.558014       
108         0.764567       0.764567       
109         0.558014       0.558014       
110         0.764567       0.764567       
111         0.558014       0.558014       
112         0.764567       0.764567       
113         0.558014       0.558014       
114         0.764567       0.764567       
115         0.558014       0.558014       
116         0.764567       0.764567       
117         0.558014       0.558014       
118         0.764567       0.764567       
119         0.558014       0.558014       
120         0.764567       0.764567       
121         0.558014       0.558014       
122         0.764567       0.764567       
123         0.558014       0.558014       
124         0.764567       0.764567       
125         0.558014       0.558014       
126         0.764567       0.764567       
127         0.558014       0.558014       
128         0.764567       0.764567       
129         0.558014       0.558014       
130         0.764567       0.764567       
131         0.558014       0.558014       
132         0.764567       0.764567       
133         0.558014       0.558014       
134         0.764567       0.764567       
135         0.558014       0.558014       
136         0.764567       0.764567       
137         0.558014       0.558014       
138         0.764567       0.764567       
139         0.558014       0.558014       
140         0.764567       0.764567       
141         0.558014       0.558014       
142         0.764567       0.764567       
143         0.558014       0.558014       
144         0.764567       0.764567       
145         0.558014       0.558014       
146         0.764567       0.764567       
147         0.558014       0.558014       
148         0.764567       0.764567       
149         0.558014       0.558014       
150         0.764567       0.764567       
151         0.558014       0.558014       
152         0.764567       0.764567       
153         0.558014       0.558014       
154         0.764567       0.764567       
155         0.558014       0.558014       
156         0.764567       0.764567       
157         0.558014       0.558014       
158         0.764567       0.764567       
159         0.558014       0.558014       
160         0.764567       0.764567       
161         0.558014       0.558014       
162         0.764567       0.764567       
163         0.558014       0.558014       
164         0.764567       0.764567       
165         0.558014       0.558014       
166         0.764567       0.764567       
167         0.558014       0.558014       
168         0.764567       0.764567       
169         0.558014       0.558014       
170         0.764567       0.764567       
171         0.558014       0.558014       
172         0.764567       0.764567       
173         0.558014       0.558014       
174         0.764567       0.764567       
175         0.558014       0.558014       
176         0.764567       0.764567       
177         0.558014       0.558014       
178         0.764567       0.764567       
179         0.558014       0.558014       
180         0.764567       0.764567       
181         0.558014       0.558014       
182         0.764567       0.764567       
183         0.558014       0.558014       
184         0.764567       0.764567       
185         0.558014       0.558014       
186         0.764567       0.764567       
187         0.558014       0.558014       
188         0.764567       0.764567       
189         0.558014       0.558014       
190         0.764567       0.764567       
191         0.558014       0.558014       
192         0.764567       0.764567       
193         0.558014       0.558014       
194         0.764567       0.764567       
195         0.558014       0.558014       
196         0.764567       0.764567       
197         0.558014       0.558014       
198         0.764567       0.764567       
199         0.558014       0.558014       
