# lambda = 3.5
#===============================================
0           0.7            0.7007         
1           0.735          0.734018       
2           0.681712       0.683324       
3           0.759432       0.757373       
4           0.639433       0.643157       
5           0.806955       0.803271       
6           0.545225       0.553093       
7           0.867841       0.865134       
8           0.401425       0.40837        
9           0.84099        0.845614       
10          0.46804        0.456929       
11          0.871425       0.868507       
12          0.392152       0.399709       
13          0.834291       0.839796       
14          0.483873       0.470886       
15          0.87409        0.872033       
16          0.385199       0.390569       
17          0.828873       0.833087       
18          0.49645        0.486685       
19          0.874956       0.874379       
20          0.382928       0.38444        
21          0.82703        0.828261       
22          0.50068        0.497857       
23          0.874998       0.874984       
24          0.382817       0.382855       
25          0.826938       0.826969       
26          0.50089        0.500819       
27          0.874997       0.874998       
28          0.38282        0.382819       
29          0.826941       0.82694        
30          0.500884       0.500886       
31          0.874997       0.874997       
32          0.38282        0.38282        
33          0.826941       0.826941       
34          0.500884       0.500884       
35          0.874997       0.874997       
36          0.38282        0.38282        
37          0.826941       0.826941       
38          0.500884       0.500884       
39          0.874997       0.874997       
40          0.38282        0.38282        
41          0.826941       0.826941       
42          0.500884       0.500884       
43          0.874997       0.874997       
44          0.38282        0.38282        
45          0.826941       0.826941       
46          0.500884       0.500884       
47          0.874997       0.874997       
48          0.38282        0.38282        
49          0.826941       0.826941       
50          0.500884       0.500884       
51          0.874997       0.874997       
52          0.38282        0.38282        
53          0.826941       0.826941       
54          0.500884       0.500884       
55          0.874997       0.874997       
56          0.38282        0.38282        
57          0.826941       0.826941       
58          0.500884       0.500884       
59          0.874997       0.874997       
60          0.38282        0.38282        
61          0.826941       0.826941       
62          0.500884       0.500884       
63          0.874997       0.874997       
64          0.38282        0.38282        
65          0.826941       0.826941       
66          0.500884       0.500884       
67          0.874997       0.874997       
68          0.38282        0.38282        
69          0.826941       0.826941       
70          0.500884       0.500884       
71          0.874997       0.874997       
72          0.38282        0.38282        
73          0.826941       0.826941       
74          0.500884       0.500884       
75          0.874997       0.874997       
76          0.38282        0.38282        
77          0.826941       0.826941       
78          0.500884       0.500884       
79          0.874997       0.874997       
80          0.38282        0.38282        
81          0.826941       0.826941       
82          0.500884       0.500884       
83          0.874997       0.874997       
84          0.38282        0.38282        
85          0.826941       0.826941       
86          0.500884       0.500884       
87          0.874997       0.874997       
88          0.38282        0.38282        
89          0.826941       0.826941       
90          0.500884       0.500884       
91          0.874997       0.874997       
92          0.38282        0.38282        
93          0.826941       0.826941       
94          0.500884       0.500884       
95          0.874997       0.874997       
96          0.38282        0.38282        
97          0.826941       0.826941       
98          0.500884       0.500884       
99          0.874997       0.874997       
100         0.38282        0.38282        
101         0.826941       0.826941       
102         0.500884       0.500884       
103         0.874997       0.874997       
104         0.38282        0.38282        
105         0.826941       0.826941       
106         0.500884       0.500884       
107         0.874997       0.874997       
108         0.38282        0.38282        
109         0.826941       0.826941       
110         0.500884       0.500884       
111         0.874997       0.874997       
112         0.38282        0.38282        
113         0.826941       0.826941       
114         0.500884       0.500884       
115         0.874997       0.874997       
116         0.38282        0.38282        
117         0.826941       0.826941       
118         0.500884       0.500884       
119         0.874997       0.874997       
120         0.38282        0.38282        
121         0.826941       0.826941       
122         0.500884       0.500884       
123         0.874997       0.874997       
124         0.38282        0.38282        
125         0.826941       0.826941       
126         0.500884       0.500884       
127         0.874997       0.874997       
128         0.38282        0.38282        
129         0.826941       0.826941       
130         0.500884       0.500884       
131         0.874997       0.874997       
132         0.38282        0.38282        
133         0.826941       0.826941       
134         0.500884       0.500884       
135         0.874997       0.874997       
136         0.38282        0.38282        
137         0.826941       0.826941       
138         0.500884       0.500884       
139         0.874997       0.874997       
140         0.38282        0.38282        
141         0.826941       0.826941       
142         0.500884       0.500884       
143         0.874997       0.874997       
144         0.38282        0.38282        
145         0.826941       0.826941       
146         0.500884       0.500884       
147         0.874997       0.874997       
148         0.38282        0.38282        
149         0.826941       0.826941       
150         0.500884       0.500884       
151         0.874997       0.874997       
152         0.38282        0.38282        
153         0.826941       0.826941       
154         0.500884       0.500884       
155         0.874997       0.874997       
156         0.38282        0.38282        
157         0.826941       0.826941       
158         0.500884       0.500884       
159         0.874997       0.874997       
160         0.38282        0.38282        
161         0.826941       0.826941       
162         0.500884       0.500884       
163         0.874997       0.874997       
164         0.38282        0.38282        
165         0.826941       0.826941       
166         0.500884       0.500884       
167         0.874997       0.874997       
168         0.38282        0.38282        
169         0.826941       0.826941       
170         0.500884       0.500884       
171         0.874997       0.874997       
172         0.38282        0.38282        
173         0.826941       0.826941       
174         0.500884       0.500884       
175         0.874997       0.874997       
176         0.38282        0.38282        
177         0.826941       0.826941       
178         0.500884       0.500884       
179         0.874997       0.874997       
180         0.38282        0.38282        
181         0.826941       0.826941       
182         0.500884       0.500884       
183         0.874997       0.874997       
184         0.38282        0.38282        
185         0.826941       0.826941       
186         0.500884       0.500884       
187         0.874997       0.874997       
188         0.38282        0.38282        
189         0.826941       0.826941       
190         0.500884       0.500884       
191         0.874997       0.874997       
192         0.38282        0.38282        
193         0.826941       0.826941       
194         0.500884       0.500884       
195         0.874997       0.874997       
196         0.38282        0.38282        
197         0.826941       0.826941       
198         0.500884       0.500884       
199         0.874997       0.874997       
200         0.38282        0.38282        
201         0.826941       0.826941       
202         0.500884       0.500884       
203         0.874997       0.874997       
204         0.38282        0.38282        
205         0.826941       0.826941       
206         0.500884       0.500884       
207         0.874997       0.874997       
208         0.38282        0.38282        
209         0.826941       0.826941       
210         0.500884       0.500884       
211         0.874997       0.874997       
212         0.38282        0.38282        
213         0.826941       0.826941       
214         0.500884       0.500884       
215         0.874997       0.874997       
216         0.38282        0.38282        
217         0.826941       0.826941       
218         0.500884       0.500884       
219         0.874997       0.874997       
220         0.38282        0.38282        
221         0.826941       0.826941       
222         0.500884       0.500884       
223         0.874997       0.874997       
224         0.38282        0.38282        
225         0.826941       0.826941       
226         0.500884       0.500884       
227         0.874997       0.874997       
228         0.38282        0.38282        
229         0.826941       0.826941       
230         0.500884       0.500884       
231         0.874997       0.874997       
232         0.38282        0.38282        
233         0.826941       0.826941       
234         0.500884       0.500884       
235         0.874997       0.874997       
236         0.38282        0.38282        
237         0.826941       0.826941       
238         0.500884       0.500884       
239         0.874997       0.874997       
240         0.38282        0.38282        
241         0.826941       0.826941       
242         0.500884       0.500884       
243         0.874997       0.874997       
244         0.38282        0.38282        
245         0.826941       0.826941       
246         0.500884       0.500884       
247         0.874997       0.874997       
248         0.38282        0.38282        
249         0.826941       0.826941       
250         0.500884       0.500884       
251         0.874997       0.874997       
252         0.38282        0.38282        
253         0.826941       0.826941       
254         0.500884       0.500884       
255         0.874997       0.874997       
256         0.38282        0.38282        
257         0.826941       0.826941       
258         0.500884       0.500884       
259         0.874997       0.874997       
260         0.38282        0.38282        
261         0.826941       0.826941       
262         0.500884       0.500884       
263         0.874997       0.874997       
264         0.38282        0.38282        
265         0.826941       0.826941       
266         0.500884       0.500884       
267         0.874997       0.874997       
268         0.38282        0.38282        
269         0.826941       0.826941       
270         0.500884       0.500884       
271         0.874997       0.874997       
272         0.38282        0.38282        
273         0.826941       0.826941       
274         0.500884       0.500884       
275         0.874997       0.874997       
276         0.38282        0.38282        
277         0.826941       0.826941       
278         0.500884       0.500884       
279         0.874997       0.874997       
280         0.38282        0.38282        
281         0.826941       0.826941       
282         0.500884       0.500884       
283         0.874997       0.874997       
284         0.38282        0.38282        
285         0.826941       0.826941       
286         0.500884       0.500884       
287         0.874997       0.874997       
288         0.38282        0.38282        
289         0.826941       0.826941       
290         0.500884       0.500884       
291         0.874997       0.874997       
292         0.38282        0.38282        
293         0.826941       0.826941       
294         0.500884       0.500884       
295         0.874997       0.874997       
296         0.38282        0.38282        
297         0.826941       0.826941       
298         0.500884       0.500884       
299         0.874997       0.874997       
300         0.38282        0.38282        
301         0.826941       0.826941       
302         0.500884       0.500884       
303         0.874997       0.874997       
304         0.38282        0.38282        
305         0.826941       0.826941       
306         0.500884       0.500884       
307         0.874997       0.874997       
308         0.38282        0.38282        
309         0.826941       0.826941       
310         0.500884       0.500884       
311         0.874997       0.874997       
312         0.38282        0.38282        
313         0.826941       0.826941       
314         0.500884       0.500884       
315         0.874997       0.874997       
316         0.38282        0.38282        
317         0.826941       0.826941       
318         0.500884       0.500884       
319         0.874997       0.874997       
320         0.38282        0.38282        
321         0.826941       0.826941       
322         0.500884       0.500884       
323         0.874997       0.874997       
324         0.38282        0.38282        
325         0.826941       0.826941       
326         0.500884       0.500884       
327         0.874997       0.874997       
328         0.38282        0.38282        
329         0.826941       0.826941       
330         0.500884       0.500884       
331         0.874997       0.874997       
332         0.38282        0.38282        
333         0.826941       0.826941       
334         0.500884       0.500884       
335         0.874997       0.874997       
336         0.38282        0.38282        
337         0.826941       0.826941       
338         0.500884       0.500884       
339         0.874997       0.874997       
340         0.38282        0.38282        
341         0.826941       0.826941       
342         0.500884       0.500884       
343         0.874997       0.874997       
344         0.38282        0.38282        
345         0.826941       0.826941       
346         0.500884       0.500884       
347         0.874997       0.874997       
348         0.38282        0.38282        
349         0.826941       0.826941       
350         0.500884       0.500884       
351         0.874997       0.874997       
352         0.38282        0.38282        
353         0.826941       0.826941       
354         0.500884       0.500884       
355         0.874997       0.874997       
356         0.38282        0.38282        
357         0.826941       0.826941       
358         0.500884       0.500884       
359         0.874997       0.874997       
360         0.38282        0.38282        
361         0.826941       0.826941       
362         0.500884       0.500884       
363         0.874997       0.874997       
364         0.38282        0.38282        
365         0.826941       0.826941       
366         0.500884       0.500884       
367         0.874997       0.874997       
368         0.38282        0.38282        
369         0.826941       0.826941       
370         0.500884       0.500884       
371         0.874997       0.874997       
372         0.38282        0.38282        
373         0.826941       0.826941       
374         0.500884       0.500884       
375         0.874997       0.874997       
376         0.38282        0.38282        
377         0.826941       0.826941       
378         0.500884       0.500884       
379         0.874997       0.874997       
380         0.38282        0.38282        
381         0.826941       0.826941       
382         0.500884       0.500884       
383         0.874997       0.874997       
384         0.38282        0.38282        
385         0.826941       0.826941       
386         0.500884       0.500884       
387         0.874997       0.874997       
388         0.38282        0.38282        
389         0.826941       0.826941       
390         0.500884       0.500884       
391         0.874997       0.874997       
392         0.38282        0.38282        
393         0.826941       0.826941       
394         0.500884       0.500884       
395         0.874997       0.874997       
396         0.38282        0.38282        
397         0.826941       0.826941       
398         0.500884       0.500884       
399         0.874997       0.874997       
400         0.38282        0.38282        
401         0.826941       0.826941       
402         0.500884       0.500884       
403         0.874997       0.874997       
404         0.38282        0.38282        
405         0.826941       0.826941       
406         0.500884       0.500884       
407         0.874997       0.874997       
408         0.38282        0.38282        
409         0.826941       0.826941       
410         0.500884       0.500884       
411         0.874997       0.874997       
412         0.38282        0.38282        
413         0.826941       0.826941       
414         0.500884       0.500884       
415         0.874997       0.874997       
416         0.38282        0.38282        
417         0.826941       0.826941       
418         0.500884       0.500884       
419         0.874997       0.874997       
420         0.38282        0.38282        
421         0.826941       0.826941       
422         0.500884       0.500884       
423         0.874997       0.874997       
424         0.38282        0.38282        
425         0.826941       0.826941       
426         0.500884       0.500884       
427         0.874997       0.874997       
428         0.38282        0.38282        
429         0.826941       0.826941       
430         0.500884       0.500884       
431         0.874997       0.874997       
432         0.38282        0.38282        
433         0.826941       0.826941       
434         0.500884       0.500884       
435         0.874997       0.874997       
436         0.38282        0.38282        
437         0.826941       0.826941       
438         0.500884       0.500884       
439         0.874997       0.874997       
440         0.38282        0.38282        
441         0.826941       0.826941       
442         0.500884       0.500884       
443         0.874997       0.874997       
444         0.38282        0.38282        
445         0.826941       0.826941       
446         0.500884       0.500884       
447         0.874997       0.874997       
448         0.38282        0.38282        
449         0.826941       0.826941       
450         0.500884       0.500884       
451         0.874997       0.874997       
452         0.38282        0.38282        
453         0.826941       0.826941       
454         0.500884       0.500884       
455         0.874997       0.874997       
456         0.38282        0.38282        
457         0.826941       0.826941       
458         0.500884       0.500884       
459         0.874997       0.874997       
460         0.38282        0.38282        
461         0.826941       0.826941       
462         0.500884       0.500884       
463         0.874997       0.874997       
464         0.38282        0.38282        
465         0.826941       0.826941       
466         0.500884       0.500884       
467         0.874997       0.874997       
468         0.38282        0.38282        
469         0.826941       0.826941       
470         0.500884       0.500884       
471         0.874997       0.874997       
472         0.38282        0.38282        
473         0.826941       0.826941       
474         0.500884       0.500884       
475         0.874997       0.874997       
476         0.38282        0.38282        
477         0.826941       0.826941       
478         0.500884       0.500884       
479         0.874997       0.874997       
480         0.38282        0.38282        
481         0.826941       0.826941       
482         0.500884       0.500884       
483         0.874997       0.874997       
484         0.38282        0.38282        
485         0.826941       0.826941       
486         0.500884       0.500884       
487         0.874997       0.874997       
488         0.38282        0.38282        
489         0.826941       0.826941       
490         0.500884       0.500884       
491         0.874997       0.874997       
492         0.38282        0.38282        
493         0.826941       0.826941       
494         0.500884       0.500884       
495         0.874997       0.874997       
496         0.38282        0.38282        
497         0.826941       0.826941       
498         0.500884       0.500884       
499         0.874997       0.874997       
