# lambda = 2.6
#===============================================
0           0.7            0.7007         
1           0.546          0.545271       
2           0.644498       0.644671       
3           0.595713       0.595582       
4           0.626182       0.626246       
5           0.608603       0.608561       
6           0.619334       0.619358       
7           0.612975       0.61296        
8           0.616816       0.616824       
9           0.614521       0.614515       
10          0.615901       0.615904       
11          0.615074       0.615072       
12          0.615571       0.615572       
13          0.615273       0.615272       
14          0.615452       0.615452       
15          0.615344       0.615344       
16          0.615409       0.615409       
17          0.61537        0.61537        
18          0.615393       0.615393       
19          0.615379       0.615379       
20          0.615388       0.615388       
21          0.615383       0.615383       
22          0.615386       0.615386       
23          0.615384       0.615384       
24          0.615385       0.615385       
25          0.615384       0.615384       
26          0.615385       0.615385       
27          0.615385       0.615385       
28          0.615385       0.615385       
29          0.615385       0.615385       
30          0.615385       0.615385       
31          0.615385       0.615385       
32          0.615385       0.615385       
33          0.615385       0.615385       
34          0.615385       0.615385       
35          0.615385       0.615385       
36          0.615385       0.615385       
37          0.615385       0.615385       
38          0.615385       0.615385       
39          0.615385       0.615385       
40          0.615385       0.615385       
41          0.615385       0.615385       
42          0.615385       0.615385       
43          0.615385       0.615385       
44          0.615385       0.615385       
45          0.615385       0.615385       
46          0.615385       0.615385       
47          0.615385       0.615385       
48          0.615385       0.615385       
49          0.615385       0.615385       
50          0.615385       0.615385       
51          0.615385       0.615385       
52          0.615385       0.615385       
53          0.615385       0.615385       
54          0.615385       0.615385       
55          0.615385       0.615385       
56          0.615385       0.615385       
57          0.615385       0.615385       
58          0.615385       0.615385       
59          0.615385       0.615385       
60          0.615385       0.615385       
61          0.615385       0.615385       
62          0.615385       0.615385       
63          0.615385       0.615385       
64          0.615385       0.615385       
65          0.615385       0.615385       
66          0.615385       0.615385       
67          0.615385       0.615385       
68          0.615385       0.615385       
69          0.615385       0.615385       
70          0.615385       0.615385       
71          0.615385       0.615385       
72          0.615385       0.615385       
73          0.615385       0.615385       
74          0.615385       0.615385       
75          0.615385       0.615385       
76          0.615385       0.615385       
77          0.615385       0.615385       
78          0.615385       0.615385       
79          0.615385       0.615385       
80          0.615385       0.615385       
81          0.615385       0.615385       
82          0.615385       0.615385       
83          0.615385       0.615385       
84          0.615385       0.615385       
85          0.615385       0.615385       
86          0.615385       0.615385       
87          0.615385       0.615385       
88          0.615385       0.615385       
89          0.615385       0.615385       
90          0.615385       0.615385       
91          0.615385       0.615385       
92          0.615385       0.615385       
93          0.615385       0.615385       
94          0.615385       0.615385       
95          0.615385       0.615385       
96          0.615385       0.615385       
97          0.615385       0.615385       
98          0.615385       0.615385       
99          0.615385       0.615385       
