# lambda = 2.3
#===============================================
0           0.7            0.7007         
1           0.483          0.482355       
2           0.574335       0.574284       
3           0.562291       0.562308       
4           0.566076       0.566071       
5           0.564958       0.56496        
6           0.565295       0.565295       
7           0.565194       0.565194       
8           0.565224       0.565224       
9           0.565215       0.565215       
10          0.565218       0.565218       
11          0.565217       0.565217       
12          0.565217       0.565217       
13          0.565217       0.565217       
14          0.565217       0.565217       
15          0.565217       0.565217       
16          0.565217       0.565217       
17          0.565217       0.565217       
18          0.565217       0.565217       
19          0.565217       0.565217       
20          0.565217       0.565217       
21          0.565217       0.565217       
22          0.565217       0.565217       
23          0.565217       0.565217       
24          0.565217       0.565217       
25          0.565217       0.565217       
26          0.565217       0.565217       
27          0.565217       0.565217       
28          0.565217       0.565217       
29          0.565217       0.565217       
30          0.565217       0.565217       
31          0.565217       0.565217       
32          0.565217       0.565217       
33          0.565217       0.565217       
34          0.565217       0.565217       
35          0.565217       0.565217       
36          0.565217       0.565217       
37          0.565217       0.565217       
38          0.565217       0.565217       
39          0.565217       0.565217       
40          0.565217       0.565217       
41          0.565217       0.565217       
42          0.565217       0.565217       
43          0.565217       0.565217       
44          0.565217       0.565217       
45          0.565217       0.565217       
46          0.565217       0.565217       
47          0.565217       0.565217       
48          0.565217       0.565217       
49          0.565217       0.565217       
50          0.565217       0.565217       
51          0.565217       0.565217       
52          0.565217       0.565217       
53          0.565217       0.565217       
54          0.565217       0.565217       
55          0.565217       0.565217       
56          0.565217       0.565217       
57          0.565217       0.565217       
58          0.565217       0.565217       
59          0.565217       0.565217       
60          0.565217       0.565217       
61          0.565217       0.565217       
62          0.565217       0.565217       
63          0.565217       0.565217       
64          0.565217       0.565217       
65          0.565217       0.565217       
66          0.565217       0.565217       
67          0.565217       0.565217       
68          0.565217       0.565217       
69          0.565217       0.565217       
70          0.565217       0.565217       
71          0.565217       0.565217       
72          0.565217       0.565217       
73          0.565217       0.565217       
74          0.565217       0.565217       
75          0.565217       0.565217       
76          0.565217       0.565217       
77          0.565217       0.565217       
78          0.565217       0.565217       
79          0.565217       0.565217       
80          0.565217       0.565217       
81          0.565217       0.565217       
82          0.565217       0.565217       
83          0.565217       0.565217       
84          0.565217       0.565217       
85          0.565217       0.565217       
86          0.565217       0.565217       
87          0.565217       0.565217       
88          0.565217       0.565217       
89          0.565217       0.565217       
90          0.565217       0.565217       
91          0.565217       0.565217       
92          0.565217       0.565217       
93          0.565217       0.565217       
94          0.565217       0.565217       
95          0.565217       0.565217       
96          0.565217       0.565217       
97          0.565217       0.565217       
98          0.565217       0.565217       
99          0.565217       0.565217       
