# lambda = 3.3
#===============================================
0           0.7            0.7007         
1           0.693          0.692074       
2           0.702078       0.703255       
3           0.690242       0.688669       
4           0.705566       0.707533       
5           0.685551       0.682869       
6           0.711384       0.714644       
7           0.677546       0.672962       
8           0.720976       0.726278       
9           0.66386        0.656034       
10          0.736395       0.744656       
11          0.640588       0.627473       
12          0.759776       0.771377       
13          0.602304       0.58197        
14          0.790462       0.802827       
15          0.546586       0.522376       
16          0.817838       0.823348       
17          0.49163        0.479973       
18          0.824769       0.823676       
19          0.476933       0.479271       
20          0.823244       0.823582       
21          0.480194       0.479472       
22          0.823705       0.823609       
23          0.479209       0.479414       
24          0.823573       0.823601       
25          0.479491       0.479431       
26          0.823612       0.823604       
27          0.479409       0.479426       
28          0.823601       0.823603       
29          0.479432       0.479427       
30          0.823604       0.823603       
31          0.479425       0.479427       
32          0.823603       0.823603       
33          0.479427       0.479427       
34          0.823603       0.823603       
35          0.479427       0.479427       
36          0.823603       0.823603       
37          0.479427       0.479427       
38          0.823603       0.823603       
39          0.479427       0.479427       
40          0.823603       0.823603       
41          0.479427       0.479427       
42          0.823603       0.823603       
43          0.479427       0.479427       
44          0.823603       0.823603       
45          0.479427       0.479427       
46          0.823603       0.823603       
47          0.479427       0.479427       
48          0.823603       0.823603       
49          0.479427       0.479427       
50          0.823603       0.823603       
51          0.479427       0.479427       
52          0.823603       0.823603       
53          0.479427       0.479427       
54          0.823603       0.823603       
55          0.479427       0.479427       
56          0.823603       0.823603       
57          0.479427       0.479427       
58          0.823603       0.823603       
59          0.479427       0.479427       
60          0.823603       0.823603       
61          0.479427       0.479427       
62          0.823603       0.823603       
63          0.479427       0.479427       
64          0.823603       0.823603       
65          0.479427       0.479427       
66          0.823603       0.823603       
67          0.479427       0.479427       
68          0.823603       0.823603       
69          0.479427       0.479427       
70          0.823603       0.823603       
71          0.479427       0.479427       
72          0.823603       0.823603       
73          0.479427       0.479427       
74          0.823603       0.823603       
75          0.479427       0.479427       
76          0.823603       0.823603       
77          0.479427       0.479427       
78          0.823603       0.823603       
79          0.479427       0.479427       
80          0.823603       0.823603       
81          0.479427       0.479427       
82          0.823603       0.823603       
83          0.479427       0.479427       
84          0.823603       0.823603       
85          0.479427       0.479427       
86          0.823603       0.823603       
87          0.479427       0.479427       
88          0.823603       0.823603       
89          0.479427       0.479427       
90          0.823603       0.823603       
91          0.479427       0.479427       
92          0.823603       0.823603       
93          0.479427       0.479427       
94          0.823603       0.823603       
95          0.479427       0.479427       
96          0.823603       0.823603       
97          0.479427       0.479427       
98          0.823603       0.823603       
99          0.479427       0.479427       
100         0.823603       0.823603       
101         0.479427       0.479427       
102         0.823603       0.823603       
103         0.479427       0.479427       
104         0.823603       0.823603       
105         0.479427       0.479427       
106         0.823603       0.823603       
107         0.479427       0.479427       
108         0.823603       0.823603       
109         0.479427       0.479427       
110         0.823603       0.823603       
111         0.479427       0.479427       
112         0.823603       0.823603       
113         0.479427       0.479427       
114         0.823603       0.823603       
115         0.479427       0.479427       
116         0.823603       0.823603       
117         0.479427       0.479427       
118         0.823603       0.823603       
119         0.479427       0.479427       
120         0.823603       0.823603       
121         0.479427       0.479427       
122         0.823603       0.823603       
123         0.479427       0.479427       
124         0.823603       0.823603       
125         0.479427       0.479427       
126         0.823603       0.823603       
127         0.479427       0.479427       
128         0.823603       0.823603       
129         0.479427       0.479427       
130         0.823603       0.823603       
131         0.479427       0.479427       
132         0.823603       0.823603       
133         0.479427       0.479427       
134         0.823603       0.823603       
135         0.479427       0.479427       
136         0.823603       0.823603       
137         0.479427       0.479427       
138         0.823603       0.823603       
139         0.479427       0.479427       
140         0.823603       0.823603       
141         0.479427       0.479427       
142         0.823603       0.823603       
143         0.479427       0.479427       
144         0.823603       0.823603       
145         0.479427       0.479427       
146         0.823603       0.823603       
147         0.479427       0.479427       
148         0.823603       0.823603       
149         0.479427       0.479427       
150         0.823603       0.823603       
151         0.479427       0.479427       
152         0.823603       0.823603       
153         0.479427       0.479427       
154         0.823603       0.823603       
155         0.479427       0.479427       
156         0.823603       0.823603       
157         0.479427       0.479427       
158         0.823603       0.823603       
159         0.479427       0.479427       
160         0.823603       0.823603       
161         0.479427       0.479427       
162         0.823603       0.823603       
163         0.479427       0.479427       
164         0.823603       0.823603       
165         0.479427       0.479427       
166         0.823603       0.823603       
167         0.479427       0.479427       
168         0.823603       0.823603       
169         0.479427       0.479427       
170         0.823603       0.823603       
171         0.479427       0.479427       
172         0.823603       0.823603       
173         0.479427       0.479427       
174         0.823603       0.823603       
175         0.479427       0.479427       
176         0.823603       0.823603       
177         0.479427       0.479427       
178         0.823603       0.823603       
179         0.479427       0.479427       
180         0.823603       0.823603       
181         0.479427       0.479427       
182         0.823603       0.823603       
183         0.479427       0.479427       
184         0.823603       0.823603       
185         0.479427       0.479427       
186         0.823603       0.823603       
187         0.479427       0.479427       
188         0.823603       0.823603       
189         0.479427       0.479427       
190         0.823603       0.823603       
191         0.479427       0.479427       
192         0.823603       0.823603       
193         0.479427       0.479427       
194         0.823603       0.823603       
195         0.479427       0.479427       
196         0.823603       0.823603       
197         0.479427       0.479427       
198         0.823603       0.823603       
199         0.479427       0.479427       
200         0.823603       0.823603       
201         0.479427       0.479427       
202         0.823603       0.823603       
203         0.479427       0.479427       
204         0.823603       0.823603       
205         0.479427       0.479427       
206         0.823603       0.823603       
207         0.479427       0.479427       
208         0.823603       0.823603       
209         0.479427       0.479427       
210         0.823603       0.823603       
211         0.479427       0.479427       
212         0.823603       0.823603       
213         0.479427       0.479427       
214         0.823603       0.823603       
215         0.479427       0.479427       
216         0.823603       0.823603       
217         0.479427       0.479427       
218         0.823603       0.823603       
219         0.479427       0.479427       
220         0.823603       0.823603       
221         0.479427       0.479427       
222         0.823603       0.823603       
223         0.479427       0.479427       
224         0.823603       0.823603       
225         0.479427       0.479427       
226         0.823603       0.823603       
227         0.479427       0.479427       
228         0.823603       0.823603       
229         0.479427       0.479427       
230         0.823603       0.823603       
231         0.479427       0.479427       
232         0.823603       0.823603       
233         0.479427       0.479427       
234         0.823603       0.823603       
235         0.479427       0.479427       
236         0.823603       0.823603       
237         0.479427       0.479427       
238         0.823603       0.823603       
239         0.479427       0.479427       
240         0.823603       0.823603       
241         0.479427       0.479427       
242         0.823603       0.823603       
243         0.479427       0.479427       
244         0.823603       0.823603       
245         0.479427       0.479427       
246         0.823603       0.823603       
247         0.479427       0.479427       
248         0.823603       0.823603       
249         0.479427       0.479427       
250         0.823603       0.823603       
251         0.479427       0.479427       
252         0.823603       0.823603       
253         0.479427       0.479427       
254         0.823603       0.823603       
255         0.479427       0.479427       
256         0.823603       0.823603       
257         0.479427       0.479427       
258         0.823603       0.823603       
259         0.479427       0.479427       
260         0.823603       0.823603       
261         0.479427       0.479427       
262         0.823603       0.823603       
263         0.479427       0.479427       
264         0.823603       0.823603       
265         0.479427       0.479427       
266         0.823603       0.823603       
267         0.479427       0.479427       
268         0.823603       0.823603       
269         0.479427       0.479427       
270         0.823603       0.823603       
271         0.479427       0.479427       
272         0.823603       0.823603       
273         0.479427       0.479427       
274         0.823603       0.823603       
275         0.479427       0.479427       
276         0.823603       0.823603       
277         0.479427       0.479427       
278         0.823603       0.823603       
279         0.479427       0.479427       
280         0.823603       0.823603       
281         0.479427       0.479427       
282         0.823603       0.823603       
283         0.479427       0.479427       
284         0.823603       0.823603       
285         0.479427       0.479427       
286         0.823603       0.823603       
287         0.479427       0.479427       
288         0.823603       0.823603       
289         0.479427       0.479427       
290         0.823603       0.823603       
291         0.479427       0.479427       
292         0.823603       0.823603       
293         0.479427       0.479427       
294         0.823603       0.823603       
295         0.479427       0.479427       
296         0.823603       0.823603       
297         0.479427       0.479427       
298         0.823603       0.823603       
299         0.479427       0.479427       
300         0.823603       0.823603       
301         0.479427       0.479427       
302         0.823603       0.823603       
303         0.479427       0.479427       
304         0.823603       0.823603       
305         0.479427       0.479427       
306         0.823603       0.823603       
307         0.479427       0.479427       
308         0.823603       0.823603       
309         0.479427       0.479427       
310         0.823603       0.823603       
311         0.479427       0.479427       
312         0.823603       0.823603       
313         0.479427       0.479427       
314         0.823603       0.823603       
315         0.479427       0.479427       
316         0.823603       0.823603       
317         0.479427       0.479427       
318         0.823603       0.823603       
319         0.479427       0.479427       
320         0.823603       0.823603       
321         0.479427       0.479427       
322         0.823603       0.823603       
323         0.479427       0.479427       
324         0.823603       0.823603       
325         0.479427       0.479427       
326         0.823603       0.823603       
327         0.479427       0.479427       
328         0.823603       0.823603       
329         0.479427       0.479427       
330         0.823603       0.823603       
331         0.479427       0.479427       
332         0.823603       0.823603       
333         0.479427       0.479427       
334         0.823603       0.823603       
335         0.479427       0.479427       
336         0.823603       0.823603       
337         0.479427       0.479427       
338         0.823603       0.823603       
339         0.479427       0.479427       
340         0.823603       0.823603       
341         0.479427       0.479427       
342         0.823603       0.823603       
343         0.479427       0.479427       
344         0.823603       0.823603       
345         0.479427       0.479427       
346         0.823603       0.823603       
347         0.479427       0.479427       
348         0.823603       0.823603       
349         0.479427       0.479427       
350         0.823603       0.823603       
351         0.479427       0.479427       
352         0.823603       0.823603       
353         0.479427       0.479427       
354         0.823603       0.823603       
355         0.479427       0.479427       
356         0.823603       0.823603       
357         0.479427       0.479427       
358         0.823603       0.823603       
359         0.479427       0.479427       
360         0.823603       0.823603       
361         0.479427       0.479427       
362         0.823603       0.823603       
363         0.479427       0.479427       
364         0.823603       0.823603       
365         0.479427       0.479427       
366         0.823603       0.823603       
367         0.479427       0.479427       
368         0.823603       0.823603       
369         0.479427       0.479427       
370         0.823603       0.823603       
371         0.479427       0.479427       
372         0.823603       0.823603       
373         0.479427       0.479427       
374         0.823603       0.823603       
375         0.479427       0.479427       
376         0.823603       0.823603       
377         0.479427       0.479427       
378         0.823603       0.823603       
379         0.479427       0.479427       
380         0.823603       0.823603       
381         0.479427       0.479427       
382         0.823603       0.823603       
383         0.479427       0.479427       
384         0.823603       0.823603       
385         0.479427       0.479427       
386         0.823603       0.823603       
387         0.479427       0.479427       
388         0.823603       0.823603       
389         0.479427       0.479427       
390         0.823603       0.823603       
391         0.479427       0.479427       
392         0.823603       0.823603       
393         0.479427       0.479427       
394         0.823603       0.823603       
395         0.479427       0.479427       
396         0.823603       0.823603       
397         0.479427       0.479427       
398         0.823603       0.823603       
399         0.479427       0.479427       
400         0.823603       0.823603       
401         0.479427       0.479427       
402         0.823603       0.823603       
403         0.479427       0.479427       
404         0.823603       0.823603       
405         0.479427       0.479427       
406         0.823603       0.823603       
407         0.479427       0.479427       
408         0.823603       0.823603       
409         0.479427       0.479427       
410         0.823603       0.823603       
411         0.479427       0.479427       
412         0.823603       0.823603       
413         0.479427       0.479427       
414         0.823603       0.823603       
415         0.479427       0.479427       
416         0.823603       0.823603       
417         0.479427       0.479427       
418         0.823603       0.823603       
419         0.479427       0.479427       
420         0.823603       0.823603       
421         0.479427       0.479427       
422         0.823603       0.823603       
423         0.479427       0.479427       
424         0.823603       0.823603       
425         0.479427       0.479427       
426         0.823603       0.823603       
427         0.479427       0.479427       
428         0.823603       0.823603       
429         0.479427       0.479427       
430         0.823603       0.823603       
431         0.479427       0.479427       
432         0.823603       0.823603       
433         0.479427       0.479427       
434         0.823603       0.823603       
435         0.479427       0.479427       
436         0.823603       0.823603       
437         0.479427       0.479427       
438         0.823603       0.823603       
439         0.479427       0.479427       
440         0.823603       0.823603       
441         0.479427       0.479427       
442         0.823603       0.823603       
443         0.479427       0.479427       
444         0.823603       0.823603       
445         0.479427       0.479427       
446         0.823603       0.823603       
447         0.479427       0.479427       
448         0.823603       0.823603       
449         0.479427       0.479427       
450         0.823603       0.823603       
451         0.479427       0.479427       
452         0.823603       0.823603       
453         0.479427       0.479427       
454         0.823603       0.823603       
455         0.479427       0.479427       
456         0.823603       0.823603       
457         0.479427       0.479427       
458         0.823603       0.823603       
459         0.479427       0.479427       
460         0.823603       0.823603       
461         0.479427       0.479427       
462         0.823603       0.823603       
463         0.479427       0.479427       
464         0.823603       0.823603       
465         0.479427       0.479427       
466         0.823603       0.823603       
467         0.479427       0.479427       
468         0.823603       0.823603       
469         0.479427       0.479427       
470         0.823603       0.823603       
471         0.479427       0.479427       
472         0.823603       0.823603       
473         0.479427       0.479427       
474         0.823603       0.823603       
475         0.479427       0.479427       
476         0.823603       0.823603       
477         0.479427       0.479427       
478         0.823603       0.823603       
479         0.479427       0.479427       
480         0.823603       0.823603       
481         0.479427       0.479427       
482         0.823603       0.823603       
483         0.479427       0.479427       
484         0.823603       0.823603       
485         0.479427       0.479427       
486         0.823603       0.823603       
487         0.479427       0.479427       
488         0.823603       0.823603       
489         0.479427       0.479427       
490         0.823603       0.823603       
491         0.479427       0.479427       
492         0.823603       0.823603       
493         0.479427       0.479427       
494         0.823603       0.823603       
495         0.479427       0.479427       
496         0.823603       0.823603       
497         0.479427       0.479427       
498         0.823603       0.823603       
499         0.479427       0.479427       
