# lambda = 3.2
#===============================================
0           0.7            0.7007         
1           0.672          0.671102       
2           0.705331       0.706317       
3           0.665085       0.663787       
4           0.71279        0.714156       
5           0.655105       0.653239       
6           0.723016       0.724857       
7           0.640845       0.638206       
8           0.736521       0.738878       
9           0.620986       0.6174         
10          0.75316        0.755895       
11          0.594912       0.590457       
12          0.771173       0.773816       
13          0.564688       0.560079       
14          0.78661        0.78845        
15          0.537136       0.53375        
16          0.795587       0.796355       
17          0.520411       0.518956       
18          0.798667       0.79885        
19          0.514554       0.514203       
20          0.799322       0.799354       
21          0.5133         0.513238       
22          0.799434       0.799439       
23          0.513086       0.513076       
24          0.799452       0.799453       
25          0.513051       0.51305        
26          0.799455       0.799455       
27          0.513046       0.513045       
28          0.799455       0.799455       
29          0.513045       0.513045       
30          0.799455       0.799455       
31          0.513045       0.513045       
32          0.799455       0.799455       
33          0.513045       0.513045       
34          0.799455       0.799455       
35          0.513045       0.513045       
36          0.799455       0.799455       
37          0.513045       0.513045       
38          0.799455       0.799455       
39          0.513045       0.513045       
40          0.799455       0.799455       
41          0.513045       0.513045       
42          0.799455       0.799455       
43          0.513045       0.513045       
44          0.799455       0.799455       
45          0.513045       0.513045       
46          0.799455       0.799455       
47          0.513045       0.513045       
48          0.799455       0.799455       
49          0.513045       0.513045       
50          0.799455       0.799455       
51          0.513045       0.513045       
52          0.799455       0.799455       
53          0.513045       0.513045       
54          0.799455       0.799455       
55          0.513045       0.513045       
56          0.799455       0.799455       
57          0.513045       0.513045       
58          0.799455       0.799455       
59          0.513045       0.513045       
60          0.799455       0.799455       
61          0.513045       0.513045       
62          0.799455       0.799455       
63          0.513045       0.513045       
64          0.799455       0.799455       
65          0.513045       0.513045       
66          0.799455       0.799455       
67          0.513045       0.513045       
68          0.799455       0.799455       
69          0.513045       0.513045       
70          0.799455       0.799455       
71          0.513045       0.513045       
72          0.799455       0.799455       
73          0.513045       0.513045       
74          0.799455       0.799455       
75          0.513045       0.513045       
76          0.799455       0.799455       
77          0.513045       0.513045       
78          0.799455       0.799455       
79          0.513045       0.513045       
80          0.799455       0.799455       
81          0.513045       0.513045       
82          0.799455       0.799455       
83          0.513045       0.513045       
84          0.799455       0.799455       
85          0.513045       0.513045       
86          0.799455       0.799455       
87          0.513045       0.513045       
88          0.799455       0.799455       
89          0.513045       0.513045       
90          0.799455       0.799455       
91          0.513045       0.513045       
92          0.799455       0.799455       
93          0.513045       0.513045       
94          0.799455       0.799455       
95          0.513045       0.513045       
96          0.799455       0.799455       
97          0.513045       0.513045       
98          0.799455       0.799455       
99          0.513045       0.513045       
100         0.799455       0.799455       
101         0.513045       0.513045       
102         0.799455       0.799455       
103         0.513045       0.513045       
104         0.799455       0.799455       
105         0.513045       0.513045       
106         0.799455       0.799455       
107         0.513045       0.513045       
108         0.799455       0.799455       
109         0.513045       0.513045       
110         0.799455       0.799455       
111         0.513045       0.513045       
112         0.799455       0.799455       
113         0.513045       0.513045       
114         0.799455       0.799455       
115         0.513045       0.513045       
116         0.799455       0.799455       
117         0.513045       0.513045       
118         0.799455       0.799455       
119         0.513045       0.513045       
120         0.799455       0.799455       
121         0.513045       0.513045       
122         0.799455       0.799455       
123         0.513045       0.513045       
124         0.799455       0.799455       
125         0.513045       0.513045       
126         0.799455       0.799455       
127         0.513045       0.513045       
128         0.799455       0.799455       
129         0.513045       0.513045       
130         0.799455       0.799455       
131         0.513045       0.513045       
132         0.799455       0.799455       
133         0.513045       0.513045       
134         0.799455       0.799455       
135         0.513045       0.513045       
136         0.799455       0.799455       
137         0.513045       0.513045       
138         0.799455       0.799455       
139         0.513045       0.513045       
140         0.799455       0.799455       
141         0.513045       0.513045       
142         0.799455       0.799455       
143         0.513045       0.513045       
144         0.799455       0.799455       
145         0.513045       0.513045       
146         0.799455       0.799455       
147         0.513045       0.513045       
148         0.799455       0.799455       
149         0.513045       0.513045       
150         0.799455       0.799455       
151         0.513045       0.513045       
152         0.799455       0.799455       
153         0.513045       0.513045       
154         0.799455       0.799455       
155         0.513045       0.513045       
156         0.799455       0.799455       
157         0.513045       0.513045       
158         0.799455       0.799455       
159         0.513045       0.513045       
160         0.799455       0.799455       
161         0.513045       0.513045       
162         0.799455       0.799455       
163         0.513045       0.513045       
164         0.799455       0.799455       
165         0.513045       0.513045       
166         0.799455       0.799455       
167         0.513045       0.513045       
168         0.799455       0.799455       
169         0.513045       0.513045       
170         0.799455       0.799455       
171         0.513045       0.513045       
172         0.799455       0.799455       
173         0.513045       0.513045       
174         0.799455       0.799455       
175         0.513045       0.513045       
176         0.799455       0.799455       
177         0.513045       0.513045       
178         0.799455       0.799455       
179         0.513045       0.513045       
180         0.799455       0.799455       
181         0.513045       0.513045       
182         0.799455       0.799455       
183         0.513045       0.513045       
184         0.799455       0.799455       
185         0.513045       0.513045       
186         0.799455       0.799455       
187         0.513045       0.513045       
188         0.799455       0.799455       
189         0.513045       0.513045       
190         0.799455       0.799455       
191         0.513045       0.513045       
192         0.799455       0.799455       
193         0.513045       0.513045       
194         0.799455       0.799455       
195         0.513045       0.513045       
196         0.799455       0.799455       
197         0.513045       0.513045       
198         0.799455       0.799455       
199         0.513045       0.513045       
200         0.799455       0.799455       
201         0.513045       0.513045       
202         0.799455       0.799455       
203         0.513045       0.513045       
204         0.799455       0.799455       
205         0.513045       0.513045       
206         0.799455       0.799455       
207         0.513045       0.513045       
208         0.799455       0.799455       
209         0.513045       0.513045       
210         0.799455       0.799455       
211         0.513045       0.513045       
212         0.799455       0.799455       
213         0.513045       0.513045       
214         0.799455       0.799455       
215         0.513045       0.513045       
216         0.799455       0.799455       
217         0.513045       0.513045       
218         0.799455       0.799455       
219         0.513045       0.513045       
220         0.799455       0.799455       
221         0.513045       0.513045       
222         0.799455       0.799455       
223         0.513045       0.513045       
224         0.799455       0.799455       
225         0.513045       0.513045       
226         0.799455       0.799455       
227         0.513045       0.513045       
228         0.799455       0.799455       
229         0.513045       0.513045       
230         0.799455       0.799455       
231         0.513045       0.513045       
232         0.799455       0.799455       
233         0.513045       0.513045       
234         0.799455       0.799455       
235         0.513045       0.513045       
236         0.799455       0.799455       
237         0.513045       0.513045       
238         0.799455       0.799455       
239         0.513045       0.513045       
240         0.799455       0.799455       
241         0.513045       0.513045       
242         0.799455       0.799455       
243         0.513045       0.513045       
244         0.799455       0.799455       
245         0.513045       0.513045       
246         0.799455       0.799455       
247         0.513045       0.513045       
248         0.799455       0.799455       
249         0.513045       0.513045       
250         0.799455       0.799455       
251         0.513045       0.513045       
252         0.799455       0.799455       
253         0.513045       0.513045       
254         0.799455       0.799455       
255         0.513045       0.513045       
256         0.799455       0.799455       
257         0.513045       0.513045       
258         0.799455       0.799455       
259         0.513045       0.513045       
260         0.799455       0.799455       
261         0.513045       0.513045       
262         0.799455       0.799455       
263         0.513045       0.513045       
264         0.799455       0.799455       
265         0.513045       0.513045       
266         0.799455       0.799455       
267         0.513045       0.513045       
268         0.799455       0.799455       
269         0.513045       0.513045       
270         0.799455       0.799455       
271         0.513045       0.513045       
272         0.799455       0.799455       
273         0.513045       0.513045       
274         0.799455       0.799455       
275         0.513045       0.513045       
276         0.799455       0.799455       
277         0.513045       0.513045       
278         0.799455       0.799455       
279         0.513045       0.513045       
280         0.799455       0.799455       
281         0.513045       0.513045       
282         0.799455       0.799455       
283         0.513045       0.513045       
284         0.799455       0.799455       
285         0.513045       0.513045       
286         0.799455       0.799455       
287         0.513045       0.513045       
288         0.799455       0.799455       
289         0.513045       0.513045       
290         0.799455       0.799455       
291         0.513045       0.513045       
292         0.799455       0.799455       
293         0.513045       0.513045       
294         0.799455       0.799455       
295         0.513045       0.513045       
296         0.799455       0.799455       
297         0.513045       0.513045       
298         0.799455       0.799455       
299         0.513045       0.513045       
300         0.799455       0.799455       
301         0.513045       0.513045       
302         0.799455       0.799455       
303         0.513045       0.513045       
304         0.799455       0.799455       
305         0.513045       0.513045       
306         0.799455       0.799455       
307         0.513045       0.513045       
308         0.799455       0.799455       
309         0.513045       0.513045       
310         0.799455       0.799455       
311         0.513045       0.513045       
312         0.799455       0.799455       
313         0.513045       0.513045       
314         0.799455       0.799455       
315         0.513045       0.513045       
316         0.799455       0.799455       
317         0.513045       0.513045       
318         0.799455       0.799455       
319         0.513045       0.513045       
320         0.799455       0.799455       
321         0.513045       0.513045       
322         0.799455       0.799455       
323         0.513045       0.513045       
324         0.799455       0.799455       
325         0.513045       0.513045       
326         0.799455       0.799455       
327         0.513045       0.513045       
328         0.799455       0.799455       
329         0.513045       0.513045       
330         0.799455       0.799455       
331         0.513045       0.513045       
332         0.799455       0.799455       
333         0.513045       0.513045       
334         0.799455       0.799455       
335         0.513045       0.513045       
336         0.799455       0.799455       
337         0.513045       0.513045       
338         0.799455       0.799455       
339         0.513045       0.513045       
340         0.799455       0.799455       
341         0.513045       0.513045       
342         0.799455       0.799455       
343         0.513045       0.513045       
344         0.799455       0.799455       
345         0.513045       0.513045       
346         0.799455       0.799455       
347         0.513045       0.513045       
348         0.799455       0.799455       
349         0.513045       0.513045       
350         0.799455       0.799455       
351         0.513045       0.513045       
352         0.799455       0.799455       
353         0.513045       0.513045       
354         0.799455       0.799455       
355         0.513045       0.513045       
356         0.799455       0.799455       
357         0.513045       0.513045       
358         0.799455       0.799455       
359         0.513045       0.513045       
360         0.799455       0.799455       
361         0.513045       0.513045       
362         0.799455       0.799455       
363         0.513045       0.513045       
364         0.799455       0.799455       
365         0.513045       0.513045       
366         0.799455       0.799455       
367         0.513045       0.513045       
368         0.799455       0.799455       
369         0.513045       0.513045       
370         0.799455       0.799455       
371         0.513045       0.513045       
372         0.799455       0.799455       
373         0.513045       0.513045       
374         0.799455       0.799455       
375         0.513045       0.513045       
376         0.799455       0.799455       
377         0.513045       0.513045       
378         0.799455       0.799455       
379         0.513045       0.513045       
380         0.799455       0.799455       
381         0.513045       0.513045       
382         0.799455       0.799455       
383         0.513045       0.513045       
384         0.799455       0.799455       
385         0.513045       0.513045       
386         0.799455       0.799455       
387         0.513045       0.513045       
388         0.799455       0.799455       
389         0.513045       0.513045       
390         0.799455       0.799455       
391         0.513045       0.513045       
392         0.799455       0.799455       
393         0.513045       0.513045       
394         0.799455       0.799455       
395         0.513045       0.513045       
396         0.799455       0.799455       
397         0.513045       0.513045       
398         0.799455       0.799455       
399         0.513045       0.513045       
400         0.799455       0.799455       
401         0.513045       0.513045       
402         0.799455       0.799455       
403         0.513045       0.513045       
404         0.799455       0.799455       
405         0.513045       0.513045       
406         0.799455       0.799455       
407         0.513045       0.513045       
408         0.799455       0.799455       
409         0.513045       0.513045       
410         0.799455       0.799455       
411         0.513045       0.513045       
412         0.799455       0.799455       
413         0.513045       0.513045       
414         0.799455       0.799455       
415         0.513045       0.513045       
416         0.799455       0.799455       
417         0.513045       0.513045       
418         0.799455       0.799455       
419         0.513045       0.513045       
420         0.799455       0.799455       
421         0.513045       0.513045       
422         0.799455       0.799455       
423         0.513045       0.513045       
424         0.799455       0.799455       
425         0.513045       0.513045       
426         0.799455       0.799455       
427         0.513045       0.513045       
428         0.799455       0.799455       
429         0.513045       0.513045       
430         0.799455       0.799455       
431         0.513045       0.513045       
432         0.799455       0.799455       
433         0.513045       0.513045       
434         0.799455       0.799455       
435         0.513045       0.513045       
436         0.799455       0.799455       
437         0.513045       0.513045       
438         0.799455       0.799455       
439         0.513045       0.513045       
440         0.799455       0.799455       
441         0.513045       0.513045       
442         0.799455       0.799455       
443         0.513045       0.513045       
444         0.799455       0.799455       
445         0.513045       0.513045       
446         0.799455       0.799455       
447         0.513045       0.513045       
448         0.799455       0.799455       
449         0.513045       0.513045       
450         0.799455       0.799455       
451         0.513045       0.513045       
452         0.799455       0.799455       
453         0.513045       0.513045       
454         0.799455       0.799455       
455         0.513045       0.513045       
456         0.799455       0.799455       
457         0.513045       0.513045       
458         0.799455       0.799455       
459         0.513045       0.513045       
460         0.799455       0.799455       
461         0.513045       0.513045       
462         0.799455       0.799455       
463         0.513045       0.513045       
464         0.799455       0.799455       
465         0.513045       0.513045       
466         0.799455       0.799455       
467         0.513045       0.513045       
468         0.799455       0.799455       
469         0.513045       0.513045       
470         0.799455       0.799455       
471         0.513045       0.513045       
472         0.799455       0.799455       
473         0.513045       0.513045       
474         0.799455       0.799455       
475         0.513045       0.513045       
476         0.799455       0.799455       
477         0.513045       0.513045       
478         0.799455       0.799455       
479         0.513045       0.513045       
480         0.799455       0.799455       
481         0.513045       0.513045       
482         0.799455       0.799455       
483         0.513045       0.513045       
484         0.799455       0.799455       
485         0.513045       0.513045       
486         0.799455       0.799455       
487         0.513045       0.513045       
488         0.799455       0.799455       
489         0.513045       0.513045       
490         0.799455       0.799455       
491         0.513045       0.513045       
492         0.799455       0.799455       
493         0.513045       0.513045       
494         0.799455       0.799455       
495         0.513045       0.513045       
496         0.799455       0.799455       
497         0.513045       0.513045       
498         0.799455       0.799455       
499         0.513045       0.513045       
