# lambda = 1
#===============================================
0           0.7            0.7007         
1           0.21           0.20972        
2           0.1659         0.165737       
3           0.138377       0.138268       
4           0.119229       0.11915        
5           0.105013       0.104953       
6           0.0939856      0.0939382      
7           0.0851523      0.0851138      
8           0.0779014      0.0778695      
9           0.0718328      0.0718058      
10          0.0666728      0.0666497      
11          0.0622275      0.0622076      
12          0.0583553      0.0583378      
13          0.0549499      0.0549345      
14          0.0519304      0.0519167      
15          0.0492337      0.0492213      
16          0.0468097      0.0467986      
17          0.0446186      0.0446085      
18          0.0426278      0.0426186      
19          0.0408106      0.0408022      
20          0.0391451      0.0391374      
21          0.0376128      0.0376057      
22          0.0361981      0.0361915      
23          0.0348878      0.0348817      
24          0.0336706      0.0336649      
25          0.0325369      0.0325316      
26          0.0314782      0.0314733      
27          0.0304874      0.0304827      
28          0.0295579      0.0295535      
29          0.0286842      0.0286801      
30          0.0278614      0.0278576      
31          0.0270852      0.0270815      
32          0.0263516      0.0263481      
33          0.0256572      0.0256539      
34          0.0249989      0.0249958      
35          0.0243739      0.024371       
36          0.0237798      0.023777       
37          0.0232144      0.0232117      
38          0.0226755      0.0226729      
39          0.0221613      0.0221588      
40          0.0216702      0.0216678      
41          0.0212006      0.0211983      
42          0.0207511      0.020749       
43          0.0203205      0.0203185      
44          0.0199076      0.0199056      
45          0.0195113      0.0195094      
46          0.0191306      0.0191288      
47          0.0187646      0.0187629      
48          0.0184125      0.0184108      
49          0.0180735      0.0180718      
50          0.0177468      0.0177453      
51          0.0174319      0.0174304      
52          0.017128       0.0171265      
53          0.0168346      0.0168332      
54          0.0165512      0.0165499      
55          0.0162773      0.016276       
56          0.0160123      0.0160111      
57          0.0157559      0.0157547      
58          0.0155077      0.0155065      
59          0.0152672      0.015266       
60          0.0150341      0.015033       
61          0.0148081      0.014807       
62          0.0145888      0.0145878      
63          0.014376       0.014375       
64          0.0141693      0.0141683      
65          0.0139685      0.0139676      
66          0.0137734      0.0137725      
67          0.0135837      0.0135828      
68          0.0133992      0.0133983      
69          0.0132196      0.0132188      
70          0.0130449      0.0130441      
71          0.0128747      0.0128739      
72          0.012709       0.0127082      
73          0.0125474      0.0125467      
74          0.01239        0.0123893      
75          0.0122365      0.0122358      
76          0.0120868      0.012086       
77          0.0119407      0.01194        
78          0.0117981      0.0117974      
79          0.0116589      0.0116582      
80          0.011523       0.0115223      
81          0.0113902      0.0113896      
82          0.0112605      0.0112598      
83          0.0111337      0.011133       
84          0.0110097      0.0110091      
85          0.0108885      0.0108879      
86          0.0107699      0.0107694      
87          0.0106539      0.0106534      
88          0.0105404      0.0105399      
89          0.0104293      0.0104288      
90          0.0103206      0.01032        
91          0.010214       0.0102135      
92          0.0101097      0.0101092      
93          0.0100075      0.010007       
94          0.00990736     0.00990688     
95          0.0098092      0.00980873     
96          0.00971298     0.00971252     
97          0.00961864     0.00961819     
98          0.00952612     0.00952568     
99          0.00943537     0.00943494     
