# lambda = 3
#===============================================
0           0.7            0.7007         
1           0.63           0.629159       
2           0.6993         0.699954       
3           0.630839       0.630055       
4           0.698644       0.699257       
5           0.631622       0.63089        
6           0.698027       0.698604       
7           0.632356       0.63167        
8           0.697446       0.697989       
9           0.633046       0.632401       
10          0.696897       0.69741        
11          0.633695       0.633088       
12          0.696377       0.696863       
13          0.634308       0.633735       
14          0.695884       0.696345       
15          0.634889       0.634346       
16          0.695415       0.695853       
17          0.635439       0.634924       
18          0.694969       0.695386       
19          0.635961       0.635473       
20          0.694544       0.694941       
21          0.636458       0.635993       
22          0.694137       0.694517       
23          0.636932       0.636489       
24          0.693749       0.694112       
25          0.637384       0.636961       
26          0.693377       0.693725       
27          0.637816       0.637412       
28          0.69302        0.693354       
29          0.63823        0.637843       
30          0.692678       0.692998       
31          0.638626       0.638255       
32          0.692348       0.692656       
33          0.639006       0.638651       
34          0.692032       0.692328       
35          0.639371       0.63903        
36          0.691727       0.692012       
37          0.639722       0.639394       
38          0.691433       0.691708       
39          0.64006        0.639744       
40          0.691149       0.691415       
41          0.640386       0.640081       
42          0.690876       0.691132       
43          0.6407         0.640406       
44          0.690611       0.690858       
45          0.641003       0.640719       
46          0.690355       0.690594       
47          0.641295       0.641021       
48          0.690107       0.690339       
49          0.641578       0.641313       
50          0.689867       0.690092       
51          0.641851       0.641595       
52          0.689635       0.689852       
53          0.642116       0.641868       
54          0.689409       0.68962        
55          0.642373       0.642133       
56          0.68919        0.689395       
57          0.642621       0.642389       
58          0.688977       0.689176       
59          0.642863       0.642637       
60          0.688771       0.688964       
61          0.643097       0.642878       
62          0.68857        0.688758       
63          0.643324       0.643111       
64          0.688375       0.688557       
65          0.643545       0.643338       
66          0.688184       0.688362       
67          0.64376        0.643559       
68          0.687999       0.688173       
69          0.643969       0.643773       
70          0.687819       0.687988       
71          0.644172       0.643982       
72          0.687643       0.687808       
73          0.64437        0.644185       
74          0.687472       0.687632       
75          0.644563       0.644382       
76          0.687305       0.687461       
77          0.644751       0.644575       
78          0.687142       0.687294       
79          0.644934       0.644763       
80          0.686982       0.687131       
81          0.645113       0.644946       
82          0.686827       0.686972       
83          0.645287       0.645124       
84          0.686675       0.686817       
85          0.645458       0.645298       
86          0.686526       0.686665       
87          0.645624       0.645468       
88          0.686381       0.686517       
89          0.645786       0.645634       
90          0.686239       0.686372       
91          0.645945       0.645796       
92          0.6861         0.68623        
93          0.6461         0.645955       
94          0.685964       0.686092       
95          0.646252       0.64611        
96          0.685831       0.685956       
97          0.6464         0.646261       
98          0.685701       0.685823       
99          0.646546       0.64641        
100         0.685573       0.685693       
101         0.646688       0.646555       
102         0.685448       0.685565       
103         0.646827       0.646697       
104         0.685325       0.68544        
105         0.646963       0.646836       
106         0.685205       0.685318       
107         0.647097       0.646972       
108         0.685087       0.685198       
109         0.647228       0.647105       
110         0.684972       0.68508        
111         0.647356       0.647236       
112         0.684858       0.684965       
113         0.647482       0.647364       
114         0.684747       0.684851       
115         0.647606       0.64749        
116         0.684638       0.68474        
117         0.647727       0.647613       
118         0.68453        0.684631       
119         0.647846       0.647734       
120         0.684425       0.684524       
121         0.647962       0.647853       
122         0.684322       0.684418       
123         0.648077       0.647969       
124         0.68422        0.684315       
125         0.648189       0.648084       
126         0.68412        0.684214       
127         0.648299       0.648196       
128         0.684022       0.684114       
129         0.648408       0.648306       
130         0.683925       0.684016       
131         0.648515       0.648415       
132         0.68383        0.683919       
133         0.648619       0.648521       
134         0.683737       0.683824       
135         0.648722       0.648626       
136         0.683645       0.683731       
137         0.648823       0.648729       
138         0.683555       0.683639       
139         0.648923       0.64883        
140         0.683466       0.683549       
141         0.649021       0.648929       
142         0.683378       0.68346        
143         0.649117       0.649027       
144         0.683292       0.683373       
145         0.649212       0.649123       
146         0.683208       0.683287       
147         0.649305       0.649218       
148         0.683124       0.683202       
149         0.649397       0.649311       
150         0.683042       0.683119       
151         0.649487       0.649403       
152         0.682961       0.683037       
153         0.649576       0.649493       
154         0.682881       0.682956       
155         0.649664       0.649582       
156         0.682802       0.682876       
157         0.64975        0.649669       
158         0.682725       0.682798       
159         0.649835       0.649755       
160         0.682649       0.68272        
161         0.649918       0.64984        
162         0.682573       0.682644       
163         0.650001       0.649924       
164         0.682499       0.682569       
165         0.650082       0.650006       
166         0.682426       0.682495       
167         0.650162       0.650087       
168         0.682354       0.682422       
169         0.650241       0.650167       
170         0.682283       0.682349       
171         0.650319       0.650246       
172         0.682213       0.682278       
173         0.650396       0.650324       
174         0.682144       0.682208       
175         0.650471       0.6504         
176         0.682075       0.682139       
177         0.650546       0.650476       
178         0.682008       0.682071       
179         0.650619       0.650551       
180         0.681941       0.682004       
181         0.650692       0.650624       
182         0.681876       0.681937       
183         0.650764       0.650697       
184         0.681811       0.681872       
185         0.650834       0.650768       
186         0.681747       0.681807       
187         0.650904       0.650839       
188         0.681684       0.681743       
189         0.650973       0.650908       
190         0.681622       0.68168        
191         0.651041       0.650977       
192         0.68156        0.681618       
193         0.651108       0.651045       
194         0.681499       0.681556       
195         0.651174       0.651112       
196         0.681439       0.681495       
197         0.651239       0.651178       
198         0.68138        0.681435       
199         0.651304       0.651244       
200         0.681321       0.681376       
201         0.651368       0.651308       
202         0.681263       0.681318       
203         0.651431       0.651372       
204         0.681206       0.68126        
205         0.651493       0.651435       
206         0.68115        0.681203       
207         0.651554       0.651497       
208         0.681094       0.681146       
209         0.651615       0.651558       
210         0.681039       0.68109        
211         0.651675       0.651619       
212         0.680984       0.681035       
213         0.651734       0.651679       
214         0.68093        0.680981       
215         0.651793       0.651738       
216         0.680877       0.680927       
217         0.651851       0.651797       
218         0.680824       0.680873       
219         0.651908       0.651855       
220         0.680772       0.680821       
221         0.651965       0.651912       
222         0.68072        0.680768       
223         0.652021       0.651968       
224         0.680669       0.680717       
225         0.652076       0.652024       
226         0.680619       0.680666       
227         0.652131       0.652079       
228         0.680569       0.680616       
229         0.652185       0.652134       
230         0.680519       0.680566       
231         0.652238       0.652188       
232         0.680471       0.680516       
233         0.652291       0.652242       
234         0.680422       0.680468       
235         0.652343       0.652294       
236         0.680374       0.680419       
237         0.652395       0.652347       
238         0.680327       0.680371       
239         0.652446       0.652398       
240         0.68028        0.680324       
241         0.652497       0.65245        
242         0.680234       0.680277       
243         0.652547       0.6525         
244         0.680188       0.680231       
245         0.652597       0.65255        
246         0.680143       0.680185       
247         0.652646       0.6526         
248         0.680098       0.68014        
249         0.652694       0.652649       
250         0.680053       0.680095       
251         0.652742       0.652697       
252         0.680009       0.68005        
253         0.65279        0.652745       
254         0.679966       0.680006       
255         0.652837       0.652793       
256         0.679922       0.679963       
257         0.652884       0.65284        
258         0.67988        0.67992        
259         0.65293        0.652887       
260         0.679837       0.679877       
261         0.652976       0.652933       
262         0.679795       0.679835       
263         0.653021       0.652978       
264         0.679754       0.679793       
265         0.653066       0.653024       
266         0.679713       0.679751       
267         0.65311        0.653068       
268         0.679672       0.67971        
269         0.653154       0.653113       
270         0.679632       0.679669       
271         0.653197       0.653157       
272         0.679592       0.679629       
273         0.653241       0.6532         
274         0.679552       0.679589       
275         0.653283       0.653243       
276         0.679513       0.679549       
277         0.653326       0.653286       
278         0.679474       0.67951        
279         0.653367       0.653328       
280         0.679435       0.679471       
281         0.653409       0.65337        
282         0.679397       0.679433       
283         0.65345        0.653412       
284         0.679359       0.679395       
285         0.653491       0.653453       
286         0.679322       0.679357       
287         0.653531       0.653493       
288         0.679285       0.679319       
289         0.653571       0.653534       
290         0.679248       0.679282       
291         0.653611       0.653574       
292         0.679211       0.679245       
293         0.65365        0.653613       
294         0.679175       0.679209       
295         0.653689       0.653652       
296         0.679139       0.679173       
297         0.653728       0.653691       
298         0.679104       0.679137       
299         0.653766       0.65373        
300         0.679068       0.679101       
301         0.653804       0.653768       
302         0.679033       0.679066       
303         0.653841       0.653806       
304         0.678999       0.679031       
305         0.653878       0.653844       
306         0.678964       0.678996       
307         0.653915       0.653881       
308         0.67893        0.678962       
309         0.653952       0.653918       
310         0.678896       0.678928       
311         0.653988       0.653954       
312         0.678863       0.678894       
313         0.654024       0.653991       
314         0.67883        0.678861       
315         0.65406        0.654027       
316         0.678797       0.678827       
317         0.654095       0.654062       
318         0.678764       0.678795       
319         0.65413        0.654098       
320         0.678731       0.678762       
321         0.654165       0.654133       
322         0.678699       0.678729       
323         0.6542         0.654167       
324         0.678667       0.678697       
325         0.654234       0.654202       
326         0.678636       0.678665       
327         0.654268       0.654236       
328         0.678604       0.678634       
329         0.654302       0.65427        
330         0.678573       0.678602       
331         0.654335       0.654304       
332         0.678542       0.678571       
333         0.654368       0.654337       
334         0.678511       0.67854        
335         0.654401       0.65437        
336         0.678481       0.67851        
337         0.654434       0.654403       
338         0.678451       0.678479       
339         0.654466       0.654436       
340         0.678421       0.678449       
341         0.654498       0.654468       
342         0.678391       0.678419       
343         0.65453        0.6545         
344         0.678362       0.678389       
345         0.654561       0.654532       
346         0.678332       0.67836        
347         0.654593       0.654563       
348         0.678303       0.67833        
349         0.654624       0.654595       
350         0.678274       0.678301       
351         0.654655       0.654626       
352         0.678246       0.678273       
353         0.654685       0.654657       
354         0.678217       0.678244       
355         0.654716       0.654687       
356         0.678189       0.678215       
357         0.654746       0.654718       
358         0.678161       0.678187       
359         0.654776       0.654748       
360         0.678133       0.678159       
361         0.654806       0.654778       
362         0.678106       0.678131       
363         0.654835       0.654808       
364         0.678078       0.678104       
365         0.654864       0.654837       
366         0.678051       0.678076       
367         0.654894       0.654866       
368         0.678024       0.678049       
369         0.654922       0.654895       
370         0.677997       0.678022       
371         0.654951       0.654924       
372         0.677971       0.677995       
373         0.654979       0.654953       
374         0.677944       0.677969       
375         0.655008       0.654981       
376         0.677918       0.677942       
377         0.655036       0.655009       
378         0.677892       0.677916       
379         0.655064       0.655037       
380         0.677866       0.67789        
381         0.655091       0.655065       
382         0.67784        0.677864       
383         0.655119       0.655093       
384         0.677815       0.677839       
385         0.655146       0.65512        
386         0.677789       0.677813       
387         0.655173       0.655148       
388         0.677764       0.677788       
389         0.6552         0.655175       
390         0.677739       0.677763       
391         0.655226       0.655201       
392         0.677714       0.677738       
393         0.655253       0.655228       
394         0.67769        0.677713       
395         0.655279       0.655255       
396         0.677665       0.677688       
397         0.655305       0.655281       
398         0.677641       0.677664       
399         0.655331       0.655307       
400         0.677617       0.677639       
401         0.655357       0.655333       
402         0.677593       0.677615       
403         0.655383       0.655359       
404         0.677569       0.677591       
405         0.655408       0.655384       
406         0.677545       0.677567       
407         0.655433       0.65541        
408         0.677521       0.677543       
409         0.655458       0.655435       
410         0.677498       0.67752        
411         0.655483       0.65546        
412         0.677475       0.677497       
413         0.655508       0.655485       
414         0.677452       0.677473       
415         0.655533       0.65551        
416         0.677429       0.67745        
417         0.655557       0.655534       
418         0.677406       0.677427       
419         0.655581       0.655559       
420         0.677383       0.677405       
421         0.655605       0.655583       
422         0.677361       0.677382       
423         0.655629       0.655607       
424         0.677338       0.677359       
425         0.655653       0.655631       
426         0.677316       0.677337       
427         0.655677       0.655655       
428         0.677294       0.677315       
429         0.6557         0.655678       
430         0.677272       0.677293       
431         0.655724       0.655702       
432         0.67725        0.677271       
433         0.655747       0.655725       
434         0.677229       0.677249       
435         0.65577        0.655748       
436         0.677207       0.677227       
437         0.655793       0.655771       
438         0.677186       0.677206       
439         0.655816       0.655794       
440         0.677164       0.677184       
441         0.655838       0.655817       
442         0.677143       0.677163       
443         0.655861       0.65584        
444         0.677122       0.677142       
445         0.655883       0.655862       
446         0.677101       0.677121       
447         0.655905       0.655885       
448         0.677081       0.6771         
449         0.655927       0.655907       
450         0.67706        0.677079       
451         0.655949       0.655929       
452         0.677039       0.677059       
453         0.655971       0.655951       
454         0.677019       0.677038       
455         0.655993       0.655973       
456         0.676999       0.677018       
457         0.656014       0.655994       
458         0.676979       0.676997       
459         0.656036       0.656016       
460         0.676959       0.676977       
461         0.656057       0.656037       
462         0.676939       0.676957       
463         0.656078       0.656058       
464         0.676919       0.676937       
465         0.656099       0.65608        
466         0.676899       0.676918       
467         0.65612        0.656101       
468         0.67688        0.676898       
469         0.656141       0.656121       
470         0.67686        0.676878       
471         0.656162       0.656142       
472         0.676841       0.676859       
473         0.656182       0.656163       
474         0.676821       0.676839       
475         0.656203       0.656183       
476         0.676802       0.67682        
477         0.656223       0.656204       
478         0.676783       0.676801       
479         0.656243       0.656224       
480         0.676764       0.676782       
481         0.656263       0.656244       
482         0.676746       0.676763       
483         0.656283       0.656264       
484         0.676727       0.676744       
485         0.656303       0.656284       
486         0.676708       0.676726       
487         0.656323       0.656304       
488         0.67669        0.676707       
489         0.656342       0.656324       
490         0.676671       0.676689       
491         0.656362       0.656343       
492         0.676653       0.67667        
493         0.656381       0.656363       
494         0.676635       0.676652       
495         0.6564         0.656382       
496         0.676617       0.676634       
497         0.65642        0.656402       
498         0.676599       0.676616       
499         0.656439       0.656421       
