# lambda = 2.8
#===============================================
0           0.7            0.7007         
1           0.588          0.587215       
2           0.678317       0.678702       
3           0.610969       0.610584       
4           0.665521       0.66576        
5           0.623288       0.623067       
6           0.65744        0.657593       
7           0.630595       0.63046        
8           0.652246       0.652344       
9           0.6351         0.635016       
10          0.648895       0.648958       
11          0.637925       0.637872       
12          0.646735       0.646776       
13          0.639713       0.639679       
14          0.645345       0.645371       
15          0.64085        0.640828       
16          0.644452       0.644469       
17          0.641574       0.641561       
18          0.643879       0.64389        
19          0.642037       0.642028       
20          0.643511       0.643518       
21          0.642332       0.642327       
22          0.643276       0.643281       
23          0.642521       0.642518       
24          0.643125       0.643128       
25          0.642642       0.64264        
26          0.643029       0.643031       
27          0.64272        0.642718       
28          0.642967       0.642968       
29          0.642769       0.642768       
30          0.642927       0.642928       
31          0.642801       0.6428         
32          0.642902       0.642903       
33          0.642821       0.642821       
34          0.642886       0.642886       
35          0.642834       0.642834       
36          0.642876       0.642876       
37          0.642842       0.642842       
38          0.642869       0.642869       
39          0.642848       0.642848       
40          0.642865       0.642865       
41          0.642851       0.642851       
42          0.642862       0.642862       
43          0.642853       0.642853       
44          0.64286        0.64286        
45          0.642855       0.642855       
46          0.642859       0.642859       
47          0.642856       0.642856       
48          0.642858       0.642858       
49          0.642856       0.642856       
50          0.642858       0.642858       
51          0.642856       0.642856       
52          0.642858       0.642858       
53          0.642857       0.642857       
54          0.642857       0.642857       
55          0.642857       0.642857       
56          0.642857       0.642857       
57          0.642857       0.642857       
58          0.642857       0.642857       
59          0.642857       0.642857       
60          0.642857       0.642857       
61          0.642857       0.642857       
62          0.642857       0.642857       
63          0.642857       0.642857       
64          0.642857       0.642857       
65          0.642857       0.642857       
66          0.642857       0.642857       
67          0.642857       0.642857       
68          0.642857       0.642857       
69          0.642857       0.642857       
70          0.642857       0.642857       
71          0.642857       0.642857       
72          0.642857       0.642857       
73          0.642857       0.642857       
74          0.642857       0.642857       
75          0.642857       0.642857       
76          0.642857       0.642857       
77          0.642857       0.642857       
78          0.642857       0.642857       
79          0.642857       0.642857       
80          0.642857       0.642857       
81          0.642857       0.642857       
82          0.642857       0.642857       
83          0.642857       0.642857       
84          0.642857       0.642857       
85          0.642857       0.642857       
86          0.642857       0.642857       
87          0.642857       0.642857       
88          0.642857       0.642857       
89          0.642857       0.642857       
90          0.642857       0.642857       
91          0.642857       0.642857       
92          0.642857       0.642857       
93          0.642857       0.642857       
94          0.642857       0.642857       
95          0.642857       0.642857       
96          0.642857       0.642857       
97          0.642857       0.642857       
98          0.642857       0.642857       
99          0.642857       0.642857       
