# lambda = 3.5
#===============================================
0           0.5            0.5005         
1           0.875          0.874999       
2           0.382812       0.382815       
3           0.826935       0.826937       
4           0.500898       0.500893       
5           0.874997       0.874997       
6           0.38282        0.38282        
7           0.826941       0.826941       
8           0.500884       0.500884       
9           0.874997       0.874997       
10          0.38282        0.38282        
11          0.826941       0.826941       
12          0.500884       0.500884       
13          0.874997       0.874997       
14          0.38282        0.38282        
15          0.826941       0.826941       
16          0.500884       0.500884       
17          0.874997       0.874997       
18          0.38282        0.38282        
19          0.826941       0.826941       
20          0.500884       0.500884       
21          0.874997       0.874997       
22          0.38282        0.38282        
23          0.826941       0.826941       
24          0.500884       0.500884       
25          0.874997       0.874997       
26          0.38282        0.38282        
27          0.826941       0.826941       
28          0.500884       0.500884       
29          0.874997       0.874997       
30          0.38282        0.38282        
31          0.826941       0.826941       
32          0.500884       0.500884       
33          0.874997       0.874997       
34          0.38282        0.38282        
35          0.826941       0.826941       
36          0.500884       0.500884       
37          0.874997       0.874997       
38          0.38282        0.38282        
39          0.826941       0.826941       
40          0.500884       0.500884       
41          0.874997       0.874997       
42          0.38282        0.38282        
43          0.826941       0.826941       
44          0.500884       0.500884       
45          0.874997       0.874997       
46          0.38282        0.38282        
47          0.826941       0.826941       
48          0.500884       0.500884       
49          0.874997       0.874997       
50          0.38282        0.38282        
51          0.826941       0.826941       
52          0.500884       0.500884       
53          0.874997       0.874997       
54          0.38282        0.38282        
55          0.826941       0.826941       
56          0.500884       0.500884       
57          0.874997       0.874997       
58          0.38282        0.38282        
59          0.826941       0.826941       
60          0.500884       0.500884       
61          0.874997       0.874997       
62          0.38282        0.38282        
63          0.826941       0.826941       
64          0.500884       0.500884       
65          0.874997       0.874997       
66          0.38282        0.38282        
67          0.826941       0.826941       
68          0.500884       0.500884       
69          0.874997       0.874997       
70          0.38282        0.38282        
71          0.826941       0.826941       
72          0.500884       0.500884       
73          0.874997       0.874997       
74          0.38282        0.38282        
75          0.826941       0.826941       
76          0.500884       0.500884       
77          0.874997       0.874997       
78          0.38282        0.38282        
79          0.826941       0.826941       
80          0.500884       0.500884       
81          0.874997       0.874997       
82          0.38282        0.38282        
83          0.826941       0.826941       
84          0.500884       0.500884       
85          0.874997       0.874997       
86          0.38282        0.38282        
87          0.826941       0.826941       
88          0.500884       0.500884       
89          0.874997       0.874997       
90          0.38282        0.38282        
91          0.826941       0.826941       
92          0.500884       0.500884       
93          0.874997       0.874997       
94          0.38282        0.38282        
95          0.826941       0.826941       
96          0.500884       0.500884       
97          0.874997       0.874997       
98          0.38282        0.38282        
99          0.826941       0.826941       
100         0.500884       0.500884       
101         0.874997       0.874997       
102         0.38282        0.38282        
103         0.826941       0.826941       
104         0.500884       0.500884       
105         0.874997       0.874997       
106         0.38282        0.38282        
107         0.826941       0.826941       
108         0.500884       0.500884       
109         0.874997       0.874997       
110         0.38282        0.38282        
111         0.826941       0.826941       
112         0.500884       0.500884       
113         0.874997       0.874997       
114         0.38282        0.38282        
115         0.826941       0.826941       
116         0.500884       0.500884       
117         0.874997       0.874997       
118         0.38282        0.38282        
119         0.826941       0.826941       
120         0.500884       0.500884       
121         0.874997       0.874997       
122         0.38282        0.38282        
123         0.826941       0.826941       
124         0.500884       0.500884       
125         0.874997       0.874997       
126         0.38282        0.38282        
127         0.826941       0.826941       
128         0.500884       0.500884       
129         0.874997       0.874997       
130         0.38282        0.38282        
131         0.826941       0.826941       
132         0.500884       0.500884       
133         0.874997       0.874997       
134         0.38282        0.38282        
135         0.826941       0.826941       
136         0.500884       0.500884       
137         0.874997       0.874997       
138         0.38282        0.38282        
139         0.826941       0.826941       
140         0.500884       0.500884       
141         0.874997       0.874997       
142         0.38282        0.38282        
143         0.826941       0.826941       
144         0.500884       0.500884       
145         0.874997       0.874997       
146         0.38282        0.38282        
147         0.826941       0.826941       
148         0.500884       0.500884       
149         0.874997       0.874997       
150         0.38282        0.38282        
151         0.826941       0.826941       
152         0.500884       0.500884       
153         0.874997       0.874997       
154         0.38282        0.38282        
155         0.826941       0.826941       
156         0.500884       0.500884       
157         0.874997       0.874997       
158         0.38282        0.38282        
159         0.826941       0.826941       
160         0.500884       0.500884       
161         0.874997       0.874997       
162         0.38282        0.38282        
163         0.826941       0.826941       
164         0.500884       0.500884       
165         0.874997       0.874997       
166         0.38282        0.38282        
167         0.826941       0.826941       
168         0.500884       0.500884       
169         0.874997       0.874997       
170         0.38282        0.38282        
171         0.826941       0.826941       
172         0.500884       0.500884       
173         0.874997       0.874997       
174         0.38282        0.38282        
175         0.826941       0.826941       
176         0.500884       0.500884       
177         0.874997       0.874997       
178         0.38282        0.38282        
179         0.826941       0.826941       
180         0.500884       0.500884       
181         0.874997       0.874997       
182         0.38282        0.38282        
183         0.826941       0.826941       
184         0.500884       0.500884       
185         0.874997       0.874997       
186         0.38282        0.38282        
187         0.826941       0.826941       
188         0.500884       0.500884       
189         0.874997       0.874997       
190         0.38282        0.38282        
191         0.826941       0.826941       
192         0.500884       0.500884       
193         0.874997       0.874997       
194         0.38282        0.38282        
195         0.826941       0.826941       
196         0.500884       0.500884       
197         0.874997       0.874997       
198         0.38282        0.38282        
199         0.826941       0.826941       
200         0.500884       0.500884       
201         0.874997       0.874997       
202         0.38282        0.38282        
203         0.826941       0.826941       
204         0.500884       0.500884       
205         0.874997       0.874997       
206         0.38282        0.38282        
207         0.826941       0.826941       
208         0.500884       0.500884       
209         0.874997       0.874997       
210         0.38282        0.38282        
211         0.826941       0.826941       
212         0.500884       0.500884       
213         0.874997       0.874997       
214         0.38282        0.38282        
215         0.826941       0.826941       
216         0.500884       0.500884       
217         0.874997       0.874997       
218         0.38282        0.38282        
219         0.826941       0.826941       
220         0.500884       0.500884       
221         0.874997       0.874997       
222         0.38282        0.38282        
223         0.826941       0.826941       
224         0.500884       0.500884       
225         0.874997       0.874997       
226         0.38282        0.38282        
227         0.826941       0.826941       
228         0.500884       0.500884       
229         0.874997       0.874997       
230         0.38282        0.38282        
231         0.826941       0.826941       
232         0.500884       0.500884       
233         0.874997       0.874997       
234         0.38282        0.38282        
235         0.826941       0.826941       
236         0.500884       0.500884       
237         0.874997       0.874997       
238         0.38282        0.38282        
239         0.826941       0.826941       
240         0.500884       0.500884       
241         0.874997       0.874997       
242         0.38282        0.38282        
243         0.826941       0.826941       
244         0.500884       0.500884       
245         0.874997       0.874997       
246         0.38282        0.38282        
247         0.826941       0.826941       
248         0.500884       0.500884       
249         0.874997       0.874997       
250         0.38282        0.38282        
251         0.826941       0.826941       
252         0.500884       0.500884       
253         0.874997       0.874997       
254         0.38282        0.38282        
255         0.826941       0.826941       
256         0.500884       0.500884       
257         0.874997       0.874997       
258         0.38282        0.38282        
259         0.826941       0.826941       
260         0.500884       0.500884       
261         0.874997       0.874997       
262         0.38282        0.38282        
263         0.826941       0.826941       
264         0.500884       0.500884       
265         0.874997       0.874997       
266         0.38282        0.38282        
267         0.826941       0.826941       
268         0.500884       0.500884       
269         0.874997       0.874997       
270         0.38282        0.38282        
271         0.826941       0.826941       
272         0.500884       0.500884       
273         0.874997       0.874997       
274         0.38282        0.38282        
275         0.826941       0.826941       
276         0.500884       0.500884       
277         0.874997       0.874997       
278         0.38282        0.38282        
279         0.826941       0.826941       
280         0.500884       0.500884       
281         0.874997       0.874997       
282         0.38282        0.38282        
283         0.826941       0.826941       
284         0.500884       0.500884       
285         0.874997       0.874997       
286         0.38282        0.38282        
287         0.826941       0.826941       
288         0.500884       0.500884       
289         0.874997       0.874997       
290         0.38282        0.38282        
291         0.826941       0.826941       
292         0.500884       0.500884       
293         0.874997       0.874997       
294         0.38282        0.38282        
295         0.826941       0.826941       
296         0.500884       0.500884       
297         0.874997       0.874997       
298         0.38282        0.38282        
299         0.826941       0.826941       
300         0.500884       0.500884       
301         0.874997       0.874997       
302         0.38282        0.38282        
303         0.826941       0.826941       
304         0.500884       0.500884       
305         0.874997       0.874997       
306         0.38282        0.38282        
307         0.826941       0.826941       
308         0.500884       0.500884       
309         0.874997       0.874997       
310         0.38282        0.38282        
311         0.826941       0.826941       
312         0.500884       0.500884       
313         0.874997       0.874997       
314         0.38282        0.38282        
315         0.826941       0.826941       
316         0.500884       0.500884       
317         0.874997       0.874997       
318         0.38282        0.38282        
319         0.826941       0.826941       
320         0.500884       0.500884       
321         0.874997       0.874997       
322         0.38282        0.38282        
323         0.826941       0.826941       
324         0.500884       0.500884       
325         0.874997       0.874997       
326         0.38282        0.38282        
327         0.826941       0.826941       
328         0.500884       0.500884       
329         0.874997       0.874997       
330         0.38282        0.38282        
331         0.826941       0.826941       
332         0.500884       0.500884       
333         0.874997       0.874997       
334         0.38282        0.38282        
335         0.826941       0.826941       
336         0.500884       0.500884       
337         0.874997       0.874997       
338         0.38282        0.38282        
339         0.826941       0.826941       
340         0.500884       0.500884       
341         0.874997       0.874997       
342         0.38282        0.38282        
343         0.826941       0.826941       
344         0.500884       0.500884       
345         0.874997       0.874997       
346         0.38282        0.38282        
347         0.826941       0.826941       
348         0.500884       0.500884       
349         0.874997       0.874997       
350         0.38282        0.38282        
351         0.826941       0.826941       
352         0.500884       0.500884       
353         0.874997       0.874997       
354         0.38282        0.38282        
355         0.826941       0.826941       
356         0.500884       0.500884       
357         0.874997       0.874997       
358         0.38282        0.38282        
359         0.826941       0.826941       
360         0.500884       0.500884       
361         0.874997       0.874997       
362         0.38282        0.38282        
363         0.826941       0.826941       
364         0.500884       0.500884       
365         0.874997       0.874997       
366         0.38282        0.38282        
367         0.826941       0.826941       
368         0.500884       0.500884       
369         0.874997       0.874997       
370         0.38282        0.38282        
371         0.826941       0.826941       
372         0.500884       0.500884       
373         0.874997       0.874997       
374         0.38282        0.38282        
375         0.826941       0.826941       
376         0.500884       0.500884       
377         0.874997       0.874997       
378         0.38282        0.38282        
379         0.826941       0.826941       
380         0.500884       0.500884       
381         0.874997       0.874997       
382         0.38282        0.38282        
383         0.826941       0.826941       
384         0.500884       0.500884       
385         0.874997       0.874997       
386         0.38282        0.38282        
387         0.826941       0.826941       
388         0.500884       0.500884       
389         0.874997       0.874997       
390         0.38282        0.38282        
391         0.826941       0.826941       
392         0.500884       0.500884       
393         0.874997       0.874997       
394         0.38282        0.38282        
395         0.826941       0.826941       
396         0.500884       0.500884       
397         0.874997       0.874997       
398         0.38282        0.38282        
399         0.826941       0.826941       
400         0.500884       0.500884       
401         0.874997       0.874997       
402         0.38282        0.38282        
403         0.826941       0.826941       
404         0.500884       0.500884       
405         0.874997       0.874997       
406         0.38282        0.38282        
407         0.826941       0.826941       
408         0.500884       0.500884       
409         0.874997       0.874997       
410         0.38282        0.38282        
411         0.826941       0.826941       
412         0.500884       0.500884       
413         0.874997       0.874997       
414         0.38282        0.38282        
415         0.826941       0.826941       
416         0.500884       0.500884       
417         0.874997       0.874997       
418         0.38282        0.38282        
419         0.826941       0.826941       
420         0.500884       0.500884       
421         0.874997       0.874997       
422         0.38282        0.38282        
423         0.826941       0.826941       
424         0.500884       0.500884       
425         0.874997       0.874997       
426         0.38282        0.38282        
427         0.826941       0.826941       
428         0.500884       0.500884       
429         0.874997       0.874997       
430         0.38282        0.38282        
431         0.826941       0.826941       
432         0.500884       0.500884       
433         0.874997       0.874997       
434         0.38282        0.38282        
435         0.826941       0.826941       
436         0.500884       0.500884       
437         0.874997       0.874997       
438         0.38282        0.38282        
439         0.826941       0.826941       
440         0.500884       0.500884       
441         0.874997       0.874997       
442         0.38282        0.38282        
443         0.826941       0.826941       
444         0.500884       0.500884       
445         0.874997       0.874997       
446         0.38282        0.38282        
447         0.826941       0.826941       
448         0.500884       0.500884       
449         0.874997       0.874997       
450         0.38282        0.38282        
451         0.826941       0.826941       
452         0.500884       0.500884       
453         0.874997       0.874997       
454         0.38282        0.38282        
455         0.826941       0.826941       
456         0.500884       0.500884       
457         0.874997       0.874997       
458         0.38282        0.38282        
459         0.826941       0.826941       
460         0.500884       0.500884       
461         0.874997       0.874997       
462         0.38282        0.38282        
463         0.826941       0.826941       
464         0.500884       0.500884       
465         0.874997       0.874997       
466         0.38282        0.38282        
467         0.826941       0.826941       
468         0.500884       0.500884       
469         0.874997       0.874997       
470         0.38282        0.38282        
471         0.826941       0.826941       
472         0.500884       0.500884       
473         0.874997       0.874997       
474         0.38282        0.38282        
475         0.826941       0.826941       
476         0.500884       0.500884       
477         0.874997       0.874997       
478         0.38282        0.38282        
479         0.826941       0.826941       
480         0.500884       0.500884       
481         0.874997       0.874997       
482         0.38282        0.38282        
483         0.826941       0.826941       
484         0.500884       0.500884       
485         0.874997       0.874997       
486         0.38282        0.38282        
487         0.826941       0.826941       
488         0.500884       0.500884       
489         0.874997       0.874997       
490         0.38282        0.38282        
491         0.826941       0.826941       
492         0.500884       0.500884       
493         0.874997       0.874997       
494         0.38282        0.38282        
495         0.826941       0.826941       
496         0.500884       0.500884       
497         0.874997       0.874997       
498         0.38282        0.38282        
499         0.826941       0.826941       
500         0.500884       0.500884       
501         0.874997       0.874997       
502         0.38282        0.38282        
503         0.826941       0.826941       
504         0.500884       0.500884       
505         0.874997       0.874997       
506         0.38282        0.38282        
507         0.826941       0.826941       
508         0.500884       0.500884       
509         0.874997       0.874997       
510         0.38282        0.38282        
511         0.826941       0.826941       
512         0.500884       0.500884       
513         0.874997       0.874997       
514         0.38282        0.38282        
515         0.826941       0.826941       
516         0.500884       0.500884       
517         0.874997       0.874997       
518         0.38282        0.38282        
519         0.826941       0.826941       
520         0.500884       0.500884       
521         0.874997       0.874997       
522         0.38282        0.38282        
523         0.826941       0.826941       
524         0.500884       0.500884       
525         0.874997       0.874997       
526         0.38282        0.38282        
527         0.826941       0.826941       
528         0.500884       0.500884       
529         0.874997       0.874997       
530         0.38282        0.38282        
531         0.826941       0.826941       
532         0.500884       0.500884       
533         0.874997       0.874997       
534         0.38282        0.38282        
535         0.826941       0.826941       
536         0.500884       0.500884       
537         0.874997       0.874997       
538         0.38282        0.38282        
539         0.826941       0.826941       
540         0.500884       0.500884       
541         0.874997       0.874997       
542         0.38282        0.38282        
543         0.826941       0.826941       
544         0.500884       0.500884       
545         0.874997       0.874997       
546         0.38282        0.38282        
547         0.826941       0.826941       
548         0.500884       0.500884       
549         0.874997       0.874997       
550         0.38282        0.38282        
551         0.826941       0.826941       
552         0.500884       0.500884       
553         0.874997       0.874997       
554         0.38282        0.38282        
555         0.826941       0.826941       
556         0.500884       0.500884       
557         0.874997       0.874997       
558         0.38282        0.38282        
559         0.826941       0.826941       
560         0.500884       0.500884       
561         0.874997       0.874997       
562         0.38282        0.38282        
563         0.826941       0.826941       
564         0.500884       0.500884       
565         0.874997       0.874997       
566         0.38282        0.38282        
567         0.826941       0.826941       
568         0.500884       0.500884       
569         0.874997       0.874997       
570         0.38282        0.38282        
571         0.826941       0.826941       
572         0.500884       0.500884       
573         0.874997       0.874997       
574         0.38282        0.38282        
575         0.826941       0.826941       
576         0.500884       0.500884       
577         0.874997       0.874997       
578         0.38282        0.38282        
579         0.826941       0.826941       
580         0.500884       0.500884       
581         0.874997       0.874997       
582         0.38282        0.38282        
583         0.826941       0.826941       
584         0.500884       0.500884       
585         0.874997       0.874997       
586         0.38282        0.38282        
587         0.826941       0.826941       
588         0.500884       0.500884       
589         0.874997       0.874997       
590         0.38282        0.38282        
591         0.826941       0.826941       
592         0.500884       0.500884       
593         0.874997       0.874997       
594         0.38282        0.38282        
595         0.826941       0.826941       
596         0.500884       0.500884       
597         0.874997       0.874997       
598         0.38282        0.38282        
599         0.826941       0.826941       
600         0.500884       0.500884       
601         0.874997       0.874997       
602         0.38282        0.38282        
603         0.826941       0.826941       
604         0.500884       0.500884       
605         0.874997       0.874997       
606         0.38282        0.38282        
607         0.826941       0.826941       
608         0.500884       0.500884       
609         0.874997       0.874997       
610         0.38282        0.38282        
611         0.826941       0.826941       
612         0.500884       0.500884       
613         0.874997       0.874997       
614         0.38282        0.38282        
615         0.826941       0.826941       
616         0.500884       0.500884       
617         0.874997       0.874997       
618         0.38282        0.38282        
619         0.826941       0.826941       
620         0.500884       0.500884       
621         0.874997       0.874997       
622         0.38282        0.38282        
623         0.826941       0.826941       
624         0.500884       0.500884       
625         0.874997       0.874997       
626         0.38282        0.38282        
627         0.826941       0.826941       
628         0.500884       0.500884       
629         0.874997       0.874997       
630         0.38282        0.38282        
631         0.826941       0.826941       
632         0.500884       0.500884       
633         0.874997       0.874997       
634         0.38282        0.38282        
635         0.826941       0.826941       
636         0.500884       0.500884       
637         0.874997       0.874997       
638         0.38282        0.38282        
639         0.826941       0.826941       
640         0.500884       0.500884       
641         0.874997       0.874997       
642         0.38282        0.38282        
643         0.826941       0.826941       
644         0.500884       0.500884       
645         0.874997       0.874997       
646         0.38282        0.38282        
647         0.826941       0.826941       
648         0.500884       0.500884       
649         0.874997       0.874997       
650         0.38282        0.38282        
651         0.826941       0.826941       
652         0.500884       0.500884       
653         0.874997       0.874997       
654         0.38282        0.38282        
655         0.826941       0.826941       
656         0.500884       0.500884       
657         0.874997       0.874997       
658         0.38282        0.38282        
659         0.826941       0.826941       
660         0.500884       0.500884       
661         0.874997       0.874997       
662         0.38282        0.38282        
663         0.826941       0.826941       
664         0.500884       0.500884       
665         0.874997       0.874997       
666         0.38282        0.38282        
667         0.826941       0.826941       
668         0.500884       0.500884       
669         0.874997       0.874997       
670         0.38282        0.38282        
671         0.826941       0.826941       
672         0.500884       0.500884       
673         0.874997       0.874997       
674         0.38282        0.38282        
675         0.826941       0.826941       
676         0.500884       0.500884       
677         0.874997       0.874997       
678         0.38282        0.38282        
679         0.826941       0.826941       
680         0.500884       0.500884       
681         0.874997       0.874997       
682         0.38282        0.38282        
683         0.826941       0.826941       
684         0.500884       0.500884       
685         0.874997       0.874997       
686         0.38282        0.38282        
687         0.826941       0.826941       
688         0.500884       0.500884       
689         0.874997       0.874997       
690         0.38282        0.38282        
691         0.826941       0.826941       
692         0.500884       0.500884       
693         0.874997       0.874997       
694         0.38282        0.38282        
695         0.826941       0.826941       
696         0.500884       0.500884       
697         0.874997       0.874997       
698         0.38282        0.38282        
699         0.826941       0.826941       
700         0.500884       0.500884       
701         0.874997       0.874997       
702         0.38282        0.38282        
703         0.826941       0.826941       
704         0.500884       0.500884       
705         0.874997       0.874997       
706         0.38282        0.38282        
707         0.826941       0.826941       
708         0.500884       0.500884       
709         0.874997       0.874997       
710         0.38282        0.38282        
711         0.826941       0.826941       
712         0.500884       0.500884       
713         0.874997       0.874997       
714         0.38282        0.38282        
715         0.826941       0.826941       
716         0.500884       0.500884       
717         0.874997       0.874997       
718         0.38282        0.38282        
719         0.826941       0.826941       
720         0.500884       0.500884       
721         0.874997       0.874997       
722         0.38282        0.38282        
723         0.826941       0.826941       
724         0.500884       0.500884       
725         0.874997       0.874997       
726         0.38282        0.38282        
727         0.826941       0.826941       
728         0.500884       0.500884       
729         0.874997       0.874997       
730         0.38282        0.38282        
731         0.826941       0.826941       
732         0.500884       0.500884       
733         0.874997       0.874997       
734         0.38282        0.38282        
735         0.826941       0.826941       
736         0.500884       0.500884       
737         0.874997       0.874997       
738         0.38282        0.38282        
739         0.826941       0.826941       
740         0.500884       0.500884       
741         0.874997       0.874997       
742         0.38282        0.38282        
743         0.826941       0.826941       
744         0.500884       0.500884       
745         0.874997       0.874997       
746         0.38282        0.38282        
747         0.826941       0.826941       
748         0.500884       0.500884       
749         0.874997       0.874997       
750         0.38282        0.38282        
751         0.826941       0.826941       
752         0.500884       0.500884       
753         0.874997       0.874997       
754         0.38282        0.38282        
755         0.826941       0.826941       
756         0.500884       0.500884       
757         0.874997       0.874997       
758         0.38282        0.38282        
759         0.826941       0.826941       
760         0.500884       0.500884       
761         0.874997       0.874997       
762         0.38282        0.38282        
763         0.826941       0.826941       
764         0.500884       0.500884       
765         0.874997       0.874997       
766         0.38282        0.38282        
767         0.826941       0.826941       
768         0.500884       0.500884       
769         0.874997       0.874997       
770         0.38282        0.38282        
771         0.826941       0.826941       
772         0.500884       0.500884       
773         0.874997       0.874997       
774         0.38282        0.38282        
775         0.826941       0.826941       
776         0.500884       0.500884       
777         0.874997       0.874997       
778         0.38282        0.38282        
779         0.826941       0.826941       
780         0.500884       0.500884       
781         0.874997       0.874997       
782         0.38282        0.38282        
783         0.826941       0.826941       
784         0.500884       0.500884       
785         0.874997       0.874997       
786         0.38282        0.38282        
787         0.826941       0.826941       
788         0.500884       0.500884       
789         0.874997       0.874997       
790         0.38282        0.38282        
791         0.826941       0.826941       
792         0.500884       0.500884       
793         0.874997       0.874997       
794         0.38282        0.38282        
795         0.826941       0.826941       
796         0.500884       0.500884       
797         0.874997       0.874997       
798         0.38282        0.38282        
799         0.826941       0.826941       
800         0.500884       0.500884       
801         0.874997       0.874997       
802         0.38282        0.38282        
803         0.826941       0.826941       
804         0.500884       0.500884       
805         0.874997       0.874997       
806         0.38282        0.38282        
807         0.826941       0.826941       
808         0.500884       0.500884       
809         0.874997       0.874997       
810         0.38282        0.38282        
811         0.826941       0.826941       
812         0.500884       0.500884       
813         0.874997       0.874997       
814         0.38282        0.38282        
815         0.826941       0.826941       
816         0.500884       0.500884       
817         0.874997       0.874997       
818         0.38282        0.38282        
819         0.826941       0.826941       
820         0.500884       0.500884       
821         0.874997       0.874997       
822         0.38282        0.38282        
823         0.826941       0.826941       
824         0.500884       0.500884       
825         0.874997       0.874997       
826         0.38282        0.38282        
827         0.826941       0.826941       
828         0.500884       0.500884       
829         0.874997       0.874997       
830         0.38282        0.38282        
831         0.826941       0.826941       
832         0.500884       0.500884       
833         0.874997       0.874997       
834         0.38282        0.38282        
835         0.826941       0.826941       
836         0.500884       0.500884       
837         0.874997       0.874997       
838         0.38282        0.38282        
839         0.826941       0.826941       
840         0.500884       0.500884       
841         0.874997       0.874997       
842         0.38282        0.38282        
843         0.826941       0.826941       
844         0.500884       0.500884       
845         0.874997       0.874997       
846         0.38282        0.38282        
847         0.826941       0.826941       
848         0.500884       0.500884       
849         0.874997       0.874997       
850         0.38282        0.38282        
851         0.826941       0.826941       
852         0.500884       0.500884       
853         0.874997       0.874997       
854         0.38282        0.38282        
855         0.826941       0.826941       
856         0.500884       0.500884       
857         0.874997       0.874997       
858         0.38282        0.38282        
859         0.826941       0.826941       
860         0.500884       0.500884       
861         0.874997       0.874997       
862         0.38282        0.38282        
863         0.826941       0.826941       
864         0.500884       0.500884       
865         0.874997       0.874997       
866         0.38282        0.38282        
867         0.826941       0.826941       
868         0.500884       0.500884       
869         0.874997       0.874997       
870         0.38282        0.38282        
871         0.826941       0.826941       
872         0.500884       0.500884       
873         0.874997       0.874997       
874         0.38282        0.38282        
875         0.826941       0.826941       
876         0.500884       0.500884       
877         0.874997       0.874997       
878         0.38282        0.38282        
879         0.826941       0.826941       
880         0.500884       0.500884       
881         0.874997       0.874997       
882         0.38282        0.38282        
883         0.826941       0.826941       
884         0.500884       0.500884       
885         0.874997       0.874997       
886         0.38282        0.38282        
887         0.826941       0.826941       
888         0.500884       0.500884       
889         0.874997       0.874997       
890         0.38282        0.38282        
891         0.826941       0.826941       
892         0.500884       0.500884       
893         0.874997       0.874997       
894         0.38282        0.38282        
895         0.826941       0.826941       
896         0.500884       0.500884       
897         0.874997       0.874997       
898         0.38282        0.38282        
899         0.826941       0.826941       
900         0.500884       0.500884       
901         0.874997       0.874997       
902         0.38282        0.38282        
903         0.826941       0.826941       
904         0.500884       0.500884       
905         0.874997       0.874997       
906         0.38282        0.38282        
907         0.826941       0.826941       
908         0.500884       0.500884       
909         0.874997       0.874997       
910         0.38282        0.38282        
911         0.826941       0.826941       
912         0.500884       0.500884       
913         0.874997       0.874997       
914         0.38282        0.38282        
915         0.826941       0.826941       
916         0.500884       0.500884       
917         0.874997       0.874997       
918         0.38282        0.38282        
919         0.826941       0.826941       
920         0.500884       0.500884       
921         0.874997       0.874997       
922         0.38282        0.38282        
923         0.826941       0.826941       
924         0.500884       0.500884       
925         0.874997       0.874997       
926         0.38282        0.38282        
927         0.826941       0.826941       
928         0.500884       0.500884       
929         0.874997       0.874997       
930         0.38282        0.38282        
931         0.826941       0.826941       
932         0.500884       0.500884       
933         0.874997       0.874997       
934         0.38282        0.38282        
935         0.826941       0.826941       
936         0.500884       0.500884       
937         0.874997       0.874997       
938         0.38282        0.38282        
939         0.826941       0.826941       
940         0.500884       0.500884       
941         0.874997       0.874997       
942         0.38282        0.38282        
943         0.826941       0.826941       
944         0.500884       0.500884       
945         0.874997       0.874997       
946         0.38282        0.38282        
947         0.826941       0.826941       
948         0.500884       0.500884       
949         0.874997       0.874997       
950         0.38282        0.38282        
951         0.826941       0.826941       
952         0.500884       0.500884       
953         0.874997       0.874997       
954         0.38282        0.38282        
955         0.826941       0.826941       
956         0.500884       0.500884       
957         0.874997       0.874997       
958         0.38282        0.38282        
959         0.826941       0.826941       
960         0.500884       0.500884       
961         0.874997       0.874997       
962         0.38282        0.38282        
963         0.826941       0.826941       
964         0.500884       0.500884       
965         0.874997       0.874997       
966         0.38282        0.38282        
967         0.826941       0.826941       
968         0.500884       0.500884       
969         0.874997       0.874997       
970         0.38282        0.38282        
971         0.826941       0.826941       
972         0.500884       0.500884       
973         0.874997       0.874997       
974         0.38282        0.38282        
975         0.826941       0.826941       
976         0.500884       0.500884       
977         0.874997       0.874997       
978         0.38282        0.38282        
979         0.826941       0.826941       
980         0.500884       0.500884       
981         0.874997       0.874997       
982         0.38282        0.38282        
983         0.826941       0.826941       
984         0.500884       0.500884       
985         0.874997       0.874997       
986         0.38282        0.38282        
987         0.826941       0.826941       
988         0.500884       0.500884       
989         0.874997       0.874997       
990         0.38282        0.38282        
991         0.826941       0.826941       
992         0.500884       0.500884       
993         0.874997       0.874997       
994         0.38282        0.38282        
995         0.826941       0.826941       
996         0.500884       0.500884       
997         0.874997       0.874997       
998         0.38282        0.38282        
999         0.826941       0.826941       
