# lambda = 3.6
#===============================================
0           0.5            0.5005         
1           0.9            0.899999       
2           0.324          0.324003       
3           0.788486       0.78849        
4           0.600392       0.600385       
5           0.863717       0.863722       
6           0.423756       0.423743       
7           0.879072       0.879065       
8           0.382695       0.382714       
9           0.850462       0.850478       
10          0.457835       0.457793       
11          0.893599       0.893587       
12          0.342286       0.342321       
13          0.810455       0.810495       
14          0.553025       0.552934       
15          0.889878       0.889913       
16          0.352782       0.352685       
17          0.821977       0.821874       
18          0.526792       0.527029       
19          0.897416       0.89737        
20          0.331418       0.33155        
21          0.797689       0.797848       
22          0.580973       0.580631       
23          0.876396       0.876595       
24          0.389974       0.389435       
25          0.856419       0.855991       
26          0.442675       0.443773       
27          0.88817        0.888619       
28          0.357567       0.356311       
29          0.826966       0.825673       
30          0.515136       0.518174       
31          0.899175       0.898811       
32          0.326373       0.327419       
33          0.791473       0.792777       
34          0.594157       0.591413       
35          0.868084       0.869917       
36          0.412251       0.407381       
37          0.87228        0.869118       
38          0.401067       0.409506       
39          0.864764       0.870519       
40          0.42101        0.405776       
41          0.877538       0.868039       
42          0.386874       0.412371       
43          0.853929       0.872356       
44          0.449044       0.400864       
45          0.890652       0.864619       
46          0.350606       0.42139        
47          0.819653       0.877754       
48          0.532158       0.386288       
49          0.896277       0.85345        
50          0.334672       0.450262       
51          0.8016         0.891094       
52          0.572535       0.349363       
53          0.881059       0.818311       
54          0.377258       0.535242       
55          0.845763       0.895529       
56          0.469611       0.336805       
57          0.896676       0.804122       
58          0.333535       0.567035       
59          0.800242       0.883823       
60          0.575478       0.369648       
61          0.879491       0.83883        
62          0.381552       0.486699       
63          0.849492       0.899363       
64          0.460279       0.325833       
65          0.89432        0.790797       
66          0.340242       0.595574       
67          0.808118       0.867116       
68          0.558227       0.414813       
69          0.887795       0.873875       
70          0.358615       0.396782       
71          0.828037       0.861646       
72          0.51261        0.429164       
73          0.899428       0.881936       
74          0.325647       0.37485        
75          0.790564       0.843615       
76          0.596061       0.474944       
77          0.86678        0.89774        
78          0.4157         0.330491       
79          0.874416       0.79656        
80          0.395325       0.583388       
81          0.860555       0.874967       
82          0.432          0.393839       
83          0.883354       0.859428       
84          0.370944       0.434922       
85          0.84004        0.884754       
86          0.483742       0.367073       
87          0.899048       0.836389       
88          0.326737       0.492633       
89          0.791928       0.899805       
90          0.593201       0.324563       
91          0.868729       0.789198       
92          0.410541       0.598912       
93          0.871189       0.864779       
94          0.403987       0.42097        
95          0.866813       0.877515       
96          0.415613       0.386936       
97          0.874364       0.853979       
98          0.395467       0.448915       
99          0.860662       0.890605       
100         0.431723       0.350739       
101         0.883218       0.819796       
102         0.37132        0.531829       
103         0.840389       0.896353       
104         0.482888       0.334456       
105         0.898946       0.801343       
106         0.327032       0.573093       
107         0.792296       0.880766       
108         0.592428       0.378061       
109         0.869246       0.846471       
110         0.409168       0.467848       
111         0.870298       0.896278       
112         0.406365       0.334668       
113         0.868437       0.801595       
114         0.411315       0.572545       
115         0.871686       0.881054       
116         0.402659       0.377272       
117         0.865889       0.845776       
118         0.418051       0.469579       
119         0.875824       0.896668       
120         0.391524       0.333555       
121         0.857638       0.800266       
122         0.439541       0.575426       
123         0.886841       0.879519       
124         0.361275       0.381474       
125         0.830719       0.849426       
126         0.50625        0.460446       
127         0.899859       0.894368       
128         0.324405       0.340107       
129         0.788999       0.807963       
130         0.599327       0.558572       
131         0.864483       0.88765        
132         0.421747       0.35902        
133         0.877956       0.828449       
134         0.385739       0.511637       
135         0.853          0.899512       
136         0.451409       0.325403       
137         0.8915         0.790257       
138         0.34822        0.596702       
139         0.817066       0.866335       
140         0.538089       0.416874       
141         0.894777       0.875125       
142         0.338943       0.393414       
143         0.806618       0.859102       
144         0.561547       0.435766       
145         0.886363       0.885146       
146         0.362604       0.365985       
147         0.832041       0.835344       
148         0.503096       0.495161       
149         0.899965       0.899916       
150         0.324099       0.324243       
151         0.788612       0.788794       
152         0.600131       0.599753       
153         0.863906       0.864177       
154         0.423261       0.422549       
155         0.8788         0.878405       
156         0.383438       0.384515       
157         0.851088       0.851988       
158         0.456255       0.453977       
159         0.893111       0.892375       
160         0.34367        0.345751       
161         0.812019       0.814346       
162         0.549518       0.544271       
163         0.891173       0.892944       
164         0.349142       0.344141       
165         0.818071       0.812549       
166         0.535791       0.548327       
167         0.895388       0.891592       
168         0.337205       0.34796        
169         0.804592       0.816782       
170         0.566006       0.538737       
171         0.884316       0.894598       
172         0.368286       0.339453       
173         0.837545       0.807208       
174         0.489829       0.560243       
175         0.899628       0.886935       
176         0.325072       0.361013       
177         0.789841       0.830458       
178         0.597572       0.506871       
179         0.865727       0.89983        
180         0.418478       0.324489       
181         0.876075       0.789106       
182         0.390843       0.599104       
183         0.857105       0.864642       
184         0.440913       0.42133        
185         0.887431       0.87772        
186         0.359629       0.386379       
187         0.829065       0.853525       
188         0.510178       0.450071       
189         0.899627       0.891026       
190         0.325074       0.349556       
191         0.789843       0.81852        
192         0.597568       0.534762       
193         0.865729       0.89565        
194         0.418471       0.336461       
195         0.876071       0.803718       
196         0.390854       0.56792        
197         0.857114       0.883393       
198         0.440891       0.370836       
199         0.887422       0.83994        
200         0.359655       0.483986       
201         0.829092       0.899077       
202         0.510114       0.326656       
203         0.899632       0.791826       
204         0.32506        0.593414       
205         0.789826       0.868585       
206         0.597604       0.410921       
207         0.865705       0.871434       
208         0.418537       0.403333       
209         0.876109       0.86636        
210         0.39075        0.41681        
211         0.857032       0.875086       
212         0.441101       0.393518       
213         0.887511       0.859182       
214         0.359406       0.435559       
215         0.82884        0.88505        
216         0.510711       0.366251       
217         0.899587       0.8356         
218         0.325189       0.494542       
219         0.789988       0.899893       
220         0.597266       0.324309       
221         0.865942       0.788877       
222         0.417912       0.599579       
223         0.875741       0.864302       
224         0.391746       0.422222       
225         0.857812       0.878222       
226         0.439094       0.385013       
227         0.886646       0.852401       
228         0.361819       0.452929       
229         0.831262       0.892024       
230         0.504957       0.346743       
231         0.899912       0.815444       
232         0.324255       0.541782       
233         0.788809       0.893715       
234         0.599722       0.341958       
235         0.8642         0.810081       
236         0.42249        0.553858       
237         0.878372       0.889557       
238         0.384605       0.353682       
239         0.852062       0.822928       
240         0.453788       0.524583       
241         0.892312       0.897824       
242         0.345929       0.330249       
243         0.814543       0.796264       
244         0.543825       0.584019       
245         0.893086       0.874587       
246         0.343741       0.394865       
247         0.812099       0.860208       
248         0.549338       0.432901       
249         0.891237       0.883792       
250         0.348962       0.369734       
251         0.817875       0.838911       
252         0.536239       0.486501       
253         0.895272       0.899344       
254         0.337535       0.325888       
255         0.804979       0.790866       
256         0.565156       0.59543        
257         0.884717       0.867215       
258         0.367175       0.41455        
259         0.836487       0.873714       
260         0.492396       0.397216       
261         0.899792       0.861967       
262         0.324599       0.428326       
263         0.789245       0.881506       
264         0.598815       0.37603        
265         0.864848       0.844673       
266         0.42079        0.472321       
267         0.877413       0.897242       
268         0.387215       0.331916       
269         0.854206       0.798292       
270         0.448336       0.579679       
271         0.890391       0.877145       
272         0.351341       0.387943       
273         0.820442       0.854796       
274         0.530341       0.446832       
275         0.896686       0.889823       
276         0.333505       0.352936       
277         0.800206       0.82214        
278         0.575555       0.526414       
279         0.879449       0.897488       
280         0.381667       0.331211       
281         0.84959        0.797437       
282         0.460033       0.581513       
283         0.894249       0.87608        
284         0.340443       0.390829       
285         0.808349       0.857094       
286         0.557715       0.440942       
287         0.888008       0.887444       
288         0.358018       0.359595       
289         0.827428       0.829031       
290         0.514047       0.51026        
291         0.89929        0.899621       
292         0.326044       0.325091       
293         0.791061       0.789864       
294         0.59502        0.597523       
295         0.867496       0.865761       
296         0.413807       0.418387       
297         0.873255       0.876022       
298         0.398451       0.390988       
299         0.862876       0.857219       
300         0.425955       0.440621       
301         0.880262       0.887307       
302         0.379442       0.359976       
303         0.847677       0.829416       
304         0.464835       0.509347       
305         0.895548       0.899686       
306         0.336749       0.324905       
307         0.804057       0.789631       
308         0.567177       0.59801        
309         0.883754       0.865418       
310         0.369838       0.41929        
311         0.839008       0.876549       
312         0.486264       0.389558       
313         0.899321       0.856089       
314         0.325955       0.443522       
315         0.790949       0.888517       
316         0.595254       0.356597       
317         0.867336       0.825968       
318         0.414232       0.517481       
319         0.873518       0.8989         
320         0.397744       0.327164       
321         0.862358       0.79246        
322         0.427309       0.592082       
323         0.880978       0.869475       
324         0.377481       0.408557       
325         0.845961       0.869898       
326         0.469119       0.407433       
327         0.896567       0.869153       
328         0.333845       0.409415       
329         0.800613       0.870459       
330         0.574675       0.405935       
331         0.879925       0.868146       
332         0.380365       0.412085       
333         0.848475       0.872176       
334         0.462834       0.401347       
335         0.895027       0.864963       
336         0.338232       0.420486       
337         0.805792       0.877239       
338         0.563368       0.387686       
339         0.885544       0.854588       
340         0.36488        0.447363       
341         0.834274       0.890026       
342         0.49774        0.352368       
343         0.899982       0.821537       
344         0.324053       0.52781        
345         0.788553       0.897216       
346         0.600253       0.33199        
347         0.863818       0.798382       
348         0.423492       0.579485       
349         0.878927       0.877256       
350         0.38309        0.387642       
351         0.850796       0.854552       
352         0.456992       0.447454       
353         0.893341       0.89006        
354         0.343018       0.352272       
355         0.811283       0.821435       
356         0.551169       0.528047       
357         0.890574       0.897168       
358         0.350827       0.332127       
359         0.819891       0.798547       
360         0.531612       0.579131       
361         0.896402       0.877458       
362         0.334314       0.387092       
363         0.801174       0.854106       
364         0.573459       0.448592       
365         0.880573       0.890486       
366         0.37859        0.351075       
367         0.846935       0.820157       
368         0.466691       0.530999       
369         0.896006       0.896541       
370         0.335446       0.33392        
371         0.802519       0.800703       
372         0.570536       0.57448        
373         0.882089       0.88003        
374         0.374429       0.380079       
375         0.843235       0.848228       
376         0.475883       0.463454       
377         0.897906       0.895192       
378         0.330015       0.337764       
379         0.795978       0.805247       
380         0.58463        0.564568       
381         0.874216       0.884991       
382         0.395864       0.366414       
383         0.860961       0.835757       
384         0.430947       0.494162       
385         0.882834       0.899877       
386         0.372377       0.324353       
387         0.841365       0.788934       
388         0.480493       0.599462       
389         0.89863        0.864386       
390         0.327939       0.422002       
391         0.793422       0.878099       
392         0.590053       0.385348       
393         0.870805       0.852678       
394         0.405012       0.452225       
395         0.867518       0.891783       
396         0.413749       0.347421       
397         0.873219       0.816191       
398         0.398548       0.540084       
399         0.862947       0.894216       
400         0.425771       0.340538       
401         0.880164       0.808459       
402         0.379711       0.557471       
403         0.84791        0.88811        
404         0.464251       0.357736       
405         0.895399       0.827139       
406         0.337174       0.514728       
407         0.804555       0.899219       
408         0.566086       0.326247       
409         0.884278       0.791315       
410         0.368391       0.594487       
411         0.837644       0.86786        
412         0.489587       0.412845       
413         0.89961        0.872654       
414         0.325124       0.400063       
415         0.789906       0.864046       
416         0.597437       0.422895       
417         0.865822       0.878597       
418         0.418227       0.383991       
419         0.875928       0.851551       
420         0.391242       0.455084       
421         0.857418       0.892737       
422         0.440108       0.344727       
423         0.887087       0.813205       
424         0.36059        0.546849       
425         0.830034       0.892099       
426         0.50788        0.346531       
427         0.899776       0.81521        
428         0.324644       0.542313       
429         0.7893         0.893555       
430         0.598699       0.342413       
431         0.864931       0.810599       
432         0.420572       0.552702       
433         0.877288       0.890001       
434         0.387552       0.352438       
435         0.85448        0.821611       
436         0.447638       0.527639       
437         0.89013        0.89725        
438         0.352076       0.331893       
439         0.821226       0.798264       
440         0.528529       0.579739       
441         0.89707        0.87711        
442         0.332408       0.388037       
443         0.798886       0.854871       
444         0.578402       0.446639       
445         0.877871       0.889749       
446         0.385967       0.353144       
447         0.853188       0.82236        
448         0.45093        0.525903       
449         0.891332       0.897585       
450         0.348694       0.330936       
451         0.817583       0.797102       
452         0.536907       0.58223        
453         0.895096       0.875658       
454         0.338036       0.391972       
455         0.805564       0.857988       
456         0.563871       0.438641       
457         0.885314       0.886446       
458         0.36552        0.362374       
459         0.834894       0.831812       
460         0.496246       0.503642       
461         0.899949       0.899952       
462         0.324146       0.324137       
463         0.788672       0.788661       
464         0.600008       0.60003        
465         0.863995       0.863978       
466         0.423029       0.423072       
467         0.878671       0.878695       
468         0.383788       0.383724       
469         0.851382       0.851327       
470         0.455512       0.455649       
471         0.892875       0.892919       
472         0.344338       0.344214       
473         0.812769       0.81263        
474         0.547831       0.548145       
475         0.891764       0.891656       
476         0.347476       0.347781       
477         0.816251       0.816586       
478         0.539947       0.539184       
479         0.894255       0.894473       
480         0.340426       0.339809       
481         0.80833        0.807619       
482         0.557757       0.559333       
483         0.887991       0.887327       
484         0.358067       0.359921       
485         0.827478       0.829361       
486         0.513929       0.509478       
487         0.899302       0.899677       
488         0.32601        0.324931       
489         0.791019       0.789663       
490         0.595109       0.597943       
491         0.867435       0.865466       
492         0.413968       0.419166       
493         0.873355       0.876477       
494         0.398182       0.389755       
495         0.862679       0.856245       
496         0.42647        0.443121       
497         0.880536       0.888353       
498         0.378693       0.357054       
499         0.847025       0.82644        
500         0.466466       0.516374       
501         0.895952       0.899035       
502         0.3356         0.326776       
503         0.802701       0.791977       
504         0.570139       0.593098       
505         0.88229        0.868798       
506         0.373875       0.410358       
507         0.842733       0.871071       
508         0.477122       0.404302       
509         0.898116       0.867031       
510         0.329414       0.415038       
511         0.795241       0.874013       
512         0.586197       0.396411       
513         0.873252       0.86137        
514         0.398458       0.429883       
515         0.862881       0.882301       
516         0.425942       0.373845       
517         0.880256       0.842706       
518         0.37946        0.47719        
519         0.847693       0.898127       
520         0.464795       0.329382       
521         0.895538       0.795202       
522         0.336778       0.586281       
523         0.804091       0.8732         
524         0.567103       0.398599       
525         0.88379        0.862984       
526         0.369739       0.425674       
527         0.838915       0.880112       
528         0.486491       0.379853       
529         0.899343       0.848033       
530         0.32589        0.463943       
531         0.790869       0.89532        
532         0.595423       0.337401       
533         0.86722        0.804821       
534         0.414537       0.565502       
535         0.873706       0.884554       
536         0.397237       0.367625       
537         0.861984       0.836917       
538         0.428285       0.491353       
539         0.881485       0.899731       
540         0.37609        0.324775       
541         0.844726       0.789466       
542         0.472189       0.598353       
543         0.897216       0.865176       
544         0.331991       0.419928       
545         0.798383       0.876918       
546         0.579484       0.388557       
547         0.877256       0.85529        
548         0.38764        0.44557        
549         0.854551       0.889334       
550         0.447458       0.354307       
551         0.890061       0.823585       
552         0.352267       0.523054       
553         0.82143        0.898087       
554         0.528057       0.329497       
555         0.897166       0.795344       
556         0.332133       0.58598        
557         0.798554       0.873387       
558         0.579115       0.398096       
559         0.877467       0.862616       
560         0.387067       0.426634       
561         0.854086       0.880623       
562         0.448642       0.378455       
563         0.890505       0.846816       
564         0.351022       0.466987       
565         0.8201         0.896076       
566         0.53113        0.335244       
567         0.896511       0.80228        
568         0.334003       0.571056       
569         0.800802       0.881824       
570         0.574265       0.375159       
571         0.880145       0.843893       
572         0.379763       0.474256       
573         0.847955       0.897614       
574         0.464139       0.330851       
575         0.89537        0.796999       
576         0.337256       0.58245        
577         0.804652       0.875527       
578         0.565873       0.392325       
579         0.884379       0.858262       
580         0.368111       0.437934       
581         0.837379       0.886132       
582         0.490231       0.363247       
583         0.899656       0.832675       
584         0.324989       0.501578       
585         0.789736       0.899991       
586         0.59779        0.324026       
587         0.865573       0.788519       
588         0.418882       0.600324       
589         0.876312       0.863766       
590         0.390202       0.423627       
591         0.8566         0.879002       
592         0.442211       0.382888       
593         0.887977       0.850625       
594         0.358105       0.457424       
595         0.827516       0.893474       
596         0.513839       0.342641       
597         0.899311       0.810857       
598         0.325984       0.552123       
599         0.790986       0.890219       
600         0.595177       0.351824       
601         0.867389       0.820958       
602         0.414092       0.52915        
603         0.873432       0.896941       
604         0.397976       0.332776       
605         0.862528       0.79933        
606         0.426865       0.577445       
607         0.880744       0.878408       
608         0.378121       0.384507       
609         0.846524       0.851981       
610         0.467716       0.453995       
611         0.896248       0.892381       
612         0.334755       0.345735       
613         0.801699       0.814328       
614         0.57232        0.544312       
615         0.881172       0.892931       
616         0.37695        0.344179       
617         0.845491       0.812591       
618         0.470289       0.548233       
619         0.896822       0.891625       
620         0.333116       0.347868       
621         0.799739       0.816681       
622         0.576564       0.538968       
623         0.878897       0.894533       
624         0.383175       0.339636       
625         0.850867       0.80742        
626         0.456813       0.559774       
627         0.893286       0.887138       
628         0.343175       0.360448       
629         0.811461       0.829891       
630         0.55077        0.508219       
631         0.89072        0.899757       
632         0.350415       0.3247         
633         0.819448       0.789372       
634         0.532632       0.59855        
635         0.896167       0.865036       
636         0.334987       0.420294       
637         0.801975       0.877129       
638         0.57172        0.387985       
639         0.881482       0.854829       
640         0.376097       0.446746       
641         0.844733       0.88979        
642         0.472174       0.353028       
643         0.897213       0.822238       
644         0.332          0.526187       
645         0.798393       0.897531       
646         0.579461       0.331088       
647         0.877269       0.797287       
648         0.387604       0.581833       
649         0.854522       0.875892       
650         0.447531       0.391338       
651         0.890089       0.857494       
652         0.352189       0.439914       
653         0.821347       0.887003       
654         0.52825        0.360824       
655         0.897127       0.830268       
656         0.332245       0.507324       
657         0.798689       0.899807       
658         0.578825       0.324556       
659         0.877632       0.78919        
660         0.386619       0.598929       
661         0.853721       0.864767       
662         0.449573       0.421003       
663         0.890846       0.877534       
664         0.350063       0.386885       
665         0.819068       0.853938       
666         0.533505       0.44902        
667         0.895959       0.890644       
668         0.33558        0.350631       
669         0.802678       0.81968        
670         0.570189       0.532097       
671         0.882265       0.896291       
672         0.373946       0.334632       
673         0.842797       0.801552       
674         0.476964       0.572638       
675         0.89809        0.881005       
676         0.329489       0.377406       
677         0.795333       0.845895       
678         0.586002       0.469284       
679         0.873373       0.896604       
680         0.398133       0.33374        
681         0.862643       0.800488       
682         0.426563       0.574946       
683         0.880585       0.879779       
684         0.378557       0.380764       
685         0.846906       0.848818       
686         0.466763       0.461974       
687         0.896023       0.894794       
688         0.335397       0.338895       
689         0.802461       0.806562       
690         0.570663       0.561671       
691         0.882024       0.886308       
692         0.374607       0.362758       
693         0.843395       0.832192       
694         0.475487       0.502734       
695         0.897837       0.899973       
696         0.330213       0.324077       
697         0.796221       0.788585       
698         0.584111       0.600188       
699         0.874531       0.863864       
700         0.395015       0.42337        
701         0.860322       0.87886        
702         0.432606       0.383274       
703         0.883649       0.85095        
704         0.370129       0.456602       
705         0.83928        0.89322        
706         0.4856         0.343361       
707         0.899253       0.811671       
708         0.326148       0.5503         
709         0.791192       0.890892       
710         0.594746       0.349933       
711         0.867683       0.818928       
712         0.413313       0.533827       
713         0.872947       0.895881       
714         0.399278       0.335802       
715         0.863478       0.802941       
716         0.424381       0.569616       
717         0.879415       0.882553       
718         0.38176        0.373152       
719         0.84967        0.842075       
720         0.459832       0.478746       
721         0.894191       0.898374       
722         0.340607       0.328674       
723         0.808538       0.794331       
724         0.557295       0.58813        
725         0.888182       0.872039       
726         0.357533       0.401712       
727         0.826931       0.865222       
728         0.515218       0.419806       
729         0.899166       0.876848       
730         0.326399       0.388748       
731         0.791505       0.855443       
732         0.594089       0.445178       
733         0.86813        0.88918        
734         0.412129       0.354739       
735         0.872203       0.824038       
736         0.401273       0.521998       
737         0.864911       0.898258       
738         0.420624       0.329006       
739         0.877318       0.79474        
740         0.387472       0.587261       
741         0.854415       0.872588       
742         0.447804       0.400242       
743         0.890192       0.864174       
744         0.3519         0.422558       
745         0.821039       0.87841        
746         0.528962       0.384501       
747         0.89698        0.851976       
748         0.332664       0.454006       
749         0.799195       0.892384       
750         0.577737       0.345725       
751         0.878245       0.814317       
752         0.38495        0.544338       
753         0.852349       0.892923       
754         0.453062       0.344202       
755         0.892068       0.812617       
756         0.346616       0.548174       
757         0.815304       0.891645       
758         0.542099       0.34781        
759         0.89362        0.816618       
760         0.342229       0.539111       
761         0.81039        0.894493       
762         0.553169       0.339751       
763         0.889823       0.807552       
764         0.352937       0.559481       
765         0.822141       0.887263       
766         0.526412       0.360098       
767         0.897489       0.829539       
768         0.33121        0.509054       
769         0.797435       0.899705       
770         0.581516       0.32485        
771         0.876079       0.78956        
772         0.390834       0.598157       
773         0.857098       0.865315       
774         0.440932       0.419563       
775         0.88744        0.876707       
776         0.359606       0.389129       
777         0.829042       0.855748       
778         0.510233       0.444397       
779         0.899623       0.88887        
780         0.325085       0.355609       
781         0.789857       0.824945       
782         0.597538       0.51988        
783         0.865751       0.898577       
784         0.418415       0.32809        
785         0.876038       0.793609       
786         0.390943       0.589657       
787         0.857184       0.871062       
788         0.44071        0.404327       
789         0.887345       0.867048       
790         0.35987        0.414993       
791         0.829308       0.873986       
792         0.509601       0.396485       
793         0.899668       0.861425       
794         0.324955       0.429739       
795         0.789694       0.882228       
796         0.597879       0.374045       
797         0.865511       0.842887       
798         0.419046       0.476742       
799         0.876407       0.898053       
800         0.389943       0.329595       
801         0.856395       0.795464       
802         0.442738       0.585725       
803         0.888196       0.873545       
804         0.357494       0.397672       
805         0.826891       0.862304       
806         0.515311       0.427448       
807         0.899156       0.88105        
808         0.326428       0.377282       
809         0.791542       0.845785       
810         0.594012       0.469558       
811         0.868182       0.896664       
812         0.41199        0.333568       
813         0.872115       0.800282       
814         0.401509       0.575391       
815         0.865078       0.879538       
816         0.420185       0.381422       
817         0.877067       0.849381       
818         0.388155       0.460557       
819         0.854967       0.894399       
820         0.446396       0.340017       
821         0.889656       0.807859       
822         0.353407       0.558802       
823         0.822637       0.887553       
824         0.525259       0.359291       
825         0.897703       0.828723       
826         0.330596       0.510987       
827         0.796688       0.899565       
828         0.583115       0.325251       
829         0.875131       0.790066       
830         0.393396       0.597102       
831         0.859088       0.866056       
832         0.435801       0.41761        
833         0.885162       0.875563       
834         0.36594        0.392229       
835         0.8353         0.858187       
836         0.495266       0.438127       
837         0.899919       0.886218       
838         0.324232       0.363008       
839         0.788781       0.832439       
840         0.599781       0.502143       
841         0.864158       0.899983       
842         0.422601       0.324048       
843         0.878434       0.788547       
844         0.384437       0.600267       
845         0.851922       0.863808       
846         0.454142       0.423518       
847         0.89243        0.878942       
848         0.345597       0.383051       
849         0.814175       0.850762       
850         0.54466        0.457077       
851         0.89282        0.893367       
852         0.344493       0.342943       
853         0.812943       0.8112         
854         0.547439       0.551357       
855         0.891898       0.890505       
856         0.347097       0.351022       
857         0.815834       0.8201         
858         0.540896       0.53113        
859         0.893979       0.896511       
860         0.34121        0.334003       
861         0.809228       0.800802       
862         0.55576        0.574264       
863         0.888807       0.880145       
864         0.355785       0.379762       
865         0.825128       0.847955       
866         0.519451       0.464139       
867         0.898638       0.89537        
868         0.327916       0.337256       
869         0.793394       0.804652       
870         0.590113       0.565875       
871         0.870767       0.884378       
872         0.405115       0.368113       
873         0.867588       0.837381       
874         0.413564       0.490227       
875         0.873104       0.899656       
876         0.398857       0.32499        
877         0.863173       0.789737       
878         0.42518        0.597788       
879         0.879847       0.865575       
880         0.380578       0.418878       
881         0.848658       0.876309       
882         0.462375       0.390208       
883         0.894904       0.856605       
884         0.338584       0.442199       
885         0.806201       0.887972       
886         0.562467       0.358119       
887         0.885952       0.827531       
888         0.363747       0.513804       
889         0.833166       0.899314       
890         0.500401       0.325974       
891         0.899999       0.790974       
892         0.324002       0.595203       
893         0.788489       0.867371       
894         0.600388       0.414139       
895         0.86372        0.87346        
896         0.423747       0.397898       
897         0.879068       0.862471       
898         0.382707       0.427013       
899         0.850473       0.880823       
900         0.457808       0.377907       
901         0.893591       0.846336       
902         0.342309       0.468186       
903         0.810481       0.896356       
904         0.552967       0.334446       
905         0.8899         0.801331       
906         0.35272        0.573119       
907         0.821911       0.880753       
908         0.526945       0.378098       
909         0.897386       0.846503       
910         0.331503       0.467768       
911         0.797791       0.89626        
912         0.580753       0.334721       
913         0.876524       0.801658       
914         0.389627       0.572408       
915         0.856144       0.881126       
916         0.443381       0.377076       
917         0.88846        0.845603       
918         0.356757       0.470012       
919         0.826133       0.896763       
920         0.517093       0.333286       
921         0.898948       0.799943       
922         0.327025       0.576122       
923         0.792287       0.879139       
924         0.592445       0.382512       
925         0.869234       0.850307       
926         0.409199       0.458225       
927         0.870319       0.893717       
928         0.406311       0.341952       
929         0.868401       0.810075       
930         0.411412       0.553874       
931         0.871748       0.889551       
932         0.402493       0.353699       
933         0.865773       0.822945       
934         0.418357       0.524543       
935         0.876004       0.897832       
936         0.391036       0.330228       
937         0.857256       0.796239       
938         0.440524       0.584073       
939         0.887265       0.874554       
940         0.360092       0.394952       
941         0.829532       0.860274       
942         0.50907        0.43273        
943         0.899704       0.883709       
944         0.324853       0.369963       
945         0.789564       0.839125       
946         0.598149       0.485979       
947         0.86532        0.899292       
948         0.419548       0.326036       
949         0.876699       0.791052       
950         0.389153       0.595039       
951         0.855767       0.867483       
952         0.444349       0.413842       
953         0.888851       0.873277       
954         0.355663       0.398392       
955         0.825001       0.862833       
956         0.519749       0.426068       
957         0.898596       0.880323       
958         0.328037       0.379277       
959         0.793543       0.847533       
960         0.589797       0.465194       
961         0.870971       0.895639       
962         0.40457        0.336492       
963         0.867215       0.803754       
964         0.414552       0.56784        
965         0.873715       0.883432       
966         0.397214       0.370728       
967         0.861966       0.839839       
968         0.42833        0.484234       
969         0.881508       0.899105       
970         0.376026       0.326574       
971         0.844669       0.791725       
972         0.472331       0.593628       
973         0.897244       0.868442       
974         0.33191        0.411303       
975         0.798285       0.871678       
976         0.579694       0.402679       
977         0.877136       0.865903       
978         0.387967       0.418013       
979         0.854815       0.875801       
980         0.446783       0.391584       
981         0.889805       0.857685       
982         0.352989       0.43942        
983         0.822196       0.886788       
984         0.526284       0.361421       
985         0.897513       0.830865       
986         0.33114        0.505902       
987         0.797351       0.899875       
988         0.581696       0.324361       
989         0.875973       0.788943       
990         0.391121       0.599442       
991         0.857323       0.864401       
992         0.440353       0.421964       
993         0.887192       0.878077       
994         0.360296       0.385407       
995         0.829738       0.852726       
996         0.508581       0.452103       
997         0.899735       0.891741       
998         0.324763       0.34754        
999         0.789451       0.816322       
