# lambda = 3.62
#===============================================
0           0.5            0.5005         
1           0.905          0.904999       
2           0.311229       0.311232       
3           0.776004       0.776007       
4           0.629235       0.629228       
5           0.84454        0.844546       
6           0.475279       0.475262       
7           0.902788       0.902785       
8           0.317699       0.317708       
9           0.784694       0.784706       
10          0.611596       0.611572       
11          0.859917       0.859937       
12          0.436063       0.436013       
13          0.890202       0.890178       
14          0.353828       0.353894       
15          0.827654       0.827724       
16          0.516367       0.516201       
17          0.90403        0.90405        
18          0.31407        0.314012       
19          0.779856       0.779779       
20          0.621484       0.62164        
21          0.851575       0.851438       
22          0.45755        0.4579         
23          0.898477       0.898584       
24          0.330203       0.329894       
25          0.800632       0.800252       
26          0.577826       0.578653       
27          0.883074       0.882606       
28          0.37378        0.375079       
29          0.847328       0.848509       
30          0.468295       0.465321       
31          0.901361       0.900646       
32          0.321852       0.323927       
33          0.790113       0.792773       
34          0.600321       0.594707       
35          0.868567       0.872531       
36          0.413253       0.40262        
37          0.877759       0.870672       
38          0.388418       0.407621       
39          0.859929       0.874107       
40          0.436033       0.398359       
41          0.890188       0.867602       
42          0.353868       0.415825       
43          0.827696       0.87935        
44          0.516267       0.384057       
45          0.904042       0.856337       
46          0.314035       0.445345       
47          0.77981        0.894187       
48          0.621578       0.342513       
49          0.851492       0.815216       
50          0.45776        0.545312       
51          0.898541       0.897568       
52          0.330017       0.332823       
53          0.800403       0.803828       
54          0.578324       0.570833       
55          0.882792       0.886837       
56          0.374562       0.363292       
57          0.84804        0.837346       
58          0.466503       0.493036       
59          0.900938       0.904824       
60          0.32308        0.311744       
61          0.791692       0.776706       
62          0.596996       0.62783        
63          0.870942       0.845848       
64          0.406894       0.47201        
65          0.873619       0.902164       
66          0.399679       0.319516       
67          0.868567       0.787081       
68          0.413252       0.606656       
69          0.877759       0.863821       
70          0.38842        0.425836       
71          0.85993        0.885089       
72          0.43603        0.368177       
73          0.890186       0.842094       
74          0.353872       0.481357       
75          0.827701       0.903742       
76          0.516256       0.314913       
77          0.904043       0.780989       
78          0.314031       0.619184       
79          0.779805       0.853578       
80          0.621588       0.452436       
81          0.851483       0.89681        
82          0.457784       0.335          
83          0.898548       0.806446       
84          0.329996       0.565049       
85          0.800377       0.889683       
86          0.57838        0.355294       
87          0.882761       0.829198       
88          0.374649       0.512696       
89          0.848119       0.904416       
90          0.466303       0.312939       
91          0.90089        0.77833        
92          0.323221       0.624567       
93          0.791872       0.848828       
94          0.596615       0.464514       
95          0.871209       0.900442       
96          0.406177       0.324521       
97          0.873134       0.793529       
98          0.400991       0.593103       
99          0.869514       0.873621       
100         0.410723       0.399674       
101         0.876147       0.868563       
102         0.392818       0.413263       
103         0.863413       0.877766       
104         0.426909       0.388401       
105         0.885661       0.859915       
106         0.366582       0.436069       
107         0.840563       0.890204       
108         0.485142       0.353821       
109         0.904201       0.827647       
110         0.31357        0.516385       
111         0.779183       0.904028       
112         0.622845       0.314076       
113         0.850371       0.779864       
114         0.46061        0.621467       
115         0.899383       0.85159        
116         0.327585       0.457513       
117         0.797388       0.898465       
118         0.584848       0.330236       
119         0.878939       0.800672       
120         0.385187       0.577738       
121         0.857281       0.883123       
122         0.442909       0.373643       
123         0.893201       0.847203       
124         0.345323       0.468609       
125         0.818391       0.901433       
126         0.53803        0.321643       
127         0.899764       0.789843       
128         0.326482       0.600887       
129         0.796007       0.868155       
130         0.587814       0.414352       
131         0.877085       0.878445       
132         0.390261       0.38654        
133         0.861406       0.858399       
134         0.432176       0.44001        
135         0.888348       0.891972       
136         0.359053       0.348814       
137         0.833085       0.822257       
138         0.503377       0.529064       
139         0.904959       0.901942       
140         0.311351       0.320162       
141         0.776169       0.787923       
142         0.628905       0.604904       
143         0.844849       0.865163       
144         0.474508       0.422296       
145         0.902648       0.883142       
146         0.318107       0.373591       
147         0.785233       0.847155       
148         0.610485       0.46873        
149         0.860811       0.90146        
150         0.433733       0.321563       
151         0.889103       0.78974        
152         0.356927       0.601104       
153         0.830899       0.867997       
154         0.508632       0.414774       
155         0.90473        0.878706       
156         0.31202        0.385825       
157         0.777082       0.85781        
158         0.627076       0.441539       
159         0.846543       0.892628       
160         0.470267       0.346953       
161         0.9018         0.820207       
162         0.320576       0.533833       
163         0.788462       0.900856       
164         0.603779       0.323317       
165         0.866012       0.791995       
166         0.420046       0.596354       
167         0.881859       0.871391       
168         0.377145       0.405688       
169         0.850362       0.872801       
170         0.460631       0.401891       
171         0.899389       0.870156       
172         0.327567       0.409004       
173         0.797366       0.875025       
174         0.584896       0.395869       
175         0.87891        0.865748       
176         0.385268       0.420748       
177         0.857348       0.882263       
178         0.442734       0.376027       
179         0.893129       0.849363       
180         0.345528       0.463161       
181         0.818621       0.900087       
182         0.5375         0.325547       
183         0.899909       0.794829       
184         0.326062       0.590334       
185         0.795479       0.87546        
186         0.588945       0.394688       
187         0.876361       0.864852       
188         0.392235       0.423117       
189         0.86296        0.883602       
190         0.428101       0.372314       
191         0.886287       0.845981       
192         0.364833       0.471676       
193         0.838862       0.902096       
194         0.489324       0.319715       
195         0.904587       0.78734        
196         0.312439       0.606118       
197         0.777651       0.864235       
198         0.625934       0.424745       
199         0.847589       0.884499       
200         0.467638       0.369822       
201         0.901209       0.843655       
202         0.322294       0.477484       
203         0.790683       0.903165       
204         0.599123       0.316599       
205         0.869432       0.783238       
206         0.410942       0.614591       
207         0.876289       0.857466       
208         0.392433       0.44243        
209         0.863114       0.893002       
210         0.427696       0.345888       
211         0.886075       0.819023       
212         0.365424       0.536571       
213         0.83944        0.900158       
214         0.487906       0.325341       
215         0.904471       0.794569       
216         0.312781       0.590889       
217         0.778115       0.875096       
218         0.625          0.395676       
219         0.848438       0.865602       
220         0.465499       0.421133       
221         0.900691       0.882484       
222         0.323797       0.375417       
223         0.792608       0.848814       
224         0.595058       0.464551       
225         0.872289       0.900451       
226         0.40327        0.324493       
227         0.871129       0.793495       
228         0.406393       0.593176       
229         0.873281       0.873572       
230         0.400595       0.399807       
231         0.869229       0.86866        
232         0.411484       0.413004       
233         0.876637       0.877603       
234         0.391483       0.388847       
235         0.862371       0.860275       
236         0.429647       0.435131       
237         0.887083       0.889767       
238         0.362605       0.355055       
239         0.836664       0.828947       
240         0.494701       0.513293       
241         0.904898       0.90436        
242         0.311528       0.313104       
243         0.776411       0.778553       
244         0.628421       0.624119       
245         0.845299       0.849232       
246         0.473383       0.463493       
247         0.902435       0.900175       
248         0.318726       0.325292       
249         0.786046       0.794507       
250         0.608804       0.591021       
251         0.862146       0.875009       
252         0.430239       0.395914       
253         0.887383       0.865781       
254         0.361763       0.420659       
255         0.835823       0.882212       
256         0.496746       0.376168       
257         0.904962       0.84949        
258         0.311342       0.462842       
259         0.776157       0.900002       
260         0.628928       0.325795       
261         0.844826       0.795142       
262         0.474563       0.589665       
263         0.902658       0.875896       
264         0.318078       0.393503       
265         0.785194       0.863943       
266         0.610566       0.425514       
267         0.860746       0.884915       
268         0.433901       0.368661       
269         0.889184       0.842555       
270         0.3567         0.480214       
271         0.830663       0.903583       
272         0.509195       0.315378       
273         0.904694       0.781611       
274         0.312127       0.617917       
275         0.777227       0.854666       
276         0.626785       0.449648       
277         0.84681        0.895822       
278         0.469596       0.337836       
279         0.901654       0.809804       
280         0.321001       0.557558       
281         0.789013       0.893007       
282         0.602627       0.345875       
283         0.866873       0.819008       
284         0.417764       0.536606       
285         0.880519       0.900149       
286         0.380844       0.325368       
287         0.853602       0.794603       
288         0.452374       0.590816       
289         0.896789       0.875144       
290         0.335061       0.395548       
291         0.806519       0.865505       
292         0.564887       0.421391       
293         0.889759       0.882631       
294         0.355079       0.375009       
295         0.828973       0.848446       
296         0.513232       0.465479       
297         0.904366       0.900686       
298         0.313087       0.323812       
299         0.778529       0.792627       
300         0.624165       0.595018       
301         0.84919        0.872317       
302         0.463599       0.403196       
303         0.900203       0.871077       
304         0.325211       0.406533       
305         0.794404       0.873376       
306         0.59124        0.400338       
307         0.874864       0.869045       
308         0.396306       0.411978       
309         0.866076       0.876953       
310         0.419877       0.390622       
311         0.881761       0.861692       
312         0.377416       0.431427       
313         0.850603       0.887978       
314         0.46002        0.360093       
315         0.899214       0.834142       
316         0.328075       0.500824       
317         0.797999       0.904998       
318         0.583532       0.311237       
319         0.879741       0.776014       
320         0.382984       0.629216       
321         0.855432       0.844558       
322         0.447677       0.475233       
323         0.89509        0.902779       
324         0.339933       0.317723       
325         0.81225        0.784726       
326         0.552049       0.611531       
327         0.895193       0.85997        
328         0.339638       0.435926       
329         0.811908       0.890138       
330         0.552823       0.354008       
331         0.894899       0.827844       
332         0.340478       0.515916       
333         0.812881       0.904083       
334         0.550622       0.313915       
335         0.895723       0.779648       
336         0.338119       0.621905       
337         0.810136       0.851204       
338         0.556813       0.458494       
339         0.893316       0.898764       
340         0.344996       0.329375       
341         0.818025       0.799612       
342         0.538873       0.580043       
343         0.89953        0.881807       
344         0.327161       0.377289       
345         0.796859       0.85049        
346         0.585987       0.460308       
347         0.878234       0.899297       
348         0.387118       0.327834       
349         0.858873       0.7977         
350         0.438781       0.584177       
351         0.891433       0.879349       
352         0.350345       0.38406        
353         0.823924       0.85634        
354         0.525166       0.445339       
355         0.902707       0.894184       
356         0.317933       0.34252        
357         0.785003       0.815225       
358         0.61096        0.545293       
359         0.86043        0.897574       
360         0.434727       0.332805       
361         0.889577       0.803806       
362         0.355593       0.57088        
363         0.829511       0.886813       
364         0.51195        0.36336        
365         0.904483       0.837412       
366         0.312744       0.492873       
367         0.778066       0.904816       
368         0.625099       0.311769       
369         0.848348       0.776739       
370         0.465727       0.627763       
371         0.900748       0.845909       
372         0.323632       0.471856       
373         0.792398       0.902133       
374         0.595503       0.319607       
375         0.871982       0.7872         
376         0.404097       0.606409       
377         0.871706       0.864011       
378         0.404843       0.425335       
379         0.872221       0.884819       
380         0.403454       0.368931       
381         0.871257       0.842811       
382         0.406048       0.479579       
383         0.873046       0.90349        
384         0.401228       0.315648       
385         0.869684       0.781972       
386         0.410269       0.617181       
387         0.875853       0.855292       
388         0.393619       0.448038       
389         0.864033       0.895226       
390         0.425278       0.339543       
391         0.884788       0.811798       
392         0.369017       0.553071       
393         0.842893       0.894804       
394         0.479377       0.340749       
395         0.90346        0.813194       
396         0.315736       0.549913       
397         0.782089       0.895982       
398         0.616942       0.337379       
399         0.855495       0.809267       
400         0.447517       0.558761       
401         0.895029       0.892501       
402         0.340107       0.347315       
403         0.812452       0.820608       
404         0.551592       0.532903       
405         0.895365       0.901081       
406         0.339147       0.322665       
407         0.811337       0.79116        
408         0.554111       0.598118       
409         0.8944         0.87015        
410         0.341903       0.409021       
411         0.814519       0.875037       
412         0.546901       0.395838       
413         0.897037       0.865724       
414         0.334349       0.42081        
415         0.805667       0.882299       
416         0.566776       0.375929       
417         0.888858       0.849275       
418         0.357617       0.463385       
419         0.831612       0.900147       
420         0.506922       0.325375       
421         0.904827       0.794612       
422         0.311738       0.590798       
423         0.776698       0.875156       
424         0.627847       0.395515       
425         0.845832       0.86548        
426         0.472049       0.421456       
427         0.902172       0.882668       
428         0.319493       0.374907       
429         0.78705        0.848353       
430         0.60672        0.465712       
431         0.863772       0.900744       
432         0.425966       0.323643       
433         0.885159       0.792411       
434         0.367983       0.595474       
435         0.841909       0.872002       
436         0.481816       0.404043       
437         0.903803       0.871668       
438         0.314734       0.404943       
439         0.780749       0.87229        
440         0.619672       0.403267       
441         0.853157       0.871127       
442         0.453514       0.406398       
443         0.897177       0.873284       
444         0.333945       0.400585       
445         0.805182       0.869222       
446         0.567848       0.411503       
447         0.888336       0.876649       
448         0.359087       0.39145        
449         0.83312        0.862345       
450         0.503293       0.429716       
451         0.904961       0.887118       
452         0.311345       0.362506       
453         0.776161       0.836566       
454         0.628921       0.49494        
455         0.844833       0.904907       
456         0.474545       0.311501       
457         0.902654       0.776375       
458         0.318087       0.628493       
459         0.785206       0.845232       
460         0.61054        0.473549       
461         0.860767       0.902467       
462         0.433848       0.318633       
463         0.889159       0.785923       
464         0.356771       0.609057       
465         0.830738       0.861945       
466         0.509017       0.430764       
467         0.904706       0.887647       
468         0.312092       0.361022       
469         0.77718        0.83508        
470         0.626879       0.498551       
471         0.846724       0.904992       
472         0.469813       0.311252       
473         0.901701       0.776034       
474         0.320863       0.629174       
475         0.788834       0.844597       
476         0.603002       0.475137       
477         0.866594       0.902762       
478         0.418503       0.317773       
479         0.880957       0.784792       
480         0.379636       0.611394       
481         0.852555       0.86008        
482         0.455052       0.435638       
483         0.897686       0.890004       
484         0.332481       0.354386       
485         0.803414       0.828243       
486         0.571744       0.514968       
487         0.886367       0.904189       
488         0.364607       0.313605       
489         0.838641       0.77923        
490         0.489866       0.62275        
491         0.904628       0.850455       
492         0.312319       0.460396       
493         0.777489       0.899322       
494         0.62626        0.327762       
495         0.847291       0.797609       
496         0.468387       0.584372       
497         0.901382       0.87923        
498         0.32179        0.384387       
499         0.790033       0.856614       
500         0.600488       0.444632       
501         0.868446       0.893903       
502         0.413577       0.343323       
503         0.877963       0.816138       
504         0.387862       0.543206       
505         0.859479       0.898242       
506         0.437205       0.330879       
507         0.890726       0.801461       
508         0.352347       0.57602        
509         0.826079       0.88408        
510         0.520094       0.370987       
511         0.903538       0.844747       
512         0.315508       0.474761       
513         0.781784       0.902694       
514         0.617563       0.317972       
515         0.854968       0.785054       
516         0.448872       0.610854       
517         0.895537       0.860516       
518         0.338652       0.434503       
519         0.81076        0.889471       
520         0.55541        0.355891       
521         0.893886       0.829822       
522         0.343372       0.511207       
523         0.816192       0.904545       
524         0.543081       0.312562       
525         0.898281       0.777818       
526         0.330766       0.625597       
527         0.801323       0.847896       
528         0.57632        0.466867       
529         0.883915       0.901026       
530         0.371447       0.322825       
531         0.845176       0.791365       
532         0.473689       0.597686       
533         0.902494       0.870456       
534         0.318555       0.408199       
535         0.785821       0.874493       
536         0.609269       0.397314       
537         0.861778       0.866829       
538         0.431202       0.41788        
539         0.887866       0.880588       
540         0.360407       0.380654       
541         0.83446        0.853439       
542         0.500053       0.452793       
543         0.905          0.896933       
544         0.31123        0.334648       
545         0.776004       0.806025       
546         0.629235       0.565983       
547         0.84454        0.88924        
548         0.475278       0.356543       
549         0.902788       0.830501       
550         0.317699       0.509585       
551         0.784694       0.904667       
552         0.611596       0.312204       
553         0.859918       0.777333       
554         0.436063       0.626574       
555         0.890202       0.847004       
556         0.353829       0.469108       
557         0.827655       0.901545       
558         0.516365       0.321316       
559         0.90403        0.789421       
560         0.314069       0.601773       
561         0.779855       0.867505       
562         0.621485       0.416084       
563         0.851574       0.879508       
564         0.457554       0.383624       
565         0.898478       0.855973       
566         0.3302         0.446285       
567         0.800628       0.894555       
568         0.577835       0.34146        
569         0.883069       0.814012       
570         0.373795       0.548055       
571         0.847342       0.89664        
572         0.468261       0.335489       
573         0.901353       0.807029       
574         0.321874       0.563755       
575         0.790142       0.890286       
576         0.60026        0.35359        
577         0.868612       0.827403       
578         0.413134       0.516963       
579         0.877685       0.903958       
580         0.388622       0.31428        
581         0.860094       0.780139       
582         0.435604       0.62091        
583         0.889988       0.852079       
584         0.354431       0.456267       
585         0.828291       0.898077       
586         0.514854       0.331357       
587         0.904201       0.802045       
588         0.313569       0.574742       
589         0.779182       0.884777       
590         0.622848       0.369046       
591         0.850368       0.842921       
592         0.460617       0.479307       
593         0.899385       0.90345        
594         0.327579       0.315766       
595         0.797381       0.78213        
596         0.584864       0.616859       
597         0.878929       0.855566       
598         0.385213       0.447335       
599         0.857303       0.894959       
600         0.442851       0.340305       
601         0.893177       0.812681       
602         0.345391       0.551074       
603         0.818467       0.895557       
604         0.537854       0.338595       
605         0.899813       0.810694       
606         0.326342       0.55556        
607         0.795832       0.893825       
608         0.588191       0.343543       
609         0.876845       0.816387       
610         0.390916       0.542635       
611         0.861925       0.89842        
612         0.430818       0.330367       
613         0.887674       0.800833       
614         0.360946       0.577387       
615         0.835003       0.883321       
616         0.498737       0.373097       
617         0.904994       0.846702       
618         0.311246       0.469868       
619         0.776027       0.901713       
620         0.629189       0.320828       
621         0.844583       0.788788       
622         0.475171       0.603097       
623         0.902768       0.866523       
624         0.317755       0.418692       
625         0.784768       0.881068       
626         0.611443       0.379329       
627         0.860041       0.852287       
628         0.43574        0.455735       
629         0.890052       0.897907       
630         0.354251       0.331846       
631         0.828101       0.802641       
632         0.515305       0.573438       
633         0.904152       0.885477       
634         0.313713       0.367095       
635         0.779376       0.841058       
636         0.622455       0.48392        
637         0.850717       0.904064       
638         0.459731       0.313971       
639         0.89913        0.779723       
640         0.328317       0.621753       
641         0.7983         0.851338       
642         0.582881       0.458153       
643         0.880133       0.898661       
644         0.381906       0.329672       
645         0.854515       0.799978       
646         0.450036       0.579249       
647         0.895963       0.882265       
648         0.337432       0.376021       
649         0.809329       0.849358       
650         0.558622       0.463175       
651         0.89256        0.900091       
652         0.347146       0.325536       
653         0.820422       0.794816       
654         0.533335       0.590362       
655         0.900977       0.875441       
656         0.322966       0.394738       
657         0.791545       0.86489        
658         0.597305       0.423015       
659         0.870725       0.883546       
660         0.407478       0.372472       
661         0.874012       0.846126       
662         0.398618       0.471311       
663         0.867792       0.902021       
664         0.415319       0.319934       
665         0.879041       0.787625       
666         0.384907       0.605523       
667         0.857048       0.864691       
668         0.443511       0.423542       
669         0.893449       0.883838       
670         0.344617       0.371659       
671         0.817599       0.845373       
672         0.539853       0.473196       
673         0.899251       0.902399       
674         0.327968       0.318831       
675         0.797866       0.786184       
676         0.583818       0.608518       
677         0.879568       0.86237        
678         0.383459       0.42965        
679         0.855834       0.887084       
680         0.446643       0.3626         
681         0.894694       0.836659       
682         0.341065       0.494711       
683         0.813557       0.904899       
684         0.549089       0.311526       
685         0.896277       0.776409       
686         0.336532       0.628425       
687         0.808267       0.845296       
688         0.560997       0.47339        
689         0.891531       0.902437       
690         0.350066       0.318722       
691         0.823621       0.78604        
692         0.525875       0.608815       
693         0.902576       0.862136       
694         0.318315       0.430263       
695         0.785506       0.887395       
696         0.609921       0.361729       
697         0.861261       0.83579        
698         0.432556       0.496828       
699         0.888534       0.904964       
700         0.35853        0.311336       
701         0.83255        0.77615        
702         0.504666       0.628944       
703         0.904921       0.844812       
704         0.311461       0.474598       
705         0.776319       0.902664       
706         0.628604       0.318059       
707         0.845129       0.785168       
708         0.473808       0.610618       
709         0.902517       0.860705       
710         0.318489       0.43401        
711         0.785734       0.889236       
712         0.609448       0.356553       
713         0.861636       0.830511       
714         0.431573       0.50956        
715         0.88805        0.904669       
716         0.359889       0.312199       
717         0.833936       0.777326       
718         0.501323       0.626588       
719         0.904994       0.846992       
720         0.311248       0.469141       
721         0.776029       0.901553       
722         0.629185       0.321295       
723         0.844587       0.789393       
724         0.47516        0.601831       
725         0.902766       0.867462       
726         0.317761       0.416196       
727         0.784776       0.879577       
728         0.611428       0.383436       
729         0.860053       0.855815       
730         0.435709       0.446693       
731         0.890037       0.894713       
732         0.354293       0.341009       
733         0.828145       0.813493       
734         0.515201       0.549233       
735         0.904163       0.896225       
736         0.31368        0.336679       
737         0.779331       0.808442       
738         0.622547       0.560607       
739         0.850636       0.891703       
740         0.459937       0.349579       
741         0.89919        0.823092       
742         0.328144       0.527114       
743         0.798085       0.902339       
744         0.583346       0.319007       
745         0.879854       0.786415       
746         0.382675       0.608039       
747         0.85517        0.862745       
748         0.448353       0.428665       
749         0.895344       0.886579       
750         0.339205       0.364015       
751         0.811405       0.83806        
752         0.553957       0.491291       
753         0.894461       0.904725       
754         0.34173        0.312034       
755         0.814321       0.777101       
756         0.547351       0.627038       
757         0.896883       0.846578       
758         0.33479        0.470178       
759         0.806195       0.901781       
760         0.565605       0.320632       
761         0.889419       0.788534       
762         0.356037       0.603628       
763         0.829974       0.866126       
764         0.510845       0.419745       
765         0.904574       0.881684       
766         0.312477       0.377628       
767         0.777703       0.850791       
768         0.625829       0.459544       
769         0.847685       0.899075       
770         0.467396       0.328475       
771         0.901152       0.798497       
772         0.322459       0.582457       
773         0.790895       0.880387       
774         0.598676       0.381206       
775         0.869752       0.853914       
776         0.410086       0.451576       
777         0.875734       0.896511       
778         0.393942       0.335859       
779         0.864281       0.807469       
780         0.424623       0.562775       
781         0.884432       0.890734       
782         0.370007       0.352322       
783         0.843829       0.826052       
784         0.47705        0.520157       
785         0.903093       0.903529       
786         0.316807       0.315534       
787         0.783514       0.78182        
788         0.614023       0.61749        
789         0.857935       0.85503        
790         0.441214       0.448713       
791         0.89249        0.895478       
792         0.347345       0.338822       
793         0.820641       0.810958       
794         0.532826       0.554964       
795         0.901099       0.894064       
796         0.322612       0.342864       
797         0.791092       0.815616       
798         0.598262       0.544399       
799         0.870048       0.897864       
800         0.409294       0.33197        
801         0.875216       0.802792       
802         0.39535        0.573107       
803         0.865355       0.885652       
804         0.421787       0.366605       
805         0.882855       0.840585       
806         0.374387       0.485086       
807         0.847881       0.904195       
808         0.466903       0.313588       
809         0.901035       0.779207       
810         0.3228         0.622797       
811         0.791332       0.850413       
812         0.597754       0.460502       
813         0.870408       0.899352       
814         0.408329       0.327674       
815         0.874579       0.797499       
816         0.39708        0.584609       
817         0.866655       0.879086       
818         0.418342       0.384784       
819         0.880862       0.856946       
820         0.379898       0.443775       
821         0.852784       0.893556       
822         0.454468       0.34431        
823         0.897495       0.817254       
824         0.333031       0.540647       
825         0.804079       0.899019       
826         0.57028        0.328637       
827         0.88712        0.798698       
828         0.3625         0.582023       
829         0.83656        0.880646       
830         0.494954       0.380494       
831         0.904908       0.8533         
832         0.3115         0.453148       
833         0.776373       0.897054       
834         0.628497       0.334301       
835         0.845228       0.805609       
836         0.473559       0.566903       
837         0.902469       0.888797       
838         0.318627       0.35779        
839         0.785916       0.831791       
840         0.609073       0.506492       
841         0.861933       0.904847       
842         0.430795       0.311677       
843         0.887663       0.776614       
844         0.360978       0.628014       
845         0.835036       0.845677       
846         0.498659       0.472436       
847         0.904993       0.90225        
848         0.311249       0.319267       
849         0.77603        0.786754       
850         0.629183       0.607335       
851         0.844588       0.863295       
852         0.475157       0.42722        
853         0.902766       0.885825       
854         0.317763       0.366122       
855         0.784778       0.840118       
856         0.611423       0.486237       
857         0.860057       0.904314       
858         0.435699       0.313238       
859         0.890033       0.778735       
860         0.354306       0.623751       
861         0.828159       0.849562       
862         0.515169       0.46266        
863         0.904167       0.899953       
864         0.313669       0.325937       
865         0.779317       0.795322       
866         0.622575       0.589282       
867         0.850611       0.876144       
868         0.460001       0.392826       
869         0.899208       0.86342        
870         0.32809        0.426892       
871         0.798018       0.885652       
872         0.58349        0.366607       
873         0.879766       0.840587       
874         0.382915       0.485082       
875         0.855374       0.904194       
876         0.447828       0.313589       
877         0.895147       0.779209       
878         0.33977        0.622793       
879         0.812061       0.850417       
880         0.552477       0.460493       
881         0.895031       0.89935        
882         0.3401         0.327682       
883         0.812444       0.797509       
884         0.55161        0.584588       
885         0.895358       0.879098       
886         0.339166       0.384749       
887         0.81136        0.856917       
888         0.554059       0.44385        
889         0.894421       0.893587       
890         0.341845       0.344224       
891         0.814452       0.817156       
892         0.547053       0.540872       
893         0.896985       0.898953       
894         0.334498       0.328829       
895         0.805844       0.798936       
896         0.566382       0.581508       
897         0.889048       0.88095        
898         0.357082       0.379654       
899         0.83106        0.852571       
900         0.508245       0.455011       
901         0.904754       0.897673       
902         0.311951       0.332519       
903         0.776988       0.803459       
904         0.627265       0.571643       
905         0.846369       0.88642        
906         0.470704       0.364461       
907         0.901893       0.838498       
908         0.320305       0.490217       
909         0.788109       0.904654       
910         0.604516       0.312245       
911         0.865457       0.777388       
912         0.421517       0.626463       
913         0.882702       0.847106       
914         0.374811       0.468853       
915         0.848266       0.901488       
916         0.465933       0.321482       
917         0.900799       0.789636       
918         0.323484       0.601322       
919         0.792209       0.867836       
920         0.595903       0.415201       
921         0.871705       0.878969       
922         0.404843       0.385104       
923         0.872221       0.857212       
924         0.403453       0.443086       
925         0.871257       0.893274       
926         0.406049       0.345114       
927         0.873047       0.818158       
928         0.401226       0.538568       
929         0.869682       0.899615       
930         0.410273       0.326913       
931         0.875856       0.796549       
932         0.393611       0.586653       
933         0.864027       0.877818       
934         0.425294       0.388258       
935         0.884797       0.859799       
936         0.368992       0.436371       
937         0.84287        0.890344       
938         0.479434       0.353427       
939         0.903469       0.827229       
940         0.315711       0.517375       
941         0.782055       0.903907       
942         0.61701        0.314429       
943         0.855437       0.78034        
944         0.447665       0.620502       
945         0.895085       0.852435       
946         0.339947       0.455359       
947         0.812266       0.897786       
948         0.552013       0.332194       
949         0.895207       0.803065       
950         0.339598       0.572508       
951         0.811862       0.885968       
952         0.552927       0.365723       
953         0.89486        0.839731       
954         0.340591       0.487191       
955         0.813012       0.904406       
956         0.550326       0.31297        
957         0.895832       0.778371       
958         0.337809       0.624484       
959         0.809772       0.848904       
960         0.557629       0.464324       
961         0.892978       0.900393       
962         0.345958       0.324663       
963         0.819102       0.79371        
964         0.536391       0.592719       
965         0.900206       0.873879       
966         0.325203       0.398975       
967         0.794395       0.868054       
968         0.591261       0.41462        
969         0.87485        0.878611       
970         0.396344       0.386086       
971         0.866105       0.858025       
972         0.419802       0.440981       
973         0.881717       0.892391       
974         0.377537       0.347627       
975         0.85071        0.820952       
976         0.45975        0.532102       
977         0.899135       0.901269       
978         0.328302       0.322118       
979         0.798281       0.790456       
980         0.582923       0.5996         
981         0.880108       0.869089       
982         0.381974       0.41186        
983         0.854573       0.876877       
984         0.449887       0.390828       
985         0.895909       0.861855       
986         0.337587       0.431001       
987         0.809512       0.887766       
988         0.558213       0.360688       
989         0.892733       0.834744       
990         0.346654       0.499366       
991         0.819876       0.904999       
992         0.534599       0.311234       
993         0.900667       0.77601        
994         0.323868       0.629224       
995         0.792699       0.844551       
996         0.594865       0.475251       
997         0.872422       0.902783       
998         0.402912       0.317713       
999         0.870878       0.784713       
