# lambda = 3.61
#===============================================
0           0.5            0.5005         
1           0.9025         0.902499       
2           0.317657       0.31766        
3           0.782472       0.782475       
4           0.614457       0.61445        
5           0.855208       0.855213       
6           0.447018       0.447003       
7           0.892366       0.892361       
8           0.346736       0.346752       
9           0.817702       0.817719       
10          0.538127       0.538086       
11          0.897252       0.897263       
12          0.332808       0.332776       
13          0.80159        0.80155        
14          0.574148       0.574233       
15          0.882653       0.882607       
16          0.373913       0.374039       
17          0.845109       0.845223       
18          0.472549       0.472264       
19          0.89978        0.899723       
20          0.325536       0.3257         
21          0.79262        0.792827       
22          0.593389       0.592951       
23          0.871016       0.87131        
24          0.405574       0.404786       
25          0.870312       0.869773       
26          0.407456       0.408898       
27          0.871583       0.872538       
28          0.404054       0.401486       
29          0.869267       0.867465       
30          0.410246       0.415039       
31          0.873419       0.876442       
32          0.399116       0.390933       
33          0.865759       0.859556       
34          0.419555       0.435796       
35          0.879139       0.887619       
36          0.383577       0.360103       
37          0.853569       0.831848       
38          0.451211       0.504956       
39          0.893907       0.902411       
40          0.342363       0.317915       
41          0.812794       0.782811       
42          0.549297       0.613765       
43          0.893727       0.855777       
44          0.342875       0.445555       
45          0.813375       0.891799       
46          0.547984       0.348342       
47          0.894188       0.819469       
48          0.341563       0.534062       
49          0.811881       0.898312       
50          0.551357       0.329766       
51          0.892979       0.797883       
52          0.345          0.582169       
53          0.81577        0.878126       
54          0.542545       0.386345       
55          0.895965       0.855868       
56          0.336493       0.445323       
57          0.805988       0.891708       
58          0.5645         0.3486         
59          0.887482       0.819752       
60          0.360488       0.533409       
61          0.832236       0.898471       
62          0.504025       0.329308       
63          0.902442       0.797321       
64          0.317827       0.583378       
65          0.782695       0.877404       
66          0.614001       0.388315       
67          0.855584       0.85747        
68          0.446052       0.441196       
69          0.891993       0.890017       
70          0.347792       0.353371       
71          0.818866       0.824885       
72          0.535452       0.521464       
73          0.897963       0.900837       
74          0.330769       0.322481       
75          0.799112       0.788738       
76          0.57952        0.601537       
77          0.879672       0.865282       
78          0.382114       0.420814       
79          0.852332       0.879864       
80          0.454363       0.381589       
81          0.894981       0.851884       
82          0.339303       0.455501       
83          0.809277       0.895352       
84          0.557196       0.338246       
85          0.89069        0.808047       
86          0.351474       0.559937       
87          0.822863       0.889531       
88          0.526191       0.354738       
89          0.900024       0.826325       
90          0.324832       0.518078       
91          0.791731       0.90132        
92          0.595264       0.321081       
93          0.869738       0.786937       
94          0.408989       0.605279       
95          0.872599       0.862488       
96          0.401324       0.428155       
97          0.86735        0.883866       
98          0.415345       0.370554       
99          0.876629       0.84201        
100         0.390424       0.480235       
101         0.859155       0.90109        
102         0.436838       0.321748       
103         0.888098       0.787797       
104         0.358761       0.603494       
105         0.830486       0.863833       
106         0.508213       0.424627       
107         0.902257       0.881991       
108         0.318365       0.375738       
109         0.783401       0.846758       
110         0.612558       0.46843        
111         0.856764       0.898902       
112         0.443018       0.328067       
113         0.890779       0.795785       
114         0.351225       0.586666       
115         0.822596       0.875385       
116         0.526814       0.3938         
117         0.899904       0.861785       
118         0.325176       0.429993       
119         0.792166       0.884807       
120         0.594346       0.367943       
121         0.870367       0.839545       
122         0.407311       0.486299       
123         0.871486       0.901822       
124         0.404314       0.319625       
125         0.869447       0.785048       
126         0.409766       0.609179       
127         0.873107       0.859469       
128         0.399957       0.436023       
129         0.866369       0.887724       
130         0.417944       0.359809       
131         0.878193       0.83155        
132         0.386161       0.505669       
133         0.855717       0.902384       
134         0.445711       0.317994       
135         0.89186        0.782915       
136         0.348169       0.613552       
137         0.819279       0.855952       
138         0.534499       0.445105       
139         0.898203       0.891622       
140         0.330077       0.348843       
141         0.798265       0.820018       
142         0.581347       0.532795       
143         0.878611       0.898617       
144         0.385019       0.328886       
145         0.854773       0.7968         
146         0.448131       0.584495       
147         0.892788       0.876727       
148         0.345542       0.390158       
149         0.816375       0.858944       
150         0.541164       0.437384       
151         0.896383       0.888346       
152         0.335299       0.358067       
153         0.804574       0.829776       
154         0.567618       0.509904       
155         0.885995       0.902146       
156         0.36464        0.318686       
157         0.836356       0.783822       
158         0.494081       0.611697       
159         0.902374       0.857461       
160         0.318025       0.44122        
161         0.782955       0.890027       
162         0.613471       0.353343       
163         0.856019       0.824855       
164         0.444934       0.521534       
165         0.891553       0.900826       
166         0.349036       0.322512       
167         0.820228       0.788778       
168         0.532309       0.601452       
169         0.898732       0.865344       
170         0.328557       0.420651       
171         0.796393       0.87977        
172         0.585366       0.381846       
173         0.876193       0.852103       
174         0.391609       0.454945       
175         0.860088       0.895172       
176         0.434416       0.33876        
177         0.886972       0.808646       
178         0.361911       0.558604       
179         0.833663       0.890102       
180         0.500595       0.353132       
181         0.902499       0.824632       
182         0.317661       0.522058       
183         0.782477       0.900744       
184         0.614447       0.322751       
185         0.855216       0.789083       
186         0.446996       0.600815       
187         0.892358       0.865809       
188         0.346759       0.419424       
189         0.817727       0.879062       
190         0.538069       0.383786       
191         0.897268       0.853745       
192         0.332762       0.450761       
193         0.801534       0.893748       
194         0.574269       0.342815       
195         0.882588       0.813308       
196         0.374092       0.548136       
197         0.845271       0.894135       
198         0.472144       0.341713       
199         0.899699       0.812052       
200         0.32577        0.550971       
201         0.792914       0.893121       
202         0.592767       0.344595       
203         0.871433       0.815316       
204         0.404455       0.543578       
205         0.869545       0.895644       
206         0.409506       0.337411       
207         0.872937       0.807068       
208         0.400413       0.562109       
209         0.866698       0.888574       
210         0.417074       0.357427       
211         0.877675       0.829119       
212         0.387576       0.511468       
213         0.856873       0.902025       
214         0.442738       0.319036       
215         0.890663       0.78428        
216         0.351551       0.610757       
217         0.822946       0.858216       
218         0.525998       0.43927        
219         0.90006        0.889186       
220         0.324727       0.355709       
221         0.791598       0.82734        
222         0.595543       0.515684       
223         0.869546       0.901612       
224         0.409503       0.320235       
225         0.872935       0.785841       
226         0.40042        0.607544       
227         0.866702       0.860748       
228         0.417061       0.432698       
229         0.877667       0.886148       
230         0.387596       0.364211       
231         0.856889       0.835937       
232         0.442695       0.495099       
233         0.890645       0.902413       
234         0.3516         0.317909       
235         0.822999       0.782803       
236         0.525875       0.613781       
237         0.900083       0.855765       
238         0.32466        0.445587       
239         0.791514       0.891812       
240         0.595721       0.348306       
241         0.869424       0.81943        
242         0.40983        0.534152       
243         0.873148       0.898289       
244         0.399845       0.329829       
245         0.866288       0.797962       
246         0.418157       0.582          
247         0.878319       0.878226       
248         0.385817       0.386071       
249         0.855434       0.855643       
250         0.446438       0.4459         
251         0.892143       0.891934       
252         0.347368       0.347959       
253         0.818399       0.819049       
254         0.536525       0.535029       
255         0.897684       0.89807        
256         0.331569       0.330459       
257         0.800088       0.798734       
258         0.577409       0.580337       
259         0.880868       0.879201       
260         0.378831       0.383405       
261         0.849498       0.853425       
262         0.461542       0.451579       
263         0.897161       0.894036       
264         0.33307        0.341996       
265         0.801905       0.812375       
266         0.57346        0.550243       
267         0.883019       0.893387       
268         0.372899       0.34384        
269         0.844182       0.814467       
270         0.474855       0.545509       
271         0.900217       0.895023       
272         0.324272       0.339183       
273         0.791022       0.809138       
274         0.596756       0.557506       
275         0.868704       0.890562       
276         0.411746       0.351835       
277         0.874383       0.823251       
278         0.396513       0.525288       
279         0.863839       0.900191       
280         0.424613       0.324347       
281         0.881984       0.791117       
282         0.37576        0.596556       
283         0.846777       0.868844       
284         0.468382       0.411375       
285         0.898891       0.874145       
286         0.328098       0.397155       
287         0.795824       0.864316       
288         0.586583       0.423357       
289         0.875438       0.881295       
290         0.393658       0.377658       
291         0.861676       0.848467       
292         0.430277       0.46414        
293         0.884951       0.897858       
294         0.367545       0.33107        
295         0.839165       0.799481       
296         0.487232       0.578724       
297         0.901911       0.880127       
298         0.319366       0.380867       
299         0.784711       0.851264       
300         0.609872       0.457075       
301         0.858921       0.895848       
302         0.437445       0.336828       
303         0.888373       0.806384       
304         0.35799        0.563626       
305         0.829697       0.887886       
306         0.510092       0.359356       
307         0.902132       0.831092       
308         0.318725       0.506765       
309         0.783874       0.902335       
310         0.611591       0.318137       
311         0.857546       0.783103       
312         0.441          0.613168       
313         0.889933       0.856266       
314         0.353607       0.444298       
315         0.825134       0.891299       
316         0.520879       0.349755       
317         0.900926       0.821009       
318         0.322222       0.530501       
319         0.788406       0.899142       
320         0.602228       0.327377       
321         0.864774       0.794926       
322         0.422154       0.588497       
323         0.880623       0.874227       
324         0.379504       0.396933       
325         0.850086       0.864152       
326         0.460058       0.42379        
327         0.896741       0.881533       
328         0.334274       0.377          
329         0.803351       0.847885       
330         0.570301       0.465604       
331         0.884659       0.898229       
332         0.368356       0.330003       
333         0.839938       0.798175       
334         0.485336       0.581542       
335         0.901724       0.878497       
336         0.319911       0.385332       
337         0.785421       0.855033       
338         0.608412       0.447465       
339         0.860071       0.892537       
340         0.434458       0.346253       
341         0.886993       0.817166       
342         0.361855       0.539355       
343         0.833606       0.896909       
344         0.500731       0.333793       
345         0.902498       0.802774       
346         0.317663       0.571563       
347         0.782479       0.884012       
348         0.614442       0.370149       
349         0.85522        0.841631       
350         0.446986       0.48117        
351         0.892354       0.90122        
352         0.346771       0.321371       
353         0.81774        0.787311       
354         0.538039       0.604503       
355         0.897276       0.863076       
356         0.332739       0.426615       
357         0.801506       0.883059       
358         0.57433        0.37279        
359         0.882555       0.844082       
360         0.374183       0.475104       
361         0.845354       0.900263       
362         0.471938       0.324142       
363         0.899657       0.790856       
364         0.325889       0.597103       
365         0.793065       0.868461       
366         0.592448       0.412393       
367         0.871646       0.874793       
368         0.403883       0.395403       
369         0.869149       0.863005       
370         0.410562       0.426801       
371         0.873623       0.883157       
372         0.398565       0.372517       
373         0.865357       0.843831       
374         0.420617       0.475727       
375         0.879751       0.900373       
376         0.381899       0.323822       
377         0.852148       0.79045        
378         0.45483        0.597956       
379         0.895134       0.867861       
380         0.338867       0.413989       
381         0.80877        0.875794       
382         0.558326       0.392693       
383         0.890219       0.860931       
384         0.352802       0.43222        
385         0.824281       0.885915       
386         0.522879       0.364861       
387         0.90061        0.836572       
388         0.323136       0.493557       
389         0.789576       0.90235        
390         0.599786       0.318093       
391         0.866554       0.783044       
392         0.417453       0.613288       
393         0.877901       0.856169       
394         0.386958       0.444549       
395         0.856369       0.8914         
396         0.444033       0.349469       
397         0.891193       0.820699       
398         0.350056       0.531218       
399         0.821336       0.898982       
400         0.529744       0.327837       
401         0.899306       0.795499       
402         0.326902       0.587276       
403         0.794334       0.875002       
404         0.589758       0.394837       
405         0.873416       0.862576       
406         0.399123       0.427924       
407         0.865764       0.883746       
408         0.419543       0.370887       
409         0.879131       0.842321       
410         0.383597       0.479468       
411         0.853586       0.900978       
412         0.451168       0.322072       
413         0.893892       0.788213       
414         0.342406       0.60263        
415         0.812843       0.864476       
416         0.549188       0.422937       
417         0.893766       0.881061       
418         0.342764       0.378301       
419         0.813249       0.849034       
420         0.548268       0.462714       
421         0.894089       0.897481       
422         0.341844       0.332151       
423         0.812202       0.800795       
424         0.550633       0.575876       
425         0.893245       0.881717       
426         0.344244       0.376495       
427         0.814922       0.847435       
428         0.544476       0.466732       
429         0.895359       0.898505       
430         0.338225       0.32921        
431         0.808023       0.7972         
432         0.559991       0.583637       
433         0.889508       0.877247       
434         0.354804       0.388741       
435         0.826394       0.857813       
436         0.517916       0.440311       
437         0.901341       0.889638       
438         0.32102        0.354437       
439         0.786858       0.826009       
440         0.605443       0.518823       
441         0.862363       0.901221       
442         0.428481       0.321368       
443         0.884035       0.787308       
444         0.370086       0.60451        
445         0.841572       0.86307        
446         0.481316       0.42663        
447         0.90124        0.883067       
448         0.321314       0.372768       
449         0.787238       0.844061       
450         0.604656       0.475155       
451         0.86296        0.900272       
452         0.426918       0.324115       
453         0.883219       0.790823       
454         0.372347       0.597174       
455         0.843674       0.868412       
456         0.476115       0.412525       
457         0.900441       0.874877       
458         0.323627       0.395178       
459         0.790202       0.862834       
460         0.598476       0.427248       
461         0.867492       0.883393       
462         0.414968       0.371866       
463         0.876398       0.84323        
464         0.391052       0.477217       
465         0.85965        0.900626       
466         0.435553       0.32309        
467         0.887506       0.789518       
468         0.360419       0.599908       
469         0.832167       0.866466       
470         0.504192       0.417685       
471         0.902437       0.87804        
472         0.317842       0.38658        
473         0.782714       0.856061       
474         0.613962       0.444827       
475         0.855616       0.891511       
476         0.445971       0.349157       
477         0.891962       0.820359       
478         0.347881       0.532006       
479         0.818964       0.898802       
480         0.535226       0.328355       
481         0.898021       0.796142       
482         0.330602       0.585903       
483         0.798909       0.87586        
484         0.579959       0.392511       
485         0.87942        0.860791       
486         0.382806       0.432586       
487         0.852919       0.886094       
488         0.452868       0.364362       
489         0.894481       0.836085       
490         0.34073        0.49474        
491         0.810925       0.9024         
492         0.553506       0.317948       
493         0.892165       0.782854       
494         0.347306       0.613678       
495         0.818331       0.855849       
496         0.536683       0.44537        
497         0.897642       0.891726       
498         0.331689       0.348547       
499         0.800234       0.819694       
500         0.577094       0.533543       
501         0.881044       0.898438       
502         0.378347       0.329401       
503         0.849074       0.797435       
504         0.462612       0.583133       
505         0.897454       0.877551       
506         0.33223        0.387913       
507         0.800891       0.857146       
508         0.575668       0.442033       
509         0.88183        0.89037        
510         0.376182       0.352377       
511         0.847155       0.823829       
512         0.467434       0.523936       
513         0.898672       0.900432       
514         0.32873        0.323653       
515         0.796607       0.790235       
516         0.584909       0.598407       
517         0.876474       0.867541       
518         0.390845       0.414839       
519         0.859488       0.876319       
520         0.435974       0.391267       
521         0.887702       0.859819       
522         0.359872       0.435114       
523         0.831615       0.887301       
524         0.505515       0.360992       
525         0.90239        0.832743       
526         0.317976       0.502808       
527         0.782891       0.902472       
528         0.613601       0.31774        
529         0.855913       0.782581       
530         0.445207       0.614235       
531         0.891662       0.855391       
532         0.348729       0.446547       
533         0.819893       0.892185       
534         0.533083       0.347248       
535         0.898549       0.818267       
536         0.329083       0.536829       
537         0.797043       0.897604       
538         0.583973       0.3318         
539         0.877044       0.800369       
540         0.389295       0.5768         
541         0.858257       0.881207       
542         0.439163       0.377899       
543         0.889139       0.848679       
544         0.355841       0.463606       
545         0.827477       0.897718       
546         0.515359       0.33147        
547         0.901648       0.799968       
548         0.320129       0.57767        
549         0.785704       0.880722       
550         0.607827       0.379232       
551         0.860528       0.849849       
552         0.433271       0.460658       
553         0.886426       0.896912       
554         0.363438       0.333783       
555         0.835176       0.802762       
556         0.496941       0.571589       
557         0.902466       0.883999       
558         0.317756       0.370188       
559         0.782601       0.841667       
560         0.614193       0.481082       
561         0.855425       0.901208       
562         0.44646        0.321406       
563         0.892152       0.787356       
564         0.347344       0.60441        
565         0.818373       0.863146       
566         0.536586       0.426431       
567         0.897668       0.882961       
568         0.331616       0.37306        
569         0.800145       0.844329       
570         0.577287       0.474489       
571         0.880937       0.900151       
572         0.378643       0.324465       
573         0.849334       0.791267       
574         0.461957       0.596241       
575         0.897275       0.869063       
576         0.332742       0.41079        
577         0.80151        0.87377        
578         0.574322       0.398168       
579         0.882559       0.865065       
580         0.374171       0.421386       
581         0.845343       0.880189       
582         0.471966       0.380696       
583         0.899663       0.851117       
584         0.325873       0.457447       
585         0.793045       0.895963       
586         0.592491       0.3365         
587         0.871618       0.805996       
588         0.403959       0.564482       
589         0.869202       0.88749        
590         0.410421       0.360464       
591         0.873532       0.832212       
592         0.398811       0.504082       
593         0.865537       0.90244        
594         0.420143       0.317832       
595         0.879478       0.782702       
596         0.382646       0.613988       
597         0.852784       0.855595       
598         0.453213       0.446025       
599         0.894598       0.891983       
600         0.340397       0.347822       
601         0.810542       0.818899       
602         0.554366       0.535376       
603         0.89183        0.897982       
604         0.348254       0.330713       
605         0.819373       0.799044       
606         0.534284       0.579667       
607         0.898257       0.879588       
608         0.329923       0.382346       
609         0.798077       0.852529       
610         0.581752       0.453861       
611         0.878373       0.894815       
612         0.385671       0.339777       
613         0.855313       0.809826       
614         0.446747       0.555968       
615         0.892262       0.891192       
616         0.34703        0.350058       
617         0.818027       0.821337       
618         0.537381       0.52974        
619         0.897456       0.899307       
620         0.332225       0.326899       
621         0.800884       0.794331       
622         0.575682       0.589764       
623         0.881823       0.873412       
624         0.376203       0.399134       
625         0.847174       0.865772       
626         0.467387       0.419521       
627         0.89866        0.879119       
628         0.328763       0.383631       
629         0.796647       0.853614       
630         0.584823       0.451095       
631         0.876526       0.893866       
632         0.390703       0.34248        
633         0.859375       0.812926       
634         0.436266       0.548999       
635         0.887836       0.893833       
636         0.359495       0.342573       
637         0.831233       0.813033       
638         0.506429       0.548758       
639         0.902351       0.893918       
640         0.318091       0.342332       
641         0.783042       0.812758       
642         0.613293       0.549379       
643         0.856164       0.893698       
644         0.444561       0.342957       
645         0.891405       0.813468       
646         0.349457       0.547772       
647         0.820686       0.894261       
648         0.53125        0.341355       
649         0.898975       0.811642       
650         0.327857       0.551893       
651         0.795525       0.892779       
652         0.587221       0.345567       
653         0.875037       0.816404       
654         0.394744       0.541099       
655         0.862506       0.896402       
656         0.428109       0.335243       
657         0.883842       0.804507       
658         0.370621       0.567764       
659         0.842073       0.885923       
660         0.48008        0.364839       
661         0.901068       0.836551       
662         0.321813       0.493609       
663         0.78788        0.902353       
664         0.603322       0.318086       
665         0.863962       0.783035       
666         0.42429        0.613307       
667         0.881807       0.856153       
668         0.376246       0.444589       
669         0.847212       0.891416       
670         0.467291       0.349425       
671         0.898638       0.820651       
672         0.328827       0.53133        
673         0.796727       0.898956       
674         0.584651       0.32791        
675         0.876631       0.79559        
676         0.390417       0.587082       
677         0.85915        0.875124       
678         0.436851       0.394507       
679         0.888104       0.862325       
680         0.358745       0.42858        
681         0.83047        0.884086       
682         0.508251       0.369945       
683         0.902254       0.841439       
684         0.318371       0.481643       
685         0.78341        0.901283       
686         0.61254        0.321187       
687         0.856778       0.787074       
688         0.442981       0.604995       
689         0.890763       0.862704       
690         0.351268       0.42759        
691         0.822642       0.883572       
692         0.526706       0.37137        
693         0.899925       0.84277        
694         0.325116       0.478357       
695         0.79209        0.900809       
696         0.594508       0.322561       
697         0.870256       0.788841       
698         0.407606       0.601321       
699         0.871683       0.86544        
700         0.403786       0.420397       
701         0.869082       0.879625       
702         0.410741       0.382245       
703         0.873738       0.852443       
704         0.398254       0.454079       
705         0.865128       0.894888       
706         0.42122        0.33957        
707         0.880095       0.809587       
708         0.380955       0.556503       
709         0.85134        0.890975       
710         0.456882       0.35067        
711         0.895788       0.821999       
712         0.336999       0.528202       
713         0.806585       0.899629       
714         0.56318        0.325972       
715         0.88809        0.793168       
716         0.358784       0.592229       
717         0.83051        0.871792       
718         0.508156       0.403491       
719         0.90226        0.868877       
720         0.318355       0.411288       
721         0.783388       0.87409        
722         0.612585       0.397305       
723         0.856742       0.864428       
724         0.443073       0.423064       
725         0.890801       0.881132       
726         0.351161       0.378107       
727         0.822527       0.848863       
728         0.526975       0.463144       
729         0.899873       0.897596       
730         0.325266       0.331821       
731         0.79228        0.800394       
732         0.594107       0.576747       
733         0.870529       0.881237       
734         0.406877       0.377817       
735         0.871194       0.848607       
736         0.405096       0.463787       
737         0.869985       0.897766       
738         0.40833        0.331334       
739         0.872164       0.799802       
740         0.402494       0.578029       
741         0.868178       0.88052        
742         0.413146       0.379788       
743         0.875267       0.850332       
744         0.39412        0.459436       
745         0.862029       0.89656        
746         0.429354       0.334792       
747         0.884483       0.80397        
748         0.368844       0.568943       
749         0.840401       0.885341       
750         0.484199       0.36646        
751         0.901599       0.838123       
752         0.320274       0.48978        
753         0.785891       0.902123       
754         0.607441       0.318753       
755         0.860828       0.783909       
756         0.43249        0.611517       
757         0.886047       0.857605       
758         0.364494       0.440847       
759         0.836214       0.889868       
760         0.494427       0.35379        
761         0.902388       0.825327       
762         0.317983       0.520425       
763         0.7829         0.900994       
764         0.613582       0.322026       
765         0.855927       0.788154       
766         0.445169       0.602751       
767         0.891647       0.864386       
768         0.348772       0.423174       
769         0.819939       0.881193       
770         0.532976       0.377938       
771         0.898574       0.848714       
772         0.32901        0.463519       
773         0.796952       0.897696       
774         0.584169       0.331536       
775         0.876926       0.800047       
776         0.389617       0.577497       
777         0.858514       0.880819       
778         0.438498       0.378967       
779         0.888845       0.849617       
780         0.356666       0.461243       
781         0.828334       0.897077       
782         0.51333        0.33331        
783         0.901859       0.802194       
784         0.31952        0.572831       
785         0.784911       0.883351       
786         0.60946        0.37198        
787         0.859247       0.843336       
788         0.4366         0.476955       
789         0.887989       0.900583       
790         0.359066       0.323215       
791         0.830797       0.789677       
792         0.50747        0.599574       
793         0.902299       0.866707       
794         0.318243       0.41705        
795         0.783241       0.87766        
796         0.612886       0.387615       
797         0.856497       0.856904       
798         0.443705       0.442655       
799         0.891059       0.890629       
800         0.350432       0.351647       
801         0.821742       0.823049       
802         0.5288         0.525758       
803         0.899506       0.900105       
804         0.326327       0.324597       
805         0.793613       0.791434       
806         0.591286       0.595888       
807         0.872417       0.869308       
808         0.401812       0.410139       
809         0.867696       0.873349       
810         0.414426       0.399303       
811         0.876064       0.865895       
812         0.391959       0.419196       
813         0.860361       0.878929       
814         0.433706       0.384149       
815         0.886634       0.854049       
816         0.362855       0.449985       
817         0.834601       0.89347        
818         0.498333       0.343606       
819         0.90249        0.814203       
820         0.317687       0.546109       
821         0.78251        0.894825       
822         0.614379       0.339749       
823         0.855272       0.809794       
824         0.446852       0.556041       
825         0.892303       0.891162       
826         0.346916       0.350141       
827         0.817901       0.821427       
828         0.537671       0.529531       
829         0.897377       0.899352       
830         0.33245        0.32677        
831         0.801157       0.794169       
832         0.57509        0.590107       
833         0.882145       0.873189       
834         0.375315       0.399734       
835         0.846377       0.866208       
836         0.469382       0.41837        
837         0.899116       0.878445       
838         0.327451       0.385474       
839         0.795019       0.85515        
840         0.5883         0.447165       
841         0.874353       0.892422       
842         0.396594       0.346577       
843         0.863899       0.817525       
844         0.424456       0.538531       
845         0.881898       0.89714        
846         0.375996       0.333129       
847         0.846989       0.801976       
848         0.467852       0.573305       
849         0.898769       0.883101       
850         0.32845        0.372673       
851         0.796259       0.843974       
852         0.585652       0.475372       
853         0.876016       0.90031        
854         0.392089       0.324003       
855         0.860462       0.790681       
856         0.433442       0.597472       
857         0.886508       0.868202       
858         0.363208       0.413082       
859         0.83495        0.875228       
860         0.497489       0.394227       
861         0.902477       0.862112       
862         0.317724       0.429139       
863         0.782559       0.884373       
864         0.614279       0.369149       
865         0.855354       0.840689       
866         0.446641       0.48349        
867         0.892222       0.901516       
868         0.347145       0.320514       
869         0.818154       0.786202       
870         0.53709        0.606798       
871         0.897534       0.861325       
872         0.332          0.431194       
873         0.800611       0.885409       
874         0.576274       0.366269       
875         0.881498       0.837939       
876         0.377099       0.490228       
877         0.847972       0.902155       
878         0.465385       0.318659       
879         0.898175       0.783786       
880         0.33016        0.61177        
881         0.798367       0.857402       
882         0.581127       0.441372       
883         0.87874        0.890091       
884         0.384666       0.353161       
885         0.85448        0.824663       
886         0.448881       0.521985       
887         0.893067       0.900755       
888         0.34475        0.322717       
889         0.81549        0.78904        
890         0.543182       0.600905       
891         0.895768       0.865744       
892         0.337056       0.419596       
893         0.806652       0.879162       
894         0.563032       0.383513       
895         0.888158       0.853515       
896         0.358595       0.451348       
897         0.830316       0.893955       
898         0.508617       0.342226       
899         0.902232       0.812638       
900         0.318436       0.549651       
901         0.783495       0.893601       
902         0.612367       0.343233       
903         0.856919       0.813781       
904         0.442618       0.547064       
905         0.890613       0.894504       
906         0.35169        0.340664       
907         0.823095       0.810849       
908         0.52565        0.553676       
909         0.900125       0.892099       
910         0.324539       0.347492       
911         0.791361       0.818536       
912         0.596043       0.53621        
913         0.8692         0.897767       
914         0.410425       0.331332       
915         0.873535       0.799799       
916         0.398803       0.578034       
917         0.865531       0.880517       
918         0.420158       0.379795       
919         0.879487       0.850338       
920         0.382623       0.459419       
921         0.852763       0.896555       
922         0.453264       0.334806       
923         0.894615       0.803987       
924         0.340347       0.568908       
925         0.810485       0.885359       
926         0.554493       0.36641        
927         0.89178        0.838075       
928         0.348395       0.489896       
929         0.819528       0.902131       
930         0.533926       0.318728       
931         0.898345       0.783877       
932         0.32967        0.611584       
933         0.797766       0.857552       
934         0.582422       0.440985       
935         0.877976       0.889927       
936         0.386754       0.353624       
937         0.856203       0.825152       
938         0.44446        0.520837       
939         0.891364       0.900933       
940         0.349571       0.322203       
941         0.820809       0.788382       
942         0.530964       0.602277       
943         0.899039       0.864737       
944         0.327673       0.42225        
945         0.795295       0.880677       
946         0.587712       0.379356       
947         0.874727       0.849957       
948         0.395583       0.460385       
949         0.86314        0.896835       
950         0.426446       0.334006       
951         0.882969       0.803029       
952         0.373038       0.571005       
953         0.844309       0.884299       
954         0.47454        0.369353       
955         0.90016        0.840883       
956         0.324438       0.483015       
957         0.791233       0.901459       
958         0.596313       0.32068        
959         0.869013       0.786418       
960         0.410924       0.606352       
961         0.873856       0.861668       
962         0.397935       0.430298       
963         0.864894       0.884961       
964         0.421837       0.367515       
965         0.880445       0.839136       
966         0.379994       0.487302       
967         0.850511       0.901918       
968         0.458983       0.319348       
969         0.896426       0.784687       
970         0.335174       0.609922       
971         0.804425       0.858881       
972         0.567944       0.437548       
973         0.885835       0.88842        
974         0.365085       0.357859       
975         0.83679        0.829564       
976         0.493026       0.51041        
977         0.902324       0.902109       
978         0.318168       0.318794       
979         0.783143       0.783963       
980         0.613087       0.611407       
981         0.856333       0.857694       
982         0.444128       0.440618       
983         0.891231       0.88977        
984         0.349948       0.354065       
985         0.821219       0.825618       
986         0.530014       0.519743       
987         0.899248       0.901093       
988         0.32707        0.321739       
989         0.794544       0.787785       
990         0.589311       0.603518       
991         0.873705       0.863815       
992         0.398343       0.424675       
993         0.865194       0.882017       
994         0.421047       0.375666       
995         0.879997       0.846694       
996         0.381225       0.468591       
997         0.851572       0.898939       
998         0.456294       0.327961       
999         0.895604       0.795654       
