# lambda = 2.58
#===============================================
0           0.5            0.5005         
1           0.645          0.644999       
2           0.590755       0.590756       
3           0.62375        0.623749       
4           0.60549        0.60549        
5           0.616289       0.616289       
6           0.61011        0.61011        
7           0.613719       0.613719       
8           0.611635       0.611635       
9           0.612847       0.612847       
10          0.612145       0.612145       
11          0.612553       0.612553       
12          0.612316       0.612316       
13          0.612453       0.612453       
14          0.612374       0.612374       
15          0.61242        0.61242        
16          0.612393       0.612393       
17          0.612409       0.612409       
18          0.6124         0.6124         
19          0.612405       0.612405       
20          0.612402       0.612402       
21          0.612404       0.612404       
22          0.612403       0.612403       
23          0.612403       0.612403       
24          0.612403       0.612403       
25          0.612403       0.612403       
26          0.612403       0.612403       
27          0.612403       0.612403       
28          0.612403       0.612403       
29          0.612403       0.612403       
30          0.612403       0.612403       
31          0.612403       0.612403       
32          0.612403       0.612403       
33          0.612403       0.612403       
34          0.612403       0.612403       
35          0.612403       0.612403       
36          0.612403       0.612403       
37          0.612403       0.612403       
38          0.612403       0.612403       
39          0.612403       0.612403       
40          0.612403       0.612403       
41          0.612403       0.612403       
42          0.612403       0.612403       
43          0.612403       0.612403       
44          0.612403       0.612403       
45          0.612403       0.612403       
46          0.612403       0.612403       
47          0.612403       0.612403       
48          0.612403       0.612403       
49          0.612403       0.612403       
50          0.612403       0.612403       
51          0.612403       0.612403       
52          0.612403       0.612403       
53          0.612403       0.612403       
54          0.612403       0.612403       
55          0.612403       0.612403       
56          0.612403       0.612403       
57          0.612403       0.612403       
58          0.612403       0.612403       
59          0.612403       0.612403       
60          0.612403       0.612403       
61          0.612403       0.612403       
62          0.612403       0.612403       
63          0.612403       0.612403       
64          0.612403       0.612403       
65          0.612403       0.612403       
66          0.612403       0.612403       
67          0.612403       0.612403       
68          0.612403       0.612403       
69          0.612403       0.612403       
70          0.612403       0.612403       
71          0.612403       0.612403       
72          0.612403       0.612403       
73          0.612403       0.612403       
74          0.612403       0.612403       
75          0.612403       0.612403       
76          0.612403       0.612403       
77          0.612403       0.612403       
78          0.612403       0.612403       
79          0.612403       0.612403       
80          0.612403       0.612403       
81          0.612403       0.612403       
82          0.612403       0.612403       
83          0.612403       0.612403       
84          0.612403       0.612403       
85          0.612403       0.612403       
86          0.612403       0.612403       
87          0.612403       0.612403       
88          0.612403       0.612403       
89          0.612403       0.612403       
90          0.612403       0.612403       
91          0.612403       0.612403       
92          0.612403       0.612403       
93          0.612403       0.612403       
94          0.612403       0.612403       
95          0.612403       0.612403       
96          0.612403       0.612403       
97          0.612403       0.612403       
98          0.612403       0.612403       
99          0.612403       0.612403       
100         0.612403       0.612403       
101         0.612403       0.612403       
102         0.612403       0.612403       
103         0.612403       0.612403       
104         0.612403       0.612403       
105         0.612403       0.612403       
106         0.612403       0.612403       
107         0.612403       0.612403       
108         0.612403       0.612403       
109         0.612403       0.612403       
110         0.612403       0.612403       
111         0.612403       0.612403       
112         0.612403       0.612403       
113         0.612403       0.612403       
114         0.612403       0.612403       
115         0.612403       0.612403       
116         0.612403       0.612403       
117         0.612403       0.612403       
118         0.612403       0.612403       
119         0.612403       0.612403       
120         0.612403       0.612403       
121         0.612403       0.612403       
122         0.612403       0.612403       
123         0.612403       0.612403       
124         0.612403       0.612403       
125         0.612403       0.612403       
126         0.612403       0.612403       
127         0.612403       0.612403       
128         0.612403       0.612403       
129         0.612403       0.612403       
130         0.612403       0.612403       
131         0.612403       0.612403       
132         0.612403       0.612403       
133         0.612403       0.612403       
134         0.612403       0.612403       
135         0.612403       0.612403       
136         0.612403       0.612403       
137         0.612403       0.612403       
138         0.612403       0.612403       
139         0.612403       0.612403       
140         0.612403       0.612403       
141         0.612403       0.612403       
142         0.612403       0.612403       
143         0.612403       0.612403       
144         0.612403       0.612403       
145         0.612403       0.612403       
146         0.612403       0.612403       
147         0.612403       0.612403       
148         0.612403       0.612403       
149         0.612403       0.612403       
150         0.612403       0.612403       
151         0.612403       0.612403       
152         0.612403       0.612403       
153         0.612403       0.612403       
154         0.612403       0.612403       
155         0.612403       0.612403       
156         0.612403       0.612403       
157         0.612403       0.612403       
158         0.612403       0.612403       
159         0.612403       0.612403       
160         0.612403       0.612403       
161         0.612403       0.612403       
162         0.612403       0.612403       
163         0.612403       0.612403       
164         0.612403       0.612403       
165         0.612403       0.612403       
166         0.612403       0.612403       
167         0.612403       0.612403       
168         0.612403       0.612403       
169         0.612403       0.612403       
170         0.612403       0.612403       
171         0.612403       0.612403       
172         0.612403       0.612403       
173         0.612403       0.612403       
174         0.612403       0.612403       
175         0.612403       0.612403       
176         0.612403       0.612403       
177         0.612403       0.612403       
178         0.612403       0.612403       
179         0.612403       0.612403       
180         0.612403       0.612403       
181         0.612403       0.612403       
182         0.612403       0.612403       
183         0.612403       0.612403       
184         0.612403       0.612403       
185         0.612403       0.612403       
186         0.612403       0.612403       
187         0.612403       0.612403       
188         0.612403       0.612403       
189         0.612403       0.612403       
190         0.612403       0.612403       
191         0.612403       0.612403       
192         0.612403       0.612403       
193         0.612403       0.612403       
194         0.612403       0.612403       
195         0.612403       0.612403       
196         0.612403       0.612403       
197         0.612403       0.612403       
198         0.612403       0.612403       
199         0.612403       0.612403       
200         0.612403       0.612403       
201         0.612403       0.612403       
202         0.612403       0.612403       
203         0.612403       0.612403       
204         0.612403       0.612403       
205         0.612403       0.612403       
206         0.612403       0.612403       
207         0.612403       0.612403       
208         0.612403       0.612403       
209         0.612403       0.612403       
210         0.612403       0.612403       
211         0.612403       0.612403       
212         0.612403       0.612403       
213         0.612403       0.612403       
214         0.612403       0.612403       
215         0.612403       0.612403       
216         0.612403       0.612403       
217         0.612403       0.612403       
218         0.612403       0.612403       
219         0.612403       0.612403       
220         0.612403       0.612403       
221         0.612403       0.612403       
222         0.612403       0.612403       
223         0.612403       0.612403       
224         0.612403       0.612403       
225         0.612403       0.612403       
226         0.612403       0.612403       
227         0.612403       0.612403       
228         0.612403       0.612403       
229         0.612403       0.612403       
230         0.612403       0.612403       
231         0.612403       0.612403       
232         0.612403       0.612403       
233         0.612403       0.612403       
234         0.612403       0.612403       
235         0.612403       0.612403       
236         0.612403       0.612403       
237         0.612403       0.612403       
238         0.612403       0.612403       
239         0.612403       0.612403       
240         0.612403       0.612403       
241         0.612403       0.612403       
242         0.612403       0.612403       
243         0.612403       0.612403       
244         0.612403       0.612403       
245         0.612403       0.612403       
246         0.612403       0.612403       
247         0.612403       0.612403       
248         0.612403       0.612403       
249         0.612403       0.612403       
250         0.612403       0.612403       
251         0.612403       0.612403       
252         0.612403       0.612403       
253         0.612403       0.612403       
254         0.612403       0.612403       
255         0.612403       0.612403       
256         0.612403       0.612403       
257         0.612403       0.612403       
258         0.612403       0.612403       
259         0.612403       0.612403       
260         0.612403       0.612403       
261         0.612403       0.612403       
262         0.612403       0.612403       
263         0.612403       0.612403       
264         0.612403       0.612403       
265         0.612403       0.612403       
266         0.612403       0.612403       
267         0.612403       0.612403       
268         0.612403       0.612403       
269         0.612403       0.612403       
270         0.612403       0.612403       
271         0.612403       0.612403       
272         0.612403       0.612403       
273         0.612403       0.612403       
274         0.612403       0.612403       
275         0.612403       0.612403       
276         0.612403       0.612403       
277         0.612403       0.612403       
278         0.612403       0.612403       
279         0.612403       0.612403       
280         0.612403       0.612403       
281         0.612403       0.612403       
282         0.612403       0.612403       
283         0.612403       0.612403       
284         0.612403       0.612403       
285         0.612403       0.612403       
286         0.612403       0.612403       
287         0.612403       0.612403       
288         0.612403       0.612403       
289         0.612403       0.612403       
290         0.612403       0.612403       
291         0.612403       0.612403       
292         0.612403       0.612403       
293         0.612403       0.612403       
294         0.612403       0.612403       
295         0.612403       0.612403       
296         0.612403       0.612403       
297         0.612403       0.612403       
298         0.612403       0.612403       
299         0.612403       0.612403       
300         0.612403       0.612403       
301         0.612403       0.612403       
302         0.612403       0.612403       
303         0.612403       0.612403       
304         0.612403       0.612403       
305         0.612403       0.612403       
306         0.612403       0.612403       
307         0.612403       0.612403       
308         0.612403       0.612403       
309         0.612403       0.612403       
310         0.612403       0.612403       
311         0.612403       0.612403       
312         0.612403       0.612403       
313         0.612403       0.612403       
314         0.612403       0.612403       
315         0.612403       0.612403       
316         0.612403       0.612403       
317         0.612403       0.612403       
318         0.612403       0.612403       
319         0.612403       0.612403       
320         0.612403       0.612403       
321         0.612403       0.612403       
322         0.612403       0.612403       
323         0.612403       0.612403       
324         0.612403       0.612403       
325         0.612403       0.612403       
326         0.612403       0.612403       
327         0.612403       0.612403       
328         0.612403       0.612403       
329         0.612403       0.612403       
330         0.612403       0.612403       
331         0.612403       0.612403       
332         0.612403       0.612403       
333         0.612403       0.612403       
334         0.612403       0.612403       
335         0.612403       0.612403       
336         0.612403       0.612403       
337         0.612403       0.612403       
338         0.612403       0.612403       
339         0.612403       0.612403       
340         0.612403       0.612403       
341         0.612403       0.612403       
342         0.612403       0.612403       
343         0.612403       0.612403       
344         0.612403       0.612403       
345         0.612403       0.612403       
346         0.612403       0.612403       
347         0.612403       0.612403       
348         0.612403       0.612403       
349         0.612403       0.612403       
350         0.612403       0.612403       
351         0.612403       0.612403       
352         0.612403       0.612403       
353         0.612403       0.612403       
354         0.612403       0.612403       
355         0.612403       0.612403       
356         0.612403       0.612403       
357         0.612403       0.612403       
358         0.612403       0.612403       
359         0.612403       0.612403       
360         0.612403       0.612403       
361         0.612403       0.612403       
362         0.612403       0.612403       
363         0.612403       0.612403       
364         0.612403       0.612403       
365         0.612403       0.612403       
366         0.612403       0.612403       
367         0.612403       0.612403       
368         0.612403       0.612403       
369         0.612403       0.612403       
370         0.612403       0.612403       
371         0.612403       0.612403       
372         0.612403       0.612403       
373         0.612403       0.612403       
374         0.612403       0.612403       
375         0.612403       0.612403       
376         0.612403       0.612403       
377         0.612403       0.612403       
378         0.612403       0.612403       
379         0.612403       0.612403       
380         0.612403       0.612403       
381         0.612403       0.612403       
382         0.612403       0.612403       
383         0.612403       0.612403       
384         0.612403       0.612403       
385         0.612403       0.612403       
386         0.612403       0.612403       
387         0.612403       0.612403       
388         0.612403       0.612403       
389         0.612403       0.612403       
390         0.612403       0.612403       
391         0.612403       0.612403       
392         0.612403       0.612403       
393         0.612403       0.612403       
394         0.612403       0.612403       
395         0.612403       0.612403       
396         0.612403       0.612403       
397         0.612403       0.612403       
398         0.612403       0.612403       
399         0.612403       0.612403       
400         0.612403       0.612403       
401         0.612403       0.612403       
402         0.612403       0.612403       
403         0.612403       0.612403       
404         0.612403       0.612403       
405         0.612403       0.612403       
406         0.612403       0.612403       
407         0.612403       0.612403       
408         0.612403       0.612403       
409         0.612403       0.612403       
410         0.612403       0.612403       
411         0.612403       0.612403       
412         0.612403       0.612403       
413         0.612403       0.612403       
414         0.612403       0.612403       
415         0.612403       0.612403       
416         0.612403       0.612403       
417         0.612403       0.612403       
418         0.612403       0.612403       
419         0.612403       0.612403       
420         0.612403       0.612403       
421         0.612403       0.612403       
422         0.612403       0.612403       
423         0.612403       0.612403       
424         0.612403       0.612403       
425         0.612403       0.612403       
426         0.612403       0.612403       
427         0.612403       0.612403       
428         0.612403       0.612403       
429         0.612403       0.612403       
430         0.612403       0.612403       
431         0.612403       0.612403       
432         0.612403       0.612403       
433         0.612403       0.612403       
434         0.612403       0.612403       
435         0.612403       0.612403       
436         0.612403       0.612403       
437         0.612403       0.612403       
438         0.612403       0.612403       
439         0.612403       0.612403       
440         0.612403       0.612403       
441         0.612403       0.612403       
442         0.612403       0.612403       
443         0.612403       0.612403       
444         0.612403       0.612403       
445         0.612403       0.612403       
446         0.612403       0.612403       
447         0.612403       0.612403       
448         0.612403       0.612403       
449         0.612403       0.612403       
450         0.612403       0.612403       
451         0.612403       0.612403       
452         0.612403       0.612403       
453         0.612403       0.612403       
454         0.612403       0.612403       
455         0.612403       0.612403       
456         0.612403       0.612403       
457         0.612403       0.612403       
458         0.612403       0.612403       
459         0.612403       0.612403       
460         0.612403       0.612403       
461         0.612403       0.612403       
462         0.612403       0.612403       
463         0.612403       0.612403       
464         0.612403       0.612403       
465         0.612403       0.612403       
466         0.612403       0.612403       
467         0.612403       0.612403       
468         0.612403       0.612403       
469         0.612403       0.612403       
470         0.612403       0.612403       
471         0.612403       0.612403       
472         0.612403       0.612403       
473         0.612403       0.612403       
474         0.612403       0.612403       
475         0.612403       0.612403       
476         0.612403       0.612403       
477         0.612403       0.612403       
478         0.612403       0.612403       
479         0.612403       0.612403       
480         0.612403       0.612403       
481         0.612403       0.612403       
482         0.612403       0.612403       
483         0.612403       0.612403       
484         0.612403       0.612403       
485         0.612403       0.612403       
486         0.612403       0.612403       
487         0.612403       0.612403       
488         0.612403       0.612403       
489         0.612403       0.612403       
490         0.612403       0.612403       
491         0.612403       0.612403       
492         0.612403       0.612403       
493         0.612403       0.612403       
494         0.612403       0.612403       
495         0.612403       0.612403       
496         0.612403       0.612403       
497         0.612403       0.612403       
498         0.612403       0.612403       
499         0.612403       0.612403       
500         0.612403       0.612403       
501         0.612403       0.612403       
502         0.612403       0.612403       
503         0.612403       0.612403       
504         0.612403       0.612403       
505         0.612403       0.612403       
506         0.612403       0.612403       
507         0.612403       0.612403       
508         0.612403       0.612403       
509         0.612403       0.612403       
510         0.612403       0.612403       
511         0.612403       0.612403       
512         0.612403       0.612403       
513         0.612403       0.612403       
514         0.612403       0.612403       
515         0.612403       0.612403       
516         0.612403       0.612403       
517         0.612403       0.612403       
518         0.612403       0.612403       
519         0.612403       0.612403       
520         0.612403       0.612403       
521         0.612403       0.612403       
522         0.612403       0.612403       
523         0.612403       0.612403       
524         0.612403       0.612403       
525         0.612403       0.612403       
526         0.612403       0.612403       
527         0.612403       0.612403       
528         0.612403       0.612403       
529         0.612403       0.612403       
530         0.612403       0.612403       
531         0.612403       0.612403       
532         0.612403       0.612403       
533         0.612403       0.612403       
534         0.612403       0.612403       
535         0.612403       0.612403       
536         0.612403       0.612403       
537         0.612403       0.612403       
538         0.612403       0.612403       
539         0.612403       0.612403       
540         0.612403       0.612403       
541         0.612403       0.612403       
542         0.612403       0.612403       
543         0.612403       0.612403       
544         0.612403       0.612403       
545         0.612403       0.612403       
546         0.612403       0.612403       
547         0.612403       0.612403       
548         0.612403       0.612403       
549         0.612403       0.612403       
550         0.612403       0.612403       
551         0.612403       0.612403       
552         0.612403       0.612403       
553         0.612403       0.612403       
554         0.612403       0.612403       
555         0.612403       0.612403       
556         0.612403       0.612403       
557         0.612403       0.612403       
558         0.612403       0.612403       
559         0.612403       0.612403       
560         0.612403       0.612403       
561         0.612403       0.612403       
562         0.612403       0.612403       
563         0.612403       0.612403       
564         0.612403       0.612403       
565         0.612403       0.612403       
566         0.612403       0.612403       
567         0.612403       0.612403       
568         0.612403       0.612403       
569         0.612403       0.612403       
570         0.612403       0.612403       
571         0.612403       0.612403       
572         0.612403       0.612403       
573         0.612403       0.612403       
574         0.612403       0.612403       
575         0.612403       0.612403       
576         0.612403       0.612403       
577         0.612403       0.612403       
578         0.612403       0.612403       
579         0.612403       0.612403       
580         0.612403       0.612403       
581         0.612403       0.612403       
582         0.612403       0.612403       
583         0.612403       0.612403       
584         0.612403       0.612403       
585         0.612403       0.612403       
586         0.612403       0.612403       
587         0.612403       0.612403       
588         0.612403       0.612403       
589         0.612403       0.612403       
590         0.612403       0.612403       
591         0.612403       0.612403       
592         0.612403       0.612403       
593         0.612403       0.612403       
594         0.612403       0.612403       
595         0.612403       0.612403       
596         0.612403       0.612403       
597         0.612403       0.612403       
598         0.612403       0.612403       
599         0.612403       0.612403       
600         0.612403       0.612403       
601         0.612403       0.612403       
602         0.612403       0.612403       
603         0.612403       0.612403       
604         0.612403       0.612403       
605         0.612403       0.612403       
606         0.612403       0.612403       
607         0.612403       0.612403       
608         0.612403       0.612403       
609         0.612403       0.612403       
610         0.612403       0.612403       
611         0.612403       0.612403       
612         0.612403       0.612403       
613         0.612403       0.612403       
614         0.612403       0.612403       
615         0.612403       0.612403       
616         0.612403       0.612403       
617         0.612403       0.612403       
618         0.612403       0.612403       
619         0.612403       0.612403       
620         0.612403       0.612403       
621         0.612403       0.612403       
622         0.612403       0.612403       
623         0.612403       0.612403       
624         0.612403       0.612403       
625         0.612403       0.612403       
626         0.612403       0.612403       
627         0.612403       0.612403       
628         0.612403       0.612403       
629         0.612403       0.612403       
630         0.612403       0.612403       
631         0.612403       0.612403       
632         0.612403       0.612403       
633         0.612403       0.612403       
634         0.612403       0.612403       
635         0.612403       0.612403       
636         0.612403       0.612403       
637         0.612403       0.612403       
638         0.612403       0.612403       
639         0.612403       0.612403       
640         0.612403       0.612403       
641         0.612403       0.612403       
642         0.612403       0.612403       
643         0.612403       0.612403       
644         0.612403       0.612403       
645         0.612403       0.612403       
646         0.612403       0.612403       
647         0.612403       0.612403       
648         0.612403       0.612403       
649         0.612403       0.612403       
650         0.612403       0.612403       
651         0.612403       0.612403       
652         0.612403       0.612403       
653         0.612403       0.612403       
654         0.612403       0.612403       
655         0.612403       0.612403       
656         0.612403       0.612403       
657         0.612403       0.612403       
658         0.612403       0.612403       
659         0.612403       0.612403       
660         0.612403       0.612403       
661         0.612403       0.612403       
662         0.612403       0.612403       
663         0.612403       0.612403       
664         0.612403       0.612403       
665         0.612403       0.612403       
666         0.612403       0.612403       
667         0.612403       0.612403       
668         0.612403       0.612403       
669         0.612403       0.612403       
670         0.612403       0.612403       
671         0.612403       0.612403       
672         0.612403       0.612403       
673         0.612403       0.612403       
674         0.612403       0.612403       
675         0.612403       0.612403       
676         0.612403       0.612403       
677         0.612403       0.612403       
678         0.612403       0.612403       
679         0.612403       0.612403       
680         0.612403       0.612403       
681         0.612403       0.612403       
682         0.612403       0.612403       
683         0.612403       0.612403       
684         0.612403       0.612403       
685         0.612403       0.612403       
686         0.612403       0.612403       
687         0.612403       0.612403       
688         0.612403       0.612403       
689         0.612403       0.612403       
690         0.612403       0.612403       
691         0.612403       0.612403       
692         0.612403       0.612403       
693         0.612403       0.612403       
694         0.612403       0.612403       
695         0.612403       0.612403       
696         0.612403       0.612403       
697         0.612403       0.612403       
698         0.612403       0.612403       
699         0.612403       0.612403       
700         0.612403       0.612403       
701         0.612403       0.612403       
702         0.612403       0.612403       
703         0.612403       0.612403       
704         0.612403       0.612403       
705         0.612403       0.612403       
706         0.612403       0.612403       
707         0.612403       0.612403       
708         0.612403       0.612403       
709         0.612403       0.612403       
710         0.612403       0.612403       
711         0.612403       0.612403       
712         0.612403       0.612403       
713         0.612403       0.612403       
714         0.612403       0.612403       
715         0.612403       0.612403       
716         0.612403       0.612403       
717         0.612403       0.612403       
718         0.612403       0.612403       
719         0.612403       0.612403       
720         0.612403       0.612403       
721         0.612403       0.612403       
722         0.612403       0.612403       
723         0.612403       0.612403       
724         0.612403       0.612403       
725         0.612403       0.612403       
726         0.612403       0.612403       
727         0.612403       0.612403       
728         0.612403       0.612403       
729         0.612403       0.612403       
730         0.612403       0.612403       
731         0.612403       0.612403       
732         0.612403       0.612403       
733         0.612403       0.612403       
734         0.612403       0.612403       
735         0.612403       0.612403       
736         0.612403       0.612403       
737         0.612403       0.612403       
738         0.612403       0.612403       
739         0.612403       0.612403       
740         0.612403       0.612403       
741         0.612403       0.612403       
742         0.612403       0.612403       
743         0.612403       0.612403       
744         0.612403       0.612403       
745         0.612403       0.612403       
746         0.612403       0.612403       
747         0.612403       0.612403       
748         0.612403       0.612403       
749         0.612403       0.612403       
750         0.612403       0.612403       
751         0.612403       0.612403       
752         0.612403       0.612403       
753         0.612403       0.612403       
754         0.612403       0.612403       
755         0.612403       0.612403       
756         0.612403       0.612403       
757         0.612403       0.612403       
758         0.612403       0.612403       
759         0.612403       0.612403       
760         0.612403       0.612403       
761         0.612403       0.612403       
762         0.612403       0.612403       
763         0.612403       0.612403       
764         0.612403       0.612403       
765         0.612403       0.612403       
766         0.612403       0.612403       
767         0.612403       0.612403       
768         0.612403       0.612403       
769         0.612403       0.612403       
770         0.612403       0.612403       
771         0.612403       0.612403       
772         0.612403       0.612403       
773         0.612403       0.612403       
774         0.612403       0.612403       
775         0.612403       0.612403       
776         0.612403       0.612403       
777         0.612403       0.612403       
778         0.612403       0.612403       
779         0.612403       0.612403       
780         0.612403       0.612403       
781         0.612403       0.612403       
782         0.612403       0.612403       
783         0.612403       0.612403       
784         0.612403       0.612403       
785         0.612403       0.612403       
786         0.612403       0.612403       
787         0.612403       0.612403       
788         0.612403       0.612403       
789         0.612403       0.612403       
790         0.612403       0.612403       
791         0.612403       0.612403       
792         0.612403       0.612403       
793         0.612403       0.612403       
794         0.612403       0.612403       
795         0.612403       0.612403       
796         0.612403       0.612403       
797         0.612403       0.612403       
798         0.612403       0.612403       
799         0.612403       0.612403       
800         0.612403       0.612403       
801         0.612403       0.612403       
802         0.612403       0.612403       
803         0.612403       0.612403       
804         0.612403       0.612403       
805         0.612403       0.612403       
806         0.612403       0.612403       
807         0.612403       0.612403       
808         0.612403       0.612403       
809         0.612403       0.612403       
810         0.612403       0.612403       
811         0.612403       0.612403       
812         0.612403       0.612403       
813         0.612403       0.612403       
814         0.612403       0.612403       
815         0.612403       0.612403       
816         0.612403       0.612403       
817         0.612403       0.612403       
818         0.612403       0.612403       
819         0.612403       0.612403       
820         0.612403       0.612403       
821         0.612403       0.612403       
822         0.612403       0.612403       
823         0.612403       0.612403       
824         0.612403       0.612403       
825         0.612403       0.612403       
826         0.612403       0.612403       
827         0.612403       0.612403       
828         0.612403       0.612403       
829         0.612403       0.612403       
830         0.612403       0.612403       
831         0.612403       0.612403       
832         0.612403       0.612403       
833         0.612403       0.612403       
834         0.612403       0.612403       
835         0.612403       0.612403       
836         0.612403       0.612403       
837         0.612403       0.612403       
838         0.612403       0.612403       
839         0.612403       0.612403       
840         0.612403       0.612403       
841         0.612403       0.612403       
842         0.612403       0.612403       
843         0.612403       0.612403       
844         0.612403       0.612403       
845         0.612403       0.612403       
846         0.612403       0.612403       
847         0.612403       0.612403       
848         0.612403       0.612403       
849         0.612403       0.612403       
850         0.612403       0.612403       
851         0.612403       0.612403       
852         0.612403       0.612403       
853         0.612403       0.612403       
854         0.612403       0.612403       
855         0.612403       0.612403       
856         0.612403       0.612403       
857         0.612403       0.612403       
858         0.612403       0.612403       
859         0.612403       0.612403       
860         0.612403       0.612403       
861         0.612403       0.612403       
862         0.612403       0.612403       
863         0.612403       0.612403       
864         0.612403       0.612403       
865         0.612403       0.612403       
866         0.612403       0.612403       
867         0.612403       0.612403       
868         0.612403       0.612403       
869         0.612403       0.612403       
870         0.612403       0.612403       
871         0.612403       0.612403       
872         0.612403       0.612403       
873         0.612403       0.612403       
874         0.612403       0.612403       
875         0.612403       0.612403       
876         0.612403       0.612403       
877         0.612403       0.612403       
878         0.612403       0.612403       
879         0.612403       0.612403       
880         0.612403       0.612403       
881         0.612403       0.612403       
882         0.612403       0.612403       
883         0.612403       0.612403       
884         0.612403       0.612403       
885         0.612403       0.612403       
886         0.612403       0.612403       
887         0.612403       0.612403       
888         0.612403       0.612403       
889         0.612403       0.612403       
890         0.612403       0.612403       
891         0.612403       0.612403       
892         0.612403       0.612403       
893         0.612403       0.612403       
894         0.612403       0.612403       
895         0.612403       0.612403       
896         0.612403       0.612403       
897         0.612403       0.612403       
898         0.612403       0.612403       
899         0.612403       0.612403       
900         0.612403       0.612403       
901         0.612403       0.612403       
902         0.612403       0.612403       
903         0.612403       0.612403       
904         0.612403       0.612403       
905         0.612403       0.612403       
906         0.612403       0.612403       
907         0.612403       0.612403       
908         0.612403       0.612403       
909         0.612403       0.612403       
910         0.612403       0.612403       
911         0.612403       0.612403       
912         0.612403       0.612403       
913         0.612403       0.612403       
914         0.612403       0.612403       
915         0.612403       0.612403       
916         0.612403       0.612403       
917         0.612403       0.612403       
918         0.612403       0.612403       
919         0.612403       0.612403       
920         0.612403       0.612403       
921         0.612403       0.612403       
922         0.612403       0.612403       
923         0.612403       0.612403       
924         0.612403       0.612403       
925         0.612403       0.612403       
926         0.612403       0.612403       
927         0.612403       0.612403       
928         0.612403       0.612403       
929         0.612403       0.612403       
930         0.612403       0.612403       
931         0.612403       0.612403       
932         0.612403       0.612403       
933         0.612403       0.612403       
934         0.612403       0.612403       
935         0.612403       0.612403       
936         0.612403       0.612403       
937         0.612403       0.612403       
938         0.612403       0.612403       
939         0.612403       0.612403       
940         0.612403       0.612403       
941         0.612403       0.612403       
942         0.612403       0.612403       
943         0.612403       0.612403       
944         0.612403       0.612403       
945         0.612403       0.612403       
946         0.612403       0.612403       
947         0.612403       0.612403       
948         0.612403       0.612403       
949         0.612403       0.612403       
950         0.612403       0.612403       
951         0.612403       0.612403       
952         0.612403       0.612403       
953         0.612403       0.612403       
954         0.612403       0.612403       
955         0.612403       0.612403       
956         0.612403       0.612403       
957         0.612403       0.612403       
958         0.612403       0.612403       
959         0.612403       0.612403       
960         0.612403       0.612403       
961         0.612403       0.612403       
962         0.612403       0.612403       
963         0.612403       0.612403       
964         0.612403       0.612403       
965         0.612403       0.612403       
966         0.612403       0.612403       
967         0.612403       0.612403       
968         0.612403       0.612403       
969         0.612403       0.612403       
970         0.612403       0.612403       
971         0.612403       0.612403       
972         0.612403       0.612403       
973         0.612403       0.612403       
974         0.612403       0.612403       
975         0.612403       0.612403       
976         0.612403       0.612403       
977         0.612403       0.612403       
978         0.612403       0.612403       
979         0.612403       0.612403       
980         0.612403       0.612403       
981         0.612403       0.612403       
982         0.612403       0.612403       
983         0.612403       0.612403       
984         0.612403       0.612403       
985         0.612403       0.612403       
986         0.612403       0.612403       
987         0.612403       0.612403       
988         0.612403       0.612403       
989         0.612403       0.612403       
990         0.612403       0.612403       
991         0.612403       0.612403       
992         0.612403       0.612403       
993         0.612403       0.612403       
994         0.612403       0.612403       
995         0.612403       0.612403       
996         0.612403       0.612403       
997         0.612403       0.612403       
998         0.612403       0.612403       
999         0.612403       0.612403       
