# lambda = 3.56
#===============================================
0           0.5            0.5005         
1           0.89           0.889999       
2           0.348524       0.348526       
3           0.808316       0.808319       
4           0.551591       0.551585       
5           0.880525       0.880527       
6           0.374516       0.37451        
7           0.833943       0.833938       
8           0.492996       0.493008       
9           0.889825       0.889826       
10          0.349009       0.349007       
11          0.808838       0.808836       
12          0.550444       0.550448       
13          0.880941       0.88094        
14          0.373386       0.37339        
15          0.832929       0.832933       
16          0.495402       0.495394       
17          0.889925       0.889924       
18          0.348733       0.348734       
19          0.808541       0.808542       
20          0.551097       0.551095       
21          0.880705       0.880706       
22          0.374026       0.374024       
23          0.833505       0.833503       
24          0.494038       0.494042       
25          0.889873       0.889874       
26          0.348875       0.348875       
27          0.808694       0.808694       
28          0.55076        0.550761       
29          0.880827       0.880827       
30          0.373695       0.373696       
31          0.833207       0.833208       
32          0.494744       0.494741       
33          0.889902       0.889902       
34          0.348797       0.348797       
35          0.80861        0.80861        
36          0.550945       0.550944       
37          0.88076        0.880761       
38          0.373876       0.373876       
39          0.833371       0.83337        
40          0.494356       0.494357       
41          0.889887       0.889887       
42          0.348839       0.348839       
43          0.808655       0.808655       
44          0.550846       0.550846       
45          0.880796       0.880796       
46          0.373779       0.37378        
47          0.833283       0.833284       
48          0.494563       0.494562       
49          0.889895       0.889895       
50          0.348816       0.348816       
51          0.808631       0.808631       
52          0.5509         0.550899       
53          0.880777       0.880777       
54          0.373832       0.373832       
55          0.833331       0.833331       
56          0.494451       0.494451       
57          0.88989        0.88989        
58          0.348828       0.348828       
59          0.808644       0.808644       
60          0.550871       0.550871       
61          0.880787       0.880787       
62          0.373804       0.373804       
63          0.833305       0.833305       
64          0.494511       0.494511       
65          0.889893       0.889893       
66          0.348822       0.348822       
67          0.808637       0.808637       
68          0.550886       0.550886       
69          0.880782       0.880782       
70          0.373819       0.373819       
71          0.833319       0.833319       
72          0.494479       0.494479       
73          0.889891       0.889891       
74          0.348825       0.348825       
75          0.808641       0.808641       
76          0.550878       0.550878       
77          0.880785       0.880785       
78          0.373811       0.373811       
79          0.833312       0.833312       
80          0.494496       0.494496       
81          0.889892       0.889892       
82          0.348823       0.348823       
83          0.808638       0.808638       
84          0.550883       0.550883       
85          0.880783       0.880783       
86          0.373815       0.373815       
87          0.833316       0.833316       
88          0.494487       0.494487       
89          0.889892       0.889892       
90          0.348824       0.348824       
91          0.80864        0.80864        
92          0.55088        0.55088        
93          0.880784       0.880784       
94          0.373813       0.373813       
95          0.833313       0.833313       
96          0.494492       0.494492       
97          0.889892       0.889892       
98          0.348824       0.348824       
99          0.808639       0.808639       
100         0.550881       0.550881       
101         0.880783       0.880783       
102         0.373814       0.373814       
103         0.833315       0.833315       
104         0.494489       0.494489       
105         0.889892       0.889892       
106         0.348824       0.348824       
107         0.808639       0.808639       
108         0.550881       0.550881       
109         0.880784       0.880784       
110         0.373813       0.373813       
111         0.833314       0.833314       
112         0.49449        0.49449        
113         0.889892       0.889892       
114         0.348824       0.348824       
115         0.808639       0.808639       
116         0.550881       0.550881       
117         0.880784       0.880784       
118         0.373814       0.373814       
119         0.833314       0.833314       
120         0.49449        0.49449        
121         0.889892       0.889892       
122         0.348824       0.348824       
123         0.808639       0.808639       
124         0.550881       0.550881       
125         0.880784       0.880784       
126         0.373814       0.373814       
127         0.833314       0.833314       
128         0.49449        0.49449        
129         0.889892       0.889892       
130         0.348824       0.348824       
131         0.808639       0.808639       
132         0.550881       0.550881       
133         0.880784       0.880784       
134         0.373814       0.373814       
135         0.833314       0.833314       
136         0.49449        0.49449        
137         0.889892       0.889892       
138         0.348824       0.348824       
139         0.808639       0.808639       
140         0.550881       0.550881       
141         0.880784       0.880784       
142         0.373814       0.373814       
143         0.833314       0.833314       
144         0.49449        0.49449        
145         0.889892       0.889892       
146         0.348824       0.348824       
147         0.808639       0.808639       
148         0.550881       0.550881       
149         0.880784       0.880784       
150         0.373814       0.373814       
151         0.833314       0.833314       
152         0.49449        0.49449        
153         0.889892       0.889892       
154         0.348824       0.348824       
155         0.808639       0.808639       
156         0.550881       0.550881       
157         0.880784       0.880784       
158         0.373814       0.373814       
159         0.833314       0.833314       
160         0.49449        0.49449        
161         0.889892       0.889892       
162         0.348824       0.348824       
163         0.808639       0.808639       
164         0.550881       0.550881       
165         0.880784       0.880784       
166         0.373814       0.373814       
167         0.833314       0.833314       
168         0.49449        0.49449        
169         0.889892       0.889892       
170         0.348824       0.348824       
171         0.808639       0.808639       
172         0.550881       0.550881       
173         0.880784       0.880784       
174         0.373814       0.373814       
175         0.833314       0.833314       
176         0.49449        0.49449        
177         0.889892       0.889892       
178         0.348824       0.348824       
179         0.808639       0.808639       
180         0.550881       0.550881       
181         0.880784       0.880784       
182         0.373814       0.373814       
183         0.833314       0.833314       
184         0.49449        0.49449        
185         0.889892       0.889892       
186         0.348824       0.348824       
187         0.808639       0.808639       
188         0.550881       0.550881       
189         0.880784       0.880784       
190         0.373814       0.373814       
191         0.833314       0.833314       
192         0.49449        0.49449        
193         0.889892       0.889892       
194         0.348824       0.348824       
195         0.808639       0.808639       
196         0.550881       0.550881       
197         0.880784       0.880784       
198         0.373814       0.373814       
199         0.833314       0.833314       
200         0.49449        0.49449        
201         0.889892       0.889892       
202         0.348824       0.348824       
203         0.808639       0.808639       
204         0.550881       0.550881       
205         0.880784       0.880784       
206         0.373814       0.373814       
207         0.833314       0.833314       
208         0.49449        0.49449        
209         0.889892       0.889892       
210         0.348824       0.348824       
211         0.808639       0.808639       
212         0.550881       0.550881       
213         0.880784       0.880784       
214         0.373814       0.373814       
215         0.833314       0.833314       
216         0.49449        0.49449        
217         0.889892       0.889892       
218         0.348824       0.348824       
219         0.808639       0.808639       
220         0.550881       0.550881       
221         0.880784       0.880784       
222         0.373814       0.373814       
223         0.833314       0.833314       
224         0.49449        0.49449        
225         0.889892       0.889892       
226         0.348824       0.348824       
227         0.808639       0.808639       
228         0.550881       0.550881       
229         0.880784       0.880784       
230         0.373814       0.373814       
231         0.833314       0.833314       
232         0.49449        0.49449        
233         0.889892       0.889892       
234         0.348824       0.348824       
235         0.808639       0.808639       
236         0.550881       0.550881       
237         0.880784       0.880784       
238         0.373814       0.373814       
239         0.833314       0.833314       
240         0.49449        0.49449        
241         0.889892       0.889892       
242         0.348824       0.348824       
243         0.808639       0.808639       
244         0.550881       0.550881       
245         0.880784       0.880784       
246         0.373814       0.373814       
247         0.833314       0.833314       
248         0.49449        0.49449        
249         0.889892       0.889892       
250         0.348824       0.348824       
251         0.808639       0.808639       
252         0.550881       0.550881       
253         0.880784       0.880784       
254         0.373814       0.373814       
255         0.833314       0.833314       
256         0.49449        0.49449        
257         0.889892       0.889892       
258         0.348824       0.348824       
259         0.808639       0.808639       
260         0.550881       0.550881       
261         0.880784       0.880784       
262         0.373814       0.373814       
263         0.833314       0.833314       
264         0.49449        0.49449        
265         0.889892       0.889892       
266         0.348824       0.348824       
267         0.808639       0.808639       
268         0.550881       0.550881       
269         0.880784       0.880784       
270         0.373814       0.373814       
271         0.833314       0.833314       
272         0.49449        0.49449        
273         0.889892       0.889892       
274         0.348824       0.348824       
275         0.808639       0.808639       
276         0.550881       0.550881       
277         0.880784       0.880784       
278         0.373814       0.373814       
279         0.833314       0.833314       
280         0.49449        0.49449        
281         0.889892       0.889892       
282         0.348824       0.348824       
283         0.808639       0.808639       
284         0.550881       0.550881       
285         0.880784       0.880784       
286         0.373814       0.373814       
287         0.833314       0.833314       
288         0.49449        0.49449        
289         0.889892       0.889892       
290         0.348824       0.348824       
291         0.808639       0.808639       
292         0.550881       0.550881       
293         0.880784       0.880784       
294         0.373814       0.373814       
295         0.833314       0.833314       
296         0.49449        0.49449        
297         0.889892       0.889892       
298         0.348824       0.348824       
299         0.808639       0.808639       
300         0.550881       0.550881       
301         0.880784       0.880784       
302         0.373814       0.373814       
303         0.833314       0.833314       
304         0.49449        0.49449        
305         0.889892       0.889892       
306         0.348824       0.348824       
307         0.808639       0.808639       
308         0.550881       0.550881       
309         0.880784       0.880784       
310         0.373814       0.373814       
311         0.833314       0.833314       
312         0.49449        0.49449        
313         0.889892       0.889892       
314         0.348824       0.348824       
315         0.808639       0.808639       
316         0.550881       0.550881       
317         0.880784       0.880784       
318         0.373814       0.373814       
319         0.833314       0.833314       
320         0.49449        0.49449        
321         0.889892       0.889892       
322         0.348824       0.348824       
323         0.808639       0.808639       
324         0.550881       0.550881       
325         0.880784       0.880784       
326         0.373814       0.373814       
327         0.833314       0.833314       
328         0.49449        0.49449        
329         0.889892       0.889892       
330         0.348824       0.348824       
331         0.808639       0.808639       
332         0.550881       0.550881       
333         0.880784       0.880784       
334         0.373814       0.373814       
335         0.833314       0.833314       
336         0.49449        0.49449        
337         0.889892       0.889892       
338         0.348824       0.348824       
339         0.808639       0.808639       
340         0.550881       0.550881       
341         0.880784       0.880784       
342         0.373814       0.373814       
343         0.833314       0.833314       
344         0.49449        0.49449        
345         0.889892       0.889892       
346         0.348824       0.348824       
347         0.808639       0.808639       
348         0.550881       0.550881       
349         0.880784       0.880784       
350         0.373814       0.373814       
351         0.833314       0.833314       
352         0.49449        0.49449        
353         0.889892       0.889892       
354         0.348824       0.348824       
355         0.808639       0.808639       
356         0.550881       0.550881       
357         0.880784       0.880784       
358         0.373814       0.373814       
359         0.833314       0.833314       
360         0.49449        0.49449        
361         0.889892       0.889892       
362         0.348824       0.348824       
363         0.808639       0.808639       
364         0.550881       0.550881       
365         0.880784       0.880784       
366         0.373814       0.373814       
367         0.833314       0.833314       
368         0.49449        0.49449        
369         0.889892       0.889892       
370         0.348824       0.348824       
371         0.808639       0.808639       
372         0.550881       0.550881       
373         0.880784       0.880784       
374         0.373814       0.373814       
375         0.833314       0.833314       
376         0.49449        0.49449        
377         0.889892       0.889892       
378         0.348824       0.348824       
379         0.808639       0.808639       
380         0.550881       0.550881       
381         0.880784       0.880784       
382         0.373814       0.373814       
383         0.833314       0.833314       
384         0.49449        0.49449        
385         0.889892       0.889892       
386         0.348824       0.348824       
387         0.808639       0.808639       
388         0.550881       0.550881       
389         0.880784       0.880784       
390         0.373814       0.373814       
391         0.833314       0.833314       
392         0.49449        0.49449        
393         0.889892       0.889892       
394         0.348824       0.348824       
395         0.808639       0.808639       
396         0.550881       0.550881       
397         0.880784       0.880784       
398         0.373814       0.373814       
399         0.833314       0.833314       
400         0.49449        0.49449        
401         0.889892       0.889892       
402         0.348824       0.348824       
403         0.808639       0.808639       
404         0.550881       0.550881       
405         0.880784       0.880784       
406         0.373814       0.373814       
407         0.833314       0.833314       
408         0.49449        0.49449        
409         0.889892       0.889892       
410         0.348824       0.348824       
411         0.808639       0.808639       
412         0.550881       0.550881       
413         0.880784       0.880784       
414         0.373814       0.373814       
415         0.833314       0.833314       
416         0.49449        0.49449        
417         0.889892       0.889892       
418         0.348824       0.348824       
419         0.808639       0.808639       
420         0.550881       0.550881       
421         0.880784       0.880784       
422         0.373814       0.373814       
423         0.833314       0.833314       
424         0.49449        0.49449        
425         0.889892       0.889892       
426         0.348824       0.348824       
427         0.808639       0.808639       
428         0.550881       0.550881       
429         0.880784       0.880784       
430         0.373814       0.373814       
431         0.833314       0.833314       
432         0.49449        0.49449        
433         0.889892       0.889892       
434         0.348824       0.348824       
435         0.808639       0.808639       
436         0.550881       0.550881       
437         0.880784       0.880784       
438         0.373814       0.373814       
439         0.833314       0.833314       
440         0.49449        0.49449        
441         0.889892       0.889892       
442         0.348824       0.348824       
443         0.808639       0.808639       
444         0.550881       0.550881       
445         0.880784       0.880784       
446         0.373814       0.373814       
447         0.833314       0.833314       
448         0.49449        0.49449        
449         0.889892       0.889892       
450         0.348824       0.348824       
451         0.808639       0.808639       
452         0.550881       0.550881       
453         0.880784       0.880784       
454         0.373814       0.373814       
455         0.833314       0.833314       
456         0.49449        0.49449        
457         0.889892       0.889892       
458         0.348824       0.348824       
459         0.808639       0.808639       
460         0.550881       0.550881       
461         0.880784       0.880784       
462         0.373814       0.373814       
463         0.833314       0.833314       
464         0.49449        0.49449        
465         0.889892       0.889892       
466         0.348824       0.348824       
467         0.808639       0.808639       
468         0.550881       0.550881       
469         0.880784       0.880784       
470         0.373814       0.373814       
471         0.833314       0.833314       
472         0.49449        0.49449        
473         0.889892       0.889892       
474         0.348824       0.348824       
475         0.808639       0.808639       
476         0.550881       0.550881       
477         0.880784       0.880784       
478         0.373814       0.373814       
479         0.833314       0.833314       
480         0.49449        0.49449        
481         0.889892       0.889892       
482         0.348824       0.348824       
483         0.808639       0.808639       
484         0.550881       0.550881       
485         0.880784       0.880784       
486         0.373814       0.373814       
487         0.833314       0.833314       
488         0.49449        0.49449        
489         0.889892       0.889892       
490         0.348824       0.348824       
491         0.808639       0.808639       
492         0.550881       0.550881       
493         0.880784       0.880784       
494         0.373814       0.373814       
495         0.833314       0.833314       
496         0.49449        0.49449        
497         0.889892       0.889892       
498         0.348824       0.348824       
499         0.808639       0.808639       
500         0.550881       0.550881       
501         0.880784       0.880784       
502         0.373814       0.373814       
503         0.833314       0.833314       
504         0.49449        0.49449        
505         0.889892       0.889892       
506         0.348824       0.348824       
507         0.808639       0.808639       
508         0.550881       0.550881       
509         0.880784       0.880784       
510         0.373814       0.373814       
511         0.833314       0.833314       
512         0.49449        0.49449        
513         0.889892       0.889892       
514         0.348824       0.348824       
515         0.808639       0.808639       
516         0.550881       0.550881       
517         0.880784       0.880784       
518         0.373814       0.373814       
519         0.833314       0.833314       
520         0.49449        0.49449        
521         0.889892       0.889892       
522         0.348824       0.348824       
523         0.808639       0.808639       
524         0.550881       0.550881       
525         0.880784       0.880784       
526         0.373814       0.373814       
527         0.833314       0.833314       
528         0.49449        0.49449        
529         0.889892       0.889892       
530         0.348824       0.348824       
531         0.808639       0.808639       
532         0.550881       0.550881       
533         0.880784       0.880784       
534         0.373814       0.373814       
535         0.833314       0.833314       
536         0.49449        0.49449        
537         0.889892       0.889892       
538         0.348824       0.348824       
539         0.808639       0.808639       
540         0.550881       0.550881       
541         0.880784       0.880784       
542         0.373814       0.373814       
543         0.833314       0.833314       
544         0.49449        0.49449        
545         0.889892       0.889892       
546         0.348824       0.348824       
547         0.808639       0.808639       
548         0.550881       0.550881       
549         0.880784       0.880784       
550         0.373814       0.373814       
551         0.833314       0.833314       
552         0.49449        0.49449        
553         0.889892       0.889892       
554         0.348824       0.348824       
555         0.808639       0.808639       
556         0.550881       0.550881       
557         0.880784       0.880784       
558         0.373814       0.373814       
559         0.833314       0.833314       
560         0.49449        0.49449        
561         0.889892       0.889892       
562         0.348824       0.348824       
563         0.808639       0.808639       
564         0.550881       0.550881       
565         0.880784       0.880784       
566         0.373814       0.373814       
567         0.833314       0.833314       
568         0.49449        0.49449        
569         0.889892       0.889892       
570         0.348824       0.348824       
571         0.808639       0.808639       
572         0.550881       0.550881       
573         0.880784       0.880784       
574         0.373814       0.373814       
575         0.833314       0.833314       
576         0.49449        0.49449        
577         0.889892       0.889892       
578         0.348824       0.348824       
579         0.808639       0.808639       
580         0.550881       0.550881       
581         0.880784       0.880784       
582         0.373814       0.373814       
583         0.833314       0.833314       
584         0.49449        0.49449        
585         0.889892       0.889892       
586         0.348824       0.348824       
587         0.808639       0.808639       
588         0.550881       0.550881       
589         0.880784       0.880784       
590         0.373814       0.373814       
591         0.833314       0.833314       
592         0.49449        0.49449        
593         0.889892       0.889892       
594         0.348824       0.348824       
595         0.808639       0.808639       
596         0.550881       0.550881       
597         0.880784       0.880784       
598         0.373814       0.373814       
599         0.833314       0.833314       
600         0.49449        0.49449        
601         0.889892       0.889892       
602         0.348824       0.348824       
603         0.808639       0.808639       
604         0.550881       0.550881       
605         0.880784       0.880784       
606         0.373814       0.373814       
607         0.833314       0.833314       
608         0.49449        0.49449        
609         0.889892       0.889892       
610         0.348824       0.348824       
611         0.808639       0.808639       
612         0.550881       0.550881       
613         0.880784       0.880784       
614         0.373814       0.373814       
615         0.833314       0.833314       
616         0.49449        0.49449        
617         0.889892       0.889892       
618         0.348824       0.348824       
619         0.808639       0.808639       
620         0.550881       0.550881       
621         0.880784       0.880784       
622         0.373814       0.373814       
623         0.833314       0.833314       
624         0.49449        0.49449        
625         0.889892       0.889892       
626         0.348824       0.348824       
627         0.808639       0.808639       
628         0.550881       0.550881       
629         0.880784       0.880784       
630         0.373814       0.373814       
631         0.833314       0.833314       
632         0.49449        0.49449        
633         0.889892       0.889892       
634         0.348824       0.348824       
635         0.808639       0.808639       
636         0.550881       0.550881       
637         0.880784       0.880784       
638         0.373814       0.373814       
639         0.833314       0.833314       
640         0.49449        0.49449        
641         0.889892       0.889892       
642         0.348824       0.348824       
643         0.808639       0.808639       
644         0.550881       0.550881       
645         0.880784       0.880784       
646         0.373814       0.373814       
647         0.833314       0.833314       
648         0.49449        0.49449        
649         0.889892       0.889892       
650         0.348824       0.348824       
651         0.808639       0.808639       
652         0.550881       0.550881       
653         0.880784       0.880784       
654         0.373814       0.373814       
655         0.833314       0.833314       
656         0.49449        0.49449        
657         0.889892       0.889892       
658         0.348824       0.348824       
659         0.808639       0.808639       
660         0.550881       0.550881       
661         0.880784       0.880784       
662         0.373814       0.373814       
663         0.833314       0.833314       
664         0.49449        0.49449        
665         0.889892       0.889892       
666         0.348824       0.348824       
667         0.808639       0.808639       
668         0.550881       0.550881       
669         0.880784       0.880784       
670         0.373814       0.373814       
671         0.833314       0.833314       
672         0.49449        0.49449        
673         0.889892       0.889892       
674         0.348824       0.348824       
675         0.808639       0.808639       
676         0.550881       0.550881       
677         0.880784       0.880784       
678         0.373814       0.373814       
679         0.833314       0.833314       
680         0.49449        0.49449        
681         0.889892       0.889892       
682         0.348824       0.348824       
683         0.808639       0.808639       
684         0.550881       0.550881       
685         0.880784       0.880784       
686         0.373814       0.373814       
687         0.833314       0.833314       
688         0.49449        0.49449        
689         0.889892       0.889892       
690         0.348824       0.348824       
691         0.808639       0.808639       
692         0.550881       0.550881       
693         0.880784       0.880784       
694         0.373814       0.373814       
695         0.833314       0.833314       
696         0.49449        0.49449        
697         0.889892       0.889892       
698         0.348824       0.348824       
699         0.808639       0.808639       
700         0.550881       0.550881       
701         0.880784       0.880784       
702         0.373814       0.373814       
703         0.833314       0.833314       
704         0.49449        0.49449        
705         0.889892       0.889892       
706         0.348824       0.348824       
707         0.808639       0.808639       
708         0.550881       0.550881       
709         0.880784       0.880784       
710         0.373814       0.373814       
711         0.833314       0.833314       
712         0.49449        0.49449        
713         0.889892       0.889892       
714         0.348824       0.348824       
715         0.808639       0.808639       
716         0.550881       0.550881       
717         0.880784       0.880784       
718         0.373814       0.373814       
719         0.833314       0.833314       
720         0.49449        0.49449        
721         0.889892       0.889892       
722         0.348824       0.348824       
723         0.808639       0.808639       
724         0.550881       0.550881       
725         0.880784       0.880784       
726         0.373814       0.373814       
727         0.833314       0.833314       
728         0.49449        0.49449        
729         0.889892       0.889892       
730         0.348824       0.348824       
731         0.808639       0.808639       
732         0.550881       0.550881       
733         0.880784       0.880784       
734         0.373814       0.373814       
735         0.833314       0.833314       
736         0.49449        0.49449        
737         0.889892       0.889892       
738         0.348824       0.348824       
739         0.808639       0.808639       
740         0.550881       0.550881       
741         0.880784       0.880784       
742         0.373814       0.373814       
743         0.833314       0.833314       
744         0.49449        0.49449        
745         0.889892       0.889892       
746         0.348824       0.348824       
747         0.808639       0.808639       
748         0.550881       0.550881       
749         0.880784       0.880784       
750         0.373814       0.373814       
751         0.833314       0.833314       
752         0.49449        0.49449        
753         0.889892       0.889892       
754         0.348824       0.348824       
755         0.808639       0.808639       
756         0.550881       0.550881       
757         0.880784       0.880784       
758         0.373814       0.373814       
759         0.833314       0.833314       
760         0.49449        0.49449        
761         0.889892       0.889892       
762         0.348824       0.348824       
763         0.808639       0.808639       
764         0.550881       0.550881       
765         0.880784       0.880784       
766         0.373814       0.373814       
767         0.833314       0.833314       
768         0.49449        0.49449        
769         0.889892       0.889892       
770         0.348824       0.348824       
771         0.808639       0.808639       
772         0.550881       0.550881       
773         0.880784       0.880784       
774         0.373814       0.373814       
775         0.833314       0.833314       
776         0.49449        0.49449        
777         0.889892       0.889892       
778         0.348824       0.348824       
779         0.808639       0.808639       
780         0.550881       0.550881       
781         0.880784       0.880784       
782         0.373814       0.373814       
783         0.833314       0.833314       
784         0.49449        0.49449        
785         0.889892       0.889892       
786         0.348824       0.348824       
787         0.808639       0.808639       
788         0.550881       0.550881       
789         0.880784       0.880784       
790         0.373814       0.373814       
791         0.833314       0.833314       
792         0.49449        0.49449        
793         0.889892       0.889892       
794         0.348824       0.348824       
795         0.808639       0.808639       
796         0.550881       0.550881       
797         0.880784       0.880784       
798         0.373814       0.373814       
799         0.833314       0.833314       
800         0.49449        0.49449        
801         0.889892       0.889892       
802         0.348824       0.348824       
803         0.808639       0.808639       
804         0.550881       0.550881       
805         0.880784       0.880784       
806         0.373814       0.373814       
807         0.833314       0.833314       
808         0.49449        0.49449        
809         0.889892       0.889892       
810         0.348824       0.348824       
811         0.808639       0.808639       
812         0.550881       0.550881       
813         0.880784       0.880784       
814         0.373814       0.373814       
815         0.833314       0.833314       
816         0.49449        0.49449        
817         0.889892       0.889892       
818         0.348824       0.348824       
819         0.808639       0.808639       
820         0.550881       0.550881       
821         0.880784       0.880784       
822         0.373814       0.373814       
823         0.833314       0.833314       
824         0.49449        0.49449        
825         0.889892       0.889892       
826         0.348824       0.348824       
827         0.808639       0.808639       
828         0.550881       0.550881       
829         0.880784       0.880784       
830         0.373814       0.373814       
831         0.833314       0.833314       
832         0.49449        0.49449        
833         0.889892       0.889892       
834         0.348824       0.348824       
835         0.808639       0.808639       
836         0.550881       0.550881       
837         0.880784       0.880784       
838         0.373814       0.373814       
839         0.833314       0.833314       
840         0.49449        0.49449        
841         0.889892       0.889892       
842         0.348824       0.348824       
843         0.808639       0.808639       
844         0.550881       0.550881       
845         0.880784       0.880784       
846         0.373814       0.373814       
847         0.833314       0.833314       
848         0.49449        0.49449        
849         0.889892       0.889892       
850         0.348824       0.348824       
851         0.808639       0.808639       
852         0.550881       0.550881       
853         0.880784       0.880784       
854         0.373814       0.373814       
855         0.833314       0.833314       
856         0.49449        0.49449        
857         0.889892       0.889892       
858         0.348824       0.348824       
859         0.808639       0.808639       
860         0.550881       0.550881       
861         0.880784       0.880784       
862         0.373814       0.373814       
863         0.833314       0.833314       
864         0.49449        0.49449        
865         0.889892       0.889892       
866         0.348824       0.348824       
867         0.808639       0.808639       
868         0.550881       0.550881       
869         0.880784       0.880784       
870         0.373814       0.373814       
871         0.833314       0.833314       
872         0.49449        0.49449        
873         0.889892       0.889892       
874         0.348824       0.348824       
875         0.808639       0.808639       
876         0.550881       0.550881       
877         0.880784       0.880784       
878         0.373814       0.373814       
879         0.833314       0.833314       
880         0.49449        0.49449        
881         0.889892       0.889892       
882         0.348824       0.348824       
883         0.808639       0.808639       
884         0.550881       0.550881       
885         0.880784       0.880784       
886         0.373814       0.373814       
887         0.833314       0.833314       
888         0.49449        0.49449        
889         0.889892       0.889892       
890         0.348824       0.348824       
891         0.808639       0.808639       
892         0.550881       0.550881       
893         0.880784       0.880784       
894         0.373814       0.373814       
895         0.833314       0.833314       
896         0.49449        0.49449        
897         0.889892       0.889892       
898         0.348824       0.348824       
899         0.808639       0.808639       
900         0.550881       0.550881       
901         0.880784       0.880784       
902         0.373814       0.373814       
903         0.833314       0.833314       
904         0.49449        0.49449        
905         0.889892       0.889892       
906         0.348824       0.348824       
907         0.808639       0.808639       
908         0.550881       0.550881       
909         0.880784       0.880784       
910         0.373814       0.373814       
911         0.833314       0.833314       
912         0.49449        0.49449        
913         0.889892       0.889892       
914         0.348824       0.348824       
915         0.808639       0.808639       
916         0.550881       0.550881       
917         0.880784       0.880784       
918         0.373814       0.373814       
919         0.833314       0.833314       
920         0.49449        0.49449        
921         0.889892       0.889892       
922         0.348824       0.348824       
923         0.808639       0.808639       
924         0.550881       0.550881       
925         0.880784       0.880784       
926         0.373814       0.373814       
927         0.833314       0.833314       
928         0.49449        0.49449        
929         0.889892       0.889892       
930         0.348824       0.348824       
931         0.808639       0.808639       
932         0.550881       0.550881       
933         0.880784       0.880784       
934         0.373814       0.373814       
935         0.833314       0.833314       
936         0.49449        0.49449        
937         0.889892       0.889892       
938         0.348824       0.348824       
939         0.808639       0.808639       
940         0.550881       0.550881       
941         0.880784       0.880784       
942         0.373814       0.373814       
943         0.833314       0.833314       
944         0.49449        0.49449        
945         0.889892       0.889892       
946         0.348824       0.348824       
947         0.808639       0.808639       
948         0.550881       0.550881       
949         0.880784       0.880784       
950         0.373814       0.373814       
951         0.833314       0.833314       
952         0.49449        0.49449        
953         0.889892       0.889892       
954         0.348824       0.348824       
955         0.808639       0.808639       
956         0.550881       0.550881       
957         0.880784       0.880784       
958         0.373814       0.373814       
959         0.833314       0.833314       
960         0.49449        0.49449        
961         0.889892       0.889892       
962         0.348824       0.348824       
963         0.808639       0.808639       
964         0.550881       0.550881       
965         0.880784       0.880784       
966         0.373814       0.373814       
967         0.833314       0.833314       
968         0.49449        0.49449        
969         0.889892       0.889892       
970         0.348824       0.348824       
971         0.808639       0.808639       
972         0.550881       0.550881       
973         0.880784       0.880784       
974         0.373814       0.373814       
975         0.833314       0.833314       
976         0.49449        0.49449        
977         0.889892       0.889892       
978         0.348824       0.348824       
979         0.808639       0.808639       
980         0.550881       0.550881       
981         0.880784       0.880784       
982         0.373814       0.373814       
983         0.833314       0.833314       
984         0.49449        0.49449        
985         0.889892       0.889892       
986         0.348824       0.348824       
987         0.808639       0.808639       
988         0.550881       0.550881       
989         0.880784       0.880784       
990         0.373814       0.373814       
991         0.833314       0.833314       
992         0.49449        0.49449        
993         0.889892       0.889892       
994         0.348824       0.348824       
995         0.808639       0.808639       
996         0.550881       0.550881       
997         0.880784       0.880784       
998         0.373814       0.373814       
999         0.833314       0.833314       
