# lambda = 3.58
#===============================================
0           0.5            0.5005         
1           0.895          0.894999       
2           0.33643        0.336433       
3           0.799217       0.79922        
4           0.574479       0.574473       
5           0.875141       0.875145       
6           0.391183       0.391174       
7           0.852609       0.852602       
8           0.449887       0.449905       
9           0.88601        0.886016       
10          0.361568       0.36155        
11          0.826395       0.826377       
12          0.51361        0.513651       
13          0.894337       0.894333       
14          0.338304       0.338316       
15          0.801399       0.801412       
16          0.569788       0.569759       
17          0.877564       0.877578       
18          0.384654       0.384616       
19          0.847369       0.847337       
20          0.463018       0.463097       
21          0.890104       0.890125       
22          0.350192       0.350134       
23          0.814656       0.814594       
24          0.54055        0.54069        
25          0.889113       0.889073       
26          0.352955       0.353068       
27          0.817592       0.817712       
28          0.533904       0.533632       
29          0.890885       0.890951       
30          0.348008       0.347824       
31          0.812297       0.812096       
32          0.545845       0.546293       
33          0.887476       0.887328       
34          0.357508       0.357918       
35          0.822312       0.822729       
36          0.523092       0.522128       
37          0.893091       0.893247       
38          0.341816       0.341377       
39          0.805421       0.804923       
40          0.56105        0.562139       
41          0.881657       0.881177       
42          0.37353        0.374842       
43          0.837739       0.838921       
44          0.486637       0.483776       
45          0.894361       0.894058       
46          0.338237       0.339093       
47          0.801321       0.802309       
48          0.569956       0.56782        
49          0.87748        0.878534       
50          0.384881       0.38203        
51          0.847556       0.845178       
52          0.462552       0.468452       
53          0.88998        0.891437       
54          0.350539       0.346462       
55          0.815028       0.810606       
56          0.539712       0.549616       
57          0.889354       0.886187       
58          0.352284       0.361077       
59          0.816884       0.825908       
60          0.535512       0.514747       
61          0.890485       0.894221       
62          0.349126       0.33863        
63          0.813509       0.801776       
64          0.54313        0.568974       
65          0.88834        0.877969       
66          0.355106       0.38356        
67          0.819841       0.846461       
68          0.528773       0.465273       
69          0.892036       0.890683       
70          0.344781       0.348574       
71          0.808748       0.812911       
72          0.553736       0.544469       
73          0.884662       0.88792        
74          0.365285       0.356274       
75          0.830029       0.821047       
76          0.505069       0.526006       
77          0.894908       0.892579       
78          0.336691       0.343257       
79          0.799522       0.807045       
80          0.573827       0.557489       
81          0.875488       0.883168       
82          0.390253       0.369393       
83          0.851881       0.833931       
84          0.451724       0.495794       
85          0.886657       0.894937       
86          0.359778       0.33661        
87          0.824609       0.799427       
88          0.517771       0.57403        
89          0.893869       0.87538        
90          0.339624       0.390542       
91          0.80292        0.852108       
92          0.566497       0.451153       
93          0.87917        0.886458       
94          0.380304       0.360328       
95          0.843709       0.825161       
96          0.472074       0.516489       
97          0.892208       0.894027       
98          0.344299       0.33918        
99          0.80821        0.80241        
100         0.554923       0.567602       
101         0.884201       0.878639       
102         0.366555       0.381744       
103         0.831249       0.844936       
104         0.502182       0.46905        
105         0.894983       0.891571       
106         0.336479       0.346087       
107         0.799274       0.810193       
108         0.574358       0.550534       
109         0.875206       0.885858       
110         0.39101        0.361987       
111         0.852474       0.82681        
112         0.450228       0.51264        
113         0.886131       0.894428       
114         0.361231       0.338047       
115         0.826061       0.801101       
116         0.51439        0.570431       
117         0.894259       0.877241       
118         0.338525       0.385526       
119         0.801655       0.848087       
120         0.569236       0.461231       
121         0.877839       0.889619       
122         0.383911       0.351545       
123         0.846754       0.816101       
124         0.464547       0.537288       
125         0.8905         0.890022       
126         0.349084       0.350419       
127         0.813463       0.8149         
128         0.543232       0.540001       
129         0.888309       0.889272       
130         0.355194       0.352513       
131         0.819932       0.817127       
132         0.528564       0.534961       
133         0.892079       0.890624       
134         0.344661       0.348738       
135         0.808614       0.813089       
136         0.554032       0.544072       
137         0.884548       0.888046       
138         0.365599       0.355924       
139         0.830332       0.820687       
140         0.504354       0.526833       
141         0.894932       0.892422       
142         0.336622       0.343697       
143         0.799442       0.807538       
144         0.573998       0.556405       
145         0.875397       0.88361        
146         0.390496       0.368179       
147         0.852072       0.832791       
148         0.451243       0.498516       
149         0.886489       0.894992       
150         0.360241       0.336453       
151         0.825073       0.799243       
152         0.516692       0.574423       
153         0.894003       0.875171       
154         0.339248       0.391103       
155         0.802489       0.852547       
156         0.567433       0.450045       
157         0.878721       0.886066       
158         0.381521       0.361412       
159         0.844747       0.82624        
160         0.469515       0.513971       
161         0.891673       0.894301       
162         0.3458         0.338405       
163         0.809876       0.801516       
164         0.551237       0.569536       
165         0.885602       0.87769        
166         0.362694       0.384314       
167         0.827507       0.847088       
168         0.511007       0.463717       
169         0.894566       0.890287       
170         0.337656       0.34968        
171         0.800648       0.814106       
172         0.571408       0.541787       
173         0.876745       0.888749       
174         0.386865       0.353971       
175         0.849178       0.818658       
176         0.458508       0.531476       
177         0.888837       0.891453       
178         0.353726       0.346417       
179         0.818402       0.810556       
180         0.532061       0.549727       
181         0.89132        0.886147       
182         0.34679        0.361187       
183         0.810965       0.826017       
184         0.548816       0.514493       
185         0.886469       0.894248       
186         0.360298       0.338555       
187         0.82513        0.801689       
188         0.516559       0.569161       
189         0.894018       0.877876       
190         0.339203       0.383811       
191         0.802437       0.84667        
192         0.567544       0.464754       
193         0.878667       0.890553       
194         0.381667       0.348938       
195         0.844871       0.813305       
196         0.46921        0.543587       
197         0.891606       0.888199       
198         0.345988       0.355501       
199         0.810084       0.82025        
200         0.550777       0.527836       
201         0.88577        0.892226       
202         0.36223        0.344248       
203         0.82705        0.808154       
204         0.512077       0.555047       
205         0.894478       0.884152       
206         0.337906       0.366689       
207         0.800938       0.831377       
208         0.570782       0.501877       
209         0.877064       0.894987       
210         0.386006       0.336466       
211         0.848479       0.799259       
212         0.460252       0.57439        
213         0.889344       0.875189       
214         0.352312       0.391055       
215         0.816914       0.852509       
216         0.535445       0.450139       
217         0.890502       0.8861         
218         0.349078       0.361318       
219         0.813457       0.826147       
220         0.543246       0.514188       
221         0.888305       0.894279       
222         0.355206       0.338467       
223         0.819944       0.801587       
224         0.528536       0.569382       
225         0.892085       0.877766       
226         0.344645       0.384107       
227         0.808596       0.846917       
228         0.554072       0.464143       
229         0.884533       0.890397       
230         0.365641       0.349373       
231         0.830373       0.813775       
232         0.504257       0.542532       
233         0.894935       0.888524       
234         0.336614       0.354596       
235         0.799432       0.819311       
236         0.574019       0.529985       
237         0.875386       0.891781       
238         0.390526       0.345497       
239         0.852095       0.809541       
240         0.451183       0.55198        
241         0.886469       0.885327       
242         0.360298       0.363453       
243         0.825131       0.82825        
244         0.516558       0.509262       
245         0.894018       0.894693       
246         0.339203       0.337299       
247         0.802437       0.800231       
248         0.567545       0.572303       
249         0.878667       0.876285       
250         0.381668       0.388107       
251         0.844872       0.850178       
252         0.469208       0.456003       
253         0.891606       0.88807        
254         0.345989       0.355858       
255         0.810085       0.820619       
256         0.550773       0.526989       
257         0.885771       0.892392       
258         0.362227       0.343781       
259         0.827047       0.807633       
260         0.512085       0.556197       
261         0.894477       0.883694       
262         0.337908       0.367948       
263         0.80094        0.832573       
264         0.570778       0.499035       
265         0.877066       0.894997       
266         0.386          0.33644        
267         0.848474       0.799228       
268         0.460265       0.574456       
269         0.889348       0.875154       
270         0.352302       0.39115        
271         0.816903       0.852583       
272         0.535469       0.449954       
273         0.890496       0.886033       
274         0.349095       0.361502       
275         0.813475       0.826329       
276         0.543205       0.513763       
277         0.888317       0.894322       
278         0.35517        0.338347       
279         0.819907       0.801448       
280         0.52862        0.569682       
281         0.892068       0.877617       
282         0.344693       0.384511       
283         0.80865        0.847251       
284         0.553952       0.463312       
285         0.884579       0.890181       
286         0.365514       0.349976       
287         0.83025        0.814424       
288         0.504546       0.541073       
289         0.894926       0.888961       
290         0.33664        0.353381       
291         0.799462       0.81804        
292         0.573954       0.532886       
293         0.87542        0.891128       
294         0.390434       0.347327       
295         0.852023       0.811553       
296         0.451365       0.547506       
297         0.886532       0.886921       
298         0.360123       0.359047       
299         0.824955       0.823873       
300         0.516968       0.519479       
301         0.893969       0.893642       
302         0.339342       0.340266       
303         0.802596       0.803656       
304         0.567199       0.564899       
305         0.878834       0.879922       
306         0.381216       0.378261       
307         0.844488       0.841943       
308         0.470155       0.476408       
309         0.891811       0.893007       
310         0.345413       0.342052       
311         0.809448       0.805687       
312         0.552186       0.560468       
313         0.88525        0.88191        
314         0.363665       0.372838       
315         0.828457       0.83711        
316         0.508774       0.488156       
317         0.894724       0.894498       
318         0.33721        0.33785        
319         0.800128       0.800872       
320         0.572526       0.570924       
321         0.876169       0.876992       
322         0.388418       0.3862         
323         0.850427       0.848637       
324         0.455378       0.459858       
325         0.887872       0.889231       
326         0.356408       0.352626       
327         0.821186       0.817246       
328         0.525687       0.534691       
329         0.892638       0.890692       
330         0.343091       0.348549       
331         0.806859       0.812884       
332         0.557899       0.544531       
333         0.882999       0.887901       
334         0.369856       0.356328       
335         0.834364       0.821102       
336         0.494758       0.525878       
337         0.894902       0.892603       
338         0.336709       0.34319        
339         0.799543       0.80697        
340         0.573782       0.557654       
341         0.875512       0.8831         
342         0.390188       0.369579       
343         0.85183        0.834105       
344         0.451852       0.495378       
345         0.886701       0.894924       
346         0.359656       0.336647       
347         0.824487       0.79947        
348         0.518056       0.573937       
349         0.893833       0.875429       
350         0.339727       0.390409       
351         0.803038       0.852003       
352         0.56624        0.451415       
353         0.879292       0.886549       
354         0.379973       0.360075       
355         0.843425       0.824907       
356         0.472772       0.517079       
357         0.892346       0.893956       
358         0.343912       0.33938        
359         0.807778       0.80264        
360         0.555876       0.567104       
361         0.883823       0.87888        
362         0.367594       0.381092       
363         0.832238       0.844382       
364         0.499832       0.470416       
365         0.895          0.891867       
366         0.336431       0.345257       
367         0.799218       0.809275       
368         0.574479       0.552569       
369         0.875142       0.885107       
370         0.391182       0.36406        
371         0.852608       0.828843       
372         0.449889       0.507866       
373         0.88601        0.894778       
374         0.361566       0.337057       
375         0.826393       0.799949       
376         0.513614       0.572909       
377         0.894336       0.87597        
378         0.338306       0.388955       
379         0.801401       0.850855       
380         0.569784       0.454304       
381         0.877566       0.887525       
382         0.38465        0.357372       
383         0.847366       0.822173       
384         0.463027       0.523412       
385         0.890106       0.893038       
386         0.350185       0.341966       
387         0.814649       0.805591       
388         0.540566       0.560679       
389         0.889109       0.881818       
390         0.352968       0.373088       
391         0.817606       0.837339       
392         0.533874       0.487606       
393         0.890892       0.89445        
394         0.347988       0.337985       
395         0.812274       0.801029       
396         0.545896       0.570586       
397         0.887459       0.877163       
398         0.357554       0.385738       
399         0.822359       0.84826        
400         0.522983       0.460799       
401         0.893109       0.889498       
402         0.341766       0.351882       
403         0.805364       0.816458       
404         0.561175       0.536478       
405         0.881602       0.890236       
406         0.373679       0.349822       
407         0.837874       0.814259       
408         0.486311       0.541444       
409         0.894329       0.888851       
410         0.338326       0.353686       
411         0.801425       0.81836        
412         0.569733       0.532155       
413         0.877592       0.891298       
414         0.38458        0.34685        
415         0.847308       0.811032       
416         0.46317        0.548668       
417         0.890144       0.88652        
418         0.35008        0.360155       
419         0.814536       0.824987       
420         0.540821       0.516892       
421         0.889035       0.893978       
422         0.353175       0.339316       
423         0.817823       0.802567       
424         0.533378       0.567264       
425         0.891012       0.878803       
426         0.347654       0.3813         
427         0.81191        0.844559       
428         0.546709       0.469978       
429         0.88719        0.891773       
430         0.358302       0.345519       
431         0.823119       0.809565       
432         0.521226       0.551926       
433         0.893387       0.885347       
434         0.340983       0.363397       
435         0.804475       0.828196       
436         0.563117       0.509389       
437         0.880738       0.894684       
438         0.376037       0.337323       
439         0.839987       0.800259       
440         0.481184       0.572243       
441         0.893733       0.876316       
442         0.340009       0.388023       
443         0.803363       0.850111       
444         0.565536       0.456171       
445         0.879624       0.888123       
446         0.379071       0.355711       
447         0.842646       0.820467       
448         0.474684       0.527338       
449         0.892706       0.892324       
450         0.342901       0.343972       
451         0.806645       0.807846       
452         0.558369       0.555727       
453         0.882803       0.883882       
454         0.370393       0.367431       
455         0.834863       0.832083       
456         0.493562       0.500201       
457         0.894852       0.895          
458         0.33685        0.336431       
459         0.799708       0.799218       
460         0.573427       0.574478       
461         0.875698       0.875142       
462         0.389686       0.391182       
463         0.851434       0.852608       
464         0.452848       0.44989        
465         0.887041       0.886011       
466         0.358714       0.361565       
467         0.823537       0.826392       
468         0.520259       0.513616       
469         0.893531       0.894336       
470         0.340578       0.338306       
471         0.804013       0.801401       
472         0.564122       0.569783       
473         0.88028        0.877567       
474         0.377285       0.384648       
475         0.841089       0.847364       
476         0.478497       0.463031       
477         0.893345       0.890107       
478         0.341102       0.350183       
479         0.80461        0.814646       
480         0.562821       0.540573       
481         0.880872       0.889107       
482         0.375674       0.352973       
483         0.839664       0.817612       
484         0.48197        0.53386        
485         0.893836       0.890896       
486         0.339717       0.347978       
487         0.803028       0.812264       
488         0.566264       0.545918       
489         0.879281       0.887452       
490         0.380003       0.357574       
491         0.843451       0.82238        
492         0.472709       0.522936       
493         0.892334       0.893117       
494         0.343946       0.341744       
495         0.807817       0.805339       
496         0.55579        0.56123        
497         0.883857       0.881578       
498         0.3675         0.373745       
499         0.832149       0.837934       
500         0.500044       0.486167       
501         0.895          0.894315       
502         0.336431       0.338366       
503         0.799217       0.801471       
504         0.574479       0.569633       
505         0.875141       0.877641       
506         0.391183       0.384445       
507         0.852609       0.847197       
508         0.449887       0.463447       
509         0.88601        0.890217       
510         0.361568       0.349877       
511         0.826395       0.814317       
512         0.51361        0.541312       
513         0.894337       0.88889        
514         0.338304       0.353577       
515         0.801399       0.818246       
516         0.569787       0.532416       
517         0.877564       0.891238       
518         0.384654       0.347019       
519         0.847369       0.811217       
520         0.463019       0.548256       
521         0.890104       0.886663       
522         0.350192       0.35976        
523         0.814656       0.824591       
524         0.540551       0.517814       
525         0.889113       0.893864       
526         0.352956       0.339639       
527         0.817593       0.802938       
528         0.533902       0.566458       
529         0.890885       0.879188       
530         0.348007       0.380254       
531         0.812295       0.843666       
532         0.545849       0.472178       
533         0.887475       0.892229       
534         0.357511       0.34424        
535         0.822315       0.808145       
536         0.523084       0.555067       
537         0.893092       0.884144       
538         0.341813       0.366711       
539         0.805417       0.831398       
540         0.561059       0.501829       
541         0.881653       0.894988       
542         0.373541       0.336464       
543         0.837749       0.799257       
544         0.486614       0.574394       
545         0.894359       0.875186       
546         0.338243       0.391062       
547         0.801328       0.852514       
548         0.56994        0.450126       
549         0.877488       0.886095       
550         0.38486        0.361331       
551         0.847539       0.82616        
552         0.462595       0.514158       
553         0.889991       0.894282       
554         0.350507       0.338458       
555         0.814993       0.801577       
556         0.539789       0.569403       
557         0.889332       0.877756       
558         0.352345       0.384136       
559         0.816949       0.84694        
560         0.535365       0.464085       
561         0.890523       0.890382       
562         0.349022       0.349414       
563         0.813396       0.81382        
564         0.543383       0.542431       
565         0.888262       0.888554       
566         0.355324       0.354511       
567         0.820066       0.819222       
568         0.528256       0.530189       
569         0.892142       0.891737       
570         0.344485       0.34562        
571         0.808418       0.809677       
572         0.554464       0.551679       
573         0.884381       0.885439       
574         0.366061       0.363144       
575         0.830776       0.827948       
576         0.503303       0.509972       
577         0.894961       0.894644       
578         0.336541       0.337437       
579         0.799347       0.800392       
580         0.574202       0.571957       
581         0.875289       0.876463       
582         0.390787       0.387626       
583         0.8523         0.849792       
584         0.450668       0.456971       
585         0.886287       0.888372       
586         0.360799       0.355019       
587         0.825631       0.819751       
588         0.515393       0.528979       
589         0.894152       0.891994       
590         0.338827       0.344901       
591         0.802003       0.808881       
592         0.568483       0.553442       
593         0.87821        0.884775       
594         0.382907       0.364974       
595         0.845915       0.829729       
596         0.466627       0.505778       
597         0.891013       0.89488        
598         0.34765        0.336768       
599         0.811907       0.799613       
600         0.546717       0.573632       
601         0.887187       0.875591       
602         0.35831        0.389976       
603         0.823127       0.851663       
604         0.521208       0.452273       
605         0.89339        0.886845       
606         0.340975       0.359255       
607         0.804466       0.824084       
608         0.563136       0.518992       
609         0.880729       0.893709       
610         0.376062       0.340076       
611         0.840009       0.80344        
612         0.481131       0.565369       
613         0.893725       0.879702       
614         0.34003        0.378858       
615         0.803386       0.842462       
616         0.565486       0.475136       
617         0.879647       0.892787       
618         0.379007       0.342673       
619         0.842591       0.806388       
620         0.47482        0.558932       
621         0.89273        0.882567       
622         0.342832       0.371041       
623         0.806567       0.835463       
624         0.558539       0.492122       
625         0.882732       0.894778       
626         0.370588       0.337059       
627         0.835044       0.799951       
628         0.493128       0.572904       
629         0.894831       0.875972       
630         0.336909       0.388949       
631         0.799776       0.85085        
632         0.57328        0.454317       
633         0.875775       0.887529       
634         0.389479       0.357361       
635         0.85127        0.822162       
636         0.453261       0.523438       
637         0.887179       0.893033       
638         0.35833        0.341979       
639         0.823148       0.805605       
640         0.521159       0.560648       
641         0.893397       0.881832       
642         0.340954       0.373051       
643         0.804442       0.837305       
644         0.563188       0.487687       
645         0.880706       0.894457       
646         0.376125       0.337964       
647         0.840065       0.801005       
648         0.480994       0.570637       
649         0.893707       0.877137       
650         0.340082       0.385808       
651         0.803446       0.848317       
652         0.565356       0.460656       
653         0.879708       0.889458       
654         0.378841       0.351993       
655         0.842448       0.816576       
656         0.475172       0.53621        
657         0.892793       0.890306       
658         0.342654       0.349627       
659         0.806368       0.814049       
660         0.558977       0.541916       
661         0.882548       0.88871        
662         0.371093       0.354078       
663         0.835511       0.81877        
664         0.492007       0.531221       
665         0.894771       0.89151        
666         0.337077       0.346256       
667         0.799973       0.810379       
668         0.572858       0.550121       
669         0.875996       0.886007       
670         0.388884       0.361576       
671         0.850798       0.826403       
672         0.454447       0.513591       
673         0.887571       0.894339       
674         0.357243       0.338299       
675         0.822041       0.801393       
676         0.523717       0.5698         
677         0.892986       0.877558       
678         0.342111       0.384671       
679         0.805755       0.847383       
680         0.560321       0.462983       
681         0.881974       0.890094       
682         0.372664       0.350218       
683         0.836952       0.814684       
684         0.488539       0.540486       
685         0.89453        0.889132       
686         0.33776        0.352904       
687         0.800767       0.817538       
688         0.571149       0.534027       
689         0.876877       0.890855       
690         0.38651        0.348092       
691         0.848889       0.812388       
692         0.459229       0.545642       
693         0.889049       0.887542       
694         0.353134       0.357324       
695         0.817781       0.822124       
696         0.533475       0.523526       
697         0.890988       0.893019       
698         0.347718       0.34202        
699         0.811981       0.805652       
700         0.546551       0.560545       
701         0.887242       0.881877       
702         0.358156       0.372929       
703         0.822971       0.837194       
704         0.521569       0.487956       
705         0.893335       0.894481       
706         0.341131       0.337898       
707         0.804643       0.800929       
708         0.56275        0.570802       
709         0.880904       0.877053       
710         0.375587       0.386034       
711         0.839586       0.848502       
712         0.482158       0.460196       
713         0.89386        0.889328       
714         0.339649       0.352357       
715         0.802949       0.816961       
716         0.566434       0.535337       
717         0.8792         0.89053        
718         0.380223       0.349002       
719         0.843639       0.813375       
720         0.472245       0.54343        
721         0.892242       0.888247       
722         0.344203       0.355365       
723         0.808103       0.820109       
724         0.555159       0.528159       
725         0.884108       0.892161       
726         0.366811       0.34443        
727         0.831493       0.808357       
728         0.501602       0.5546         
729         0.894991       0.884327       
730         0.336456       0.366207       
731         0.799248       0.830916       
732         0.574414       0.502971       
733         0.875176       0.894968       
734         0.39109        0.33652        
735         0.852536       0.799322       
736         0.450071       0.574255       
737         0.886075       0.875261       
738         0.361386       0.390863       
739         0.826214       0.852359       
740         0.514031       0.450519       
741         0.894295       0.886235       
742         0.338422       0.360945       
743         0.801535       0.825776       
744         0.569493       0.515054       
745         0.877711       0.894189       
746         0.384257       0.338723       
747         0.847041       0.801883       
748         0.463834       0.568743       
749         0.890317       0.878082       
750         0.349595       0.383253       
751         0.814015       0.846205       
752         0.541993       0.465909       
753         0.888687       0.890839       
754         0.354143       0.348136       
755         0.818838       0.812435       
756         0.531066       0.545536       
757         0.891545       0.887577       
758         0.34616        0.357227       
759         0.810273       0.822025       
760         0.550357       0.523753       
761         0.885922       0.89298        
762         0.36181        0.342128       
763         0.826635       0.805774       
764         0.513048       0.560278       
765         0.89439        0.881992       
766         0.338153       0.372613       
767         0.801224       0.836906       
768         0.570166       0.48865        
769         0.877375       0.894539       
770         0.385166       0.337734       
771         0.847791       0.800738       
772         0.461968       0.571214       
773         0.889822       0.876844       
774         0.35098        0.386598       
775         0.815499       0.848961       
776         0.538649       0.45905        
777         0.889652       0.888997       
778         0.351452       0.35328        
779         0.816002       0.817935       
780         0.537511       0.533125       
781         0.889963       0.891072       
782         0.350586       0.347485       
783         0.815078       0.811726       
784         0.539598       0.547119       
785         0.889386       0.887052       
786         0.352194       0.358684       
787         0.816789       0.823507       
788         0.535728       0.520329       
789         0.89043        0.89352        
790         0.34928        0.340607       
791         0.813675       0.804046       
792         0.542757       0.56405        
793         0.888455       0.880313       
794         0.354787       0.377195       
795         0.819509       0.84101        
796         0.529532       0.47869        
797         0.891878       0.893374       
798         0.345226       0.341019       
799         0.809241       0.804516       
800         0.552645       0.563027       
801         0.885078       0.880779       
802         0.364139       0.375927       
803         0.82892        0.839889       
804         0.507686       0.481422       
805         0.894789       0.893764       
806         0.337028       0.33992        
807         0.799916       0.80326        
808         0.57298        0.56576        
809         0.875933       0.879519       
810         0.389055       0.379356       
811         0.850935       0.842893       
812         0.454105       0.474078       
813         0.887459       0.892594       
814         0.357554       0.343213       
815         0.822359       0.806996       
816         0.522984       0.557598       
817         0.893109       0.883123       
818         0.341766       0.369515       
819         0.805364       0.834046       
820         0.561175       0.49552        
821         0.881602       0.894928       
822         0.373679       0.336634       
823         0.837874       0.799455       
824         0.486312       0.57397        
825         0.894329       0.875412       
826         0.338326       0.390456       
827         0.801424       0.85204        
828         0.569734       0.451322       
829         0.877591       0.886517       
830         0.384581       0.360164       
831         0.847309       0.824996       
832         0.463168       0.516871       
833         0.890143       0.893981       
834         0.350081       0.339309       
835         0.814537       0.802558       
836         0.540817       0.567282       
837         0.889035       0.878794       
838         0.353172       0.381324       
839         0.817821       0.844579       
840         0.533384       0.469929       
841         0.89101        0.891763       
842         0.347658       0.345549       
843         0.811915       0.809598       
844         0.546699       0.551853       
845         0.887193       0.885374       
846         0.358292       0.363322       
847         0.82311        0.828122       
848         0.521248       0.509562       
849         0.893384       0.894673       
850         0.340992       0.337356       
851         0.804485       0.800298       
852         0.563094       0.57216        
853         0.880749       0.876359       
854         0.376009       0.387908       
855         0.839962       0.850019       
856         0.481245       0.456403       
857         0.893741       0.888196       
858         0.339986       0.355509       
859         0.803336       0.820258       
860         0.565594       0.527817       
861         0.879597       0.89223        
862         0.379144       0.344238       
863         0.84271        0.808142       
864         0.474528       0.555073       
865         0.892677       0.884142       
866         0.34298        0.366718       
867         0.806735       0.831404       
868         0.558172       0.501813       
869         0.882885       0.894988       
870         0.370168       0.336464       
871         0.834654       0.799256       
872         0.494064       0.574396       
873         0.894874       0.875186       
874         0.336787       0.391064       
875         0.799634       0.852516       
876         0.573585       0.450122       
877         0.875615       0.886094       
878         0.389909       0.361335       
879         0.85161        0.826164       
880         0.452405       0.514149       
881         0.88689        0.894283       
882         0.359131       0.338456       
883         0.823958       0.801574       
884         0.519284       0.56941        
885         0.893669       0.877753       
886         0.340189       0.384145       
887         0.803569       0.846948       
888         0.565089       0.464066       
889         0.879833       0.890377       
890         0.378502       0.349428       
891         0.842153       0.813834       
892         0.475894       0.542399       
893         0.89292        0.888564       
894         0.342299       0.354483       
895         0.805966       0.819193       
896         0.559857       0.530255       
897         0.882173       0.891723       
898         0.372118       0.34566        
899         0.836453       0.809721       
900         0.489741       0.551581       
901         0.894623       0.885475       
902         0.337496       0.363044       
903         0.80046        0.82785        
904         0.57181        0.510202       
905         0.876539       0.894627       
906         0.387422       0.337484       
907         0.849628       0.800447       
908         0.457383       0.57184        
909         0.888498       0.876524       
910         0.354668       0.387463       
911         0.819386       0.849661       
912         0.529814       0.4573         
913         0.891818       0.888473       
914         0.345394       0.354739       
915         0.809427       0.819459       
916         0.552232       0.529647       
917         0.885233       0.891853       
918         0.363712       0.345294       
919         0.828504       0.809317       
920         0.508665       0.552477       
921         0.894731       0.885141       
922         0.33719        0.363965       
923         0.800105       0.82875        
924         0.572574       0.508085       
925         0.876144       0.894766       
926         0.388486       0.337092       
927         0.850481       0.799991       
928         0.455243       0.57282        
929         0.887829       0.876016       
930         0.356528       0.388831       
931         0.821309       0.850756       
932         0.525403       0.454552       
933         0.89269        0.887606       
934         0.342945       0.357148       
935         0.806695       0.821944       
936         0.558259       0.523941       
937         0.882849       0.892948       
938         0.370267       0.342219       
939         0.834746       0.805876       
940         0.493843       0.560054       
941         0.894864       0.882089       
942         0.336814       0.37235        
943         0.799666       0.836665       
944         0.573517       0.48923        
945         0.875651       0.894585       
946         0.389813       0.337604       
947         0.851535       0.800587       
948         0.452596       0.571538       
949         0.886955       0.876679       
950         0.358951       0.387045       
951         0.823777       0.849324       
952         0.519704       0.458143       
953         0.89361        0.888728       
954         0.340355       0.354029       
955         0.803758       0.818719       
956         0.564678       0.531338       
957         0.880024       0.891484       
958         0.377982       0.34633        
959         0.8417         0.81046        
960         0.477003       0.54994        
961         0.893107       0.886071       
962         0.341772       0.361397       
963         0.805371       0.826225       
964         0.56116        0.514005       
965         0.881609       0.894298       
966         0.373661       0.338415       
967         0.837858       0.801527       
968         0.48635        0.569512       
969         0.894333       0.877702       
970         0.338315       0.384282       
971         0.801412       0.847061       
972         0.56976        0.463783       
973         0.877578       0.890304       
974         0.384617       0.349632       
975         0.847338       0.814054       
976         0.463095       0.541904       
977         0.890124       0.888714       
978         0.350136       0.354068       
979         0.814596       0.81876        
980         0.540686       0.531243       
981         0.889074       0.891505       
982         0.353065       0.34627        
983         0.817708       0.810395       
984         0.53364        0.550086       
985         0.890949       0.886019       
986         0.34783        0.361541       
987         0.812102       0.826368       
988         0.54628        0.513672       
989         0.887332       0.894331       
990         0.357906       0.338321       
991         0.822718       0.801419       
992         0.522155       0.569745       
993         0.893243       0.877586       
994         0.341389       0.384596       
995         0.804936       0.847321       
996         0.562109       0.463137       
997         0.88119        0.890135       
998         0.374805       0.350104       
999         0.838888       0.814562       
