# lambda = 0.5
#===============================================
0           0.5            0.5005         
1           0.125          0.125          
2           0.0546875      0.0546875      
3           0.0258484      0.0258484      
4           0.0125901      0.0125901      
5           0.00621581     0.0062158      
6           0.00308859     0.00308858     
7           0.00153952     0.00153952     
8           0.000768576    0.000768576    
9           0.000383993    0.000383993    
10          0.000191923    0.000191923    
11          9.59429e-05    9.59429e-05    
12          4.79669e-05    4.79668e-05    
13          2.39823e-05    2.39823e-05    
14          1.19909e-05    1.19908e-05    
15          5.99535e-06    5.99535e-06    
16          2.99766e-06    2.99766e-06    
17          1.49883e-06    1.49882e-06    
18          7.49411e-07    7.49411e-07    
19          3.74705e-07    3.74705e-07    
20          1.87353e-07    1.87353e-07    
21          9.36763e-08    9.36762e-08    
22          4.68382e-08    4.68381e-08    
23          2.34191e-08    2.34191e-08    
24          1.17095e-08    1.17095e-08    
25          5.85477e-09    5.85476e-09    
26          2.92738e-09    2.92738e-09    
27          1.46369e-09    1.46369e-09    
28          7.31846e-10    7.31845e-10    
29          3.65923e-10    3.65923e-10    
30          1.82962e-10    1.82961e-10    
31          9.14808e-11    9.14807e-11    
32          4.57404e-11    4.57403e-11    
33          2.28702e-11    2.28702e-11    
34          1.14351e-11    1.14351e-11    
35          5.71755e-12    5.71754e-12    
36          2.85877e-12    2.85877e-12    
37          1.42939e-12    1.42939e-12    
38          7.14693e-13    7.14693e-13    
39          3.57347e-13    3.57346e-13    
40          1.78673e-13    1.78673e-13    
41          8.93367e-14    8.93366e-14    
42          4.46683e-14    4.46683e-14    
43          2.23342e-14    2.23342e-14    
44          1.11671e-14    1.11671e-14    
45          5.58354e-15    5.58354e-15    
46          2.79177e-15    2.79177e-15    
47          1.39589e-15    1.39588e-15    
48          6.97943e-16    6.97942e-16    
49          3.48971e-16    3.48971e-16    
50          1.74486e-16    1.74486e-16    
51          8.72428e-17    8.72428e-17    
52          4.36214e-17    4.36214e-17    
53          2.18107e-17    2.18107e-17    
54          1.09054e-17    1.09053e-17    
55          5.45268e-18    5.45267e-18    
56          2.72634e-18    2.72634e-18    
57          1.36317e-18    1.36317e-18    
58          6.81585e-19    6.81584e-19    
59          3.40792e-19    3.40792e-19    
60          1.70396e-19    1.70396e-19    
61          8.51981e-20    8.5198e-20     
62          4.2599e-20     4.2599e-20     
63          2.12995e-20    2.12995e-20    
64          1.06498e-20    1.06498e-20    
65          5.32488e-21    5.32488e-21    
66          2.66244e-21    2.66244e-21    
67          1.33122e-21    1.33122e-21    
68          6.6561e-22     6.6561e-22     
69          3.32805e-22    3.32805e-22    
70          1.66403e-22    1.66402e-22    
71          8.32013e-23    8.32012e-23    
72          4.16006e-23    4.16006e-23    
73          2.08003e-23    2.08003e-23    
74          1.04002e-23    1.04001e-23    
75          5.20008e-24    5.20007e-24    
76          2.60004e-24    2.60004e-24    
77          1.30002e-24    1.30002e-24    
78          6.5001e-25     6.50009e-25    
79          3.25005e-25    3.25005e-25    
80          1.62502e-25    1.62502e-25    
81          8.12512e-26    8.12512e-26    
82          4.06256e-26    4.06256e-26    
83          2.03128e-26    2.03128e-26    
84          1.01564e-26    1.01564e-26    
85          5.0782e-27     5.0782e-27     
86          2.5391e-27     2.5391e-27     
87          1.26955e-27    1.26955e-27    
88          6.34775e-28    6.34775e-28    
89          3.17388e-28    3.17387e-28    
90          1.58694e-28    1.58694e-28    
91          7.93469e-29    7.93468e-29    
92          3.96735e-29    3.96734e-29    
93          1.98367e-29    1.98367e-29    
94          9.91836e-30    9.91836e-30    
95          4.95918e-30    4.95918e-30    
96          2.47959e-30    2.47959e-30    
97          1.2398e-30     1.23979e-30    
98          6.19898e-31    6.19897e-31    
99          3.09949e-31    3.09949e-31    
100         1.54974e-31    1.54974e-31    
101         7.74872e-32    7.74872e-32    
102         3.87436e-32    3.87436e-32    
103         1.93718e-32    1.93718e-32    
104         9.6859e-33     9.68589e-33    
105         4.84295e-33    4.84295e-33    
106         2.42148e-33    2.42147e-33    
107         1.21074e-33    1.21074e-33    
108         6.05369e-34    6.05368e-34    
109         3.02684e-34    3.02684e-34    
110         1.51342e-34    1.51342e-34    
111         7.56711e-35    7.5671e-35     
112         3.78356e-35    3.78355e-35    
113         1.89178e-35    1.89178e-35    
114         9.45889e-36    9.45888e-36    
115         4.72944e-36    4.72944e-36    
116         2.36472e-36    2.36472e-36    
117         1.18236e-36    1.18236e-36    
118         5.91181e-37    5.9118e-37     
119         2.9559e-37     2.9559e-37     
120         1.47795e-37    1.47795e-37    
121         7.38976e-38    7.38975e-38    
122         3.69488e-38    3.69488e-38    
123         1.84744e-38    1.84744e-38    
124         9.2372e-39     9.23719e-39    
125         4.6186e-39     4.61859e-39    
126         2.3093e-39     2.3093e-39     
127         1.15465e-39    1.15465e-39    
128         5.77325e-40    5.77324e-40    
129         2.88662e-40    2.88662e-40    
130         1.44331e-40    1.44331e-40    
131         7.21656e-41    7.21655e-41    
132         3.60828e-41    3.60828e-41    
133         1.80414e-41    1.80414e-41    
134         9.0207e-42     9.02069e-42    
135         4.51035e-42    4.51035e-42    
136         2.25517e-42    2.25517e-42    
137         1.12759e-42    1.12759e-42    
138         5.63794e-43    5.63793e-43    
139         2.81897e-43    2.81897e-43    
140         1.40948e-43    1.40948e-43    
141         7.04742e-44    7.04742e-44    
142         3.52371e-44    3.52371e-44    
143         1.76186e-44    1.76185e-44    
144         8.80928e-45    8.80927e-45    
145         4.40464e-45    4.40463e-45    
146         2.20232e-45    2.20232e-45    
147         1.10116e-45    1.10116e-45    
148         5.5058e-46     5.50579e-46    
149         2.7529e-46     2.7529e-46     
150         1.37645e-46    1.37645e-46    
151         6.88225e-47    6.88224e-47    
152         3.44112e-47    3.44112e-47    
153         1.72056e-47    1.72056e-47    
154         8.60281e-48    8.6028e-48     
155         4.3014e-48     4.3014e-48     
156         2.1507e-48     2.1507e-48     
157         1.07535e-48    1.07535e-48    
158         5.37676e-49    5.37675e-49    
159         2.68838e-49    2.68838e-49    
160         1.34419e-49    1.34419e-49    
161         6.72094e-50    6.72094e-50    
162         3.36047e-50    3.36047e-50    
163         1.68024e-50    1.68023e-50    
164         8.40118e-51    8.40117e-51    
165         4.20059e-51    4.20059e-51    
166         2.1003e-51     2.10029e-51    
167         1.05015e-51    1.05015e-51    
168         5.25074e-52    5.25073e-52    
169         2.62537e-52    2.62537e-52    
170         1.31268e-52    1.31268e-52    
171         6.56342e-53    6.56342e-53    
172         3.28171e-53    3.28171e-53    
173         1.64086e-53    1.64085e-53    
174         8.20428e-54    8.20427e-54    
175         4.10214e-54    4.10214e-54    
176         2.05107e-54    2.05107e-54    
177         1.02553e-54    1.02553e-54    
178         5.12767e-55    5.12767e-55    
179         2.56384e-55    2.56383e-55    
180         1.28192e-55    1.28192e-55    
181         6.40959e-56    6.40959e-56    
182         3.2048e-56     3.20479e-56    
183         1.6024e-56     1.6024e-56     
184         8.01199e-57    8.01198e-57    
185         4.006e-57      4.00599e-57    
186         2.003e-57      2.003e-57      
187         1.0015e-57     1.0015e-57     
188         5.00749e-58    5.00749e-58    
189         2.50375e-58    2.50374e-58    
190         1.25187e-58    1.25187e-58    
191         6.25937e-59    6.25936e-59    
192         3.12968e-59    3.12968e-59    
193         1.56484e-59    1.56484e-59    
194         7.82421e-60    7.8242e-60     
195         3.9121e-60     3.9121e-60     
196         1.95605e-60    1.95605e-60    
197         9.78026e-61    9.78025e-61    
198         4.89013e-61    4.89013e-61    
199         2.44507e-61    2.44506e-61    
200         1.22253e-61    1.22253e-61    
201         6.11266e-62    6.11266e-62    
202         3.05633e-62    3.05633e-62    
203         1.52817e-62    1.52816e-62    
204         7.64083e-63    7.64082e-63    
205         3.82041e-63    3.82041e-63    
206         1.91021e-63    1.91021e-63    
207         9.55104e-64    9.55103e-64    
208         4.77552e-64    4.77551e-64    
209         2.38776e-64    2.38776e-64    
210         1.19388e-64    1.19388e-64    
211         5.9694e-65     5.96939e-65    
212         2.9847e-65     2.9847e-65     
213         1.49235e-65    1.49235e-65    
214         7.46175e-66    7.46174e-66    
215         3.73087e-66    3.73087e-66    
216         1.86544e-66    1.86544e-66    
217         9.32718e-67    9.32718e-67    
218         4.66359e-67    4.66359e-67    
219         2.3318e-67     2.33179e-67    
220         1.1659e-67     1.1659e-67     
221         5.82949e-68    5.82949e-68    
222         2.91475e-68    2.91474e-68    
223         1.45737e-68    1.45737e-68    
224         7.28686e-69    7.28686e-69    
225         3.64343e-69    3.64343e-69    
226         1.82172e-69    1.82171e-69    
227         9.10858e-70    9.10857e-70    
228         4.55429e-70    4.55429e-70    
229         2.27714e-70    2.27714e-70    
230         1.13857e-70    1.13857e-70    
231         5.69286e-71    5.69286e-71    
232         2.84643e-71    2.84643e-71    
233         1.42322e-71    1.42321e-71    
234         7.11608e-72    7.11607e-72    
235         3.55804e-72    3.55804e-72    
236         1.77902e-72    1.77902e-72    
237         8.8951e-73     8.89509e-73    
238         4.44755e-73    4.44754e-73    
239         2.22377e-73    2.22377e-73    
240         1.11189e-73    1.11189e-73    
241         5.55943e-74    5.55943e-74    
242         2.77972e-74    2.77972e-74    
243         1.38986e-74    1.38986e-74    
244         6.94929e-75    6.94929e-75    
245         3.47465e-75    3.47464e-75    
246         1.73732e-75    1.73732e-75    
247         8.68662e-76    8.68661e-76    
248         4.34331e-76    4.34331e-76    
249         2.17165e-76    2.17165e-76    
250         1.08583e-76    1.08583e-76    
251         5.42914e-77    5.42913e-77    
252         2.71457e-77    2.71457e-77    
253         1.35728e-77    1.35728e-77    
254         6.78642e-78    6.78641e-78    
255         3.39321e-78    3.39321e-78    
256         1.6966e-78     1.6966e-78     
257         8.48302e-79    8.48302e-79    
258         4.24151e-79    4.24151e-79    
259         2.12076e-79    2.12075e-79    
260         1.06038e-79    1.06038e-79    
261         5.30189e-80    5.30189e-80    
262         2.65095e-80    2.65094e-80    
263         1.32547e-80    1.32547e-80    
264         6.62736e-81    6.62736e-81    
265         3.31368e-81    3.31368e-81    
266         1.65684e-81    1.65684e-81    
267         8.2842e-82     8.2842e-82     
268         4.1421e-82     4.1421e-82     
269         2.07105e-82    2.07105e-82    
270         1.03553e-82    1.03552e-82    
271         5.17763e-83    5.17762e-83    
272         2.58881e-83    2.58881e-83    
273         1.29441e-83    1.29441e-83    
274         6.47203e-84    6.47203e-84    
275         3.23602e-84    3.23601e-84    
276         1.61801e-84    1.61801e-84    
277         8.09004e-85    8.09004e-85    
278         4.04502e-85    4.04502e-85    
279         2.02251e-85    2.02251e-85    
280         1.01126e-85    1.01125e-85    
281         5.05628e-86    5.05627e-86    
282         2.52814e-86    2.52814e-86    
283         1.26407e-86    1.26407e-86    
284         6.32035e-87    6.32034e-87    
285         3.16017e-87    3.16017e-87    
286         1.58009e-87    1.58009e-87    
287         7.90043e-88    7.90043e-88    
288         3.95022e-88    3.95021e-88    
289         1.97511e-88    1.97511e-88    
290         9.87554e-89    9.87553e-89    
291         4.93777e-89    4.93777e-89    
292         2.46889e-89    2.46888e-89    
293         1.23444e-89    1.23444e-89    
294         6.17221e-90    6.17221e-90    
295         3.08611e-90    3.0861e-90     
296         1.54305e-90    1.54305e-90    
297         7.71527e-91    7.71526e-91    
298         3.85763e-91    3.85763e-91    
299         1.92882e-91    1.92881e-91    
300         9.64408e-92    9.64407e-92    
301         4.82204e-92    4.82204e-92    
302         2.41102e-92    2.41102e-92    
303         1.20551e-92    1.20551e-92    
304         6.02755e-93    6.02755e-93    
305         3.01378e-93    3.01377e-93    
306         1.50689e-93    1.50689e-93    
307         7.53444e-94    7.53443e-94    
308         3.76722e-94    3.76722e-94    
309         1.88361e-94    1.88361e-94    
310         9.41805e-95    9.41804e-95    
311         4.70902e-95    4.70902e-95    
312         2.35451e-95    2.35451e-95    
313         1.17726e-95    1.17726e-95    
314         5.88628e-96    5.88628e-96    
315         2.94314e-96    2.94314e-96    
316         1.47157e-96    1.47157e-96    
317         7.35785e-97    7.35785e-97    
318         3.67893e-97    3.67892e-97    
319         1.83946e-97    1.83946e-97    
320         9.19731e-98    9.19731e-98    
321         4.59866e-98    4.59865e-98    
322         2.29933e-98    2.29933e-98    
323         1.14966e-98    1.14966e-98    
324         5.74832e-99    5.74832e-99    
325         2.87416e-99    2.87416e-99    
326         1.43708e-99    1.43708e-99    
327         7.1854e-100    7.1854e-100    
328         3.5927e-100    3.5927e-100    
329         1.79635e-100   1.79635e-100   
330         8.98175e-101   8.98174e-101   
331         4.49088e-101   4.49087e-101   
332         2.24544e-101   2.24544e-101   
333         1.12272e-101   1.12272e-101   
334         5.61359e-102   5.61359e-102   
335         2.8068e-102    2.8068e-102    
336         1.4034e-102    1.4034e-102    
337         7.01699e-103   7.01699e-103   
338         3.5085e-103    3.50849e-103   
339         1.75425e-103   1.75425e-103   
340         8.77124e-104   8.77124e-104   
341         4.38562e-104   4.38562e-104   
342         2.19281e-104   2.19281e-104   
343         1.09641e-104   1.0964e-104    
344         5.48203e-105   5.48202e-105   
345         2.74101e-105   2.74101e-105   
346         1.37051e-105   1.37051e-105   
347         6.85253e-106   6.85253e-106   
348         3.42627e-106   3.42626e-106   
349         1.71313e-106   1.71313e-106   
350         8.56567e-107   8.56566e-107   
351         4.28283e-107   4.28283e-107   
352         2.14142e-107   2.14141e-107   
353         1.07071e-107   1.07071e-107   
354         5.35354e-108   5.35354e-108   
355         2.67677e-108   2.67677e-108   
356         1.33839e-108   1.33838e-108   
357         6.69193e-109   6.69192e-109   
358         3.34596e-109   3.34596e-109   
359         1.67298e-109   1.67298e-109   
360         8.36491e-110   8.3649e-110    
361         4.18245e-110   4.18245e-110   
362         2.09123e-110   2.09123e-110   
363         1.04561e-110   1.04561e-110   
364         5.22807e-111   5.22806e-111   
365         2.61403e-111   2.61403e-111   
366         1.30702e-111   1.30702e-111   
367         6.53508e-112   6.53508e-112   
368         3.26754e-112   3.26754e-112   
369         1.63377e-112   1.63377e-112   
370         8.16886e-113   8.16885e-113   
371         4.08443e-113   4.08442e-113   
372         2.04221e-113   2.04221e-113   
373         1.02111e-113   1.02111e-113   
374         5.10553e-114   5.10553e-114   
375         2.55277e-114   2.55277e-114   
376         1.27638e-114   1.27638e-114   
377         6.38192e-115   6.38191e-115   
378         3.19096e-115   3.19096e-115   
379         1.59548e-115   1.59548e-115   
380         7.9774e-116    7.97739e-116   
381         3.9887e-116    3.9887e-116    
382         1.99435e-116   1.99435e-116   
383         9.97175e-117   9.97174e-117   
384         4.98587e-117   4.98587e-117   
385         2.49294e-117   2.49293e-117   
386         1.24647e-117   1.24647e-117   
387         6.23234e-118   6.23234e-118   
388         3.11617e-118   3.11617e-118   
389         1.55809e-118   1.55808e-118   
390         7.79043e-119   7.79042e-119   
391         3.89521e-119   3.89521e-119   
392         1.94761e-119   1.94761e-119   
393         9.73803e-120   9.73803e-120   
394         4.86902e-120   4.86901e-120   
395         2.43451e-120   2.43451e-120   
396         1.21725e-120   1.21725e-120   
397         6.08627e-121   6.08627e-121   
398         3.04314e-121   3.04313e-121   
399         1.52157e-121   1.52157e-121   
400         7.60784e-122   7.60783e-122   
401         3.80392e-122   3.80392e-122   
402         1.90196e-122   1.90196e-122   
403         9.5098e-123    9.50979e-123   
404         4.7549e-123    4.7549e-123    
405         2.37745e-123   2.37745e-123   
406         1.18872e-123   1.18872e-123   
407         5.94362e-124   5.94362e-124   
408         2.97181e-124   2.97181e-124   
409         1.48591e-124   1.48591e-124   
410         7.42953e-125   7.42953e-125   
411         3.71477e-125   3.71476e-125   
412         1.85738e-125   1.85738e-125   
413         9.28691e-126   9.28691e-126   
414         4.64346e-126   4.64345e-126   
415         2.32173e-126   2.32173e-126   
416         1.16086e-126   1.16086e-126   
417         5.80432e-127   5.80432e-127   
418         2.90216e-127   2.90216e-127   
419         1.45108e-127   1.45108e-127   
420         7.2554e-128    7.2554e-128    
421         3.6277e-128    3.6277e-128    
422         1.81385e-128   1.81385e-128   
423         9.06925e-129   9.06924e-129   
424         4.53463e-129   4.53462e-129   
425         2.26731e-129   2.26731e-129   
426         1.13366e-129   1.13366e-129   
427         5.66828e-130   5.66828e-130   
428         2.83414e-130   2.83414e-130   
429         1.41707e-130   1.41707e-130   
430         7.08535e-131   7.08535e-131   
431         3.54268e-131   3.54267e-131   
432         1.77134e-131   1.77134e-131   
433         8.85669e-132   8.85668e-132   
434         4.42835e-132   4.42834e-132   
435         2.21417e-132   2.21417e-132   
436         1.10709e-132   1.10709e-132   
437         5.53543e-133   5.53543e-133   
438         2.76772e-133   2.76771e-133   
439         1.38386e-133   1.38386e-133   
440         6.91929e-134   6.91928e-134   
441         3.45964e-134   3.45964e-134   
442         1.72982e-134   1.72982e-134   
443         8.64911e-135   8.64911e-135   
444         4.32456e-135   4.32455e-135   
445         2.16228e-135   2.16228e-135   
446         1.08114e-135   1.08114e-135   
447         5.4057e-136    5.40569e-136   
448         2.70285e-136   2.70285e-136   
449         1.35142e-136   1.35142e-136   
450         6.75712e-137   6.75711e-137   
451         3.37856e-137   3.37856e-137   
452         1.68928e-137   1.68928e-137   
453         8.4464e-138    8.44639e-138   
454         4.2232e-138    4.2232e-138    
455         2.1116e-138    2.1116e-138    
456         1.0558e-138    1.0558e-138    
457         5.279e-139     5.279e-139     
458         2.6395e-139    2.6395e-139    
459         1.31975e-139   1.31975e-139   
460         6.59875e-140   6.59874e-140   
461         3.29937e-140   3.29937e-140   
462         1.64969e-140   1.64969e-140   
463         8.24844e-141   8.24843e-141   
464         4.12422e-141   4.12421e-141   
465         2.06211e-141   2.06211e-141   
466         1.03105e-141   1.03105e-141   
467         5.15527e-142   5.15527e-142   
468         2.57764e-142   2.57763e-142   
469         1.28882e-142   1.28882e-142   
470         6.44409e-143   6.44409e-143   
471         3.22205e-143   3.22204e-143   
472         1.61102e-143   1.61102e-143   
473         8.05511e-144   8.05511e-144   
474         4.02756e-144   4.02755e-144   
475         2.01378e-144   2.01378e-144   
476         1.00689e-144   1.00689e-144   
477         5.03445e-145   5.03444e-145   
478         2.51722e-145   2.51722e-145   
479         1.25861e-145   1.25861e-145   
480         6.29306e-146   6.29305e-146   
481         3.14653e-146   3.14653e-146   
482         1.57326e-146   1.57326e-146   
483         7.86632e-147   7.86632e-147   
484         3.93316e-147   3.93316e-147   
485         1.96658e-147   1.96658e-147   
486         9.8329e-148    9.83289e-148   
487         4.91645e-148   4.91645e-148   
488         2.45823e-148   2.45822e-148   
489         1.22911e-148   1.22911e-148   
490         6.14556e-149   6.14556e-149   
491         3.07278e-149   3.07278e-149   
492         1.53639e-149   1.53639e-149   
493         7.68195e-150   7.68195e-150   
494         3.84098e-150   3.84097e-150   
495         1.92049e-150   1.92049e-150   
496         9.60244e-151   9.60244e-151   
497         4.80122e-151   4.80122e-151   
498         2.40061e-151   2.40061e-151   
499         1.20031e-151   1.2003e-151    
500         6.00153e-152   6.00152e-152   
501         3.00076e-152   3.00076e-152   
502         1.50038e-152   1.50038e-152   
503         7.50191e-153   7.5019e-153    
504         3.75095e-153   3.75095e-153   
505         1.87548e-153   1.87548e-153   
506         9.37739e-154   9.37738e-154   
507         4.68869e-154   4.68869e-154   
508         2.34435e-154   2.34434e-154   
509         1.17217e-154   1.17217e-154   
510         5.86087e-155   5.86086e-155   
511         2.93043e-155   2.93043e-155   
512         1.46522e-155   1.46522e-155   
513         7.32608e-156   7.32608e-156   
514         3.66304e-156   3.66304e-156   
515         1.83152e-156   1.83152e-156   
516         9.1576e-157    9.1576e-157    
517         4.5788e-157    4.5788e-157    
518         2.2894e-157    2.2894e-157    
519         1.1447e-157    1.1447e-157    
520         5.7235e-158    5.7235e-158    
521         2.86175e-158   2.86175e-158   
522         1.43088e-158   1.43087e-158   
523         7.15438e-159   7.15437e-159   
524         3.57719e-159   3.57719e-159   
525         1.78859e-159   1.78859e-159   
526         8.94297e-160   8.94297e-160   
527         4.47149e-160   4.47148e-160   
528         2.23574e-160   2.23574e-160   
529         1.11787e-160   1.11787e-160   
530         5.58936e-161   5.58935e-161   
531         2.79468e-161   2.79468e-161   
532         1.39734e-161   1.39734e-161   
533         6.9867e-162    6.98669e-162   
534         3.49335e-162   3.49335e-162   
535         1.74667e-162   1.74667e-162   
536         8.73337e-163   8.73336e-163   
537         4.36669e-163   4.36668e-163   
538         2.18334e-163   2.18334e-163   
539         1.09167e-163   1.09167e-163   
540         5.45836e-164   5.45835e-164   
541         2.72918e-164   2.72918e-164   
542         1.36459e-164   1.36459e-164   
543         6.82295e-165   6.82294e-165   
544         3.41147e-165   3.41147e-165   
545         1.70574e-165   1.70574e-165   
546         8.52868e-166   8.52868e-166   
547         4.26434e-166   4.26434e-166   
548         2.13217e-166   2.13217e-166   
549         1.06609e-166   1.06608e-166   
550         5.33043e-167   5.33042e-167   
551         2.66521e-167   2.66521e-167   
552         1.33261e-167   1.33261e-167   
553         6.66303e-168   6.66303e-168   
554         3.33152e-168   3.33151e-168   
555         1.66576e-168   1.66576e-168   
556         8.32879e-169   8.32879e-169   
557         4.1644e-169    4.16439e-169   
558         2.0822e-169    2.0822e-169    
559         1.0411e-169    1.0411e-169    
560         5.2055e-170    5.20549e-170   
561         2.60275e-170   2.60275e-170   
562         1.30137e-170   1.30137e-170   
563         6.50687e-171   6.50686e-171   
564         3.25343e-171   3.25343e-171   
565         1.62672e-171   1.62672e-171   
566         8.13359e-172   8.13358e-172   
567         4.06679e-172   4.06679e-172   
568         2.0334e-172    2.03339e-172   
569         1.0167e-172    1.0167e-172    
570         5.08349e-173   5.08349e-173   
571         2.54175e-173   2.54174e-173   
572         1.27087e-173   1.27087e-173   
573         6.35436e-174   6.35436e-174   
574         3.17718e-174   3.17718e-174   
575         1.58859e-174   1.58859e-174   
576         7.94296e-175   7.94295e-175   
577         3.97148e-175   3.97147e-175   
578         1.98574e-175   1.98574e-175   
579         9.92869e-176   9.92869e-176   
580         4.96435e-176   4.96434e-176   
581         2.48217e-176   2.48217e-176   
582         1.24109e-176   1.24109e-176   
583         6.20543e-177   6.20543e-177   
584         3.10272e-177   3.10271e-177   
585         1.55136e-177   1.55136e-177   
586         7.75679e-178   7.75679e-178   
587         3.8784e-178    3.87839e-178   
588         1.9392e-178    1.9392e-178    
589         9.69599e-179   9.69598e-179   
590         4.848e-179     4.84799e-179   
591         2.424e-179     2.424e-179     
592         1.212e-179     1.212e-179     
593         6.05999e-180   6.05999e-180   
594         3.03e-180      3.02999e-180   
595         1.515e-180     1.515e-180     
596         7.57499e-181   7.57499e-181   
597         3.7875e-181    3.78749e-181   
598         1.89375e-181   1.89375e-181   
599         9.46874e-182   9.46873e-182   
600         4.73437e-182   4.73437e-182   
601         2.36719e-182   2.36718e-182   
602         1.18359e-182   1.18359e-182   
603         5.91796e-183   5.91796e-183   
604         2.95898e-183   2.95898e-183   
605         1.47949e-183   1.47949e-183   
606         7.39745e-184   7.39745e-184   
607         3.69873e-184   3.69872e-184   
608         1.84936e-184   1.84936e-184   
609         9.24682e-185   9.24681e-185   
610         4.62341e-185   4.6234e-185    
611         2.3117e-185    2.3117e-185    
612         1.15585e-185   1.15585e-185   
613         5.77926e-186   5.77926e-186   
614         2.88963e-186   2.88963e-186   
615         1.44482e-186   1.44481e-186   
616         7.22408e-187   7.22407e-187   
617         3.61204e-187   3.61204e-187   
618         1.80602e-187   1.80602e-187   
619         9.03009e-188   9.03009e-188   
620         4.51505e-188   4.51504e-188   
621         2.25752e-188   2.25752e-188   
622         1.12876e-188   1.12876e-188   
623         5.64381e-189   5.6438e-189    
624         2.8219e-189    2.8219e-189    
625         1.41095e-189   1.41095e-189   
626         7.05476e-190   7.05476e-190   
627         3.52738e-190   3.52738e-190   
628         1.76369e-190   1.76369e-190   
629         8.81845e-191   8.81844e-191   
630         4.40923e-191   4.40922e-191   
631         2.20461e-191   2.20461e-191   
632         1.10231e-191   1.10231e-191   
633         5.51153e-192   5.51153e-192   
634         2.75577e-192   2.75576e-192   
635         1.37788e-192   1.37788e-192   
636         6.88942e-193   6.88941e-193   
637         3.44471e-193   3.44471e-193   
638         1.72235e-193   1.72235e-193   
639         8.61177e-194   8.61176e-194   
640         4.30588e-194   4.30588e-194   
641         2.15294e-194   2.15294e-194   
642         1.07647e-194   1.07647e-194   
643         5.38236e-195   5.38235e-195   
644         2.69118e-195   2.69118e-195   
645         1.34559e-195   1.34559e-195   
646         6.72794e-196   6.72794e-196   
647         3.36397e-196   3.36397e-196   
648         1.68199e-196   1.68198e-196   
649         8.40993e-197   8.40992e-197   
650         4.20497e-197   4.20496e-197   
651         2.10248e-197   2.10248e-197   
652         1.05124e-197   1.05124e-197   
653         5.25621e-198   5.2562e-198    
654         2.6281e-198    2.6281e-198    
655         1.31405e-198   1.31405e-198   
656         6.57026e-199   6.57025e-199   
657         3.28513e-199   3.28513e-199   
658         1.64256e-199   1.64256e-199   
659         8.21282e-200   8.21282e-200   
660         4.10641e-200   4.10641e-200   
661         2.05321e-200   2.0532e-200    
662         1.0266e-200    1.0266e-200    
663         5.13301e-201   5.13301e-201   
664         2.56651e-201   2.56651e-201   
665         1.28325e-201   1.28325e-201   
666         6.41627e-202   6.41626e-202   
667         3.20813e-202   3.20813e-202   
668         1.60407e-202   1.60407e-202   
669         8.02033e-203   8.02033e-203   
670         4.01017e-203   4.01016e-203   
671         2.00508e-203   2.00508e-203   
672         1.00254e-203   1.00254e-203   
673         5.01271e-204   5.01271e-204   
674         2.50635e-204   2.50635e-204   
675         1.25318e-204   1.25318e-204   
676         6.26589e-205   6.26588e-205   
677         3.13294e-205   3.13294e-205   
678         1.56647e-205   1.56647e-205   
679         7.83236e-206   7.83235e-206   
680         3.91618e-206   3.91618e-206   
681         1.95809e-206   1.95809e-206   
682         9.79045e-207   9.79044e-207   
683         4.89522e-207   4.89522e-207   
684         2.44761e-207   2.44761e-207   
685         1.22381e-207   1.22381e-207   
686         6.11903e-208   6.11903e-208   
687         3.05951e-208   3.05951e-208   
688         1.52976e-208   1.52976e-208   
689         7.64879e-209   7.64878e-209   
690         3.82439e-209   3.82439e-209   
691         1.9122e-209    1.9122e-209    
692         9.56098e-210   9.56098e-210   
693         4.78049e-210   4.78049e-210   
694         2.39025e-210   2.39024e-210   
695         1.19512e-210   1.19512e-210   
696         5.97562e-211   5.97561e-211   
697         2.98781e-211   2.98781e-211   
698         1.4939e-211    1.4939e-211    
699         7.46952e-212   7.46951e-212   
700         3.73476e-212   3.73476e-212   
701         1.86738e-212   1.86738e-212   
702         9.3369e-213    9.33689e-213   
703         4.66845e-213   4.66845e-213   
704         2.33422e-213   2.33422e-213   
705         1.16711e-213   1.16711e-213   
706         5.83556e-214   5.83556e-214   
707         2.91778e-214   2.91778e-214   
708         1.45889e-214   1.45889e-214   
709         7.29445e-215   7.29445e-215   
710         3.64723e-215   3.64722e-215   
711         1.82361e-215   1.82361e-215   
712         9.11807e-216   9.11806e-216   
713         4.55903e-216   4.55903e-216   
714         2.27952e-216   2.27951e-216   
715         1.13976e-216   1.13976e-216   
716         5.69879e-217   5.69879e-217   
717         2.8494e-217    2.84939e-217   
718         1.4247e-217    1.4247e-217    
719         7.12349e-218   7.12348e-218   
720         3.56174e-218   3.56174e-218   
721         1.78087e-218   1.78087e-218   
722         8.90436e-219   8.90435e-219   
723         4.45218e-219   4.45218e-219   
724         2.22609e-219   2.22609e-219   
725         1.11305e-219   1.11304e-219   
726         5.56523e-220   5.56522e-220   
727         2.78261e-220   2.78261e-220   
728         1.39131e-220   1.39131e-220   
729         6.95653e-221   6.95653e-221   
730         3.47827e-221   3.47826e-221   
731         1.73913e-221   1.73913e-221   
732         8.69566e-222   8.69566e-222   
733         4.34783e-222   4.34783e-222   
734         2.17392e-222   2.17391e-222   
735         1.08696e-222   1.08696e-222   
736         5.43479e-223   5.43479e-223   
737         2.7174e-223    2.71739e-223   
738         1.3587e-223    1.3587e-223    
739         6.79349e-224   6.79348e-224   
740         3.39674e-224   3.39674e-224   
741         1.69837e-224   1.69837e-224   
742         8.49186e-225   8.49185e-225   
743         4.24593e-225   4.24593e-225   
744         2.12296e-225   2.12296e-225   
745         1.06148e-225   1.06148e-225   
746         5.30741e-226   5.30741e-226   
747         2.65371e-226   2.6537e-226    
748         1.32685e-226   1.32685e-226   
749         6.63427e-227   6.63426e-227   
750         3.31713e-227   3.31713e-227   
751         1.65857e-227   1.65857e-227   
752         8.29283e-228   8.29283e-228   
753         4.14642e-228   4.14641e-228   
754         2.07321e-228   2.07321e-228   
755         1.0366e-228    1.0366e-228    
756         5.18302e-229   5.18302e-229   
757         2.59151e-229   2.59151e-229   
758         1.29576e-229   1.29575e-229   
759         6.47878e-230   6.47877e-230   
760         3.23939e-230   3.23939e-230   
761         1.61969e-230   1.61969e-230   
762         8.09847e-231   8.09846e-231   
763         4.04923e-231   4.04923e-231   
764         2.02462e-231   2.02462e-231   
765         1.01231e-231   1.01231e-231   
766         5.06154e-232   5.06154e-232   
767         2.53077e-232   2.53077e-232   
768         1.26539e-232   1.26538e-232   
769         6.32693e-233   6.32692e-233   
770         3.16346e-233   3.16346e-233   
771         1.58173e-233   1.58173e-233   
772         7.90866e-234   7.90865e-234   
773         3.95433e-234   3.95433e-234   
774         1.97717e-234   1.97716e-234   
775         9.88583e-235   9.88582e-235   
776         4.94291e-235   4.94291e-235   
777         2.47146e-235   2.47145e-235   
778         1.23573e-235   1.23573e-235   
779         6.17864e-236   6.17864e-236   
780         3.08932e-236   3.08932e-236   
781         1.54466e-236   1.54466e-236   
782         7.7233e-237    7.7233e-237    
783         3.86165e-237   3.86165e-237   
784         1.93083e-237   1.93082e-237   
785         9.65413e-238   9.65412e-238   
786         4.82706e-238   4.82706e-238   
787         2.41353e-238   2.41353e-238   
788         1.20677e-238   1.20676e-238   
789         6.03383e-239   6.03382e-239   
790         3.01691e-239   3.01691e-239   
791         1.50846e-239   1.50846e-239   
792         7.54229e-240   7.54228e-240   
793         3.77114e-240   3.77114e-240   
794         1.88557e-240   1.88557e-240   
795         9.42786e-241   9.42785e-241   
796         4.71393e-241   4.71393e-241   
797         2.35696e-241   2.35696e-241   
798         1.17848e-241   1.17848e-241   
799         5.89241e-242   5.89241e-242   
800         2.94621e-242   2.9462e-242    
801         1.4731e-242    1.4731e-242    
802         7.36551e-243   7.36551e-243   
803         3.68276e-243   3.68275e-243   
804         1.84138e-243   1.84138e-243   
805         9.20689e-244   9.20689e-244   
806         4.60345e-244   4.60344e-244   
807         2.30172e-244   2.30172e-244   
808         1.15086e-244   1.15086e-244   
809         5.75431e-245   5.7543e-245    
810         2.87715e-245   2.87715e-245   
811         1.43858e-245   1.43858e-245   
812         7.19289e-246   7.19288e-246   
813         3.59644e-246   3.59644e-246   
814         1.79822e-246   1.79822e-246   
815         8.99111e-247   8.9911e-247    
816         4.49555e-247   4.49555e-247   
817         2.24778e-247   2.24777e-247   
818         1.12389e-247   1.12389e-247   
819         5.61944e-248   5.61944e-248   
820         2.80972e-248   2.80972e-248   
821         1.40486e-248   1.40486e-248   
822         7.0243e-249    7.0243e-249    
823         3.51215e-249   3.51215e-249   
824         1.75608e-249   1.75607e-249   
825         8.78038e-250   8.78037e-250   
826         4.39019e-250   4.39019e-250   
827         2.19509e-250   2.19509e-250   
828         1.09755e-250   1.09755e-250   
829         5.48774e-251   5.48773e-251   
830         2.74387e-251   2.74387e-251   
831         1.37193e-251   1.37193e-251   
832         6.85967e-252   6.85966e-252   
833         3.42983e-252   3.42983e-252   
834         1.71492e-252   1.71492e-252   
835         8.57459e-253   8.57458e-253   
836         4.28729e-253   4.28729e-253   
837         2.14365e-253   2.14365e-253   
838         1.07182e-253   1.07182e-253   
839         5.35912e-254   5.35911e-254   
840         2.67956e-254   2.67956e-254   
841         1.33978e-254   1.33978e-254   
842         6.6989e-255    6.69889e-255   
843         3.34945e-255   3.34945e-255   
844         1.67472e-255   1.67472e-255   
845         8.37362e-256   8.37361e-256   
846         4.18681e-256   4.18681e-256   
847         2.09341e-256   2.0934e-256    
848         1.0467e-256    1.0467e-256    
849         5.23351e-257   5.23351e-257   
850         2.61676e-257   2.61675e-257   
851         1.30838e-257   1.30838e-257   
852         6.54189e-258   6.54189e-258   
853         3.27095e-258   3.27094e-258   
854         1.63547e-258   1.63547e-258   
855         8.17736e-259   8.17736e-259   
856         4.08868e-259   4.08868e-259   
857         2.04434e-259   2.04434e-259   
858         1.02217e-259   1.02217e-259   
859         5.11085e-260   5.11085e-260   
860         2.55543e-260   2.55542e-260   
861         1.27771e-260   1.27771e-260   
862         6.38857e-261   6.38856e-261   
863         3.19428e-261   3.19428e-261   
864         1.59714e-261   1.59714e-261   
865         7.98571e-262   7.9857e-262    
866         3.99285e-262   3.99285e-262   
867         1.99643e-262   1.99643e-262   
868         9.98213e-263   9.98213e-263   
869         4.99107e-263   4.99106e-263   
870         2.49553e-263   2.49553e-263   
871         1.24777e-263   1.24777e-263   
872         6.23883e-264   6.23883e-264   
873         3.11942e-264   3.11941e-264   
874         1.55971e-264   1.55971e-264   
875         7.79854e-265   7.79854e-265   
876         3.89927e-265   3.89927e-265   
877         1.94964e-265   1.94963e-265   
878         9.74818e-266   9.74817e-266   
879         4.87409e-266   4.87408e-266   
880         2.43704e-266   2.43704e-266   
881         1.21852e-266   1.21852e-266   
882         6.09261e-267   6.09261e-267   
883         3.04631e-267   3.0463e-267    
884         1.52315e-267   1.52315e-267   
885         7.61576e-268   7.61576e-268   
886         3.80788e-268   3.80788e-268   
887         1.90394e-268   1.90394e-268   
888         9.5197e-269    9.5197e-269    
889         4.75985e-269   4.75985e-269   
890         2.37993e-269   2.37992e-269   
891         1.18996e-269   1.18996e-269   
892         5.94982e-270   5.94981e-270   
893         2.97491e-270   2.97491e-270   
894         1.48745e-270   1.48745e-270   
895         7.43727e-271   7.43726e-271   
896         3.71863e-271   3.71863e-271   
897         1.85932e-271   1.85932e-271   
898         9.29659e-272   9.29658e-272   
899         4.64829e-272   4.64829e-272   
900         2.32415e-272   2.32414e-272   
901         1.16207e-272   1.16207e-272   
902         5.81037e-273   5.81036e-273   
903         2.90518e-273   2.90518e-273   
904         1.45259e-273   1.45259e-273   
905         7.26296e-274   7.26295e-274   
906         3.63148e-274   3.63148e-274   
907         1.81574e-274   1.81574e-274   
908         9.0787e-275    9.07869e-275   
909         4.53935e-275   4.53935e-275   
910         2.26967e-275   2.26967e-275   
911         1.13484e-275   1.13484e-275   
912         5.67419e-276   5.67418e-276   
913         2.83709e-276   2.83709e-276   
914         1.41855e-276   1.41855e-276   
915         7.09273e-277   7.09273e-277   
916         3.54637e-277   3.54636e-277   
917         1.77318e-277   1.77318e-277   
918         8.86592e-278   8.86591e-278   
919         4.43296e-278   4.43295e-278   
920         2.21648e-278   2.21648e-278   
921         1.10824e-278   1.10824e-278   
922         5.5412e-279    5.54119e-279   
923         2.7706e-279    2.7706e-279    
924         1.3853e-279    1.3853e-279    
925         6.9265e-280    6.92649e-280   
926         3.46325e-280   3.46325e-280   
927         1.73162e-280   1.73162e-280   
928         8.65812e-281   8.65811e-281   
929         4.32906e-281   4.32906e-281   
930         2.16453e-281   2.16453e-281   
931         1.08227e-281   1.08226e-281   
932         5.41133e-282   5.41132e-282   
933         2.70566e-282   2.70566e-282   
934         1.35283e-282   1.35283e-282   
935         6.76416e-283   6.76415e-283   
936         3.38208e-283   3.38208e-283   
937         1.69104e-283   1.69104e-283   
938         8.4552e-284    8.45519e-284   
939         4.2276e-284    4.22759e-284   
940         2.1138e-284    2.1138e-284    
941         1.0569e-284    1.0569e-284    
942         5.2845e-285    5.28449e-285   
943         2.64225e-285   2.64225e-285   
944         1.32112e-285   1.32112e-285   
945         6.60562e-286   6.60562e-286   
946         3.30281e-286   3.30281e-286   
947         1.65141e-286   1.6514e-286    
948         8.25703e-287   8.25702e-287   
949         4.12851e-287   4.12851e-287   
950         2.06426e-287   2.06426e-287   
951         1.03213e-287   1.03213e-287   
952         5.16064e-288   5.16064e-288   
953         2.58032e-288   2.58032e-288   
954         1.29016e-288   1.29016e-288   
955         6.4508e-289    6.4508e-289    
956         3.2254e-289    3.2254e-289    
957         1.6127e-289    1.6127e-289    
958         8.0635e-290    8.0635e-290    
959         4.03175e-290   4.03175e-290   
960         2.01588e-290   2.01587e-290   
961         1.00794e-290   1.00794e-290   
962         5.03969e-291   5.03969e-291   
963         2.51984e-291   2.51984e-291   
964         1.25992e-291   1.25992e-291   
965         6.29961e-292   6.29961e-292   
966         3.14981e-292   3.1498e-292    
967         1.5749e-292    1.5749e-292    
968         7.87451e-293   7.87451e-293   
969         3.93726e-293   3.93725e-293   
970         1.96863e-293   1.96863e-293   
971         9.84314e-294   9.84314e-294   
972         4.92157e-294   4.92157e-294   
973         2.46079e-294   2.46078e-294   
974         1.23039e-294   1.23039e-294   
975         6.15196e-295   6.15196e-295   
976         3.07598e-295   3.07598e-295   
977         1.53799e-295   1.53799e-295   
978         7.68996e-296   7.68995e-296   
979         3.84498e-296   3.84497e-296   
980         1.92249e-296   1.92249e-296   
981         9.61244e-297   9.61244e-297   
982         4.80622e-297   4.80622e-297   
983         2.40311e-297   2.40311e-297   
984         1.20156e-297   1.20155e-297   
985         6.00778e-298   6.00777e-298   
986         3.00389e-298   3.00389e-298   
987         1.50194e-298   1.50194e-298   
988         7.50972e-299   7.50972e-299   
989         3.75486e-299   3.75486e-299   
990         1.87743e-299   1.87743e-299   
991         9.38715e-300   9.38715e-300   
992         4.69358e-300   4.69357e-300   
993         2.34679e-300   2.34679e-300   
994         1.17339e-300   1.17339e-300   
995         5.86697e-301   5.86697e-301   
996         2.93349e-301   2.93348e-301   
997         1.46674e-301   1.46674e-301   
998         7.33371e-302   7.33371e-302   
999         3.66686e-302   3.66685e-302   
