# lambda = 3
#===============================================
0           0.5            0.5005         
1           0.75           0.749999       
2           0.5625         0.562501       
3           0.738281       0.738281       
4           0.579666       0.579667       
5           0.73096        0.73096        
6           0.589973       0.589973       
7           0.725715       0.725715       
8           0.597158       0.597159       
9           0.721681       0.721681       
10          0.602573       0.602573       
11          0.718436       0.718436       
12          0.606857       0.606857       
13          0.715745       0.715745       
14          0.610362       0.610363       
15          0.71346        0.71346        
16          0.613304       0.613304       
17          0.711487       0.711487       
18          0.61582        0.61582        
19          0.709757       0.709757       
20          0.618006       0.618006       
21          0.708224       0.708224       
22          0.619929       0.619929       
23          0.706851       0.706851       
24          0.621637       0.621638       
25          0.705613       0.705613       
26          0.62317        0.62317        
27          0.704488       0.704487       
28          0.624555       0.624555       
29          0.703458       0.703458       
30          0.625814       0.625814       
31          0.702513       0.702513       
32          0.626966       0.626966       
33          0.701639       0.701639       
34          0.628025       0.628025       
35          0.700829       0.700829       
36          0.629004       0.629004       
37          0.700074       0.700074       
38          0.629911       0.629911       
39          0.699369       0.699369       
40          0.630755       0.630755       
41          0.698709       0.698709       
42          0.631544       0.631544       
43          0.698088       0.698088       
44          0.632283       0.632283       
45          0.697504       0.697504       
46          0.632977       0.632977       
47          0.696951       0.696951       
48          0.63363        0.63363        
49          0.696429       0.696429       
50          0.634247       0.634247       
51          0.695933       0.695933       
52          0.634831       0.634831       
53          0.695462       0.695462       
54          0.635384       0.635384       
55          0.695014       0.695014       
56          0.635909       0.635909       
57          0.694586       0.694586       
58          0.636409       0.636409       
59          0.694178       0.694178       
60          0.636885       0.636885       
61          0.693788       0.693788       
62          0.637339       0.637339       
63          0.693414       0.693414       
64          0.637773       0.637773       
65          0.693056       0.693056       
66          0.638188       0.638188       
67          0.692712       0.692712       
68          0.638586       0.638586       
69          0.692382       0.692381       
70          0.638968       0.638968       
71          0.692064       0.692064       
72          0.639335       0.639335       
73          0.691758       0.691758       
74          0.639687       0.639687       
75          0.691463       0.691462       
76          0.640026       0.640026       
77          0.691178       0.691178       
78          0.640353       0.640353       
79          0.690903       0.690903       
80          0.640668       0.640668       
81          0.690637       0.690637       
82          0.640972       0.640972       
83          0.690381       0.690381       
84          0.641266       0.641266       
85          0.690132       0.690132       
86          0.641549       0.641549       
87          0.689891       0.689891       
88          0.641824       0.641824       
89          0.689658       0.689658       
90          0.64209        0.64209        
91          0.689432       0.689432       
92          0.642347       0.642347       
93          0.689212       0.689212       
94          0.642596       0.642596       
95          0.688999       0.688999       
96          0.642838       0.642838       
97          0.688792       0.688792       
98          0.643073       0.643073       
99          0.68859        0.68859        
100         0.643301       0.643301       
101         0.688394       0.688394       
102         0.643523       0.643523       
103         0.688204       0.688204       
104         0.643738       0.643738       
105         0.688018       0.688018       
106         0.643948       0.643948       
107         0.687837       0.687837       
108         0.644152       0.644152       
109         0.687661       0.687661       
110         0.64435        0.64435        
111         0.687489       0.687489       
112         0.644543       0.644543       
113         0.687322       0.687322       
114         0.644732       0.644732       
115         0.687158       0.687158       
116         0.644916       0.644916       
117         0.686998       0.686998       
118         0.645095       0.645095       
119         0.686843       0.686843       
120         0.64527        0.64527        
121         0.68669        0.68669        
122         0.64544        0.64544        
123         0.686541       0.686541       
124         0.645607       0.645607       
125         0.686396       0.686396       
126         0.64577        0.64577        
127         0.686254       0.686254       
128         0.645929       0.645929       
129         0.686114       0.686114       
130         0.646084       0.646084       
131         0.685978       0.685978       
132         0.646237       0.646237       
133         0.685845       0.685845       
134         0.646385       0.646385       
135         0.685714       0.685714       
136         0.646531       0.646531       
137         0.685586       0.685586       
138         0.646673       0.646673       
139         0.685461       0.685461       
140         0.646813       0.646813       
141         0.685338       0.685338       
142         0.64695        0.64695        
143         0.685217       0.685217       
144         0.647084       0.647084       
145         0.685099       0.685099       
146         0.647215       0.647215       
147         0.684983       0.684983       
148         0.647343       0.647343       
149         0.68487        0.68487        
150         0.647469       0.647469       
151         0.684758       0.684758       
152         0.647593       0.647593       
153         0.684649       0.684649       
154         0.647714       0.647714       
155         0.684541       0.684541       
156         0.647834       0.647834       
157         0.684436       0.684436       
158         0.64795        0.64795        
159         0.684332       0.684332       
160         0.648065       0.648065       
161         0.68423        0.68423        
162         0.648178       0.648178       
163         0.68413        0.68413        
164         0.648288       0.648288       
165         0.684032       0.684032       
166         0.648397       0.648397       
167         0.683935       0.683935       
168         0.648504       0.648504       
169         0.68384        0.68384        
170         0.648609       0.648609       
171         0.683746       0.683746       
172         0.648712       0.648712       
173         0.683654       0.683654       
174         0.648813       0.648813       
175         0.683564       0.683564       
176         0.648913       0.648913       
177         0.683475       0.683475       
178         0.649011       0.649011       
179         0.683387       0.683387       
180         0.649107       0.649107       
181         0.683301       0.683301       
182         0.649202       0.649202       
183         0.683216       0.683216       
184         0.649296       0.649296       
185         0.683133       0.683133       
186         0.649387       0.649387       
187         0.68305        0.68305        
188         0.649478       0.649478       
189         0.682969       0.682969       
190         0.649567       0.649567       
191         0.682889       0.682889       
192         0.649655       0.649655       
193         0.68281        0.68281        
194         0.649741       0.649741       
195         0.682733       0.682733       
196         0.649826       0.649826       
197         0.682656       0.682656       
198         0.64991        0.64991        
199         0.682581       0.682581       
200         0.649992       0.649992       
201         0.682507       0.682507       
202         0.650074       0.650074       
203         0.682434       0.682434       
204         0.650154       0.650154       
205         0.682361       0.682361       
206         0.650233       0.650233       
207         0.68229        0.68229        
208         0.650311       0.650311       
209         0.68222        0.68222        
210         0.650388       0.650388       
211         0.682151       0.682151       
212         0.650464       0.650464       
213         0.682082       0.682082       
214         0.650538       0.650538       
215         0.682015       0.682015       
216         0.650612       0.650612       
217         0.681948       0.681948       
218         0.650685       0.650685       
219         0.681882       0.681882       
220         0.650756       0.650756       
221         0.681818       0.681818       
222         0.650827       0.650827       
223         0.681754       0.681754       
224         0.650897       0.650897       
225         0.68169        0.68169        
226         0.650966       0.650966       
227         0.681628       0.681628       
228         0.651034       0.651034       
229         0.681566       0.681566       
230         0.651101       0.651101       
231         0.681505       0.681505       
232         0.651167       0.651167       
233         0.681445       0.681445       
234         0.651233       0.651233       
235         0.681386       0.681386       
236         0.651297       0.651297       
237         0.681327       0.681327       
238         0.651361       0.651361       
239         0.681269       0.681269       
240         0.651424       0.651424       
241         0.681212       0.681212       
242         0.651487       0.651487       
243         0.681155       0.681155       
244         0.651548       0.651548       
245         0.681099       0.681099       
246         0.651609       0.651609       
247         0.681044       0.681044       
248         0.651669       0.651669       
249         0.68099        0.68099        
250         0.651728       0.651728       
251         0.680936       0.680936       
252         0.651787       0.651787       
253         0.680882       0.680882       
254         0.651845       0.651845       
255         0.680829       0.680829       
256         0.651902       0.651902       
257         0.680777       0.680777       
258         0.651959       0.651959       
259         0.680725       0.680725       
260         0.652015       0.652015       
261         0.680674       0.680674       
262         0.65207        0.65207        
263         0.680624       0.680624       
264         0.652125       0.652125       
265         0.680574       0.680574       
266         0.652179       0.652179       
267         0.680524       0.680524       
268         0.652233       0.652233       
269         0.680476       0.680476       
270         0.652286       0.652286       
271         0.680427       0.680427       
272         0.652338       0.652338       
273         0.680379       0.680379       
274         0.65239        0.65239        
275         0.680332       0.680332       
276         0.652441       0.652441       
277         0.680285       0.680285       
278         0.652492       0.652492       
279         0.680239       0.680239       
280         0.652542       0.652542       
281         0.680193       0.680193       
282         0.652592       0.652592       
283         0.680147       0.680147       
284         0.652641       0.652641       
285         0.680102       0.680102       
286         0.652689       0.652689       
287         0.680058       0.680058       
288         0.652738       0.652738       
289         0.680014       0.680014       
290         0.652785       0.652785       
291         0.67997        0.67997        
292         0.652832       0.652832       
293         0.679927       0.679927       
294         0.652879       0.652879       
295         0.679884       0.679884       
296         0.652925       0.652925       
297         0.679842       0.679842       
298         0.652971       0.652971       
299         0.6798         0.6798         
300         0.653016       0.653016       
301         0.679758       0.679758       
302         0.653061       0.653061       
303         0.679717       0.679717       
304         0.653106       0.653106       
305         0.679676       0.679676       
306         0.653149       0.653149       
307         0.679636       0.679636       
308         0.653193       0.653193       
309         0.679596       0.679596       
310         0.653236       0.653236       
311         0.679556       0.679556       
312         0.653279       0.653279       
313         0.679517       0.679517       
314         0.653321       0.653321       
315         0.679478       0.679478       
316         0.653363       0.653363       
317         0.679439       0.679439       
318         0.653405       0.653405       
319         0.679401       0.679401       
320         0.653446       0.653446       
321         0.679363       0.679363       
322         0.653487       0.653487       
323         0.679326       0.679326       
324         0.653527       0.653527       
325         0.679288       0.679288       
326         0.653567       0.653567       
327         0.679251       0.679251       
328         0.653607       0.653607       
329         0.679215       0.679215       
330         0.653646       0.653646       
331         0.679179       0.679179       
332         0.653685       0.653685       
333         0.679143       0.679143       
334         0.653724       0.653724       
335         0.679107       0.679107       
336         0.653762       0.653762       
337         0.679072       0.679072       
338         0.6538         0.6538         
339         0.679037       0.679037       
340         0.653837       0.653837       
341         0.679002       0.679002       
342         0.653875       0.653875       
343         0.678968       0.678968       
344         0.653912       0.653912       
345         0.678934       0.678934       
346         0.653948       0.653948       
347         0.6789         0.6789         
348         0.653985       0.653985       
349         0.678866       0.678866       
350         0.654021       0.654021       
351         0.678833       0.678833       
352         0.654056       0.654056       
353         0.6788         0.6788         
354         0.654092       0.654092       
355         0.678767       0.678767       
356         0.654127       0.654127       
357         0.678735       0.678735       
358         0.654162       0.654162       
359         0.678703       0.678703       
360         0.654196       0.654196       
361         0.678671       0.678671       
362         0.65423        0.65423        
363         0.678639       0.678639       
364         0.654264       0.654264       
365         0.678607       0.678607       
366         0.654298       0.654298       
367         0.678576       0.678576       
368         0.654332       0.654332       
369         0.678545       0.678545       
370         0.654365       0.654365       
371         0.678515       0.678515       
372         0.654398       0.654398       
373         0.678484       0.678484       
374         0.65443        0.65443        
375         0.678454       0.678454       
376         0.654463       0.654463       
377         0.678424       0.678424       
378         0.654495       0.654495       
379         0.678394       0.678394       
380         0.654527       0.654527       
381         0.678365       0.678365       
382         0.654558       0.654558       
383         0.678335       0.678335       
384         0.65459        0.65459        
385         0.678306       0.678306       
386         0.654621       0.654621       
387         0.678277       0.678277       
388         0.654652       0.654652       
389         0.678249       0.678249       
390         0.654682       0.654682       
391         0.67822        0.67822        
392         0.654713       0.654713       
393         0.678192       0.678192       
394         0.654743       0.654743       
395         0.678164       0.678164       
396         0.654773       0.654773       
397         0.678136       0.678136       
398         0.654803       0.654803       
399         0.678108       0.678108       
400         0.654832       0.654832       
401         0.678081       0.678081       
402         0.654861       0.654861       
403         0.678054       0.678054       
404         0.654891       0.654891       
405         0.678027       0.678027       
406         0.654919       0.654919       
407         0.678          0.678          
408         0.654948       0.654948       
409         0.677973       0.677973       
410         0.654977       0.654977       
411         0.677947       0.677947       
412         0.655005       0.655005       
413         0.677921       0.677921       
414         0.655033       0.655033       
415         0.677894       0.677894       
416         0.655061       0.655061       
417         0.677869       0.677869       
418         0.655088       0.655088       
419         0.677843       0.677843       
420         0.655116       0.655116       
421         0.677817       0.677817       
422         0.655143       0.655143       
423         0.677792       0.677792       
424         0.65517        0.65517        
425         0.677767       0.677767       
426         0.655197       0.655197       
427         0.677742       0.677742       
428         0.655224       0.655224       
429         0.677717       0.677717       
430         0.65525        0.65525        
431         0.677692       0.677692       
432         0.655277       0.655277       
433         0.677668       0.677668       
434         0.655303       0.655303       
435         0.677643       0.677643       
436         0.655329       0.655329       
437         0.677619       0.677619       
438         0.655354       0.655354       
439         0.677595       0.677595       
440         0.65538        0.65538        
441         0.677571       0.677571       
442         0.655405       0.655405       
443         0.677547       0.677547       
444         0.655431       0.655431       
445         0.677524       0.677524       
446         0.655456       0.655456       
447         0.6775         0.6775         
448         0.655481       0.655481       
449         0.677477       0.677477       
450         0.655506       0.655506       
451         0.677454       0.677454       
452         0.65553        0.65553        
453         0.677431       0.677431       
454         0.655555       0.655555       
455         0.677408       0.677408       
456         0.655579       0.655579       
457         0.677386       0.677386       
458         0.655603       0.655603       
459         0.677363       0.677363       
460         0.655627       0.655627       
461         0.677341       0.677341       
462         0.655651       0.655651       
463         0.677318       0.677318       
464         0.655674       0.655674       
465         0.677296       0.677296       
466         0.655698       0.655698       
467         0.677274       0.677274       
468         0.655721       0.655721       
469         0.677253       0.677253       
470         0.655745       0.655745       
471         0.677231       0.677231       
472         0.655768       0.655768       
473         0.677209       0.677209       
474         0.655791       0.655791       
475         0.677188       0.677188       
476         0.655813       0.655813       
477         0.677167       0.677167       
478         0.655836       0.655836       
479         0.677145       0.677145       
480         0.655858       0.655858       
481         0.677124       0.677124       
482         0.655881       0.655881       
483         0.677103       0.677103       
484         0.655903       0.655903       
485         0.677083       0.677083       
486         0.655925       0.655925       
487         0.677062       0.677062       
488         0.655947       0.655947       
489         0.677042       0.677042       
490         0.655969       0.655969       
491         0.677021       0.677021       
492         0.655991       0.655991       
493         0.677001       0.677001       
494         0.656012       0.656012       
495         0.676981       0.676981       
496         0.656034       0.656034       
497         0.676961       0.676961       
498         0.656055       0.656055       
499         0.676941       0.676941       
500         0.656076       0.656076       
501         0.676921       0.676921       
502         0.656097       0.656097       
503         0.676901       0.676901       
504         0.656118       0.656118       
505         0.676882       0.676882       
506         0.656139       0.656139       
507         0.676862       0.676862       
508         0.656159       0.656159       
509         0.676843       0.676843       
510         0.65618        0.65618        
511         0.676823       0.676823       
512         0.6562         0.6562         
513         0.676804       0.676804       
514         0.656221       0.656221       
515         0.676785       0.676785       
516         0.656241       0.656241       
517         0.676766       0.676766       
518         0.656261       0.656261       
519         0.676747       0.676747       
520         0.656281       0.656281       
521         0.676729       0.676729       
522         0.656301       0.656301       
523         0.67671        0.67671        
524         0.656321       0.656321       
525         0.676692       0.676692       
526         0.65634        0.65634        
527         0.676673       0.676673       
528         0.65636        0.65636        
529         0.676655       0.676655       
530         0.656379       0.656379       
531         0.676637       0.676637       
532         0.656398       0.656398       
533         0.676619       0.676619       
534         0.656418       0.656418       
535         0.676601       0.676601       
536         0.656437       0.656437       
537         0.676583       0.676583       
538         0.656456       0.656456       
539         0.676565       0.676565       
540         0.656475       0.656475       
541         0.676547       0.676547       
542         0.656493       0.656493       
543         0.67653        0.67653        
544         0.656512       0.656512       
545         0.676512       0.676512       
546         0.656531       0.656531       
547         0.676495       0.676495       
548         0.656549       0.656549       
549         0.676477       0.676477       
550         0.656567       0.656567       
551         0.67646        0.67646        
552         0.656586       0.656586       
553         0.676443       0.676443       
554         0.656604       0.656604       
555         0.676426       0.676426       
556         0.656622       0.656622       
557         0.676409       0.676409       
558         0.65664        0.65664        
559         0.676392       0.676392       
560         0.656658       0.656658       
561         0.676375       0.676375       
562         0.656675       0.656675       
563         0.676358       0.676358       
564         0.656693       0.656693       
565         0.676342       0.676342       
566         0.656711       0.656711       
567         0.676325       0.676325       
568         0.656728       0.656728       
569         0.676309       0.676309       
570         0.656746       0.656746       
571         0.676292       0.676292       
572         0.656763       0.656763       
573         0.676276       0.676276       
574         0.65678        0.65678        
575         0.67626        0.67626        
576         0.656797       0.656797       
577         0.676244       0.676244       
578         0.656814       0.656814       
579         0.676228       0.676228       
580         0.656831       0.656831       
581         0.676212       0.676212       
582         0.656848       0.656848       
583         0.676196       0.676196       
584         0.656865       0.656865       
585         0.67618        0.67618        
586         0.656882       0.656882       
587         0.676164       0.676164       
588         0.656898       0.656898       
589         0.676149       0.676149       
590         0.656915       0.656915       
591         0.676133       0.676133       
592         0.656931       0.656931       
593         0.676118       0.676118       
594         0.656948       0.656948       
595         0.676102       0.676102       
596         0.656964       0.656964       
597         0.676087       0.676087       
598         0.65698        0.65698        
599         0.676072       0.676072       
600         0.656996       0.656996       
601         0.676057       0.676057       
602         0.657012       0.657012       
603         0.676041       0.676041       
604         0.657028       0.657028       
605         0.676026       0.676026       
606         0.657044       0.657044       
607         0.676011       0.676011       
608         0.65706        0.65706        
609         0.675997       0.675997       
610         0.657076       0.657076       
611         0.675982       0.675982       
612         0.657091       0.657091       
613         0.675967       0.675967       
614         0.657107       0.657107       
615         0.675952       0.675952       
616         0.657122       0.657122       
617         0.675938       0.675938       
618         0.657138       0.657138       
619         0.675923       0.675923       
620         0.657153       0.657153       
621         0.675909       0.675909       
622         0.657168       0.657168       
623         0.675894       0.675894       
624         0.657184       0.657184       
625         0.67588        0.67588        
626         0.657199       0.657199       
627         0.675866       0.675866       
628         0.657214       0.657214       
629         0.675851       0.675851       
630         0.657229       0.657229       
631         0.675837       0.675837       
632         0.657244       0.657244       
633         0.675823       0.675823       
634         0.657259       0.657259       
635         0.675809       0.675809       
636         0.657273       0.657273       
637         0.675795       0.675795       
638         0.657288       0.657288       
639         0.675781       0.675781       
640         0.657303       0.657303       
641         0.675768       0.675768       
642         0.657317       0.657317       
643         0.675754       0.675754       
644         0.657332       0.657332       
645         0.67574        0.67574        
646         0.657346       0.657346       
647         0.675726       0.675726       
648         0.657361       0.657361       
649         0.675713       0.675713       
650         0.657375       0.657375       
651         0.675699       0.675699       
652         0.657389       0.657389       
653         0.675686       0.675686       
654         0.657403       0.657403       
655         0.675673       0.675673       
656         0.657417       0.657417       
657         0.675659       0.675659       
658         0.657431       0.657431       
659         0.675646       0.675646       
660         0.657445       0.657445       
661         0.675633       0.675633       
662         0.657459       0.657459       
663         0.67562        0.67562        
664         0.657473       0.657473       
665         0.675607       0.675607       
666         0.657487       0.657487       
667         0.675594       0.675594       
668         0.657501       0.657501       
669         0.675581       0.675581       
670         0.657514       0.657514       
671         0.675568       0.675568       
672         0.657528       0.657528       
673         0.675555       0.675555       
674         0.657542       0.657542       
675         0.675542       0.675542       
676         0.657555       0.657555       
677         0.675529       0.675529       
678         0.657569       0.657569       
679         0.675516       0.675516       
680         0.657582       0.657582       
681         0.675504       0.675504       
682         0.657595       0.657595       
683         0.675491       0.675491       
684         0.657608       0.657608       
685         0.675479       0.675479       
686         0.657622       0.657622       
687         0.675466       0.675466       
688         0.657635       0.657635       
689         0.675454       0.675454       
690         0.657648       0.657648       
691         0.675441       0.675441       
692         0.657661       0.657661       
693         0.675429       0.675429       
694         0.657674       0.657674       
695         0.675417       0.675417       
696         0.657687       0.657687       
697         0.675405       0.675405       
698         0.6577         0.6577         
699         0.675392       0.675392       
700         0.657712       0.657712       
701         0.67538        0.67538        
702         0.657725       0.657725       
703         0.675368       0.675368       
704         0.657738       0.657738       
705         0.675356       0.675356       
706         0.657751       0.657751       
707         0.675344       0.675344       
708         0.657763       0.657763       
709         0.675332       0.675332       
710         0.657776       0.657776       
711         0.675321       0.675321       
712         0.657788       0.657788       
713         0.675309       0.675309       
714         0.657801       0.657801       
715         0.675297       0.675297       
716         0.657813       0.657813       
717         0.675285       0.675285       
718         0.657825       0.657825       
719         0.675274       0.675274       
720         0.657838       0.657838       
721         0.675262       0.675262       
722         0.65785        0.65785        
723         0.67525        0.67525        
724         0.657862       0.657862       
725         0.675239       0.675239       
726         0.657874       0.657874       
727         0.675227       0.675227       
728         0.657886       0.657886       
729         0.675216       0.675216       
730         0.657898       0.657898       
731         0.675205       0.675205       
732         0.65791        0.65791        
733         0.675193       0.675193       
734         0.657922       0.657922       
735         0.675182       0.675182       
736         0.657934       0.657934       
737         0.675171       0.675171       
738         0.657946       0.657946       
739         0.675159       0.675159       
740         0.657958       0.657958       
741         0.675148       0.675148       
742         0.657969       0.657969       
743         0.675137       0.675137       
744         0.657981       0.657981       
745         0.675126       0.675126       
746         0.657993       0.657993       
747         0.675115       0.675115       
748         0.658004       0.658004       
749         0.675104       0.675104       
750         0.658016       0.658016       
751         0.675093       0.675093       
752         0.658027       0.658027       
753         0.675082       0.675082       
754         0.658039       0.658039       
755         0.675071       0.675071       
756         0.65805        0.65805        
757         0.67506        0.67506        
758         0.658061       0.658061       
759         0.67505        0.67505        
760         0.658073       0.658073       
761         0.675039       0.675039       
762         0.658084       0.658084       
763         0.675028       0.675028       
764         0.658095       0.658095       
765         0.675018       0.675018       
766         0.658107       0.658107       
767         0.675007       0.675007       
768         0.658118       0.658118       
769         0.674996       0.674996       
770         0.658129       0.658129       
771         0.674986       0.674986       
772         0.65814        0.65814        
773         0.674975       0.674975       
774         0.658151       0.658151       
775         0.674965       0.674965       
776         0.658162       0.658162       
777         0.674955       0.674955       
778         0.658173       0.658173       
779         0.674944       0.674944       
780         0.658184       0.658184       
781         0.674934       0.674934       
782         0.658194       0.658194       
783         0.674924       0.674924       
784         0.658205       0.658205       
785         0.674913       0.674913       
786         0.658216       0.658216       
787         0.674903       0.674903       
788         0.658227       0.658227       
789         0.674893       0.674893       
790         0.658237       0.658237       
791         0.674883       0.674883       
792         0.658248       0.658248       
793         0.674873       0.674873       
794         0.658259       0.658259       
795         0.674863       0.674863       
796         0.658269       0.658269       
797         0.674853       0.674853       
798         0.65828        0.65828        
799         0.674843       0.674843       
800         0.65829        0.65829        
801         0.674833       0.674833       
802         0.658301       0.658301       
803         0.674823       0.674823       
804         0.658311       0.658311       
805         0.674813       0.674813       
806         0.658322       0.658322       
807         0.674803       0.674803       
808         0.658332       0.658332       
809         0.674793       0.674793       
810         0.658342       0.658342       
811         0.674783       0.674783       
812         0.658352       0.658352       
813         0.674774       0.674774       
814         0.658363       0.658363       
815         0.674764       0.674764       
816         0.658373       0.658373       
817         0.674754       0.674754       
818         0.658383       0.658383       
819         0.674745       0.674745       
820         0.658393       0.658393       
821         0.674735       0.674735       
822         0.658403       0.658403       
823         0.674725       0.674725       
824         0.658413       0.658413       
825         0.674716       0.674716       
826         0.658423       0.658423       
827         0.674706       0.674706       
828         0.658433       0.658433       
829         0.674697       0.674697       
830         0.658443       0.658443       
831         0.674687       0.674687       
832         0.658453       0.658453       
833         0.674678       0.674678       
834         0.658463       0.658463       
835         0.674669       0.674669       
836         0.658473       0.658473       
837         0.674659       0.674659       
838         0.658482       0.658482       
839         0.67465        0.67465        
840         0.658492       0.658492       
841         0.674641       0.674641       
842         0.658502       0.658502       
843         0.674632       0.674632       
844         0.658511       0.658511       
845         0.674622       0.674622       
846         0.658521       0.658521       
847         0.674613       0.674613       
848         0.658531       0.658531       
849         0.674604       0.674604       
850         0.65854        0.65854        
851         0.674595       0.674595       
852         0.65855        0.65855        
853         0.674586       0.674586       
854         0.658559       0.658559       
855         0.674577       0.674577       
856         0.658569       0.658569       
857         0.674568       0.674568       
858         0.658578       0.658578       
859         0.674559       0.674559       
860         0.658588       0.658588       
861         0.67455        0.67455        
862         0.658597       0.658597       
863         0.674541       0.674541       
864         0.658606       0.658606       
865         0.674532       0.674532       
866         0.658616       0.658616       
867         0.674523       0.674523       
868         0.658625       0.658625       
869         0.674514       0.674514       
870         0.658634       0.658634       
871         0.674506       0.674506       
872         0.658643       0.658643       
873         0.674497       0.674497       
874         0.658653       0.658653       
875         0.674488       0.674488       
876         0.658662       0.658662       
877         0.674479       0.674479       
878         0.658671       0.658671       
879         0.674471       0.674471       
880         0.65868        0.65868        
881         0.674462       0.674462       
882         0.658689       0.658689       
883         0.674453       0.674453       
884         0.658698       0.658698       
885         0.674445       0.674445       
886         0.658707       0.658707       
887         0.674436       0.674436       
888         0.658716       0.658716       
889         0.674428       0.674428       
890         0.658725       0.658725       
891         0.674419       0.674419       
892         0.658734       0.658734       
893         0.674411       0.674411       
894         0.658743       0.658743       
895         0.674402       0.674402       
896         0.658752       0.658752       
897         0.674394       0.674394       
898         0.65876        0.65876        
899         0.674385       0.674385       
900         0.658769       0.658769       
901         0.674377       0.674377       
902         0.658778       0.658778       
903         0.674369       0.674369       
904         0.658787       0.658787       
905         0.67436        0.67436        
906         0.658795       0.658795       
907         0.674352       0.674352       
908         0.658804       0.658804       
909         0.674344       0.674344       
910         0.658813       0.658813       
911         0.674336       0.674336       
912         0.658821       0.658821       
913         0.674327       0.674327       
914         0.65883        0.65883        
915         0.674319       0.674319       
916         0.658839       0.658839       
917         0.674311       0.674311       
918         0.658847       0.658847       
919         0.674303       0.674303       
920         0.658856       0.658856       
921         0.674295       0.674295       
922         0.658864       0.658864       
923         0.674287       0.674287       
924         0.658873       0.658873       
925         0.674279       0.674279       
926         0.658881       0.658881       
927         0.674271       0.674271       
928         0.658889       0.658889       
929         0.674263       0.674263       
930         0.658898       0.658898       
931         0.674255       0.674255       
932         0.658906       0.658906       
933         0.674247       0.674247       
934         0.658914       0.658914       
935         0.674239       0.674239       
936         0.658923       0.658923       
937         0.674231       0.674231       
938         0.658931       0.658931       
939         0.674223       0.674223       
940         0.658939       0.658939       
941         0.674215       0.674215       
942         0.658947       0.658947       
943         0.674207       0.674207       
944         0.658956       0.658956       
945         0.674199       0.674199       
946         0.658964       0.658964       
947         0.674192       0.674192       
948         0.658972       0.658972       
949         0.674184       0.674184       
950         0.65898        0.65898        
951         0.674176       0.674176       
952         0.658988       0.658988       
953         0.674168       0.674168       
954         0.658996       0.658996       
955         0.674161       0.674161       
956         0.659004       0.659004       
957         0.674153       0.674153       
958         0.659012       0.659012       
959         0.674145       0.674145       
960         0.65902        0.65902        
961         0.674138       0.674138       
962         0.659028       0.659028       
963         0.67413        0.67413        
964         0.659036       0.659036       
965         0.674123       0.674123       
966         0.659044       0.659044       
967         0.674115       0.674115       
968         0.659052       0.659052       
969         0.674108       0.674108       
970         0.65906        0.65906        
971         0.6741         0.6741         
972         0.659067       0.659067       
973         0.674093       0.674093       
974         0.659075       0.659075       
975         0.674085       0.674085       
976         0.659083       0.659083       
977         0.674078       0.674078       
978         0.659091       0.659091       
979         0.67407        0.67407        
980         0.659099       0.659099       
981         0.674063       0.674063       
982         0.659106       0.659106       
983         0.674056       0.674056       
984         0.659114       0.659114       
985         0.674048       0.674048       
986         0.659122       0.659122       
987         0.674041       0.674041       
988         0.659129       0.659129       
989         0.674034       0.674034       
990         0.659137       0.659137       
991         0.674026       0.674026       
992         0.659144       0.659144       
993         0.674019       0.674019       
994         0.659152       0.659152       
995         0.674012       0.674012       
996         0.65916        0.65916        
997         0.674005       0.674005       
998         0.659167       0.659167       
999         0.673997       0.673997       
