# lambda = 3.9
#===============================================
0           0.5            0.5005         
1           0.975          0.974999       
2           0.0950625      0.0950661      
3           0.3355         0.335511       
4           0.869465       0.86948        
5           0.442633       0.442591       
6           0.962165       0.962146       
7           0.141973       0.142041       
8           0.475084       0.475274       
9           0.972579       0.972616       
10          0.10401        0.103874       
11          0.363448       0.363029       
12          0.902278       0.901831       
13          0.343871       0.345273       
14          0.879933       0.881632       
15          0.41204        0.406991       
16          0.944826       0.941263       
17          0.203308       0.21562        
18          0.631698       0.6596         
19          0.907357       0.875658       
20          0.327834       0.424636       
21          0.859399       0.952849       
22          0.471246       0.175219       
23          0.971776       0.563616       
24          0.106968       0.959216       
25          0.372552       0.152569       
26          0.911652       0.504237       
27          0.314115       0.97493        
28          0.840243       0.0953219      
29          0.523515       0.336319       
30          0.972843       0.870513       
31          0.103034       0.439608       
32          0.360431       0.960776       
33          0.89903        0.146974       
34          0.354021       0.488954       
35          0.891892       0.974524       
36          0.376041       0.0968245      
37          0.915073       0.341053       
38          0.303086       0.87647        
39          0.823777       0.422254       
40          0.566158       0.951427       
41          0.95793        0.180234       
42          0.157169       0.576224       
43          0.516622       0.952341       
44          0.973922       0.177013       
45          0.0990504      0.56815        
46          0.348034       0.956887       
47          0.884934       0.160893       
48          0.39712        0.526526       
49          0.933721       0.972256       
50          0.241355       0.1052         
51          0.714101       0.367118       
52          0.796227       0.906136       
53          0.632773       0.33171        
54          0.906248       0.864546       
55          0.331355       0.456716       
56          0.864079       0.967693       
57          0.458041       0.121926       
58          0.968134       0.417534       
59          0.120318       0.948478       
60          0.412782       0.190585       
61          0.945333       0.601623       
62          0.201546       0.934724       
63          0.627609       0.237959       
64          0.911492       0.707205       
65          0.31463        0.807558       
66          0.840988       0.606091       
67          0.521537       0.931105       
68          0.973191       0.25018        
69          0.101752       0.731602       
70          0.356455       0.765807       
71          0.89464        0.699453       
72          0.367613       0.819853       
73          0.906647       0.576008       
74          0.33009        0.952469       
75          0.862409       0.17656        
76          0.462774       0.567009       
77          0.969595       0.957488       
78          0.114973       0.158747       
79          0.39684        0.520832       
80          0.933496       0.973307       
81          0.242116       0.101322       
82          0.715633       0.355118       
83          0.793659       0.893136       
84          0.638682       0.372232       
85          0.899993       0.911334       
86          0.351023       0.315137       
87          0.888443       0.84172        
88          0.386536       0.519587       
89          0.924791       0.973504       
90          0.271254       0.100597       
91          0.770934       0.352863       
92          0.688719       0.890567       
93          0.836102       0.380083       
94          0.534438       0.918917       
95          0.970375       0.290582       
96          0.112116       0.803963       
97          0.388228       0.614666       
98          0.926277       0.923722       
99          0.266322       0.274794       
100         0.762038       0.7772         
101         0.70721        0.675324       
102         0.807549       0.85512        
103         0.606113       0.483171       
104         0.931086       0.973895       
105         0.250243       0.0991501      
106         0.731723       0.348346       
107         0.765587       0.885304       
108         0.699907       0.39601        
109         0.819145       0.932826       
110         0.577772       0.24438        
111         0.951411       0.720168       
112         0.18029        0.785952       
113         0.576365       0.656104       
114         0.952257       0.879964       
115         0.177308       0.411948       
116         0.568893       0.944763       
117         0.95649        0.203526       
118         0.162307       0.632201       
119         0.530258       0.906839       
120         0.971429       0.329481       
121         0.108242       0.8616         
122         0.376451       0.465057       
123         0.915469       0.970238       
124         0.301805       0.112617       
125         0.821803       0.389746       
126         0.571128       0.927591       
127         0.955269       0.261946       
128         0.166647       0.753988       
129         0.541616       0.723412       
130         0.968246       0.78034        
131         0.119909       0.668497       
132         0.411571       0.864275       
133         0.944503       0.457485       
134         0.204426       0.967951       
135         0.63428        0.120986       
136         0.904679       0.414759       
137         0.336317       0.946662       
138         0.870511       0.196922       
139         0.439616       0.61676        
140         0.960779       0.921831       
141         0.146961       0.281027       
142         0.488917       0.787998       
143         0.974521       0.651522       
144         0.0968365      0.88546        
145         0.341091       0.395541       
146         0.876517       0.932445       
147         0.422117       0.245668       
148         0.951344       0.722729       
149         0.180526       0.781528       
150         0.576952       0.665893       
151         0.951905       0.86767        
152         0.178548       0.447793       
153         0.572007       0.96437        
154         0.954778       0.134005       
155         0.168388       0.452586       
156         0.546132       0.966233       
157         0.9667         0.127246       
158         0.125544       0.433113       
159         0.428153       0.957552       
160         0.954868       0.15852        
161         0.168069       0.520226       
162         0.545306       0.973404       
163         0.966995       0.100964       
164         0.124473       0.354004       
165         0.425019       0.891872       
166         0.953073       0.376101       
167         0.174426       0.915132       
168         0.561605       0.302896       
169         0.960199       0.823486       
170         0.149047       0.566893       
171         0.494645       0.957549       
172         0.974888       0.158531       
173         0.0954768      0.520255       
174         0.336808       0.9734         
175         0.871136       0.100981       
176         0.437805       0.354056       
177         0.959914       0.891932       
178         0.150068       0.375919       
179         0.497436       0.914956       
180         0.974974       0.303466       
181         0.0951575      0.82436        
182         0.3358         0.564683       
183         0.869849       0.958683       
184         0.441524       0.15448        
185         0.961664       0.509401       
186         0.143777       0.974655       
187         0.480112       0.0963392      
188         0.973457       0.339526       
189         0.100769       0.874567       
190         0.353396       0.427827       
191         0.891179       0.954685       
192         0.37822        0.16872        
193         0.917161       0.546988       
194         0.296309       0.966389       
195         0.813188       0.126676       
196         0.592461       0.431455       
197         0.941659       0.956676       
198         0.214256       0.161643       
199         0.656567       0.528508       
200         0.879398       0.97183        
201         0.413622       0.106766       
202         0.945901       0.371933       
203         0.199571       0.911035       
204         0.622996       0.316095       
205         0.916          0.843098       
206         0.30008        0.515907       
207         0.819126       0.974013       
208         0.57782        0.0987151      
209         0.951382       0.346985       
210         0.180392       0.883687       
211         0.576617       0.40086        
212         0.952106       0.936668       
213         0.17784        0.231352       
214         0.57023        0.69353        
215         0.955764       0.82893        
216         0.164888       0.553041       
217         0.53703        0.964028       
218         0.969652       0.135244       
219         0.114765       0.456118       
220         0.396216       0.96749        
221         0.932993       0.122667       
222         0.243817       0.419716       
223         0.719044       0.949863       
224         0.787876       0.185732       
225         0.651797       0.589818       
226         0.885135       0.943537       
227         0.396516       0.207771       
228         0.933235       0.641949       
229         0.242998       0.896417       
230         0.717405       0.362128       
231         0.790667       0.900866       
232         0.645499       0.348296       
233         0.892437       0.885245       
234         0.374374       0.396186       
235         0.91345        0.932968       
236         0.30833        0.2439         
237         0.831724       0.71921        
238         0.545841       0.787593       
239         0.966805       0.652432       
240         0.125164       0.884382       
241         0.427042       0.398777       
242         0.954241       0.93504        
243         0.170294       0.236887       
244         0.551046       0.705009       
245         0.964838       0.811088       
246         0.132311       0.597574       
247         0.447739       0.937869       
248         0.964348       0.227255       
249         0.134084       0.684881       
250         0.452811       0.841695       
251         0.966316       0.519654       
252         0.126944       0.973493       
253         0.432235       0.100635       
254         0.957091       0.352981       
255         0.160166       0.890703       
256         0.524599       0.37967        
257         0.97264        0.91853        
258         0.103784       0.291846       
259         0.362751       0.806021       
260         0.901535       0.609769       
261         0.346202       0.928008       
262         0.88275        0.260557       
263         0.403659       0.751401       
264         0.938802       0.728511       
265         0.224066       0.771353       
266         0.678057       0.687833       
267         0.851354       0.837403       
268         0.493547       0.53102        
269         0.974838       0.971247       
270         0.095664       0.108911       
271         0.337398       0.378493       
272         0.871887       0.917421       
273         0.435631       0.295463       
274         0.958841       0.811842       
275         0.153914       0.595743       
276         0.507877       0.93925        
277         0.974758       0.222532       
278         0.0959587      0.674745       
279         0.338328       0.85591        
280         0.873062       0.48098        
281         0.432217       0.973589       
282         0.957081       0.100282       
283         0.1602         0.351879       
284         0.524689       0.889435       
285         0.972623       0.383527       
286         0.103848       0.922093       
287         0.362949       0.280168       
288         0.901746       0.786528       
289         0.34554        0.654817       
290         0.881954       0.881523       
291         0.406034       0.407316       
292         0.940564       0.941498       
293         0.218021       0.214811       
294         0.664904       0.657802       
295         0.868947       0.877885       
296         0.444126       0.418093       
297         0.962824       0.948836       
298         0.139595       0.189331       
299         0.468421       0.598591       
300         0.971111       0.937091       
301         0.109413       0.229911       
302         0.380022       0.690502       
303         0.918861       0.833465       
304         0.290768       0.541325       
305         0.804265       0.96834        
306         0.613949       0.119566       
307         0.924361       0.410554       
308         0.272678       0.943798       
309         0.773467       0.206871       
310         0.683341       0.639893       
311         0.843905       0.898677       
312         0.513744       0.355122       
313         0.974263       0.89314        
314         0.0977897      0.372219       
315         0.344085       0.91132        
316         0.880193       0.31518        
317         0.411268       0.841783       
318         0.944294       0.51942        
319         0.20515        0.973529       
320         0.635949       0.100503       
321         0.90292        0.352569       
322         0.341856       0.89023        
323         0.877463       0.381109       
324         0.419336       0.919873       
325         0.949624       0.287454       
326         0.18657        0.798815       
327         0.591872       0.626767       
328         0.942082       0.912327       
329         0.212796       0.311947       
330         0.653304       0.837081       
331         0.883342       0.531869       
332         0.401892       0.971039       
333         0.937462       0.109676       
334         0.228647       0.380825       
335         0.687833       0.91961        
336         0.837403       0.288318       
337         0.53102        0.800243       
338         0.971247       0.62343        
339         0.108912       0.915584       
340         0.378494       0.301432       
341         0.917422       0.821227       
342         0.29546        0.572573       
343         0.811838       0.954459       
344         0.595753       0.16952        
345         0.939243       0.549053       
346         0.222557       0.965616       
347         0.674799       0.129487       
348         0.855836       0.43961        
349         0.481184       0.960777       
350         0.973619       0.146971       
351         0.100171       0.488945       
352         0.351533       0.974523       
353         0.889034       0.0968276      
354         0.384744       0.341063       
355         0.923193       0.876482       
356         0.27654        0.422219       
357         0.780256       0.951406       
358         0.668681       0.180309       
359         0.864032       0.576411       
360         0.458175       0.952229       
361         0.968178       0.177405       
362         0.120158       0.569138       
363         0.412308       0.956358       
364         0.94501        0.162776       
365         0.202669       0.531493       
366         0.630218       0.971132       
367         0.908868       0.109335       
368         0.323024       0.379785       
369         0.85285        0.918639       
370         0.489437       0.291492       
371         0.974565       0.805446       
372         0.0966739      0.611142       
373         0.340579       0.926825       
374         0.875882       0.264498       
375         0.42398        0.758702       
376         0.952462       0.713986       
377         0.176585       0.796419       
378         0.567071       0.632329       
379         0.957456       0.906707       
380         0.158863       0.329898       
381         0.521139       0.862154       
382         0.973257       0.463493       
383         0.101507       0.969802       
384         0.355694       0.114215       
385         0.893786       0.394563       
386         0.370239       0.931644       
387         0.909332       0.248366       
388         0.321546       0.728054       
389         0.850801       0.772167       
390         0.495061       0.686108       
391         0.974905       0.839919       
392         0.0954149      0.524376       
393         0.336613       0.972683       
394         0.870888       0.103627       
395         0.438525       0.362266       
396         0.960261       0.901014       
397         0.148822       0.347831       
398         0.494029       0.884694       
399         0.974861       0.39784        
400         0.0955775      0.934297       
401         0.337126       0.239406       
402         0.871541       0.710155       
403         0.436635       0.802757       
404         0.959341       0.61752        
405         0.152123       0.921137       
406         0.503028       0.283309       
407         0.974964       0.791876       
408         0.095195       0.642754       
409         0.335918       0.895524       
410         0.870001       0.364888       
411         0.441087       0.903805       
412         0.961464       0.339072       
413         0.144499       0.873999       
414         0.482114       0.429487       
415         0.973752       0.955609       
416         0.0996789      0.165441       
417         0.349998       0.538474       
418         0.887248       0.969227       
419         0.390153       0.116321       
420         0.927942       0.400884       
421         0.260778       0.936686       
422         0.751813       0.23129        
423         0.727701       0.6934         
424         0.772794       0.829126       
425         0.684776       0.552537       
426         0.841845       0.964235       
427         0.519253       0.134494       
428         0.973554       0.45398        
429         0.10041        0.96674        
430         0.352279       0.125398       
431         0.889896       0.427727       
432         0.382125       0.954629       
433         0.920812       0.16892        
434         0.284379       0.547505       
435         0.793679       0.966199       
436         0.638635       0.12737        
437         0.900044       0.433472       
438         0.350864       0.957739       
439         0.888258       0.157854       
440         0.387099       0.518451       
441         0.925288       0.973672       
442         0.269608       0.0999751      
443         0.767986       0.350922       
444         0.694915       0.888326       
445         0.826832       0.386893       
446         0.558405       0.925106       
447         0.961697       0.270211       
448         0.143661       0.769068       
449         0.479789       0.69265        
450         0.973407       0.830255       
451         0.100955       0.549634       
452         0.353976       0.965392       
453         0.89184        0.130299       
454         0.376199       0.441953       
455         0.915226       0.961859       
456         0.30259        0.143075       
457         0.823015       0.478159       
458         0.568079       0.97314        
459         0.956924       0.101942       
460         0.160758       0.357044       
461         0.526169       0.895298       
462         0.972329       0.365585       
463         0.10493        0.904537       
464         0.366287       0.336765       
465         0.905271       0.871082       
466         0.334447       0.437963       
467         0.868109       0.959991       
468         0.446533       0.149794       
469         0.963851       0.496686       
470         0.135885       0.974957       
471         0.457939       0.0952212      
472         0.9681         0.336001       
473         0.12044        0.870107       
474         0.413145       0.440782       
475         0.945579       0.961323       
476         0.200692       0.145005       
477         0.625617       0.483516       
478         0.91346        0.97394        
479         0.308299       0.0989844      
480         0.831677       0.347827       
481         0.545961       0.88469        
482         0.966762       0.397854       
483         0.125321       0.934308       
484         0.427502       0.239367       
485         0.954502       0.710075       
486         0.16937        0.802887       
487         0.548666       0.617212       
488         0.965763       0.92142        
489         0.128951       0.282381       
490         0.438059       0.790304       
491         0.960037       0.646321       
492         0.149628       0.891501       
493         0.496233       0.377234       
494         0.974945       0.916221       
495         0.0952675      0.299365       
496         0.336147       0.818007       
497         0.870294       0.580598       
498         0.440242       0.949666       
499         0.961073       0.186423       
500         0.145906       0.591512       
501         0.486008       0.94234        
502         0.974236       0.211909       
503         0.097889       0.651314       
504         0.344396       0.885706       
505         0.880571       0.394801       
506         0.410145       0.93184        
507         0.943512       0.247707       
508         0.207859       0.726758       
509         0.642149       0.774466       
510         0.896195       0.681207       
511         0.362815       0.84694        
512         0.901603       0.505568       
513         0.345989       0.974879       
514         0.882495       0.0955104      
515         0.404421       0.336914       
516         0.939372       0.871271       
517         0.222114       0.437414       
518         0.67384        0.959724       
519         0.85714        0.150751       
520         0.477558       0.499297       
521         0.973036       0.974998       
522         0.102325       0.0950696      
523         0.358233       0.335522       
524         0.896618       0.869494       
525         0.361506       0.44255        
526         0.900196       0.962128       
527         0.350388       0.142107       
528         0.887703       0.47546        
529         0.388777       0.972651       
530         0.926755       0.103743       
531         0.264734       0.362622       
532         0.759134       0.901397       
533         0.713112       0.346635       
534         0.797874       0.883268       
535         0.628957       0.402111       
536         0.910143       0.937629       
537         0.318952       0.228075       
538         0.847164       0.686622       
539         0.50496        0.839172       
540         0.974904       0.526353       
541         0.0954179      0.972291       
542         0.336622       0.105069       
543         0.8709         0.366715       
544         0.43849        0.905717       
545         0.960245       0.333035       
546         0.148882       0.866279       
547         0.494194       0.451775       
548         0.974869       0.96593        
549         0.0955496      0.128346       
550         0.337037       0.436305       
551         0.871428       0.959177       
552         0.43696        0.152709       
553         0.959501       0.504616       
554         0.151549       0.974917       
555         0.50147        0.0953703      
556         0.974992       0.336472       
557         0.0950937      0.870708       
558         0.335599       0.439044       
559         0.869591       0.960509       
560         0.442269       0.147933       
561         0.962002       0.491589       
562         0.142563       0.974724       
563         0.47673        0.0960844      
564         0.972888       0.338724       
565         0.102869       0.873561       
566         0.35992        0.430765       
567         0.898472       0.956305       
568         0.355757       0.162963       
569         0.893857       0.531985       
570         0.37002        0.97101        
571         0.90911        0.109783       
572         0.322253       0.381149       
573         0.851784       0.91991        
574         0.492368       0.287334       
575         0.974773       0.798615       
576         0.0959039      0.627233       
577         0.338155       0.911865       
578         0.872844       0.313431       
579         0.432851       0.839249       
580         0.957415       0.526151       
581         0.15901        0.972333       
582         0.52153        0.104916       
583         0.973192       0.366244       
584         0.101748       0.905227       
585         0.35644        0.334587       
586         0.894623       0.86829        
587         0.367662       0.446014       
588         0.906698       0.963633       
589         0.329927       0.136672       
590         0.862194       0.460172       
591         0.463381       0.968813       
592         0.96977        0.117834       
593         0.114332       0.405403       
594         0.394914       0.9401         
595         0.931932       0.219616       
596         0.247396       0.668401       
597         0.726146       0.8644         
598         0.775546       0.457129       
599         0.678891       0.967832       
600         0.850192       0.121419       
601         0.496724       0.416037       
602         0.974958       0.947506       
603         0.0952175      0.19398        
604         0.33599        0.609772       
605         0.870092       0.928005       
606         0.440824       0.260565       
607         0.961343       0.751416       
608         0.144934       0.728481       
609         0.483321       0.771405       
610         0.973915       0.687723       
611         0.0990776      0.837565       
612         0.348119       0.530595       
613         0.885035       0.971349       
614         0.396817       0.108536       
615         0.933477       0.377349       
616         0.242179       0.916332       
617         0.715761       0.299005       
618         0.793443       0.817444       
619         0.639175       0.581994       
620         0.899459       0.94878        
621         0.352688       0.189525       
622         0.890367       0.599061       
623         0.380693       0.936729       
624         0.919487       0.231144       
625         0.28872        0.693095       
626         0.800907       0.829586       
627         0.621875       0.551354       
628         0.917071       0.964715       
629         0.296602       0.132757       
630         0.813654       0.449016       
631         0.591323       0.964863       
632         0.942474       0.132221       
633         0.211445       0.44748        
634         0.650271       0.964242       
635         0.886933       0.134468       
636         0.391103       0.453906       
637         0.928752       0.966714       
638         0.258071       0.125494       
639         0.746733       0.428007       
640         0.737578       0.954787       
641         0.754871       0.16836        
642         0.721659       0.546057       
643         0.783382       0.966727       
644         0.661809       0.125447       
645         0.87289        0.427869       
646         0.432718       0.954709       
647         0.957345       0.168635       
648         0.159258       0.546769       
649         0.52219        0.966469       
650         0.97308        0.126385       
651         0.102163       0.430607       
652         0.357731       0.95622        
653         0.896062       0.163267       
654         0.363226       0.532783       
655         0.902042       0.970809       
656         0.344613       0.110523       
657         0.880834       0.3834         
658         0.409367       0.921977       
659         0.942964       0.280547       
660         0.209754       0.787178       
661         0.646453       0.653362       
662         0.891351       0.883273       
663         0.377693       0.402098       
664         0.91666        0.93762        
665         0.29794        0.228107       
666         0.81577        0.68669        
667         0.586129       0.839072       
668         0.946069       0.526617       
669         0.198989       0.972237       
670         0.621629       0.105269       
671         0.917305       0.367332       
672         0.295841       0.906357       
673         0.812445       0.331008       
674         0.594274       0.863623       
675         0.940338       0.459336       
676         0.218799       0.968551       
677         0.666611       0.118793       
678         0.866739       0.408257       
679         0.450461       0.942175       
680         0.965429       0.212478       
681         0.130166       0.65259        
682         0.441569       0.884193       
683         0.961685       0.399342       
684         0.143704       0.935485       
685         0.479908       0.235375       
686         0.973426       0.701896       
687         0.100886       0.816028       
688         0.35376        0.585493       
689         0.891595       0.946494       
690         0.37695        0.197507       
691         0.915948       0.618141       
692         0.300249       0.920566       
693         0.819388       0.285184       
694         0.577167       0.795031       
695         0.951777       0.635532       
696         0.179001       0.903362       
697         0.573144       0.340468       
698         0.954135       0.875743       
699         0.170669       0.424387       
700         0.552011       0.952702       
701         0.96445        0.175736       
702         0.133716       0.564926       
703         0.45176        0.95856        
704         0.965924       0.154919       
705         0.128367       0.510586       
706         0.436367       0.974563       
707         0.959208       0.0966809      
708         0.152598       0.340602       
709         0.504316       0.875909       
710         0.974927       0.4239         
711         0.0953316      0.952414       
712         0.33635        0.176754       
713         0.870552       0.567497       
714         0.439495       0.957232       
715         0.960722       0.159661       
716         0.147166       0.52326        
717         0.489481       0.97289        
718         0.974568       0.102863       
719         0.0966605      0.3599         
720         0.340537       0.898451       
721         0.875829       0.355824       
722         0.424134       0.893931       
723         0.952553       0.36979        
724         0.176264       0.908877       
725         0.566259       0.322996       
726         0.957878       0.852811       
727         0.157357       0.489545       
728         0.517124       0.974574       
729         0.973856       0.0966413      
730         0.0992943      0.340477       
731         0.348796       0.875754       
732         0.885836       0.424354       
733         0.39441        0.952683       
734         0.931518       0.175804       
735         0.248791       0.565098       
736         0.728887       0.958473       
737         0.770682       0.15523        
738         0.689251       0.511421       
739         0.835318       0.974491       
740         0.536492       0.0969463      
741         0.969807       0.341436       
742         0.114199       0.876944       
743         0.394514       0.420861       
744         0.931604       0.950574       
745         0.248501       0.183233       
746         0.728317       0.583669       
747         0.771698       0.947698       
748         0.687103       0.19331        
749         0.83847        0.608171       
750         0.528207       0.929366       
751         0.971897       0.256015       
752         0.106522       0.742838       
753         0.371182       0.745016       
754         0.910283       0.740871       
755         0.318505       0.748726       
756         0.846533       0.733728       
757         0.506668       0.761948       
758         0.974827       0.707394       
759         0.0957049      0.807252       
760         0.337527       0.606824       
761         0.87205        0.930495       
762         0.435157       0.252228       
763         0.958602       0.735575       
764         0.154769       0.758568       
765         0.510179       0.714257       
766         0.974596       0.795967       
767         0.0965592      0.633374       
768         0.340218       0.905625       
769         0.875432       0.333328       
770         0.425297       0.866659       
771         0.953236       0.450688       
772         0.173851       0.965516       
773         0.560144       0.129848       
774         0.960892       0.440652       
775         0.146555       0.961264       
776         0.487799       0.14522        
777         0.974419       0.484112       
778         0.0972123      0.974016       
779         0.342272       0.0987062      
780         0.877975       0.346957       
781         0.417825       0.883653       
782         0.948664       0.400959       
783         0.189932       0.936745       
784         0.600045       0.231091       
785         0.935965       0.692982       
786         0.233745       0.829756       
787         0.698523       0.550918       
788         0.821296       0.964889       
789         0.5724         0.132126       
790         0.954557       0.447208       
791         0.169173       0.964131       
792         0.548158       0.134872       
793         0.965955       0.455059       
794         0.128254       0.967123       
795         0.436041       0.124005       
796         0.959046       0.423647       
797         0.15318        0.952264       
798         0.505892       0.177284       
799         0.974865       0.568832       
800         0.095564       0.956523       
801         0.337083       0.16219        
802         0.871486       0.529949       
803         0.436792       0.971502       
804         0.959418       0.107975       
805         0.151845       0.375634       
806         0.502275       0.91468        
807         0.97498        0.30436        
808         0.0951373      0.825727       
809         0.335736       0.561218       
810         0.869768       0.960384       
811         0.44176        0.148381       
812         0.961772       0.492821       
813         0.143391       0.974799       
814         0.479037       0.0958071      
815         0.973286       0.33785        
816         0.101401       0.872458       
817         0.355362       0.433972       
818         0.893412       0.957997       
819         0.371386       0.15693        
820         0.910487       0.515983       
821         0.31785        0.974004       
822         0.845604       0.0987496      
823         0.509176       0.347093       
824         0.974672       0.883816       
825         0.0962788      0.400474       
826         0.339336       0.936369       
827         0.874329       0.232371       
828         0.428523       0.695661       
829         0.955075       0.825695       
830         0.167337       0.561298       
831         0.543407       0.960346       
832         0.967652       0.148518       
833         0.122077       0.493194       
834         0.417981       0.974819       
835         0.948764       0.0957316      
836         0.189582       0.337612       
837         0.599199       0.872157       
838         0.936622       0.434847       
839         0.231509       0.958445       
840         0.693859       0.155331       
841         0.828432       0.511692       
842         0.554315       0.974467       
843         0.963494       0.0970368      
844         0.137174       0.34172        
845         0.461594       0.877296       
846         0.969247       0.419827       
847         0.116247       0.949932       
848         0.40066        0.185488       
849         0.936513       0.589222       
850         0.23188        0.943954       
851         0.694635       0.206329       
852         0.827257       0.638653       
853         0.557322       0.900024       
854         0.962185       0.350926       
855         0.1419         0.88833        
856         0.474882       0.386878       
857         0.972539       0.925094       
858         0.104155       0.270252       
859         0.363897       0.769143       
860         0.902757       0.692493       
861         0.34237        0.830492       
862         0.878096       0.549023       
863         0.41747        0.965627       
864         0.948437       0.129446       
865         0.190728       0.439491       
866         0.601968       0.960721       
867         0.93445        0.147172       
868         0.238889       0.489499       
869         0.709102       0.97457        
870         0.804478       0.0966551      
871         0.613444       0.34052        
872         0.924809       0.875808       
873         0.271197       0.424196       
874         0.770831       0.952589       
875         0.688937       0.176135       
876         0.835781       0.565935       
877         0.535279       0.958045       
878         0.970146       0.15676        
879         0.112955       0.515526       
880         0.390764       0.97406        
881         0.928463       0.098542       
882         0.259035       0.346443       
883         0.748549       0.883039       
884         0.734071       0.402797       
885         0.761322       0.938151       
886         0.708671       0.226291       
887         0.80518        0.682825       
888         0.611775       0.844642       
889         0.926275       0.511764       
890         0.26633        0.97446        
891         0.762053       0.0970611      
892         0.707179       0.341797       
893         0.807599       0.87739        
894         0.605992       0.419549       
895         0.931186       0.949758       
896         0.249906       0.186099       
897         0.731067       0.590719       
898         0.766771       0.942903       
899         0.69745        0.209963       
900         0.822953       0.646927       
901         0.568235       0.890809       
902         0.956842       0.379347       
903         0.161053       0.918227       
904         0.526949       0.292835       
905         0.972168       0.807622       
906         0.105525       0.605938       
907         0.36812        0.931231       
908         0.90717        0.249756       
909         0.328429       0.730774       
910         0.860197       0.7673         
911         0.469005       0.696349       
912         0.971253       0.824644       
913         0.108889       0.563964       
914         0.378425       0.959043       
915         0.917356       0.153189       
916         0.295674       0.505916       
917         0.812178       0.974864       
918         0.594926       0.0955681      
919         0.939858       0.337096       
920         0.220449       0.871503       
921         0.670219       0.436744       
922         0.861999       0.959395       
923         0.46393        0.151929       
924         0.969926       0.502502       
925         0.113761       0.974976       
926         0.393197       0.095153       
927         0.930513       0.335786       
928         0.252167       0.869831       
929         0.735458       0.441577       
930         0.758782       0.961688       
931         0.713823       0.143691       
932         0.79669        0.479871       
933         0.631702       0.97342        
934         0.907353       0.100908       
935         0.327848       0.353828       
936         0.859419       0.891672       
937         0.471191       0.376713       
938         0.971763       0.915721       
939         0.107014       0.300987       
940         0.372693       0.820535       
941         0.911792       0.574302       
942         0.313667       0.953469       
943         0.839592       0.173028       
944         0.525243       0.558048       
945         0.972515       0.961859       
946         0.104245       0.143077       
947         0.364176       0.478164       
948         0.903052       0.97314        
949         0.341442       0.101939       
950         0.876952       0.357034       
951         0.420839       0.895287       
952         0.950561       0.365618       
953         0.183281       0.904572       
954         0.583787       0.336655       
955         0.947621       0.870942       
956         0.193578       0.438368       
957         0.608811       0.960186       
958         0.928825       0.149093       
959         0.257827       0.494771       
960         0.746273       0.974893       
961         0.738464       0.0954575      
962         0.753227       0.336747       
963         0.724917       0.871059       
964         0.777709       0.438029       
965         0.674224       0.960023       
966         0.85662        0.149679       
967         0.479007       0.496373       
968         0.973281       0.974949       
969         0.101419       0.0952526      
970         0.355419       0.3361         
971         0.893476       0.870234       
972         0.371189       0.440415       
973         0.91029        0.961154       
974         0.318482       0.145616       
975         0.8465         0.485206       
976         0.506758       0.974146       
977         0.974822       0.0982219      
978         0.0957223      0.34544        
979         0.337582       0.881834       
980         0.87212        0.406392       
981         0.434954       0.940826       
982         0.958499       0.217122       
983         0.155136       0.662922       
984         0.511168       0.871481       
985         0.974514       0.436808       
986         0.0968637      0.959427       
987         0.341176       0.151816       
988         0.876623       0.502195       
989         0.421806       0.974981       
990         0.951154       0.0951321      
991         0.181194       0.33572        
992         0.578614       0.869747       
993         0.950898       0.44182        
994         0.182096       0.961799       
995         0.580855       0.143292       
996         0.949504       0.478763       
997         0.186991       0.973241       
998         0.592898       0.101567       
999         0.941343       0.355881       
