# lambda = 3.63
#===============================================
0           0.5            0.5005         
1           0.9075         0.907499       
2           0.304716       0.304718       
3           0.769067       0.76907        
4           0.644699       0.644692       
5           0.831495       0.831503       
6           0.508602       0.508584       
7           0.907231       0.907233       
8           0.30551        0.305507       
9           0.770191       0.770186       
10          0.642499       0.642509       
11          0.833789       0.833779       
12          0.503063       0.503087       
13          0.907466       0.907465       
14          0.304817       0.304818       
15          0.769209       0.769212       
16          0.64442        0.644416       
17          0.831788       0.831793       
18          0.507897       0.507886       
19          0.907274       0.907274       
20          0.305385       0.305384       
21          0.770014       0.770012       
22          0.642845       0.64285        
23          0.833431       0.833426       
24          0.50393        0.503943       
25          0.907444       0.907444       
26          0.304882       0.304883       
27          0.769302       0.769303       
28          0.64424        0.644237       
29          0.831977       0.83198        
30          0.507442       0.507434       
31          0.907299       0.907299       
32          0.30531        0.305309       
33          0.769908       0.769907       
34          0.643053       0.643056       
35          0.833216       0.833212       
36          0.504452       0.50446        
37          0.907428       0.907428       
38          0.304929       0.304929       
39          0.769368       0.769369       
40          0.64411        0.644108       
41          0.832113       0.832116       
42          0.507114       0.507108       
43          0.907316       0.907317       
44          0.305259       0.305258       
45          0.769836       0.769835       
46          0.643194       0.643197       
47          0.833068       0.833066       
48          0.504808       0.504814       
49          0.907416       0.907416       
50          0.304964       0.304965       
51          0.769418       0.769419       
52          0.644012       0.64401        
53          0.832216       0.832218       
54          0.506866       0.506862       
55          0.907329       0.907329       
56          0.305222       0.305221       
57          0.769783       0.769782       
58          0.643297       0.643299       
59          0.832961       0.832959       
60          0.505067       0.505072       
61          0.907407       0.907407       
62          0.304992       0.304992       
63          0.769457       0.769458       
64          0.643936       0.643934       
65          0.832295       0.832297       
66          0.506675       0.506671       
67          0.907338       0.907338       
68          0.305194       0.305194       
69          0.769744       0.769743       
70          0.643375       0.643376       
71          0.832881       0.832879       
72          0.505261       0.505265       
73          0.9074         0.907399       
74          0.305013       0.305013       
75          0.769488       0.769488       
76          0.643876       0.643875       
77          0.832358       0.832359       
78          0.506524       0.506521       
79          0.907345       0.907346       
80          0.305173       0.305172       
81          0.769714       0.769713       
82          0.643434       0.643435       
83          0.832819       0.832818       
84          0.50541        0.505412       
85          0.907394       0.907394       
86          0.30503        0.30503        
87          0.769512       0.769512       
88          0.643829       0.643828       
89          0.832407       0.832408       
90          0.506406       0.506403       
91          0.907351       0.907351       
92          0.305156       0.305156       
93          0.769691       0.76969        
94          0.643479       0.64348        
95          0.832772       0.832771       
96          0.505525       0.505527       
97          0.907389       0.907389       
98          0.305044       0.305044       
99          0.769531       0.769531       
100         0.643792       0.643791       
101         0.832446       0.832447       
102         0.506311       0.50631        
103         0.907355       0.907355       
104         0.305144       0.305143       
105         0.769672       0.769672       
106         0.643515       0.643515       
107         0.832735       0.832734       
108         0.505614       0.505616       
109         0.907386       0.907386       
110         0.305054       0.305054       
111         0.769546       0.769546       
112         0.643762       0.643762       
113         0.832477       0.832477       
114         0.506237       0.506235       
115         0.907359       0.907359       
116         0.305133       0.305133       
117         0.769658       0.769658       
118         0.643543       0.643543       
119         0.832706       0.832705       
120         0.505684       0.505685       
121         0.907383       0.907383       
122         0.305063       0.305063       
123         0.769558       0.769558       
124         0.643739       0.643738       
125         0.832501       0.832502       
126         0.506177       0.506176       
127         0.907361       0.907362       
128         0.305126       0.305125       
129         0.769647       0.769647       
130         0.643565       0.643565       
131         0.832683       0.832682       
132         0.505739       0.50574        
133         0.90738        0.90738        
134         0.30507        0.30507        
135         0.769568       0.769568       
136         0.64372        0.643719       
137         0.832521       0.832521       
138         0.50613        0.506129       
139         0.907364       0.907364       
140         0.305119       0.305119       
141         0.769638       0.769638       
142         0.643582       0.643582       
143         0.832665       0.832664       
144         0.505783       0.505784       
145         0.907379       0.907379       
146         0.305075       0.305075       
147         0.769575       0.769575       
148         0.643705       0.643705       
149         0.832536       0.832537       
150         0.506093       0.506092       
151         0.907365       0.907365       
152         0.305114       0.305114       
153         0.769631       0.769631       
154         0.643596       0.643596       
155         0.832651       0.83265        
156         0.505817       0.505818       
157         0.907377       0.907377       
158         0.305079       0.305079       
159         0.769581       0.769581       
160         0.643693       0.643693       
161         0.832549       0.832549       
162         0.506063       0.506062       
163         0.907367       0.907367       
164         0.305111       0.30511        
165         0.769626       0.769626       
166         0.643606       0.643606       
167         0.832639       0.832639       
168         0.505844       0.505845       
169         0.907376       0.907376       
170         0.305083       0.305083       
171         0.769586       0.769586       
172         0.643684       0.643684       
173         0.832559       0.832559       
174         0.506039       0.506039       
175         0.907368       0.907368       
176         0.305107       0.305107       
177         0.769621       0.769621       
178         0.643615       0.643615       
179         0.83263        0.83263        
180         0.505866       0.505866       
181         0.907375       0.907375       
182         0.305085       0.305085       
183         0.76959        0.76959        
184         0.643676       0.643676       
185         0.832566       0.832567       
186         0.50602        0.50602        
187         0.907368       0.907368       
188         0.305105       0.305105       
189         0.769618       0.769618       
190         0.643622       0.643622       
191         0.832623       0.832623       
192         0.505883       0.505883       
193         0.907374       0.907374       
194         0.305087       0.305087       
195         0.769593       0.769593       
196         0.64367        0.64367        
197         0.832573       0.832573       
198         0.506005       0.506005       
199         0.907369       0.907369       
200         0.305103       0.305103       
201         0.769615       0.769615       
202         0.643627       0.643627       
203         0.832618       0.832618       
204         0.505896       0.505897       
205         0.907374       0.907374       
206         0.305089       0.305089       
207         0.769595       0.769595       
208         0.643666       0.643665       
209         0.832578       0.832578       
210         0.505994       0.505993       
211         0.90737        0.90737        
212         0.305102       0.305102       
213         0.769613       0.769613       
214         0.643631       0.643631       
215         0.832613       0.832613       
216         0.505907       0.505907       
217         0.907373       0.907373       
218         0.30509        0.30509        
219         0.769597       0.769597       
220         0.643662       0.643662       
221         0.832581       0.832582       
222         0.505984       0.505984       
223         0.90737        0.90737        
224         0.3051         0.3051         
225         0.769611       0.769611       
226         0.643635       0.643635       
227         0.83261        0.83261        
228         0.505915       0.505916       
229         0.907373       0.907373       
230         0.305092       0.305092       
231         0.769599       0.769599       
232         0.643659       0.643659       
233         0.832585       0.832585       
234         0.505977       0.505976       
235         0.90737        0.90737        
236         0.305099       0.305099       
237         0.76961        0.76961        
238         0.643637       0.643637       
239         0.832607       0.832607       
240         0.505922       0.505922       
241         0.907373       0.907373       
242         0.305092       0.305092       
243         0.7696         0.7696         
244         0.643656       0.643656       
245         0.832587       0.832587       
246         0.505971       0.505971       
247         0.907371       0.907371       
248         0.305099       0.305099       
249         0.769609       0.769609       
250         0.643639       0.643639       
251         0.832605       0.832605       
252         0.505927       0.505928       
253         0.907372       0.907372       
254         0.305093       0.305093       
255         0.769601       0.769601       
256         0.643655       0.643655       
257         0.832589       0.832589       
258         0.505966       0.505966       
259         0.907371       0.907371       
260         0.305098       0.305098       
261         0.769608       0.769608       
262         0.643641       0.643641       
263         0.832603       0.832603       
264         0.505932       0.505932       
265         0.907372       0.907372       
266         0.305094       0.305094       
267         0.769602       0.769602       
268         0.643653       0.643653       
269         0.832591       0.832591       
270         0.505962       0.505962       
271         0.907371       0.907371       
272         0.305098       0.305097       
273         0.769607       0.769607       
274         0.643642       0.643642       
275         0.832602       0.832602       
276         0.505935       0.505935       
277         0.907372       0.907372       
278         0.305094       0.305094       
279         0.769602       0.769602       
280         0.643652       0.643652       
281         0.832592       0.832592       
282         0.505959       0.505959       
283         0.907371       0.907371       
284         0.305097       0.305097       
285         0.769607       0.769607       
286         0.643643       0.643643       
287         0.832601       0.832601       
288         0.505938       0.505938       
289         0.907372       0.907372       
290         0.305094       0.305094       
291         0.769603       0.769603       
292         0.643651       0.643651       
293         0.832593       0.832593       
294         0.505957       0.505957       
295         0.907371       0.907371       
296         0.305097       0.305097       
297         0.769606       0.769606       
298         0.643644       0.643644       
299         0.8326         0.8326         
300         0.50594        0.50594        
301         0.907372       0.907372       
302         0.305095       0.305095       
303         0.769603       0.769603       
304         0.64365        0.64365        
305         0.832594       0.832594       
306         0.505955       0.505955       
307         0.907371       0.907371       
308         0.305097       0.305097       
309         0.769606       0.769606       
310         0.643645       0.643645       
311         0.832599       0.832599       
312         0.505941       0.505941       
313         0.907372       0.907372       
314         0.305095       0.305095       
315         0.769603       0.769604       
316         0.64365        0.64365        
317         0.832594       0.832594       
318         0.505954       0.505954       
319         0.907371       0.907371       
320         0.305096       0.305096       
321         0.769606       0.769606       
322         0.643645       0.643645       
323         0.832599       0.832599       
324         0.505943       0.505943       
325         0.907372       0.907372       
326         0.305095       0.305095       
327         0.769604       0.769604       
328         0.643649       0.643649       
329         0.832595       0.832595       
330         0.505952       0.505952       
331         0.907371       0.907371       
332         0.305096       0.305096       
333         0.769605       0.769605       
334         0.643646       0.643646       
335         0.832598       0.832598       
336         0.505944       0.505944       
337         0.907372       0.907372       
338         0.305095       0.305095       
339         0.769604       0.769604       
340         0.643649       0.643649       
341         0.832595       0.832595       
342         0.505951       0.505951       
343         0.907371       0.907371       
344         0.305096       0.305096       
345         0.769605       0.769605       
346         0.643646       0.643646       
347         0.832598       0.832598       
348         0.505945       0.505945       
349         0.907372       0.907372       
350         0.305095       0.305095       
351         0.769604       0.769604       
352         0.643649       0.643649       
353         0.832595       0.832595       
354         0.505951       0.505951       
355         0.907371       0.907371       
356         0.305096       0.305096       
357         0.769605       0.769605       
358         0.643646       0.643646       
359         0.832598       0.832598       
360         0.505945       0.505945       
361         0.907372       0.907372       
362         0.305095       0.305095       
363         0.769604       0.769604       
364         0.643648       0.643648       
365         0.832596       0.832596       
366         0.50595        0.50595        
367         0.907371       0.907371       
368         0.305096       0.305096       
369         0.769605       0.769605       
370         0.643647       0.643647       
371         0.832597       0.832597       
372         0.505946       0.505946       
373         0.907372       0.907372       
374         0.305095       0.305095       
375         0.769604       0.769604       
376         0.643648       0.643648       
377         0.832596       0.832596       
378         0.50595        0.50595        
379         0.907372       0.907372       
380         0.305096       0.305096       
381         0.769605       0.769605       
382         0.643647       0.643647       
383         0.832597       0.832597       
384         0.505946       0.505946       
385         0.907372       0.907372       
386         0.305095       0.305095       
387         0.769604       0.769604       
388         0.643648       0.643648       
389         0.832596       0.832596       
390         0.505949       0.505949       
391         0.907372       0.907372       
392         0.305096       0.305096       
393         0.769605       0.769605       
394         0.643647       0.643647       
395         0.832597       0.832597       
396         0.505947       0.505947       
397         0.907372       0.907372       
398         0.305096       0.305096       
399         0.769604       0.769604       
400         0.643648       0.643648       
401         0.832596       0.832596       
402         0.505949       0.505949       
403         0.907372       0.907372       
404         0.305096       0.305096       
405         0.769605       0.769605       
406         0.643647       0.643647       
407         0.832597       0.832597       
408         0.505947       0.505947       
409         0.907372       0.907372       
410         0.305096       0.305096       
411         0.769604       0.769604       
412         0.643648       0.643648       
413         0.832596       0.832596       
414         0.505949       0.505949       
415         0.907372       0.907372       
416         0.305096       0.305096       
417         0.769605       0.769605       
418         0.643647       0.643647       
419         0.832597       0.832597       
420         0.505947       0.505947       
421         0.907372       0.907372       
422         0.305096       0.305096       
423         0.769605       0.769605       
424         0.643648       0.643648       
425         0.832596       0.832596       
426         0.505949       0.505949       
427         0.907372       0.907372       
428         0.305096       0.305096       
429         0.769605       0.769605       
430         0.643647       0.643647       
431         0.832597       0.832597       
432         0.505947       0.505947       
433         0.907372       0.907372       
434         0.305096       0.305096       
435         0.769605       0.769605       
436         0.643648       0.643648       
437         0.832596       0.832596       
438         0.505948       0.505948       
439         0.907372       0.907372       
440         0.305096       0.305096       
441         0.769605       0.769605       
442         0.643647       0.643647       
443         0.832597       0.832597       
444         0.505947       0.505947       
445         0.907372       0.907372       
446         0.305096       0.305096       
447         0.769605       0.769605       
448         0.643648       0.643648       
449         0.832596       0.832596       
450         0.505948       0.505948       
451         0.907372       0.907372       
452         0.305096       0.305096       
453         0.769605       0.769605       
454         0.643647       0.643647       
455         0.832597       0.832597       
456         0.505947       0.505947       
457         0.907372       0.907372       
458         0.305096       0.305096       
459         0.769605       0.769605       
460         0.643648       0.643648       
461         0.832596       0.832596       
462         0.505948       0.505948       
463         0.907372       0.907372       
464         0.305096       0.305096       
465         0.769605       0.769605       
466         0.643647       0.643647       
467         0.832597       0.832597       
468         0.505948       0.505948       
469         0.907372       0.907372       
470         0.305096       0.305096       
471         0.769605       0.769605       
472         0.643648       0.643647       
473         0.832596       0.832596       
474         0.505948       0.505948       
475         0.907372       0.907372       
476         0.305096       0.305096       
477         0.769605       0.769605       
478         0.643647       0.643647       
479         0.832597       0.832597       
480         0.505948       0.505948       
481         0.907372       0.907372       
482         0.305096       0.305096       
483         0.769605       0.769605       
484         0.643647       0.643647       
485         0.832596       0.832596       
486         0.505948       0.505948       
487         0.907372       0.907372       
488         0.305096       0.305096       
489         0.769605       0.769605       
490         0.643647       0.643647       
491         0.832597       0.832597       
492         0.505948       0.505948       
493         0.907372       0.907372       
494         0.305096       0.305096       
495         0.769605       0.769605       
496         0.643647       0.643647       
497         0.832596       0.832596       
498         0.505948       0.505948       
499         0.907372       0.907372       
500         0.305096       0.305096       
501         0.769605       0.769605       
502         0.643647       0.643647       
503         0.832597       0.832597       
504         0.505948       0.505948       
505         0.907372       0.907372       
506         0.305096       0.305096       
507         0.769605       0.769605       
508         0.643647       0.643647       
509         0.832596       0.832596       
510         0.505948       0.505948       
511         0.907372       0.907372       
512         0.305096       0.305096       
513         0.769605       0.769605       
514         0.643647       0.643647       
515         0.832597       0.832597       
516         0.505948       0.505948       
517         0.907372       0.907372       
518         0.305096       0.305096       
519         0.769605       0.769605       
520         0.643647       0.643647       
521         0.832596       0.832596       
522         0.505948       0.505948       
523         0.907372       0.907372       
524         0.305096       0.305096       
525         0.769605       0.769605       
526         0.643647       0.643647       
527         0.832597       0.832597       
528         0.505948       0.505948       
529         0.907372       0.907372       
530         0.305096       0.305096       
531         0.769605       0.769605       
532         0.643647       0.643647       
533         0.832596       0.832596       
534         0.505948       0.505948       
535         0.907372       0.907372       
536         0.305096       0.305096       
537         0.769605       0.769605       
538         0.643647       0.643647       
539         0.832597       0.832597       
540         0.505948       0.505948       
541         0.907372       0.907372       
542         0.305096       0.305096       
543         0.769605       0.769605       
544         0.643647       0.643647       
545         0.832596       0.832596       
546         0.505948       0.505948       
547         0.907372       0.907372       
548         0.305096       0.305096       
549         0.769605       0.769605       
550         0.643647       0.643647       
551         0.832597       0.832597       
552         0.505948       0.505948       
553         0.907372       0.907372       
554         0.305096       0.305096       
555         0.769605       0.769605       
556         0.643647       0.643647       
557         0.832596       0.832596       
558         0.505948       0.505948       
559         0.907372       0.907372       
560         0.305096       0.305096       
561         0.769605       0.769605       
562         0.643647       0.643647       
563         0.832597       0.832597       
564         0.505948       0.505948       
565         0.907372       0.907372       
566         0.305096       0.305096       
567         0.769605       0.769605       
568         0.643647       0.643647       
569         0.832596       0.832596       
570         0.505948       0.505948       
571         0.907372       0.907372       
572         0.305096       0.305096       
573         0.769605       0.769605       
574         0.643647       0.643647       
575         0.832597       0.832597       
576         0.505948       0.505948       
577         0.907372       0.907372       
578         0.305096       0.305096       
579         0.769605       0.769605       
580         0.643647       0.643647       
581         0.832596       0.832596       
582         0.505948       0.505948       
583         0.907372       0.907372       
584         0.305096       0.305096       
585         0.769605       0.769605       
586         0.643647       0.643647       
587         0.832597       0.832597       
588         0.505948       0.505948       
589         0.907372       0.907372       
590         0.305096       0.305096       
591         0.769605       0.769605       
592         0.643647       0.643647       
593         0.832596       0.832596       
594         0.505948       0.505948       
595         0.907372       0.907372       
596         0.305096       0.305096       
597         0.769605       0.769605       
598         0.643647       0.643647       
599         0.832597       0.832597       
600         0.505948       0.505948       
601         0.907372       0.907372       
602         0.305096       0.305096       
603         0.769605       0.769605       
604         0.643647       0.643647       
605         0.832596       0.832596       
606         0.505948       0.505948       
607         0.907372       0.907372       
608         0.305096       0.305096       
609         0.769605       0.769605       
610         0.643647       0.643647       
611         0.832597       0.832597       
612         0.505948       0.505948       
613         0.907372       0.907372       
614         0.305096       0.305096       
615         0.769605       0.769605       
616         0.643647       0.643647       
617         0.832596       0.832596       
618         0.505948       0.505948       
619         0.907372       0.907372       
620         0.305096       0.305096       
621         0.769605       0.769605       
622         0.643647       0.643647       
623         0.832597       0.832597       
624         0.505948       0.505948       
625         0.907372       0.907372       
626         0.305096       0.305096       
627         0.769605       0.769605       
628         0.643647       0.643647       
629         0.832596       0.832596       
630         0.505948       0.505948       
631         0.907372       0.907372       
632         0.305096       0.305096       
633         0.769605       0.769605       
634         0.643647       0.643647       
635         0.832597       0.832597       
636         0.505948       0.505948       
637         0.907372       0.907372       
638         0.305096       0.305096       
639         0.769605       0.769605       
640         0.643647       0.643647       
641         0.832596       0.832596       
642         0.505948       0.505948       
643         0.907372       0.907372       
644         0.305096       0.305096       
645         0.769605       0.769605       
646         0.643647       0.643647       
647         0.832597       0.832597       
648         0.505948       0.505948       
649         0.907372       0.907372       
650         0.305096       0.305096       
651         0.769605       0.769605       
652         0.643647       0.643647       
653         0.832596       0.832596       
654         0.505948       0.505948       
655         0.907372       0.907372       
656         0.305096       0.305096       
657         0.769605       0.769605       
658         0.643647       0.643647       
659         0.832597       0.832597       
660         0.505948       0.505948       
661         0.907372       0.907372       
662         0.305096       0.305096       
663         0.769605       0.769605       
664         0.643647       0.643647       
665         0.832596       0.832596       
666         0.505948       0.505948       
667         0.907372       0.907372       
668         0.305096       0.305096       
669         0.769605       0.769605       
670         0.643647       0.643647       
671         0.832597       0.832597       
672         0.505948       0.505948       
673         0.907372       0.907372       
674         0.305096       0.305096       
675         0.769605       0.769605       
676         0.643647       0.643647       
677         0.832597       0.832597       
678         0.505948       0.505948       
679         0.907372       0.907372       
680         0.305096       0.305096       
681         0.769605       0.769605       
682         0.643647       0.643647       
683         0.832597       0.832597       
684         0.505948       0.505948       
685         0.907372       0.907372       
686         0.305096       0.305096       
687         0.769605       0.769605       
688         0.643647       0.643647       
689         0.832597       0.832597       
690         0.505948       0.505948       
691         0.907372       0.907372       
692         0.305096       0.305096       
693         0.769605       0.769605       
694         0.643647       0.643647       
695         0.832597       0.832597       
696         0.505948       0.505948       
697         0.907372       0.907372       
698         0.305096       0.305096       
699         0.769605       0.769605       
700         0.643647       0.643647       
701         0.832597       0.832597       
702         0.505948       0.505948       
703         0.907372       0.907372       
704         0.305096       0.305096       
705         0.769605       0.769605       
706         0.643647       0.643647       
707         0.832597       0.832597       
708         0.505948       0.505948       
709         0.907372       0.907372       
710         0.305096       0.305096       
711         0.769605       0.769605       
712         0.643647       0.643647       
713         0.832597       0.832597       
714         0.505948       0.505948       
715         0.907372       0.907372       
716         0.305096       0.305096       
717         0.769605       0.769605       
718         0.643647       0.643647       
719         0.832597       0.832597       
720         0.505948       0.505948       
721         0.907372       0.907372       
722         0.305096       0.305096       
723         0.769605       0.769605       
724         0.643647       0.643647       
725         0.832597       0.832597       
726         0.505948       0.505948       
727         0.907372       0.907372       
728         0.305096       0.305096       
729         0.769605       0.769605       
730         0.643647       0.643647       
731         0.832597       0.832597       
732         0.505948       0.505948       
733         0.907372       0.907372       
734         0.305096       0.305096       
735         0.769605       0.769605       
736         0.643647       0.643647       
737         0.832597       0.832597       
738         0.505948       0.505948       
739         0.907372       0.907372       
740         0.305096       0.305096       
741         0.769605       0.769605       
742         0.643647       0.643647       
743         0.832597       0.832597       
744         0.505948       0.505948       
745         0.907372       0.907372       
746         0.305096       0.305096       
747         0.769605       0.769605       
748         0.643647       0.643647       
749         0.832597       0.832597       
750         0.505948       0.505948       
751         0.907372       0.907372       
752         0.305096       0.305096       
753         0.769605       0.769605       
754         0.643647       0.643647       
755         0.832597       0.832597       
756         0.505948       0.505948       
757         0.907372       0.907372       
758         0.305096       0.305096       
759         0.769605       0.769605       
760         0.643647       0.643647       
761         0.832597       0.832597       
762         0.505948       0.505948       
763         0.907372       0.907372       
764         0.305096       0.305096       
765         0.769605       0.769605       
766         0.643647       0.643647       
767         0.832597       0.832597       
768         0.505948       0.505948       
769         0.907372       0.907372       
770         0.305096       0.305096       
771         0.769605       0.769605       
772         0.643647       0.643647       
773         0.832597       0.832597       
774         0.505948       0.505948       
775         0.907372       0.907372       
776         0.305096       0.305096       
777         0.769605       0.769605       
778         0.643647       0.643647       
779         0.832597       0.832597       
780         0.505948       0.505948       
781         0.907372       0.907372       
782         0.305096       0.305096       
783         0.769605       0.769605       
784         0.643647       0.643647       
785         0.832597       0.832597       
786         0.505948       0.505948       
787         0.907372       0.907372       
788         0.305096       0.305096       
789         0.769605       0.769605       
790         0.643647       0.643647       
791         0.832597       0.832597       
792         0.505948       0.505948       
793         0.907372       0.907372       
794         0.305096       0.305096       
795         0.769605       0.769605       
796         0.643647       0.643647       
797         0.832597       0.832597       
798         0.505948       0.505948       
799         0.907372       0.907372       
800         0.305096       0.305096       
801         0.769605       0.769605       
802         0.643647       0.643647       
803         0.832597       0.832597       
804         0.505948       0.505948       
805         0.907372       0.907372       
806         0.305096       0.305096       
807         0.769605       0.769605       
808         0.643647       0.643647       
809         0.832597       0.832597       
810         0.505948       0.505948       
811         0.907372       0.907372       
812         0.305096       0.305096       
813         0.769605       0.769605       
814         0.643647       0.643647       
815         0.832597       0.832597       
816         0.505948       0.505948       
817         0.907372       0.907372       
818         0.305096       0.305096       
819         0.769605       0.769605       
820         0.643647       0.643647       
821         0.832597       0.832597       
822         0.505948       0.505948       
823         0.907372       0.907372       
824         0.305096       0.305096       
825         0.769605       0.769605       
826         0.643647       0.643647       
827         0.832597       0.832597       
828         0.505948       0.505948       
829         0.907372       0.907372       
830         0.305096       0.305096       
831         0.769605       0.769605       
832         0.643647       0.643647       
833         0.832597       0.832597       
834         0.505948       0.505948       
835         0.907372       0.907372       
836         0.305096       0.305096       
837         0.769605       0.769605       
838         0.643647       0.643647       
839         0.832597       0.832597       
840         0.505948       0.505948       
841         0.907372       0.907372       
842         0.305096       0.305096       
843         0.769605       0.769605       
844         0.643647       0.643647       
845         0.832597       0.832597       
846         0.505948       0.505948       
847         0.907372       0.907372       
848         0.305096       0.305096       
849         0.769605       0.769605       
850         0.643647       0.643647       
851         0.832597       0.832597       
852         0.505948       0.505948       
853         0.907372       0.907372       
854         0.305096       0.305096       
855         0.769605       0.769605       
856         0.643647       0.643647       
857         0.832597       0.832597       
858         0.505948       0.505948       
859         0.907372       0.907372       
860         0.305096       0.305096       
861         0.769605       0.769605       
862         0.643647       0.643647       
863         0.832597       0.832597       
864         0.505948       0.505948       
865         0.907372       0.907372       
866         0.305096       0.305096       
867         0.769605       0.769605       
868         0.643647       0.643647       
869         0.832597       0.832597       
870         0.505948       0.505948       
871         0.907372       0.907372       
872         0.305096       0.305096       
873         0.769605       0.769605       
874         0.643647       0.643647       
875         0.832597       0.832597       
876         0.505948       0.505948       
877         0.907372       0.907372       
878         0.305096       0.305096       
879         0.769605       0.769605       
880         0.643647       0.643647       
881         0.832597       0.832597       
882         0.505948       0.505948       
883         0.907372       0.907372       
884         0.305096       0.305096       
885         0.769605       0.769605       
886         0.643647       0.643647       
887         0.832597       0.832597       
888         0.505948       0.505948       
889         0.907372       0.907372       
890         0.305096       0.305096       
891         0.769605       0.769605       
892         0.643647       0.643647       
893         0.832597       0.832597       
894         0.505948       0.505948       
895         0.907372       0.907372       
896         0.305096       0.305096       
897         0.769605       0.769605       
898         0.643647       0.643647       
899         0.832597       0.832597       
900         0.505948       0.505948       
901         0.907372       0.907372       
902         0.305096       0.305096       
903         0.769605       0.769605       
904         0.643647       0.643647       
905         0.832597       0.832597       
906         0.505948       0.505948       
907         0.907372       0.907372       
908         0.305096       0.305096       
909         0.769605       0.769605       
910         0.643647       0.643647       
911         0.832597       0.832597       
912         0.505948       0.505948       
913         0.907372       0.907372       
914         0.305096       0.305096       
915         0.769605       0.769605       
916         0.643647       0.643647       
917         0.832597       0.832597       
918         0.505948       0.505948       
919         0.907372       0.907372       
920         0.305096       0.305096       
921         0.769605       0.769605       
922         0.643647       0.643647       
923         0.832597       0.832597       
924         0.505948       0.505948       
925         0.907372       0.907372       
926         0.305096       0.305096       
927         0.769605       0.769605       
928         0.643647       0.643647       
929         0.832597       0.832597       
930         0.505948       0.505948       
931         0.907372       0.907372       
932         0.305096       0.305096       
933         0.769605       0.769605       
934         0.643647       0.643647       
935         0.832597       0.832597       
936         0.505948       0.505948       
937         0.907372       0.907372       
938         0.305096       0.305096       
939         0.769605       0.769605       
940         0.643647       0.643647       
941         0.832597       0.832597       
942         0.505948       0.505948       
943         0.907372       0.907372       
944         0.305096       0.305096       
945         0.769605       0.769605       
946         0.643647       0.643647       
947         0.832597       0.832597       
948         0.505948       0.505948       
949         0.907372       0.907372       
950         0.305096       0.305096       
951         0.769605       0.769605       
952         0.643647       0.643647       
953         0.832597       0.832597       
954         0.505948       0.505948       
955         0.907372       0.907372       
956         0.305096       0.305096       
957         0.769605       0.769605       
958         0.643647       0.643647       
959         0.832597       0.832597       
960         0.505948       0.505948       
961         0.907372       0.907372       
962         0.305096       0.305096       
963         0.769605       0.769605       
964         0.643647       0.643647       
965         0.832597       0.832597       
966         0.505948       0.505948       
967         0.907372       0.907372       
968         0.305096       0.305096       
969         0.769605       0.769605       
970         0.643647       0.643647       
971         0.832597       0.832597       
972         0.505948       0.505948       
973         0.907372       0.907372       
974         0.305096       0.305096       
975         0.769605       0.769605       
976         0.643647       0.643647       
977         0.832597       0.832597       
978         0.505948       0.505948       
979         0.907372       0.907372       
980         0.305096       0.305096       
981         0.769605       0.769605       
982         0.643647       0.643647       
983         0.832597       0.832597       
984         0.505948       0.505948       
985         0.907372       0.907372       
986         0.305096       0.305096       
987         0.769605       0.769605       
988         0.643647       0.643647       
989         0.832597       0.832597       
990         0.505948       0.505948       
991         0.907372       0.907372       
992         0.305096       0.305096       
993         0.769605       0.769605       
994         0.643647       0.643647       
995         0.832597       0.832597       
996         0.505948       0.505948       
997         0.907372       0.907372       
998         0.305096       0.305096       
999         0.769605       0.769605       
