# lambda = 0.99
#===============================================
0           0.5            0.5005         
1           0.2475         0.2475         
2           0.184381       0.184381       
3           0.148881       0.148881       
4           0.125448       0.125448       
5           0.108614       0.108614       
6           0.0958488      0.0958487      
7           0.0857952      0.0857951      
8           0.07765        0.07765        
9           0.0709043      0.0709043      
10          0.0652181      0.0652181      
11          0.060355       0.060355       
12          0.0561452      0.0561452      
13          0.052463       0.052463       
14          0.0492135      0.0492135      
15          0.0463236      0.0463236      
16          0.043736       0.043736       
17          0.0414049      0.0414049      
18          0.0392936      0.0392936      
19          0.0373721      0.0373721      
20          0.0356157      0.0356157      
21          0.0340038      0.0340038      
22          0.032519       0.032519       
23          0.0311469      0.0311469      
24          0.029875       0.029875       
25          0.0286927      0.0286927      
26          0.0275907      0.0275907      
27          0.0265612      0.0265612      
28          0.0255971      0.0255971      
29          0.0246925      0.0246925      
30          0.0238419      0.0238419      
31          0.0230408      0.0230408      
32          0.0222848      0.0222848      
33          0.0215703      0.0215703      
34          0.020894       0.020894       
35          0.0202528      0.0202528      
36          0.0196442      0.0196442      
37          0.0190658      0.0190658      
38          0.0185152      0.0185152      
39          0.0179907      0.0179907      
40          0.0174904      0.0174904      
41          0.0170126      0.0170126      
42          0.0165559      0.0165559      
43          0.016119       0.016119       
44          0.0157006      0.0157006      
45          0.0152996      0.0152996      
46          0.0149148      0.0149148      
47          0.0145455      0.0145455      
48          0.0141905      0.0141905      
49          0.0138493      0.0138493      
50          0.0135209      0.0135209      
51          0.0132047      0.0132047      
52          0.0129         0.0129         
53          0.0126063      0.0126063      
54          0.0123229      0.0123229      
55          0.0120493      0.0120493      
56          0.0117851      0.0117851      
57          0.0115298      0.0115298      
58          0.0112829      0.0112829      
59          0.011044       0.011044       
60          0.0108128      0.0108128      
61          0.0105889      0.0105889      
62          0.010372       0.010372       
63          0.0101618      0.0101618      
64          0.00995796     0.00995796     
65          0.00976021     0.00976021     
66          0.0095683      0.0095683      
67          0.00938198     0.00938198     
68          0.00920102     0.00920102     
69          0.0090252      0.0090252      
70          0.00885431     0.00885431     
71          0.00868815     0.00868815     
72          0.00852654     0.00852654     
73          0.0083693      0.0083693      
74          0.00821626     0.00821626     
75          0.00806727     0.00806727     
76          0.00792216     0.00792216     
77          0.00778081     0.00778081     
78          0.00764307     0.00764307     
79          0.0075088      0.0075088      
80          0.0073779      0.0073779      
81          0.00725023     0.00725023     
82          0.00712569     0.00712569     
83          0.00700416     0.00700416     
84          0.00688555     0.00688555     
85          0.00676976     0.00676976     
86          0.00665669     0.00665669     
87          0.00654626     0.00654626     
88          0.00643837     0.00643837     
89          0.00633295     0.00633295     
90          0.00622991     0.00622991     
91          0.00612919     0.00612919     
92          0.00603071     0.00603071     
93          0.00593439     0.00593439     
94          0.00584018     0.00584018     
95          0.00574802     0.00574802     
96          0.00565783     0.00565783     
97          0.00556956     0.00556956     
98          0.00548315     0.00548315     
99          0.00539856     0.00539856     
100         0.00531572     0.00531572     
101         0.00523459     0.00523459     
102         0.00515511     0.00515511     
103         0.00507725     0.00507725     
104         0.00500096     0.00500096     
105         0.00492619     0.00492619     
106         0.0048529      0.0048529      
107         0.00478106     0.00478106     
108         0.00471062     0.00471062     
109         0.00464155     0.00464154     
110         0.0045738      0.0045738      
111         0.00450735     0.00450735     
112         0.00444217     0.00444217     
113         0.00437821     0.00437821     
114         0.00431545     0.00431545     
115         0.00425386     0.00425386     
116         0.00419341     0.00419341     
117         0.00413406     0.00413406     
118         0.0040758      0.0040758      
119         0.0040186      0.0040186      
120         0.00396242     0.00396242     
121         0.00390726     0.00390726     
122         0.00385307     0.00385307     
123         0.00379984     0.00379984     
124         0.00374755     0.00374755     
125         0.00369617     0.00369617     
126         0.00364568     0.00364568     
127         0.00359607     0.00359607     
128         0.0035473      0.0035473      
129         0.00349937     0.00349937     
130         0.00345226     0.00345226     
131         0.00340594     0.00340594     
132         0.00336039     0.00336039     
133         0.00331561     0.00331561     
134         0.00327157     0.00327157     
135         0.00322826     0.00322826     
136         0.00318566     0.00318566     
137         0.00314375     0.00314375     
138         0.00310253     0.00310253     
139         0.00306198     0.00306198     
140         0.00302208     0.00302208     
141         0.00298281     0.00298281     
142         0.00294418     0.00294418     
143         0.00290615     0.00290615     
144         0.00286873     0.00286873     
145         0.0028319      0.0028319      
146         0.00279564     0.00279564     
147         0.00275994     0.00275994     
148         0.0027248      0.0027248      
149         0.00269021     0.00269021     
150         0.00265614     0.00265614     
151         0.00262259     0.00262259     
152         0.00258956     0.00258956     
153         0.00255702     0.00255702     
154         0.00252498     0.00252498     
155         0.00249342     0.00249342     
156         0.00246233     0.00246233     
157         0.0024317      0.0024317      
158         0.00240153     0.00240153     
159         0.00237181     0.00237181     
160         0.00234252     0.00234252     
161         0.00231366     0.00231366     
162         0.00228523     0.00228523     
163         0.0022572      0.0022572      
164         0.00222959     0.00222959     
165         0.00220237     0.00220237     
166         0.00217554     0.00217554     
167         0.0021491      0.0021491      
168         0.00212304     0.00212304     
169         0.00209735     0.00209735     
170         0.00207202     0.00207202     
171         0.00204705     0.00204705     
172         0.00202243     0.00202243     
173         0.00199816     0.00199816     
174         0.00197422     0.00197422     
175         0.00195062     0.00195062     
176         0.00192735     0.00192735     
177         0.0019044      0.0019044      
178         0.00188176     0.00188176     
179         0.00185944     0.00185944     
180         0.00183742     0.00183742     
181         0.00181571     0.00181571     
182         0.00179428     0.00179428     
183         0.00177315     0.00177315     
184         0.00175231     0.00175231     
185         0.00173175     0.00173175     
186         0.00171146     0.00171146     
187         0.00169145     0.00169145     
188         0.0016717      0.0016717      
189         0.00165222     0.00165222     
190         0.00163299     0.00163299     
191         0.00161402     0.00161402     
192         0.0015953      0.0015953      
193         0.00157683     0.00157683     
194         0.0015586      0.0015586      
195         0.00154061     0.00154061     
196         0.00152285     0.00152285     
197         0.00150533     0.00150533     
198         0.00148803     0.00148803     
199         0.00147096     0.00147096     
200         0.00145411     0.00145411     
201         0.00143747     0.00143747     
202         0.00142105     0.00142105     
203         0.00140484     0.00140484     
204         0.00138884     0.00138884     
205         0.00137304     0.00137304     
206         0.00135745     0.00135745     
207         0.00134205     0.00134205     
208         0.00132684     0.00132684     
209         0.00131183     0.00131183     
210         0.00129701     0.00129701     
211         0.00128238     0.00128238     
212         0.00126792     0.00126792     
213         0.00125365     0.00125365     
214         0.00123956     0.00123956     
215         0.00122564     0.00122564     
216         0.0012119      0.0012119      
217         0.00119833     0.00119833     
218         0.00118492     0.00118492     
219         0.00117168     0.00117168     
220         0.00115861     0.00115861     
221         0.00114569     0.00114569     
222         0.00113294     0.00113294     
223         0.00112034     0.00112034     
224         0.00110789     0.00110789     
225         0.0010956      0.0010956      
226         0.00108345     0.00108345     
227         0.00107145     0.00107145     
228         0.0010596      0.0010596      
229         0.0010479      0.0010479      
230         0.00103633     0.00103633     
231         0.0010249      0.0010249      
232         0.00101361     0.00101361     
233         0.00100246     0.00100246     
234         0.000991441    0.000991441    
235         0.000980554    0.000980554    
236         0.000969796    0.000969796    
237         0.000959167    0.000959167    
238         0.000948665    0.000948665    
239         0.000938287    0.000938287    
240         0.000928033    0.000928033    
241         0.0009179      0.0009179      
242         0.000907887    0.000907887    
243         0.000897992    0.000897992    
244         0.000888214    0.000888214    
245         0.00087855     0.00087855     
246         0.000869001    0.000869001    
247         0.000859563    0.000859563    
248         0.000850236    0.000850236    
249         0.000841018    0.000841018    
250         0.000831908    0.000831908    
251         0.000822903    0.000822903    
252         0.000814004    0.000814004    
253         0.000805208    0.000805208    
254         0.000796514    0.000796514    
255         0.000787921    0.000787921    
256         0.000779427    0.000779427    
257         0.000771031    0.000771031    
258         0.000762732    0.000762732    
259         0.000754529    0.000754529    
260         0.00074642     0.00074642     
261         0.000738404    0.000738404    
262         0.000730481    0.000730481    
263         0.000722648    0.000722647    
264         0.000714904    0.000714904    
265         0.000707249    0.000707249    
266         0.000699681    0.000699681    
267         0.0006922      0.0006922      
268         0.000684804    0.000684803    
269         0.000677491    0.000677491    
270         0.000670262    0.000670262    
271         0.000663115    0.000663115    
272         0.000656048    0.000656048    
273         0.000649061    0.000649061    
274         0.000642154    0.000642154    
275         0.000635324    0.000635324    
276         0.000628571    0.000628571    
277         0.000621894    0.000621894    
278         0.000615292    0.000615292    
279         0.000608765    0.000608765    
280         0.00060231     0.00060231     
281         0.000595928    0.000595928    
282         0.000589617    0.000589617    
283         0.000583377    0.000583377    
284         0.000577206    0.000577206    
285         0.000571104    0.000571104    
286         0.00056507     0.00056507     
287         0.000559103    0.000559103    
288         0.000553203    0.000553203    
289         0.000547368    0.000547368    
290         0.000541598    0.000541598    
291         0.000535891    0.000535891    
292         0.000530248    0.000530248    
293         0.000524667    0.000524667    
294         0.000519148    0.000519148    
295         0.00051369     0.00051369     
296         0.000508292    0.000508292    
297         0.000502953    0.000502953    
298         0.000497673    0.000497673    
299         0.000492451    0.000492451    
300         0.000487286    0.000487286    
301         0.000482178    0.000482178    
302         0.000477127    0.000477126    
303         0.00047213     0.00047213     
304         0.000467188    0.000467188    
305         0.0004623      0.0004623      
306         0.000457465    0.000457465    
307         0.000452684    0.000452683    
308         0.000447954    0.000447954    
309         0.000443276    0.000443276    
310         0.000438648    0.000438648    
311         0.000434071    0.000434071    
312         0.000429544    0.000429544    
313         0.000425066    0.000425066    
314         0.000420636    0.000420636    
315         0.000416255    0.000416255    
316         0.000411921    0.000411921    
317         0.000407634    0.000407634    
318         0.000403393    0.000403393    
319         0.000399198    0.000399198    
320         0.000395048    0.000395048    
321         0.000390943    0.000390943    
322         0.000386882    0.000386882    
323         0.000382865    0.000382865    
324         0.000378892    0.000378892    
325         0.000374961    0.000374961    
326         0.000371072    0.000371072    
327         0.000367225    0.000367225    
328         0.000363419    0.000363419    
329         0.000359654    0.000359654    
330         0.000355929    0.000355929    
331         0.000352245    0.000352245    
332         0.000348599    0.000348599    
333         0.000344993    0.000344993    
334         0.000341425    0.000341425    
335         0.000337896    0.000337896    
336         0.000334404    0.000334404    
337         0.000330949    0.000330949    
338         0.000327531    0.000327531    
339         0.00032415     0.000324149    
340         0.000320804    0.000320804    
341         0.000317494    0.000317494    
342         0.000314219    0.000314219    
343         0.000310979    0.000310979    
344         0.000307774    0.000307774    
345         0.000304602    0.000304602    
346         0.000301464    0.000301464    
347         0.00029836     0.00029836     
348         0.000295288    0.000295288    
349         0.000292249    0.000292249    
350         0.000289242    0.000289242    
351         0.000286267    0.000286267    
352         0.000283323    0.000283323    
353         0.00028041     0.00028041     
354         0.000277528    0.000277528    
355         0.000274677    0.000274677    
356         0.000271855    0.000271855    
357         0.000269063    0.000269063    
358         0.000266301    0.000266301    
359         0.000263568    0.000263568    
360         0.000260863    0.000260863    
361         0.000258187    0.000258187    
362         0.00025554     0.00025554     
363         0.00025292     0.00025292     
364         0.000250327    0.000250327    
365         0.000247762    0.000247762    
366         0.000245223    0.000245223    
367         0.000242712    0.000242712    
368         0.000240226    0.000240226    
369         0.000237767    0.000237767    
370         0.000235333    0.000235333    
371         0.000232925    0.000232925    
372         0.000230542    0.000230542    
373         0.000228184    0.000228184    
374         0.000225851    0.000225851    
375         0.000223542    0.000223542    
376         0.000221257    0.000221257    
377         0.000218996    0.000218996    
378         0.000216758    0.000216758    
379         0.000214544    0.000214544    
380         0.000212353    0.000212353    
381         0.000210185    0.000210185    
382         0.000208039    0.000208039    
383         0.000205916    0.000205916    
384         0.000203815    0.000203815    
385         0.000201736    0.000201736    
386         0.000199678    0.000199678    
387         0.000197642    0.000197642    
388         0.000195627    0.000195627    
389         0.000193633    0.000193633    
390         0.000191659    0.000191659    
391         0.000189706    0.000189706    
392         0.000187773    0.000187773    
393         0.000185861    0.000185861    
394         0.000183968    0.000183968    
395         0.000182095    0.000182095    
396         0.000180241    0.000180241    
397         0.000178406    0.000178406    
398         0.000176591    0.000176591    
399         0.000174794    0.000174794    
400         0.000173016    0.000173016    
401         0.000171256    0.000171256    
402         0.000169515    0.000169515    
403         0.000167791    0.000167791    
404         0.000166085    0.000166085    
405         0.000164397    0.000164397    
406         0.000162726    0.000162726    
407         0.000161073    0.000161073    
408         0.000159436    0.000159436    
409         0.000157817    0.000157817    
410         0.000156214    0.000156214    
411         0.000154628    0.000154628    
412         0.000153058    0.000153058    
413         0.000151504    0.000151504    
414         0.000149966    0.000149966    
415         0.000148444    0.000148444    
416         0.000146938    0.000146938    
417         0.000145447    0.000145447    
418         0.000143972    0.000143972    
419         0.000142512    0.000142512    
420         0.000141066    0.000141066    
421         0.000139636    0.000139636    
422         0.00013822     0.00013822     
423         0.000136819    0.000136819    
424         0.000135433    0.000135433    
425         0.00013406     0.00013406     
426         0.000132702    0.000132702    
427         0.000131357    0.000131357    
428         0.000130027    0.000130027    
429         0.00012871     0.00012871     
430         0.000127406    0.000127406    
431         0.000126116    0.000126116    
432         0.000124839    0.000124839    
433         0.000123575    0.000123575    
434         0.000122324    0.000122324    
435         0.000121086    0.000121086    
436         0.000119861    0.000119861    
437         0.000118648    0.000118648    
438         0.000117448    0.000117448    
439         0.00011626     0.00011626     
440         0.000115084    0.000115084    
441         0.00011392     0.00011392     
442         0.000112768    0.000112768    
443         0.000111627    0.000111627    
444         0.000110499    0.000110499    
445         0.000109382    0.000109382    
446         0.000108276    0.000108276    
447         0.000107182    0.000107182    
448         0.000106098    0.000106098    
449         0.000105026    0.000105026    
450         0.000103965    0.000103965    
451         0.000102915    0.000102915    
452         0.000101875    0.000101875    
453         0.000100846    0.000100846    
454         9.98276e-05    9.98276e-05    
455         9.88194e-05    9.88194e-05    
456         9.78216e-05    9.78215e-05    
457         9.68339e-05    9.68339e-05    
458         9.58562e-05    9.58562e-05    
459         9.48886e-05    9.48886e-05    
460         9.39308e-05    9.39308e-05    
461         9.29827e-05    9.29827e-05    
462         9.20444e-05    9.20444e-05    
463         9.11155e-05    9.11155e-05    
464         9.01961e-05    9.01961e-05    
465         8.92861e-05    8.92861e-05    
466         8.83854e-05    8.83854e-05    
467         8.74938e-05    8.74938e-05    
468         8.66113e-05    8.66113e-05    
469         8.57377e-05    8.57377e-05    
470         8.48731e-05    8.48731e-05    
471         8.40172e-05    8.40172e-05    
472         8.31701e-05    8.31701e-05    
473         8.23315e-05    8.23315e-05    
474         8.15015e-05    8.15015e-05    
475         8.06799e-05    8.06799e-05    
476         7.98667e-05    7.98666e-05    
477         7.90617e-05    7.90617e-05    
478         7.82649e-05    7.82649e-05    
479         7.74762e-05    7.74761e-05    
480         7.66954e-05    7.66954e-05    
481         7.59227e-05    7.59227e-05    
482         7.51577e-05    7.51577e-05    
483         7.44006e-05    7.44006e-05    
484         7.36511e-05    7.36511e-05    
485         7.29092e-05    7.29092e-05    
486         7.21748e-05    7.21748e-05    
487         7.14479e-05    7.14479e-05    
488         7.07284e-05    7.07284e-05    
489         7.00162e-05    7.00162e-05    
490         6.93112e-05    6.93112e-05    
491         6.86133e-05    6.86133e-05    
492         6.79225e-05    6.79225e-05    
493         6.72387e-05    6.72387e-05    
494         6.65618e-05    6.65618e-05    
495         6.58918e-05    6.58918e-05    
496         6.52286e-05    6.52286e-05    
497         6.45721e-05    6.45721e-05    
498         6.39223e-05    6.39223e-05    
499         6.3279e-05     6.3279e-05     
500         6.26422e-05    6.26422e-05    
501         6.20119e-05    6.20119e-05    
502         6.1388e-05     6.1388e-05     
503         6.07704e-05    6.07704e-05    
504         6.0159e-05     6.0159e-05     
505         5.95539e-05    5.95539e-05    
506         5.89548e-05    5.89548e-05    
507         5.83618e-05    5.83618e-05    
508         5.77748e-05    5.77748e-05    
509         5.71938e-05    5.71938e-05    
510         5.66186e-05    5.66186e-05    
511         5.60493e-05    5.60492e-05    
512         5.54856e-05    5.54856e-05    
513         5.49277e-05    5.49277e-05    
514         5.43755e-05    5.43755e-05    
515         5.38288e-05    5.38288e-05    
516         5.32876e-05    5.32876e-05    
517         5.2752e-05     5.2752e-05     
518         5.22217e-05    5.22217e-05    
519         5.16968e-05    5.16968e-05    
520         5.11771e-05    5.11771e-05    
521         5.06628e-05    5.06628e-05    
522         5.01536e-05    5.01536e-05    
523         4.96496e-05    4.96496e-05    
524         4.91507e-05    4.91507e-05    
525         4.86568e-05    4.86568e-05    
526         4.81678e-05    4.81678e-05    
527         4.76839e-05    4.76839e-05    
528         4.72048e-05    4.72048e-05    
529         4.67305e-05    4.67305e-05    
530         4.62611e-05    4.62611e-05    
531         4.57963e-05    4.57963e-05    
532         4.53363e-05    4.53363e-05    
533         4.48809e-05    4.48809e-05    
534         4.44301e-05    4.44301e-05    
535         4.39838e-05    4.39838e-05    
536         4.35421e-05    4.35421e-05    
537         4.31048e-05    4.31048e-05    
538         4.26719e-05    4.26719e-05    
539         4.22434e-05    4.22434e-05    
540         4.18192e-05    4.18192e-05    
541         4.13992e-05    4.13992e-05    
542         4.09836e-05    4.09836e-05    
543         4.05721e-05    4.05721e-05    
544         4.01647e-05    4.01647e-05    
545         3.97615e-05    3.97615e-05    
546         3.93623e-05    3.93623e-05    
547         3.89671e-05    3.89671e-05    
548         3.8576e-05     3.8576e-05     
549         3.81887e-05    3.81887e-05    
550         3.78054e-05    3.78054e-05    
551         3.74259e-05    3.74259e-05    
552         3.70503e-05    3.70503e-05    
553         3.66784e-05    3.66784e-05    
554         3.63103e-05    3.63103e-05    
555         3.59459e-05    3.59459e-05    
556         3.55852e-05    3.55852e-05    
557         3.5228e-05     3.5228e-05     
558         3.48745e-05    3.48745e-05    
559         3.45246e-05    3.45246e-05    
560         3.41782e-05    3.41782e-05    
561         3.38352e-05    3.38352e-05    
562         3.34957e-05    3.34957e-05    
563         3.31597e-05    3.31597e-05    
564         3.2827e-05     3.2827e-05     
565         3.24976e-05    3.24976e-05    
566         3.21716e-05    3.21716e-05    
567         3.18489e-05    3.18489e-05    
568         3.15294e-05    3.15294e-05    
569         3.12131e-05    3.12131e-05    
570         3.09e-05       3.09e-05       
571         3.05901e-05    3.05901e-05    
572         3.02832e-05    3.02832e-05    
573         2.99795e-05    2.99795e-05    
574         2.96788e-05    2.96788e-05    
575         2.93812e-05    2.93812e-05    
576         2.90865e-05    2.90865e-05    
577         2.87948e-05    2.87948e-05    
578         2.8506e-05     2.8506e-05     
579         2.82202e-05    2.82202e-05    
580         2.79372e-05    2.79372e-05    
581         2.7657e-05     2.7657e-05     
582         2.73797e-05    2.73797e-05    
583         2.71052e-05    2.71052e-05    
584         2.68334e-05    2.68334e-05    
585         2.65643e-05    2.65643e-05    
586         2.6298e-05     2.6298e-05     
587         2.60343e-05    2.60343e-05    
588         2.57733e-05    2.57733e-05    
589         2.55149e-05    2.55149e-05    
590         2.52591e-05    2.52591e-05    
591         2.50059e-05    2.50059e-05    
592         2.47552e-05    2.47552e-05    
593         2.45071e-05    2.45071e-05    
594         2.42614e-05    2.42614e-05    
595         2.40182e-05    2.40182e-05    
596         2.37775e-05    2.37775e-05    
597         2.35391e-05    2.35391e-05    
598         2.33032e-05    2.33032e-05    
599         2.30696e-05    2.30696e-05    
600         2.28384e-05    2.28384e-05    
601         2.26095e-05    2.26095e-05    
602         2.23829e-05    2.23829e-05    
603         2.21586e-05    2.21586e-05    
604         2.19365e-05    2.19365e-05    
605         2.17166e-05    2.17166e-05    
606         2.1499e-05     2.1499e-05     
607         2.12836e-05    2.12836e-05    
608         2.10703e-05    2.10703e-05    
609         2.08591e-05    2.08591e-05    
610         2.06501e-05    2.06501e-05    
611         2.04432e-05    2.04432e-05    
612         2.02383e-05    2.02383e-05    
613         2.00356e-05    2.00356e-05    
614         1.98348e-05    1.98348e-05    
615         1.96361e-05    1.96361e-05    
616         1.94393e-05    1.94393e-05    
617         1.92446e-05    1.92446e-05    
618         1.90517e-05    1.90517e-05    
619         1.88609e-05    1.88609e-05    
620         1.86719e-05    1.86719e-05    
621         1.84848e-05    1.84848e-05    
622         1.82997e-05    1.82997e-05    
623         1.81163e-05    1.81163e-05    
624         1.79348e-05    1.79348e-05    
625         1.77552e-05    1.77552e-05    
626         1.75773e-05    1.75773e-05    
627         1.74012e-05    1.74012e-05    
628         1.72269e-05    1.72269e-05    
629         1.70544e-05    1.70544e-05    
630         1.68835e-05    1.68835e-05    
631         1.67144e-05    1.67144e-05    
632         1.6547e-05     1.6547e-05     
633         1.63812e-05    1.63812e-05    
634         1.62172e-05    1.62172e-05    
635         1.60547e-05    1.60547e-05    
636         1.58939e-05    1.58939e-05    
637         1.57347e-05    1.57347e-05    
638         1.55772e-05    1.55772e-05    
639         1.54211e-05    1.54211e-05    
640         1.52667e-05    1.52667e-05    
641         1.51138e-05    1.51138e-05    
642         1.49624e-05    1.49624e-05    
643         1.48126e-05    1.48126e-05    
644         1.46642e-05    1.46642e-05    
645         1.45174e-05    1.45174e-05    
646         1.4372e-05     1.4372e-05     
647         1.42281e-05    1.42281e-05    
648         1.40856e-05    1.40856e-05    
649         1.39445e-05    1.39445e-05    
650         1.38049e-05    1.38049e-05    
651         1.36667e-05    1.36667e-05    
652         1.35298e-05    1.35298e-05    
653         1.33943e-05    1.33943e-05    
654         1.32602e-05    1.32602e-05    
655         1.31274e-05    1.31274e-05    
656         1.2996e-05     1.2996e-05     
657         1.28659e-05    1.28659e-05    
658         1.2737e-05     1.2737e-05     
659         1.26095e-05    1.26095e-05    
660         1.24833e-05    1.24833e-05    
661         1.23583e-05    1.23583e-05    
662         1.22345e-05    1.22345e-05    
663         1.2112e-05     1.2112e-05     
664         1.19908e-05    1.19908e-05    
665         1.18707e-05    1.18707e-05    
666         1.17519e-05    1.17519e-05    
667         1.16342e-05    1.16342e-05    
668         1.15178e-05    1.15178e-05    
669         1.14024e-05    1.14024e-05    
670         1.12883e-05    1.12883e-05    
671         1.11753e-05    1.11753e-05    
672         1.10634e-05    1.10634e-05    
673         1.09527e-05    1.09527e-05    
674         1.0843e-05     1.0843e-05     
675         1.07345e-05    1.07345e-05    
676         1.0627e-05     1.0627e-05     
677         1.05206e-05    1.05206e-05    
678         1.04153e-05    1.04153e-05    
679         1.0311e-05     1.0311e-05     
680         1.02078e-05    1.02078e-05    
681         1.01056e-05    1.01056e-05    
682         1.00045e-05    1.00045e-05    
683         9.90434e-06    9.90434e-06    
684         9.8052e-06     9.8052e-06     
685         9.70706e-06    9.70706e-06    
686         9.60989e-06    9.60989e-06    
687         9.5137e-06     9.5137e-06     
688         9.41848e-06    9.41848e-06    
689         9.3242e-06     9.3242e-06     
690         9.23088e-06    9.23088e-06    
691         9.13848e-06    9.13848e-06    
692         9.04701e-06    9.04701e-06    
693         8.95646e-06    8.95646e-06    
694         8.86682e-06    8.86682e-06    
695         8.77807e-06    8.77807e-06    
696         8.69022e-06    8.69022e-06    
697         8.60324e-06    8.60324e-06    
698         8.51713e-06    8.51713e-06    
699         8.43189e-06    8.43189e-06    
700         8.3475e-06     8.3475e-06     
701         8.26396e-06    8.26396e-06    
702         8.18125e-06    8.18125e-06    
703         8.09937e-06    8.09937e-06    
704         8.01831e-06    8.01831e-06    
705         7.93807e-06    7.93807e-06    
706         7.85862e-06    7.85862e-06    
707         7.77998e-06    7.77998e-06    
708         7.70212e-06    7.70212e-06    
709         7.62504e-06    7.62504e-06    
710         7.54873e-06    7.54873e-06    
711         7.47318e-06    7.47318e-06    
712         7.3984e-06     7.3984e-06     
713         7.32436e-06    7.32436e-06    
714         7.25106e-06    7.25106e-06    
715         7.1785e-06     7.1785e-06     
716         7.10666e-06    7.10666e-06    
717         7.03555e-06    7.03555e-06    
718         6.96514e-06    6.96514e-06    
719         6.89544e-06    6.89544e-06    
720         6.82644e-06    6.82644e-06    
721         6.75813e-06    6.75813e-06    
722         6.6905e-06     6.6905e-06     
723         6.62356e-06    6.62356e-06    
724         6.55728e-06    6.55728e-06    
725         6.49166e-06    6.49166e-06    
726         6.4267e-06     6.4267e-06     
727         6.36239e-06    6.36239e-06    
728         6.29873e-06    6.29873e-06    
729         6.2357e-06     6.2357e-06     
730         6.17331e-06    6.17331e-06    
731         6.11154e-06    6.11154e-06    
732         6.05039e-06    6.05039e-06    
733         5.98985e-06    5.98985e-06    
734         5.92991e-06    5.92991e-06    
735         5.87058e-06    5.87058e-06    
736         5.81184e-06    5.81184e-06    
737         5.75369e-06    5.75369e-06    
738         5.69612e-06    5.69612e-06    
739         5.63912e-06    5.63912e-06    
740         5.5827e-06     5.5827e-06     
741         5.52684e-06    5.52684e-06    
742         5.47154e-06    5.47154e-06    
743         5.4168e-06     5.4168e-06     
744         5.3626e-06     5.3626e-06     
745         5.30895e-06    5.30895e-06    
746         5.25583e-06    5.25583e-06    
747         5.20324e-06    5.20324e-06    
748         5.15118e-06    5.15118e-06    
749         5.09965e-06    5.09965e-06    
750         5.04862e-06    5.04862e-06    
751         4.99811e-06    4.99811e-06    
752         4.94811e-06    4.94811e-06    
753         4.8986e-06     4.8986e-06     
754         4.84959e-06    4.84959e-06    
755         4.80107e-06    4.80107e-06    
756         4.75304e-06    4.75304e-06    
757         4.70549e-06    4.70549e-06    
758         4.65841e-06    4.65841e-06    
759         4.6118e-06     4.6118e-06     
760         4.56567e-06    4.56566e-06    
761         4.51999e-06    4.51999e-06    
762         4.47477e-06    4.47477e-06    
763         4.43e-06       4.43e-06       
764         4.38568e-06    4.38568e-06    
765         4.3418e-06     4.3418e-06     
766         4.29837e-06    4.29837e-06    
767         4.25537e-06    4.25537e-06    
768         4.21279e-06    4.21279e-06    
769         4.17065e-06    4.17065e-06    
770         4.12893e-06    4.12893e-06    
771         4.08762e-06    4.08762e-06    
772         4.04673e-06    4.04673e-06    
773         4.00624e-06    4.00624e-06    
774         3.96616e-06    3.96616e-06    
775         3.92649e-06    3.92649e-06    
776         3.88721e-06    3.88721e-06    
777         3.84832e-06    3.84832e-06    
778         3.80982e-06    3.80982e-06    
779         3.77171e-06    3.77171e-06    
780         3.73398e-06    3.73398e-06    
781         3.69663e-06    3.69663e-06    
782         3.65965e-06    3.65965e-06    
783         3.62304e-06    3.62304e-06    
784         3.58679e-06    3.58679e-06    
785         3.55091e-06    3.55091e-06    
786         3.51539e-06    3.51539e-06    
787         3.48022e-06    3.48022e-06    
788         3.44541e-06    3.44541e-06    
789         3.41094e-06    3.41094e-06    
790         3.37682e-06    3.37682e-06    
791         3.34304e-06    3.34304e-06    
792         3.3096e-06     3.3096e-06     
793         3.27649e-06    3.27649e-06    
794         3.24372e-06    3.24372e-06    
795         3.21127e-06    3.21127e-06    
796         3.17915e-06    3.17915e-06    
797         3.14735e-06    3.14735e-06    
798         3.11586e-06    3.11586e-06    
799         3.0847e-06     3.0847e-06     
800         3.05384e-06    3.05384e-06    
801         3.02329e-06    3.02329e-06    
802         2.99305e-06    2.99305e-06    
803         2.96311e-06    2.96311e-06    
804         2.93347e-06    2.93347e-06    
805         2.90413e-06    2.90413e-06    
806         2.87508e-06    2.87508e-06    
807         2.84632e-06    2.84632e-06    
808         2.81785e-06    2.81785e-06    
809         2.78966e-06    2.78966e-06    
810         2.76176e-06    2.76176e-06    
811         2.73413e-06    2.73413e-06    
812         2.70678e-06    2.70678e-06    
813         2.67971e-06    2.67971e-06    
814         2.6529e-06     2.6529e-06     
815         2.62637e-06    2.62637e-06    
816         2.6001e-06     2.6001e-06     
817         2.57409e-06    2.57409e-06    
818         2.54834e-06    2.54834e-06    
819         2.52285e-06    2.52285e-06    
820         2.49762e-06    2.49762e-06    
821         2.47264e-06    2.47264e-06    
822         2.4479e-06     2.4479e-06     
823         2.42342e-06    2.42342e-06    
824         2.39918e-06    2.39918e-06    
825         2.37518e-06    2.37518e-06    
826         2.35142e-06    2.35142e-06    
827         2.3279e-06     2.3279e-06     
828         2.30462e-06    2.30462e-06    
829         2.28157e-06    2.28157e-06    
830         2.25875e-06    2.25875e-06    
831         2.23615e-06    2.23615e-06    
832         2.21379e-06    2.21379e-06    
833         2.19164e-06    2.19164e-06    
834         2.16972e-06    2.16972e-06    
835         2.14802e-06    2.14802e-06    
836         2.12654e-06    2.12654e-06    
837         2.10527e-06    2.10527e-06    
838         2.08421e-06    2.08421e-06    
839         2.06336e-06    2.06336e-06    
840         2.04273e-06    2.04273e-06    
841         2.02229e-06    2.02229e-06    
842         2.00207e-06    2.00207e-06    
843         1.98204e-06    1.98204e-06    
844         1.96222e-06    1.96222e-06    
845         1.94259e-06    1.94259e-06    
846         1.92316e-06    1.92316e-06    
847         1.90393e-06    1.90393e-06    
848         1.88488e-06    1.88488e-06    
849         1.86603e-06    1.86603e-06    
850         1.84737e-06    1.84737e-06    
851         1.82889e-06    1.82889e-06    
852         1.8106e-06     1.8106e-06     
853         1.79249e-06    1.79249e-06    
854         1.77456e-06    1.77456e-06    
855         1.75681e-06    1.75681e-06    
856         1.73924e-06    1.73924e-06    
857         1.72185e-06    1.72185e-06    
858         1.70463e-06    1.70463e-06    
859         1.68758e-06    1.68758e-06    
860         1.6707e-06     1.6707e-06     
861         1.65399e-06    1.65399e-06    
862         1.63745e-06    1.63745e-06    
863         1.62107e-06    1.62107e-06    
864         1.60485e-06    1.60485e-06    
865         1.5888e-06     1.5888e-06     
866         1.57291e-06    1.57291e-06    
867         1.55718e-06    1.55718e-06    
868         1.54161e-06    1.54161e-06    
869         1.52619e-06    1.52619e-06    
870         1.51092e-06    1.51092e-06    
871         1.49581e-06    1.49581e-06    
872         1.48085e-06    1.48085e-06    
873         1.46604e-06    1.46604e-06    
874         1.45138e-06    1.45138e-06    
875         1.43686e-06    1.43686e-06    
876         1.42249e-06    1.42249e-06    
877         1.40827e-06    1.40827e-06    
878         1.39418e-06    1.39418e-06    
879         1.38024e-06    1.38024e-06    
880         1.36643e-06    1.36643e-06    
881         1.35277e-06    1.35277e-06    
882         1.33924e-06    1.33924e-06    
883         1.32584e-06    1.32584e-06    
884         1.31258e-06    1.31258e-06    
885         1.29946e-06    1.29946e-06    
886         1.28646e-06    1.28646e-06    
887         1.27359e-06    1.27359e-06    
888         1.26086e-06    1.26086e-06    
889         1.24825e-06    1.24825e-06    
890         1.23576e-06    1.23576e-06    
891         1.2234e-06     1.2234e-06     
892         1.21117e-06    1.21117e-06    
893         1.19905e-06    1.19905e-06    
894         1.18706e-06    1.18706e-06    
895         1.17519e-06    1.17519e-06    
896         1.16344e-06    1.16344e-06    
897         1.1518e-06     1.1518e-06     
898         1.14028e-06    1.14028e-06    
899         1.12888e-06    1.12888e-06    
900         1.11759e-06    1.11759e-06    
901         1.10641e-06    1.10641e-06    
902         1.09535e-06    1.09535e-06    
903         1.08439e-06    1.08439e-06    
904         1.07355e-06    1.07355e-06    
905         1.06281e-06    1.06281e-06    
906         1.05218e-06    1.05218e-06    
907         1.04166e-06    1.04166e-06    
908         1.03124e-06    1.03124e-06    
909         1.02093e-06    1.02093e-06    
910         1.01072e-06    1.01072e-06    
911         1.00061e-06    1.00061e-06    
912         9.906e-07      9.906e-07      
913         9.80693e-07    9.80693e-07    
914         9.70885e-07    9.70885e-07    
915         9.61176e-07    9.61176e-07    
916         9.51563e-07    9.51563e-07    
917         9.42046e-07    9.42046e-07    
918         9.32625e-07    9.32625e-07    
919         9.23298e-07    9.23298e-07    
920         9.14064e-07    9.14064e-07    
921         9.04923e-07    9.04923e-07    
922         8.95873e-07    8.95873e-07    
923         8.86913e-07    8.86913e-07    
924         8.78043e-07    8.78043e-07    
925         8.69262e-07    8.69262e-07    
926         8.60569e-07    8.60569e-07    
927         8.51962e-07    8.51962e-07    
928         8.43442e-07    8.43442e-07    
929         8.35007e-07    8.35007e-07    
930         8.26656e-07    8.26656e-07    
931         8.18389e-07    8.18389e-07    
932         8.10204e-07    8.10204e-07    
933         8.02101e-07    8.02101e-07    
934         7.9408e-07     7.9408e-07     
935         7.86138e-07    7.86138e-07    
936         7.78276e-07    7.78276e-07    
937         7.70493e-07    7.70493e-07    
938         7.62788e-07    7.62787e-07    
939         7.55159e-07    7.55159e-07    
940         7.47607e-07    7.47607e-07    
941         7.4013e-07     7.4013e-07     
942         7.32728e-07    7.32728e-07    
943         7.25401e-07    7.25401e-07    
944         7.18146e-07    7.18146e-07    
945         7.10964e-07    7.10964e-07    
946         7.03854e-07    7.03854e-07    
947         6.96815e-07    6.96815e-07    
948         6.89846e-07    6.89846e-07    
949         6.82947e-07    6.82947e-07    
950         6.76117e-07    6.76117e-07    
951         6.69356e-07    6.69356e-07    
952         6.62662e-07    6.62662e-07    
953         6.56035e-07    6.56035e-07    
954         6.49474e-07    6.49474e-07    
955         6.42979e-07    6.42979e-07    
956         6.36549e-07    6.36549e-07    
957         6.30183e-07    6.30183e-07    
958         6.23881e-07    6.23881e-07    
959         6.17641e-07    6.17641e-07    
960         6.11465e-07    6.11465e-07    
961         6.0535e-07     6.0535e-07     
962         5.99296e-07    5.99296e-07    
963         5.93302e-07    5.93302e-07    
964         5.87369e-07    5.87369e-07    
965         5.81495e-07    5.81495e-07    
966         5.7568e-07     5.7568e-07     
967         5.69923e-07    5.69923e-07    
968         5.64223e-07    5.64223e-07    
969         5.5858e-07     5.5858e-07     
970         5.52994e-07    5.52994e-07    
971         5.47464e-07    5.47464e-07    
972         5.41989e-07    5.41989e-07    
973         5.36569e-07    5.36569e-07    
974         5.31203e-07    5.31203e-07    
975         5.25891e-07    5.25891e-07    
976         5.20632e-07    5.20632e-07    
977         5.15425e-07    5.15425e-07    
978         5.1027e-07     5.1027e-07     
979         5.05167e-07    5.05167e-07    
980         5.00116e-07    5.00116e-07    
981         4.95114e-07    4.95114e-07    
982         4.90163e-07    4.90163e-07    
983         4.85261e-07    4.85261e-07    
984         4.80408e-07    4.80408e-07    
985         4.75604e-07    4.75604e-07    
986         4.70847e-07    4.70847e-07    
987         4.66139e-07    4.66139e-07    
988         4.61477e-07    4.61477e-07    
989         4.56862e-07    4.56862e-07    
990         4.52293e-07    4.52293e-07    
991         4.4777e-07     4.4777e-07     
992         4.43292e-07    4.43292e-07    
993         4.38859e-07    4.38859e-07    
994         4.3447e-07     4.3447e-07     
995         4.30126e-07    4.30126e-07    
996         4.25824e-07    4.25824e-07    
997         4.21566e-07    4.21566e-07    
998         4.1735e-07     4.1735e-07     
999         4.13176e-07    4.13176e-07    
