# lambda = 3.59
#===============================================
0           0.5            0.5005         
1           0.8975         0.897499       
2           0.330258       0.33026        
3           0.794063       0.794066       
4           0.587061       0.587055       
5           0.870289       0.870293       
6           0.405261       0.40525        
7           0.865278       0.865271       
8           0.418493       0.418512       
9           0.87365        0.873662       
10          0.396284       0.396253       
11          0.858882       0.85886        
12          0.43512        0.435179       
13          0.882388       0.882416       
14          0.372567       0.372492       
15          0.839202       0.839133       
16          0.484443       0.48461        
17          0.896631       0.89665        
18          0.332735       0.332682       
19          0.79706        0.796996       
20          0.580701       0.580837       
21          0.874119       0.874041       
22          0.395025       0.395236       
23          0.857939       0.858098       
24          0.437549       0.437139       
25          0.883498       0.883314       
26          0.369515       0.370023       
27          0.836376       0.83685        
28          0.491297       0.490149       
29          0.897228       0.897152       
30          0.331033       0.331251       
31          0.795007       0.795271       
32          0.585066       0.584507       
33          0.871522       0.871863       
34          0.401978       0.401069       
35          0.863006       0.862363       
36          0.424433       0.426108       
37          0.877          0.877898       
38          0.387258       0.384822       
39          0.851868       0.849875       
40          0.453018       0.458038       
41          0.889576       0.891179       
42          0.352648       0.348155       
43          0.819552       0.814726       
44          0.530912       0.541902       
45          0.89407        0.891197       
46          0.340006       0.348105       
47          0.805603       0.814671       
48          0.562219       0.542026       
49          0.883602       0.891159       
50          0.369228       0.348209       
51          0.836107       0.814785       
52          0.491946       0.541768       
53          0.897267       0.891237       
54          0.330922       0.347992       
55          0.794871       0.814548       
56          0.585353       0.542305       
57          0.871347       0.891075       
58          0.402445       0.348446       
59          0.863334       0.815043       
60          0.423578       0.541185       
61          0.876533       0.891411       
62          0.38852        0.347503       
63          0.852884       0.814014       
64          0.450447       0.543509       
65          0.888685       0.890704       
66          0.355137       0.349488       
67          0.822163       0.816173       
68          0.524897       0.538625       
69          0.895275       0.892144       
70          0.336591       0.345441       
71          0.801638       0.81174        
72          0.570862       0.548617       
73          0.879473       0.889014       
74          0.380541       0.354217       
75          0.846269       0.821203       
76          0.46705        0.527115       
77          0.893602       0.894861       
78          0.341327       0.337766       
79          0.807114       0.803011       
80          0.558895       0.567882       
81          0.885048       0.880958       
82          0.36524        0.376488       
83          0.832305       0.842734       
84          0.501069       0.475796       
85          0.897496       0.895397       
86          0.330269       0.336244       
87          0.794077       0.801231       
88          0.587031       0.571743       
89          0.870308       0.879022       
90          0.405211       0.381769       
91          0.865244       0.847317       
92          0.418582       0.464441       
93          0.873702       0.892961       
94          0.396144       0.343139       
95          0.858778       0.809167       
96          0.435389       0.554353       
97          0.882513       0.886894       
98          0.372224       0.360123       
99          0.838887       0.82726        
100         0.485209       0.513015       
101         0.896715       0.896892       
102         0.332497       0.331992       
103         0.796774       0.796166       
104         0.581311       0.582606       
105         0.873765       0.873003       
106         0.395976       0.398019       
107         0.858653       0.860163       
108         0.435712       0.431813       
109         0.882663       0.880809       
110         0.371813       0.376895       
111         0.83851        0.843095       
112         0.486126       0.474907       
113         0.896809       0.89524        
114         0.332228       0.336691       
115         0.796451       0.801755       
116         0.582          0.570609       
117         0.873361       0.879602       
118         0.39706        0.380191       
119         0.859458       0.845968       
120         0.433637       0.467799       
121         0.881689       0.893777       
122         0.374485       0.340832       
123         0.840943       0.806549       
124         0.480191       0.560139       
125         0.896091       0.884516       
126         0.334271       0.366709       
127         0.798897       0.833718       
128         0.576772       0.49769        
129         0.876341       0.897481       
130         0.38904        0.330312       
131         0.8533         0.79413        
132         0.449393       0.586921       
133         0.888306       0.870377       
134         0.356195       0.405028       
135         0.823259       0.865119       
136         0.522359       0.41891        
137         0.895705       0.873894       
138         0.335368       0.39563        
139         0.800198       0.858394       
140         0.573974       0.436378       
141         0.877855       0.882968       
142         0.38494        0.370973       
143         0.849972       0.837734       
144         0.457794       0.488009       
145         0.891105       0.896984       
146         0.348362       0.33173        
147         0.814951       0.79585        
148         0.541392       0.583278       
149         0.891349       0.872603       
150         0.347676       0.39909        
151         0.814203       0.860944       
152         0.543082       0.429793       
153         0.890837       0.879805       
154         0.349116       0.379637       
155         0.81577        0.84549        
156         0.539539       0.468984       
157         0.891888       0.894047       
158         0.346163       0.340071       
159         0.812539       0.805678       
160         0.546826       0.562055       
161         0.889628       0.883676       
162         0.352501       0.369027       
163         0.819396       0.835917       
164         0.53127        0.492403       
165         0.89399        0.897293       
166         0.340232       0.330849       
167         0.805862       0.794782       
168         0.561649       0.585541       
169         0.883856       0.871231       
170         0.36853        0.402753       
171         0.83545        0.86355        
172         0.49353        0.423016       
173         0.89735        0.876224       
174         0.330686       0.389356       
175         0.794585       0.853551       
176         0.585959       0.448756       
177         0.870974       0.888073       
178         0.403438       0.356844       
179         0.864026       0.823928       
180         0.421771       0.520803       
181         0.87553        0.895946       
182         0.391228       0.334683       
183         0.855026       0.799386       
184         0.445005       0.57572        
185         0.886642       0.876917       
186         0.360823       0.387483       
187         0.827961       0.85205        
188         0.511366       0.452558       
189         0.897036       0.88942        
190         0.33158        0.353084       
191         0.795669       0.820013       
192         0.583661       0.529855       
193         0.872373       0.8943         
194         0.399705       0.339353       
195         0.861388       0.804851       
196         0.428641       0.563866       
197         0.879219       0.882857       
198         0.381232       0.37128        
199         0.84686        0.838017       
200         0.465581       0.487322       
201         0.893247       0.896923       
202         0.342331       0.331903       
203         0.808254       0.796059       
204         0.556375       0.582833       
205         0.88609        0.872868       
206         0.362354       0.39838        
207         0.829482       0.860428       
208         0.507775       0.43113        
209         0.897283       0.880472       
210         0.330877       0.377814       
211         0.794816       0.843903       
212         0.585469       0.472912       
213         0.871275       0.894866       
214         0.402635       0.337751       
215         0.863467       0.802994       
216         0.423231       0.567919       
217         0.876342       0.880939       
218         0.389036       0.376538       
219         0.853296       0.842778       
220         0.449403       0.475686       
221         0.888309       0.895378       
222         0.356185       0.336299       
223         0.823249       0.801295       
224         0.522381       0.571605       
225         0.895702       0.879093       
226         0.335378       0.381576       
227         0.80021        0.847153       
228         0.573947       0.46485        
229         0.877869       0.893065       
230         0.384902       0.342846       
231         0.849941       0.808836       
232         0.457873       0.555086       
233         0.891129       0.886606       
234         0.348295       0.360923       
235         0.814879       0.828061       
236         0.541557       0.51113        
237         0.8913         0.897055       
238         0.347814       0.331526       
239         0.814354       0.795603       
240         0.542743       0.583801       
241         0.890941       0.872289       
242         0.348822       0.39993        
243         0.815451       0.86155        
244         0.540261       0.428222       
245         0.891681       0.879004       
246         0.346744       0.381818       
247         0.81318        0.847358       
248         0.545386       0.464339       
249         0.890105       0.892934       
250         0.351167       0.343213       
251         0.817977       0.80925        
252         0.534517       0.554168       
253         0.893223       0.886966       
254         0.342399       0.359923       
255         0.808332       0.827059       
256         0.556204       0.513487       
257         0.886159       0.896847       
258         0.362162       0.33212        
259         0.829293       0.79632        
260         0.508223       0.582278       
261         0.897257       0.873197       
262         0.33095        0.397499       
263         0.794906       0.859782       
264         0.58528        0.4328         
265         0.871391       0.881288       
266         0.402327       0.375583       
267         0.863251       0.841928       
268         0.423794       0.477775       
269         0.876652       0.895727       
270         0.3882         0.335307       
271         0.852628       0.800126       
272         0.451097       0.574129       
273         0.888915       0.877773       
274         0.354496       0.385163       
275         0.821495       0.850157       
276         0.526441       0.457331       
277         0.89499        0.890964       
278         0.337398       0.348759       
279         0.802583       0.815383       
280         0.568812       0.540416       
281         0.880501       0.891636       
282         0.377736       0.34687        
283         0.843835       0.813319       
284         0.473081       0.545074       
285         0.894899       0.890206       
286         0.337658       0.350883       
287         0.802886       0.817673       
288         0.568154       0.535211       
289         0.880825       0.893049       
290         0.376852       0.34289        
291         0.843056       0.808886       
292         0.475002       0.554977       
293         0.895257       0.886649       
294         0.336642       0.360803       
295         0.801698       0.827941       
296         0.570732       0.511413       
297         0.879539       0.897032       
298         0.380361       0.331591       
299         0.846114       0.795682       
300         0.467436       0.583633       
301         0.893693       0.87239        
302         0.341071       0.39966        
303         0.806822       0.861355       
304         0.559539       0.428726       
305         0.884774       0.879263       
306         0.365997       0.381114       
307         0.833035       0.846759       
308         0.499325       0.465832       
309         0.897498       0.893309       
310         0.330262       0.342156       
311         0.794069       0.808056       
312         0.587049       0.556814       
313         0.870296       0.885912       
314         0.405241       0.362847       
315         0.865265       0.829969       
316         0.418528       0.506622       
317         0.873671       0.897343       
318         0.396228       0.330707       
319         0.858841       0.79461        
320         0.435227       0.585906       
321         0.882438       0.871006       
322         0.37243        0.403352       
323         0.839076       0.863966       
324         0.484748       0.421927       
325         0.896665       0.875618       
326         0.332639       0.390991       
327         0.796945       0.85484        
328         0.580948       0.445477       
329         0.873976       0.886828       
330         0.395409       0.360308       
331         0.858228       0.827445       
332         0.436805       0.512579       
333         0.883163       0.896932       
334         0.370438       0.331878       
335         0.837237       0.796028       
336         0.489214       0.582899       
337         0.897082       0.872829       
338         0.331449       0.398485       
339         0.79551        0.860504       
340         0.583999       0.430932       
341         0.87217        0.880374       
342         0.400248       0.378082       
343         0.861778       0.844139       
344         0.427629       0.472331       
345         0.878697       0.894752       
346         0.382653       0.338074       
347         0.848065       0.80337        
348         0.462575       0.567099       
349         0.892472       0.881337       
350         0.344518       0.37545        
351         0.810713       0.84181        
352         0.550913       0.478066       
353         0.888194       0.895773       
354         0.356506       0.335176       
355         0.82358        0.799971       
356         0.521613       0.574463       
357         0.895823       0.877594       
358         0.335033       0.385647       
359         0.799802       0.850555       
360         0.574827       0.45633        
361         0.8774         0.890654       
362         0.386175       0.349629       
363         0.850987       0.816325       
364         0.45524        0.538279       
365         0.890308       0.89224        
366         0.350599       0.345172       
367         0.817369       0.811441       
368         0.535904       0.549285       
369         0.892872       0.88878        
370         0.343389       0.354873       
371         0.809448       0.821888       
372         0.553728       0.525534       
373         0.887137       0.895159       
374         0.359449       0.336918       
375         0.826581       0.802022       
376         0.514607       0.570031       
377         0.896734       0.879893       
378         0.332442       0.379395       
379         0.796708       0.845281       
380         0.581452       0.469504       
381         0.873682       0.894161       
382         0.396198       0.339747       
383         0.858818       0.805305       
384         0.435286       0.562872       
385         0.882465       0.883309       
386         0.372356       0.370037       
387         0.839008       0.836863       
388         0.484914       0.490118       
389         0.896683       0.897149       
390         0.332587       0.331258       
391         0.796883       0.795278       
392         0.58108        0.58449        
393         0.8739         0.871872       
394         0.395615       0.401042       
395         0.858382       0.862345       
396         0.436408       0.426156       
397         0.882982       0.877924       
398         0.370935       0.384753       
399         0.837699       0.849818       
400         0.488095       0.458183       
401         0.896991       0.891222       
402         0.331709       0.348033       
403         0.795824       0.814593       
404         0.583332       0.542203       
405         0.87257        0.891106       
406         0.399177       0.34836        
407         0.861007       0.814949       
408         0.42963        0.541398       
409         0.879723       0.891347       
410         0.37986        0.347681       
411         0.845684       0.814208       
412         0.468505       0.54307        
413         0.893939       0.89084        
414         0.340375       0.349105       
415         0.806027       0.815759       
416         0.561288       0.539565       
417         0.884015       0.89188        
418         0.368091       0.346183       
419         0.835034       0.812562       
420         0.494529       0.546776       
421         0.897393       0.889645       
422         0.330564       0.352454       
423         0.794436       0.819346       
424         0.586273       0.531384       
425         0.87078        0.893964       
426         0.403956       0.340305       
427         0.864384       0.805946       
428         0.420836       0.561466       
429         0.875001       0.883937       
430         0.392652       0.368308       
431         0.856131       0.835239       
432         0.442184       0.494037       
433         0.8855         0.897372       
434         0.36399        0.330622       
435         0.83109        0.794507       
436         0.503963       0.586124       
437         0.897444       0.870872       
438         0.330418       0.403711       
439         0.794259       0.864215       
440         0.586648       0.421277       
441         0.870547       0.875252       
442         0.404575       0.391978       
443         0.86481        0.855609       
444         0.419721       0.443516       
445         0.874364       0.886046       
446         0.394368       0.362476       
447         0.857443       0.829603       
448         0.438823       0.50749        
449         0.884064       0.897299       
450         0.367956       0.330832       
451         0.834907       0.794762       
452         0.494837       0.585583       
453         0.897404       0.871205       
454         0.330531       0.402823       
455         0.794396       0.863598       
456         0.586359       0.422889       
457         0.870726       0.876154       
458         0.404098       0.389545       
459         0.864482       0.853701       
460         0.420579       0.448375       
461         0.874856       0.887932       
462         0.393045       0.357236       
463         0.856433       0.824331       
464         0.441411       0.519867       
465         0.885177       0.896083       
466         0.364884       0.334294       
467         0.831959       0.798924       
468         0.501893       0.576713       
469         0.897487       0.876373       
470         0.330294       0.388951       
471         0.794108       0.853229       
472         0.586967       0.449573       
473         0.870348       0.888371       
474         0.405104       0.356012       
475         0.865171       0.823071       
476         0.418773       0.522795       
477         0.873814       0.895635       
478         0.395845       0.335569       
479         0.858555       0.800435       
480         0.435964       0.573462       
481         0.882779       0.878126       
482         0.371495       0.384204       
483         0.838216       0.849363       
484         0.48684        0.459324       
485         0.896878       0.89156        
486         0.332031       0.347083       
487         0.796213       0.813553       
488         0.582506       0.544548       
489         0.873062       0.890376       
490         0.397861       0.350409       
491         0.860048       0.817164       
492         0.432113       0.53637        
493         0.880955       0.892751       
494         0.376495       0.34373        
495         0.84274        0.809831       
496         0.47578        0.552877       
497         0.895394       0.887462       
498         0.336252       0.358544       
499         0.80124        0.825665       
500         0.571723       0.516754       
501         0.879032       0.896492       
502         0.381741       0.33313        
503         0.847293       0.797534       
504         0.464501       0.57969        
505         0.892976       0.874702       
506         0.343096       0.393458       
507         0.809118       0.856749       
508         0.554461       0.4406         
509         0.886852       0.884833       
510         0.360241       0.365833       
511         0.827378       0.832877       
512         0.512737       0.499702       
513         0.896918       0.8975         
514         0.331919       0.330258       
515         0.796078       0.794064       
516         0.582793       0.587059       
517         0.872891       0.87029        
518         0.398317       0.405257       
519         0.860382       0.865276       
520         0.431249       0.4185         
521         0.880531       0.873654       
522         0.377654       0.396273       
523         0.843763       0.858874       
524         0.473259       0.435141       
525         0.894933       0.882398       
526         0.337561       0.37254        
527         0.802773       0.839177       
528         0.5684         0.484502       
529         0.880704       0.896638       
530         0.377182       0.332716       
531         0.843347       0.797037       
532         0.474284       0.58075        
533         0.895126       0.874091       
534         0.337013       0.3951         
535         0.802133       0.857996       
536         0.56979        0.437402       
537         0.880014       0.883433       
538         0.379065       0.369696       
539         0.844995       0.836545       
540         0.470212       0.490887       
541         0.894314       0.897202       
542         0.339313       0.331108       
543         0.804805       0.795097       
544         0.563967       0.584874       
545         0.88281        0.871639       
546         0.371408       0.401666       
547         0.838136       0.862786       
548         0.487034       0.425007       
549         0.896896       0.87731        
550         0.331979       0.386417       
551         0.79615        0.851185       
552         0.582639       0.454741       
553         0.872983       0.890146       
554         0.398072       0.351051       
555         0.860202       0.817853       
556         0.431713       0.534801       
557         0.880759       0.893152       
558         0.37703        0.342599       
559         0.843214       0.808557       
560         0.474614       0.555705       
561         0.895186       0.88636        
562         0.336842       0.361606       
563         0.801932       0.828741       
564         0.570225       0.509527       
565         0.879796       0.897174       
566         0.379662       0.331187       
567         0.845512       0.795193       
568         0.468931       0.584672       
569         0.894035       0.871762       
570         0.340105       0.401336       
571         0.805717       0.862553       
572         0.561969       0.425614       
573         0.883714       0.877635       
574         0.368922       0.385535       
575         0.835819       0.850463       
576         0.492641       0.45656        
577         0.897306       0.890726       
578         0.330812       0.349427       
579         0.794738       0.816107       
580         0.585635       0.538774       
581         0.871173       0.892103       
582         0.402907       0.345557       
583         0.863657       0.811869       
584         0.422736       0.548328       
585         0.876069       0.889115       
586         0.389774       0.353936       
587         0.853883       0.820908       
588         0.447914       0.527794       
589         0.887761       0.894727       
590         0.357714       0.338145       
591         0.824819       0.803453       
592         0.518728       0.566921       
593         0.896241       0.881423       
594         0.333845       0.375215       
595         0.79839        0.841599       
596         0.577859       0.478583       
597         0.875737       0.895853       
598         0.390669       0.334947       
599         0.854588       0.7997         
600         0.446119       0.575046       
601         0.887078       0.877282       
602         0.359613       0.386494       
603         0.826747       0.851248       
604         0.51422        0.454583       
605         0.896774       0.890095       
606         0.332327       0.351195       
607         0.79657        0.818007       
608         0.581745       0.534448       
609         0.873511       0.89324        
610         0.396658       0.342351       
611         0.85916        0.808277       
612         0.434403       0.556325       
613         0.882053       0.886111       
614         0.373489       0.362298       
615         0.840042       0.829427       
616         0.482394       0.507906       
617         0.896387       0.897276       
618         0.333429       0.330898       
619         0.797892       0.794842       
620         0.578924       0.585415       
621         0.875138       0.871308       
622         0.392285       0.402547       
623         0.855847       0.863406       
624         0.442908       0.423392       
625         0.885798       0.876431       
626         0.363163       0.388796       
627         0.830279       0.853105       
628         0.505887       0.449887       
629         0.897376       0.888484       
630         0.330613       0.355697       
631         0.794495       0.822744       
632         0.586148       0.523553       
633         0.870857       0.895508       
634         0.40375        0.335927       
635         0.864242       0.800858       
636         0.421206       0.57255        
637         0.875212       0.878604       
638         0.392086       0.382905       
639         0.855693       0.848277       
640         0.443302       0.462044       
641         0.885959       0.892328       
642         0.362717       0.344922       
643         0.82984        0.811164       
644         0.506927       0.549906       
645         0.897328       0.888559       
646         0.330749       0.355489       
647         0.794661       0.822529       
648         0.585797       0.524051       
649         0.871073       0.895423       
650         0.403173       0.336169       
651         0.863842       0.801142       
652         0.422252       0.571935       
653         0.875799       0.878923       
654         0.390502       0.382038       
655         0.854457       0.847545       
656         0.446454       0.463873       
657         0.887207       0.892814       
658         0.359254       0.343552       
659         0.826384       0.809631       
660         0.515069       0.553322       
661         0.896685       0.887293       
662         0.332582       0.359016       
663         0.796877       0.826143       
664         0.581093       0.515634       
665         0.873892       0.896622       
666         0.395635       0.332759       
667         0.858398       0.79709        
668         0.436369       0.580639       
669         0.882964       0.874156       
670         0.370985       0.394927       
671         0.837745       0.857865       
672         0.487983       0.437738       
673         0.896982       0.883583       
674         0.331736       0.369282       
675         0.795857       0.836157       
676         0.583262       0.491825       
677         0.872612       0.89726        
678         0.399065       0.330942       
679         0.860925       0.794896       
680         0.429841       0.585301       
681         0.879829       0.871378       
682         0.379571       0.402361       
683         0.845434       0.863275       
684         0.469126       0.423732       
685         0.894078       0.876618       
686         0.339982       0.388292       
687         0.805576       0.852701       
688         0.562278       0.45091        
689         0.883576       0.888849       
690         0.369302       0.35468        
691         0.836176       0.821686       
692         0.49178        0.525999       
693         0.897257       0.895073       
694         0.33095        0.337162       
695         0.794905       0.802307       
696         0.585281       0.569411       
697         0.87139        0.880204       
698         0.402329       0.378548       
699         0.863253       0.844546       
700         0.423791       0.471325       
701         0.87665        0.894548       
702         0.388204       0.338651       
703         0.852631       0.80404        
704         0.451088       0.56564        
705         0.888911       0.882032       
706         0.354506       0.373544       
707         0.821505       0.840092       
708         0.526419       0.482271       
709         0.894994       0.896372       
710         0.337386       0.333473       
711         0.802569       0.797945       
712         0.568843       0.57881        
713         0.880486       0.875202       
714         0.377778       0.392112       
715         0.843872       0.855713       
716         0.47299        0.443251       
717         0.894881       0.885939       
718         0.337708       0.362774       
719         0.802944       0.829897       
720         0.568028       0.506794       
721         0.880886       0.897334       
722         0.376683       0.33073        
723         0.842907       0.794639       
724         0.475369       0.585845       
725         0.895322       0.871044       
726         0.336456       0.403252       
727         0.80148        0.863897       
728         0.571204       0.422108       
729         0.879299       0.875719       
730         0.381016       0.390719       
731         0.846676       0.854627       
732         0.46604        0.446021       
733         0.89336        0.88704        
734         0.342013       0.359719       
735         0.807894       0.826853       
736         0.557173       0.513969       
737         0.885765       0.896799       
738         0.363255       0.332255       
739         0.83037        0.796484       
740         0.505672       0.58193        
741         0.897385       0.873402       
742         0.330587       0.39695        
743         0.794464       0.859377       
744         0.586214       0.433846       
745         0.870816       0.881789       
746         0.403858       0.374212       
747         0.864317       0.840696       
748         0.421011       0.480794       
749         0.875101       0.896176       
750         0.392384       0.334031       
751         0.855923       0.79861        
752         0.442714       0.577386       
753         0.885719       0.876001       
754         0.363383       0.389958       
755         0.830496       0.854028       
756         0.505373       0.447545       
757         0.897396       0.887622       
758         0.330553       0.358099       
759         0.794423       0.825213       
760         0.5863         0.51781        
761         0.870762       0.896361       
762         0.404001       0.333503       
763         0.864415       0.797981       
764         0.420753       0.578735       
765         0.874954       0.875245       
766         0.392779       0.391997       
767         0.856228       0.855624       
768         0.441935       0.443479       
769         0.885396       0.886031       
770         0.364277       0.362518       
771         0.831369       0.829644       
772         0.503298       0.507392       
773         0.897461       0.897304       
774         0.330369       0.330817       
775         0.794199       0.794744       
776         0.586775       0.585622       
777         0.870468       0.871181       
778         0.404786       0.402886       
779         0.864954       0.863642       
780         0.419343       0.422775       
781         0.874145       0.87609        
782         0.394955       0.389717       
783         0.857886       0.853837       
784         0.437684       0.448029       
785         0.883559       0.887804       
786         0.369349       0.357594       
787         0.83622        0.824697       
788         0.491674       0.519014       
789         0.897251       0.896202       
790         0.330968       0.333956       
791         0.794927       0.798521       
792         0.585235       0.577578       
793         0.871418       0.875894       
794         0.402253       0.390246       
795         0.8632         0.854255       
796         0.423929       0.446968       
797         0.876725       0.887403       
798         0.388001       0.358708       
799         0.852468       0.825831       
800         0.451502       0.516365       
801         0.889056       0.896539       
802         0.354101       0.332998       
803         0.821081       0.797376       
804         0.527396       0.580027       
805         0.894806       0.874509       
806         0.337922       0.393978       
807         0.803193       0.857146       
808         0.567486       0.439583       
809         0.88115        0.884396       
810         0.375962       0.367041       
811         0.842266       0.834036       
812         0.476945       0.496927       
813         0.895592       0.897466       
814         0.335691       0.330354       
815         0.800579       0.794181       
816         0.573152       0.586813       
817         0.878289       0.870444       
818         0.383762       0.404848       
819         0.848994       0.864997       
820         0.460248       0.419231       
821         0.891827       0.87408        
822         0.346333       0.39513        
823         0.812727       0.858018       
824         0.546404       0.437345       
825         0.889769       0.883407       
826         0.352106       0.369767       
827         0.818978       0.836611       
828         0.532229       0.490728       
829         0.893771       0.897191       
830         0.34085        0.331138       
831         0.80657        0.795133       
832         0.560093       0.584798       
833         0.884536       0.871686       
834         0.366654       0.401541       
835         0.833666       0.862698       
836         0.497815       0.425237       
837         0.897483       0.877434       
838         0.330306       0.386083       
839         0.794123       0.850912       
840         0.586936       0.45543        
841         0.870368       0.890369       
842         0.405052       0.350429       
843         0.865136       0.817186       
844         0.418866       0.536321       
845         0.873868       0.892764       
846         0.395699       0.343694       
847         0.858446       0.809791       
848         0.436245       0.552967       
849         0.882908       0.887428       
850         0.37114        0.358639       
851         0.837888       0.825761       
852         0.487635       0.516529       
853         0.896951       0.896519       
854         0.331823       0.333053       
855         0.795962       0.797442       
856         0.583039       0.579886       
857         0.872746       0.87459        
858         0.398708       0.393761       
859         0.860667       0.85698        
860         0.430512       0.440008       
861         0.880165       0.88458        
862         0.378653       0.366534       
863         0.844637       0.83355        
864         0.471099       0.498091       
865         0.894501       0.897487       
866         0.338784       0.330295       
867         0.804193       0.794109       
868         0.565305       0.586965       
869         0.88219        0.870349       
870         0.373112       0.405102       
871         0.839699       0.86517        
872         0.48323        0.418778       
873         0.89649        0.873817       
874         0.333135       0.395838       
875         0.797541       0.858549       
876         0.579676       0.435978       
877         0.87471        0.882785       
878         0.393437       0.371476       
879         0.856733       0.838199       
880         0.440642       0.48688        
881         0.884851       0.896882       
882         0.365783       0.33202        
883         0.832829       0.7962         
884         0.499816       0.582534       
885         0.8975         0.873045       
886         0.330258       0.397905       
887         0.794064       0.86008        
888         0.587061       0.432029       
889         0.870289       0.880914       
890         0.40526        0.376608       
891         0.865277       0.84284        
892         0.418496       0.475534       
893         0.873652       0.895351       
894         0.39628        0.336374       
895         0.858879       0.801383       
896         0.435128       0.571413       
897         0.882392       0.879191       
898         0.372557       0.381308       
899         0.839192       0.846925       
900         0.484465       0.465419       
901         0.896634       0.893207       
902         0.332728       0.342444       
903         0.797052       0.808382       
904         0.58072        0.556093       
905         0.874109       0.886204       
906         0.395053       0.362038       
907         0.85796        0.82917        
908         0.437493       0.508514       
909         0.883473       0.89724        
910         0.369584       0.331          
911         0.83644        0.794966       
912         0.491141       0.585152       
913         0.897218       0.871469       
914         0.331061       0.402118       
915         0.79504        0.863105       
916         0.584995       0.424177       
917         0.871566       0.876861       
918         0.401861       0.387634       
919         0.862924       0.852173       
920         0.424648       0.452249       
921         0.877116       0.889314       
922         0.386943       0.35338        
923         0.851613       0.820324       
924         0.453663       0.529139       
925         0.889792       0.894452       
926         0.352044       0.338924       
927         0.818911       0.804355       
928         0.532381       0.564951       
929         0.893736       0.882355       
930         0.34095        0.372658       
931         0.806684       0.839284       
932         0.559842       0.484241       
933         0.884644       0.896608       
934         0.366356       0.332799       
935         0.83338        0.797138       
936         0.498499       0.580536       
937         0.897492       0.874215       
938         0.330281       0.394768       
939         0.794091       0.857745       
940         0.587002       0.438047       
941         0.870326       0.883721       
942         0.405163       0.368902       
943         0.865211       0.8358         
944         0.418669       0.492686       
945         0.873753       0.897308       
946         0.396008       0.330806       
947         0.858677       0.79473        
948         0.435651       0.585652       
949         0.882634       0.871163       
950         0.371891       0.402935       
951         0.838582       0.863676       
952         0.485951       0.422685       
953         0.896791       0.87604        
954         0.332278       0.389852       
955         0.796511       0.853944       
956         0.581872       0.447758       
957         0.873436       0.887702       
958         0.396858       0.357876       
959         0.859309       0.824985       
960         0.434021       0.518341       
961         0.881872       0.896292       
962         0.373984       0.333699       
963         0.840491       0.798215       
964         0.481297       0.578234       
965         0.896244       0.875527       
966         0.333836       0.391236       
967         0.798378       0.855031       
968         0.577884       0.44499        
969         0.875723       0.886636       
970         0.390707       0.360839       
971         0.854617       0.827977       
972         0.446045       0.511328       
973         0.887049       0.897039       
974         0.359693       0.331572       
975         0.826827       0.795658       
976         0.514031       0.583684       
977         0.896793       0.872359       
978         0.332273       0.399742       
979         0.796505       0.861414       
980         0.581885       0.428573       
981         0.873428       0.879184       
982         0.396879       0.381327       
983         0.859324       0.846941       
984         0.433982       0.465379       
985         0.881853       0.893197       
986         0.374035       0.342472       
987         0.840537       0.808414       
988         0.481184       0.556021       
989         0.896229       0.886233       
990         0.333879       0.361958       
991         0.79843        0.82909        
992         0.577773       0.508702       
993         0.875785       0.897228       
994         0.390539       0.331033       
995         0.854486       0.795006       
996         0.446379       0.585067       
997         0.887178       0.871521       
998         0.359334       0.401979       
999         0.826465       0.863007       
