# lambda = 2.99
#===============================================
0           0.5            0.5005         
1           0.7475         0.747499       
2           0.564344       0.564345       
3           0.735121       0.735121       
4           0.582207       0.582208       
5           0.727294       0.727293       
6           0.59303        0.59303        
7           0.721623       0.721623       
8           0.600641       0.600641       
9           0.717216       0.717215       
10          0.606424       0.606424       
11          0.713635       0.713635       
12          0.611037       0.611037       
13          0.710636       0.710636       
14          0.614841       0.614841       
15          0.708066       0.708066       
16          0.618058       0.618058       
17          0.705826       0.705826       
18          0.62083        0.62083        
19          0.703846       0.703846       
20          0.623256       0.623256       
21          0.702076       0.702076       
22          0.625404       0.625404       
23          0.700479       0.700478       
24          0.627327       0.627327       
25          0.699026       0.699026       
26          0.629062       0.629063       
27          0.697695       0.697695       
28          0.630641       0.630641       
29          0.69647        0.69647        
30          0.632085       0.632085       
31          0.695335       0.695335       
32          0.633414       0.633414       
33          0.69428        0.69428        
34          0.634643       0.634643       
35          0.693295       0.693295       
36          0.635785       0.635785       
37          0.692372       0.692372       
38          0.636849       0.636849       
39          0.691504       0.691504       
40          0.637845       0.637845       
41          0.690686       0.690686       
42          0.63878        0.63878        
43          0.689913       0.689913       
44          0.63966        0.63966        
45          0.68918        0.68918        
46          0.64049        0.64049        
47          0.688485       0.688485       
48          0.641276       0.641276       
49          0.687823       0.687823       
50          0.64202        0.64202        
51          0.687192       0.687192       
52          0.642727       0.642727       
53          0.68659        0.68659        
54          0.6434         0.6434         
55          0.686015       0.686015       
56          0.644042       0.644042       
57          0.685464       0.685464       
58          0.644654       0.644654       
59          0.684935       0.684935       
60          0.645239       0.645239       
61          0.684428       0.684428       
62          0.645799       0.645799       
63          0.68394        0.68394        
64          0.646336       0.646336       
65          0.683471       0.683471       
66          0.646852       0.646852       
67          0.68302        0.68302        
68          0.647347       0.647347       
69          0.682584       0.682584       
70          0.647822       0.647823       
71          0.682164       0.682164       
72          0.648281       0.648281       
73          0.681758       0.681758       
74          0.648722       0.648722       
75          0.681367       0.681366       
76          0.649147       0.649148       
77          0.680988       0.680988       
78          0.649558       0.649558       
79          0.680621       0.680621       
80          0.649955       0.649955       
81          0.680266       0.680266       
82          0.650338       0.650338       
83          0.679922       0.679922       
84          0.650708       0.650708       
85          0.679588       0.679588       
86          0.651067       0.651067       
87          0.679265       0.679265       
88          0.651414       0.651414       
89          0.678951       0.678951       
90          0.65175        0.65175        
91          0.678646       0.678646       
92          0.652076       0.652076       
93          0.67835        0.67835        
94          0.652392       0.652392       
95          0.678062       0.678062       
96          0.652699       0.652699       
97          0.677783       0.677783       
98          0.652996       0.652996       
99          0.677511       0.677511       
100         0.653285       0.653285       
101         0.677246       0.677246       
102         0.653566       0.653566       
103         0.676989       0.676989       
104         0.653838       0.653838       
105         0.676738       0.676738       
106         0.654103       0.654103       
107         0.676494       0.676494       
108         0.654361       0.654361       
109         0.676256       0.676256       
110         0.654612       0.654612       
111         0.676024       0.676024       
112         0.654856       0.654856       
113         0.675799       0.675799       
114         0.655094       0.655094       
115         0.675578       0.675578       
116         0.655325       0.655325       
117         0.675364       0.675364       
118         0.65555        0.65555        
119         0.675154       0.675154       
120         0.65577        0.65577        
121         0.67495        0.67495        
122         0.655983       0.655983       
123         0.674751       0.674751       
124         0.656192       0.656192       
125         0.674556       0.674556       
126         0.656395       0.656395       
127         0.674366       0.674366       
128         0.656593       0.656593       
129         0.674181       0.674181       
130         0.656786       0.656786       
131         0.674          0.674          
132         0.656975       0.656975       
133         0.673823       0.673823       
134         0.657159       0.657159       
135         0.67365        0.67365        
136         0.657338       0.657338       
137         0.673482       0.673482       
138         0.657513       0.657513       
139         0.673317       0.673317       
140         0.657684       0.657684       
141         0.673156       0.673156       
142         0.657851       0.657851       
143         0.672998       0.672998       
144         0.658014       0.658014       
145         0.672844       0.672844       
146         0.658173       0.658173       
147         0.672694       0.672694       
148         0.658329       0.658329       
149         0.672547       0.672547       
150         0.658481       0.658481       
151         0.672403       0.672403       
152         0.658629       0.658629       
153         0.672262       0.672262       
154         0.658774       0.658774       
155         0.672125       0.672125       
156         0.658916       0.658916       
157         0.67199        0.67199        
158         0.659054       0.659054       
159         0.671858       0.671858       
160         0.65919        0.65919        
161         0.671729       0.671729       
162         0.659322       0.659322       
163         0.671603       0.671603       
164         0.659451       0.659451       
165         0.67148        0.67148        
166         0.659578       0.659578       
167         0.67136        0.67136        
168         0.659701       0.659701       
169         0.671241       0.671241       
170         0.659822       0.659822       
171         0.671126       0.671126       
172         0.659941       0.659941       
173         0.671013       0.671013       
174         0.660056       0.660056       
175         0.670902       0.670902       
176         0.66017        0.66017        
177         0.670794       0.670794       
178         0.66028        0.66028        
179         0.670688       0.670688       
180         0.660389       0.660389       
181         0.670584       0.670584       
182         0.660494       0.660494       
183         0.670482       0.670482       
184         0.660598       0.660598       
185         0.670383       0.670383       
186         0.6607         0.6607         
187         0.670285       0.670285       
188         0.660799       0.660799       
189         0.67019        0.67019        
190         0.660896       0.660896       
191         0.670096       0.670096       
192         0.660991       0.660991       
193         0.670005       0.670005       
194         0.661084       0.661084       
195         0.669915       0.669915       
196         0.661175       0.661175       
197         0.669827       0.669827       
198         0.661264       0.661264       
199         0.669742       0.669742       
200         0.661352       0.661352       
201         0.669657       0.669657       
202         0.661437       0.661437       
203         0.669575       0.669575       
204         0.661521       0.661521       
205         0.669494       0.669494       
206         0.661602       0.661602       
207         0.669415       0.669415       
208         0.661683       0.661683       
209         0.669338       0.669338       
210         0.661761       0.661761       
211         0.669262       0.669262       
212         0.661838       0.661838       
213         0.669187       0.669187       
214         0.661913       0.661913       
215         0.669115       0.669115       
216         0.661987       0.661987       
217         0.669043       0.669043       
218         0.662059       0.662059       
219         0.668973       0.668973       
220         0.662129       0.662129       
221         0.668905       0.668905       
222         0.662199       0.662199       
223         0.668838       0.668838       
224         0.662266       0.662266       
225         0.668772       0.668772       
226         0.662333       0.662333       
227         0.668708       0.668708       
228         0.662398       0.662398       
229         0.668645       0.668645       
230         0.662461       0.662461       
231         0.668583       0.668583       
232         0.662524       0.662524       
233         0.668522       0.668522       
234         0.662585       0.662585       
235         0.668463       0.668463       
236         0.662644       0.662644       
237         0.668405       0.668405       
238         0.662703       0.662703       
239         0.668348       0.668348       
240         0.66276        0.66276        
241         0.668292       0.668292       
242         0.662816       0.662816       
243         0.668238       0.668238       
244         0.662871       0.662871       
245         0.668184       0.668184       
246         0.662925       0.662925       
247         0.668131       0.668131       
248         0.662978       0.662978       
249         0.66808        0.66808        
250         0.66303        0.66303        
251         0.66803        0.66803        
252         0.66308        0.66308        
253         0.66798        0.66798        
254         0.66313        0.66313        
255         0.667932       0.667932       
256         0.663179       0.663179       
257         0.667884       0.667884       
258         0.663226       0.663226       
259         0.667838       0.667838       
260         0.663273       0.663273       
261         0.667792       0.667792       
262         0.663319       0.663319       
263         0.667748       0.667748       
264         0.663363       0.663363       
265         0.667704       0.667704       
266         0.663407       0.663407       
267         0.667661       0.667661       
268         0.66345        0.66345        
269         0.667619       0.667619       
270         0.663492       0.663492       
271         0.667578       0.667578       
272         0.663534       0.663534       
273         0.667538       0.667538       
274         0.663574       0.663574       
275         0.667498       0.667498       
276         0.663614       0.663614       
277         0.667459       0.667459       
278         0.663653       0.663653       
279         0.667421       0.667421       
280         0.663691       0.663691       
281         0.667384       0.667384       
282         0.663728       0.663728       
283         0.667348       0.667348       
284         0.663764       0.663764       
285         0.667312       0.667312       
286         0.6638         0.6638         
287         0.667277       0.667277       
288         0.663835       0.663835       
289         0.667243       0.667243       
290         0.66387        0.66387        
291         0.667209       0.667209       
292         0.663903       0.663903       
293         0.667176       0.667176       
294         0.663936       0.663936       
295         0.667144       0.667144       
296         0.663968       0.663968       
297         0.667112       0.667112       
298         0.664          0.664          
299         0.667081       0.667081       
300         0.664031       0.664031       
301         0.66705        0.66705        
302         0.664061       0.664061       
303         0.667021       0.667021       
304         0.664091       0.664091       
305         0.666991       0.666991       
306         0.66412        0.66412        
307         0.666963       0.666963       
308         0.664149       0.664149       
309         0.666935       0.666935       
310         0.664177       0.664177       
311         0.666907       0.666907       
312         0.664205       0.664205       
313         0.66688        0.66688        
314         0.664231       0.664231       
315         0.666854       0.666854       
316         0.664258       0.664258       
317         0.666828       0.666828       
318         0.664284       0.664284       
319         0.666803       0.666803       
320         0.664309       0.664309       
321         0.666778       0.666778       
322         0.664334       0.664334       
323         0.666753       0.666753       
324         0.664358       0.664358       
325         0.666729       0.666729       
326         0.664382       0.664382       
327         0.666706       0.666706       
328         0.664405       0.664405       
329         0.666683       0.666683       
330         0.664428       0.664428       
331         0.666661       0.666661       
332         0.664451       0.664451       
333         0.666638       0.666638       
334         0.664473       0.664473       
335         0.666617       0.666617       
336         0.664494       0.664494       
337         0.666596       0.666596       
338         0.664515       0.664515       
339         0.666575       0.666575       
340         0.664536       0.664536       
341         0.666555       0.666555       
342         0.664556       0.664556       
343         0.666535       0.666535       
344         0.664576       0.664576       
345         0.666515       0.666515       
346         0.664595       0.664595       
347         0.666496       0.666496       
348         0.664615       0.664615       
349         0.666477       0.666477       
350         0.664633       0.664633       
351         0.666459       0.666459       
352         0.664652       0.664652       
353         0.666441       0.666441       
354         0.66467        0.66467        
355         0.666423       0.666423       
356         0.664687       0.664687       
357         0.666406       0.666406       
358         0.664704       0.664704       
359         0.666389       0.666389       
360         0.664721       0.664721       
361         0.666372       0.666372       
362         0.664738       0.664738       
363         0.666356       0.666356       
364         0.664754       0.664754       
365         0.66634        0.66634        
366         0.66477        0.66477        
367         0.666324       0.666324       
368         0.664786       0.664786       
369         0.666309       0.666309       
370         0.664801       0.664801       
371         0.666294       0.666294       
372         0.664816       0.664816       
373         0.666279       0.666279       
374         0.66483        0.66483        
375         0.666264       0.666264       
376         0.664845       0.664845       
377         0.66625        0.66625        
378         0.664859       0.664859       
379         0.666236       0.666236       
380         0.664873       0.664873       
381         0.666223       0.666223       
382         0.664886       0.664886       
383         0.666209       0.666209       
384         0.6649         0.6649         
385         0.666196       0.666196       
386         0.664913       0.664913       
387         0.666184       0.666184       
388         0.664925       0.664925       
389         0.666171       0.666171       
390         0.664938       0.664938       
391         0.666159       0.666159       
392         0.66495        0.66495        
393         0.666147       0.666147       
394         0.664962       0.664962       
395         0.666135       0.666135       
396         0.664974       0.664974       
397         0.666123       0.666123       
398         0.664985       0.664985       
399         0.666112       0.666112       
400         0.664997       0.664997       
401         0.666101       0.666101       
402         0.665008       0.665008       
403         0.66609        0.66609        
404         0.665018       0.665018       
405         0.666079       0.666079       
406         0.665029       0.665029       
407         0.666069       0.666069       
408         0.665039       0.665039       
409         0.666058       0.666058       
410         0.66505        0.66505        
411         0.666048       0.666048       
412         0.66506        0.66506        
413         0.666038       0.666038       
414         0.665069       0.665069       
415         0.666029       0.666029       
416         0.665079       0.665079       
417         0.666019       0.666019       
418         0.665089       0.665089       
419         0.66601        0.66601        
420         0.665098       0.665098       
421         0.666001       0.666001       
422         0.665107       0.665107       
423         0.665992       0.665992       
424         0.665116       0.665116       
425         0.665983       0.665983       
426         0.665124       0.665124       
427         0.665975       0.665975       
428         0.665133       0.665133       
429         0.665966       0.665966       
430         0.665141       0.665141       
431         0.665958       0.665958       
432         0.665149       0.665149       
433         0.66595        0.66595        
434         0.665157       0.665157       
435         0.665942       0.665942       
436         0.665165       0.665165       
437         0.665934       0.665934       
438         0.665173       0.665173       
439         0.665927       0.665927       
440         0.66518        0.66518        
441         0.665919       0.665919       
442         0.665188       0.665188       
443         0.665912       0.665912       
444         0.665195       0.665195       
445         0.665905       0.665905       
446         0.665202       0.665202       
447         0.665898       0.665898       
448         0.665209       0.665209       
449         0.665891       0.665891       
450         0.665216       0.665216       
451         0.665884       0.665884       
452         0.665223       0.665223       
453         0.665877       0.665877       
454         0.665229       0.665229       
455         0.665871       0.665871       
456         0.665236       0.665236       
457         0.665865       0.665865       
458         0.665242       0.665242       
459         0.665858       0.665858       
460         0.665248       0.665248       
461         0.665852       0.665852       
462         0.665254       0.665254       
463         0.665846       0.665846       
464         0.66526        0.66526        
465         0.66584        0.66584        
466         0.665266       0.665266       
467         0.665835       0.665835       
468         0.665272       0.665272       
469         0.665829       0.665829       
470         0.665277       0.665277       
471         0.665824       0.665824       
472         0.665283       0.665283       
473         0.665818       0.665818       
474         0.665288       0.665288       
475         0.665813       0.665813       
476         0.665293       0.665293       
477         0.665808       0.665808       
478         0.665298       0.665298       
479         0.665803       0.665803       
480         0.665303       0.665303       
481         0.665798       0.665798       
482         0.665308       0.665308       
483         0.665793       0.665793       
484         0.665313       0.665313       
485         0.665788       0.665788       
486         0.665318       0.665318       
487         0.665783       0.665783       
488         0.665323       0.665323       
489         0.665779       0.665779       
490         0.665327       0.665327       
491         0.665774       0.665774       
492         0.665332       0.665332       
493         0.66577        0.66577        
494         0.665336       0.665336       
495         0.665765       0.665765       
496         0.66534        0.66534        
497         0.665761       0.665761       
498         0.665345       0.665345       
499         0.665757       0.665757       
500         0.665349       0.665349       
501         0.665753       0.665753       
502         0.665353       0.665353       
503         0.665749       0.665749       
504         0.665357       0.665357       
505         0.665745       0.665745       
506         0.665361       0.665361       
507         0.665741       0.665741       
508         0.665364       0.665364       
509         0.665737       0.665737       
510         0.665368       0.665368       
511         0.665734       0.665734       
512         0.665372       0.665372       
513         0.66573        0.66573        
514         0.665375       0.665375       
515         0.665726       0.665726       
516         0.665379       0.665379       
517         0.665723       0.665723       
518         0.665382       0.665382       
519         0.66572        0.66572        
520         0.665386       0.665386       
521         0.665716       0.665716       
522         0.665389       0.665389       
523         0.665713       0.665713       
524         0.665392       0.665392       
525         0.66571        0.66571        
526         0.665395       0.665395       
527         0.665707       0.665707       
528         0.665399       0.665399       
529         0.665704       0.665704       
530         0.665402       0.665402       
531         0.665701       0.665701       
532         0.665405       0.665405       
533         0.665698       0.665698       
534         0.665408       0.665408       
535         0.665695       0.665695       
536         0.66541        0.66541        
537         0.665692       0.665692       
538         0.665413       0.665413       
539         0.665689       0.665689       
540         0.665416       0.665416       
541         0.665686       0.665686       
542         0.665419       0.665419       
543         0.665684       0.665684       
544         0.665421       0.665421       
545         0.665681       0.665681       
546         0.665424       0.665424       
547         0.665678       0.665678       
548         0.665426       0.665426       
549         0.665676       0.665676       
550         0.665429       0.665429       
551         0.665673       0.665673       
552         0.665431       0.665431       
553         0.665671       0.665671       
554         0.665434       0.665434       
555         0.665669       0.665669       
556         0.665436       0.665436       
557         0.665666       0.665666       
558         0.665438       0.665438       
559         0.665664       0.665664       
560         0.665441       0.665441       
561         0.665662       0.665662       
562         0.665443       0.665443       
563         0.66566        0.66566        
564         0.665445       0.665445       
565         0.665657       0.665657       
566         0.665447       0.665447       
567         0.665655       0.665655       
568         0.665449       0.665449       
569         0.665653       0.665653       
570         0.665451       0.665451       
571         0.665651       0.665651       
572         0.665453       0.665453       
573         0.665649       0.665649       
574         0.665455       0.665455       
575         0.665647       0.665647       
576         0.665457       0.665457       
577         0.665645       0.665645       
578         0.665459       0.665459       
579         0.665644       0.665644       
580         0.665461       0.665461       
581         0.665642       0.665642       
582         0.665463       0.665463       
583         0.66564        0.66564        
584         0.665465       0.665465       
585         0.665638       0.665638       
586         0.665466       0.665466       
587         0.665637       0.665637       
588         0.665468       0.665468       
589         0.665635       0.665635       
590         0.66547        0.66547        
591         0.665633       0.665633       
592         0.665471       0.665471       
593         0.665632       0.665632       
594         0.665473       0.665473       
595         0.66563        0.66563        
596         0.665474       0.665474       
597         0.665628       0.665628       
598         0.665476       0.665476       
599         0.665627       0.665627       
600         0.665478       0.665478       
601         0.665625       0.665625       
602         0.665479       0.665479       
603         0.665624       0.665624       
604         0.66548        0.66548        
605         0.665623       0.665623       
606         0.665482       0.665482       
607         0.665621       0.665621       
608         0.665483       0.665483       
609         0.66562        0.66562        
610         0.665485       0.665485       
611         0.665618       0.665618       
612         0.665486       0.665486       
613         0.665617       0.665617       
614         0.665487       0.665487       
615         0.665616       0.665616       
616         0.665489       0.665489       
617         0.665614       0.665614       
618         0.66549        0.66549        
619         0.665613       0.665613       
620         0.665491       0.665491       
621         0.665612       0.665612       
622         0.665492       0.665492       
623         0.665611       0.665611       
624         0.665493       0.665493       
625         0.66561        0.66561        
626         0.665495       0.665495       
627         0.665608       0.665608       
628         0.665496       0.665496       
629         0.665607       0.665607       
630         0.665497       0.665497       
631         0.665606       0.665606       
632         0.665498       0.665498       
633         0.665605       0.665605       
634         0.665499       0.665499       
635         0.665604       0.665604       
636         0.6655         0.6655         
637         0.665603       0.665603       
638         0.665501       0.665501       
639         0.665602       0.665602       
640         0.665502       0.665502       
641         0.665601       0.665601       
642         0.665503       0.665503       
643         0.6656         0.6656         
644         0.665504       0.665504       
645         0.665599       0.665599       
646         0.665505       0.665505       
647         0.665598       0.665598       
648         0.665506       0.665506       
649         0.665597       0.665597       
650         0.665507       0.665507       
651         0.665596       0.665596       
652         0.665508       0.665508       
653         0.665595       0.665595       
654         0.665509       0.665509       
655         0.665595       0.665595       
656         0.665509       0.665509       
657         0.665594       0.665594       
658         0.66551        0.66551        
659         0.665593       0.665593       
660         0.665511       0.665511       
661         0.665592       0.665592       
662         0.665512       0.665512       
663         0.665591       0.665591       
664         0.665513       0.665513       
665         0.665591       0.665591       
666         0.665514       0.665514       
667         0.66559        0.66559        
668         0.665514       0.665514       
669         0.665589       0.665589       
670         0.665515       0.665515       
671         0.665588       0.665588       
672         0.665516       0.665516       
673         0.665588       0.665588       
674         0.665517       0.665517       
675         0.665587       0.665587       
676         0.665517       0.665517       
677         0.665586       0.665586       
678         0.665518       0.665518       
679         0.665585       0.665585       
680         0.665519       0.665519       
681         0.665585       0.665585       
682         0.665519       0.665519       
683         0.665584       0.665584       
684         0.66552        0.66552        
685         0.665583       0.665583       
686         0.665521       0.665521       
687         0.665583       0.665583       
688         0.665521       0.665521       
689         0.665582       0.665582       
690         0.665522       0.665522       
691         0.665582       0.665582       
692         0.665522       0.665522       
693         0.665581       0.665581       
694         0.665523       0.665523       
695         0.66558        0.66558        
696         0.665524       0.665524       
697         0.66558        0.66558        
698         0.665524       0.665524       
699         0.665579       0.665579       
700         0.665525       0.665525       
701         0.665579       0.665579       
702         0.665525       0.665525       
703         0.665578       0.665578       
704         0.665526       0.665526       
705         0.665578       0.665578       
706         0.665526       0.665526       
707         0.665577       0.665577       
708         0.665527       0.665527       
709         0.665577       0.665577       
710         0.665527       0.665527       
711         0.665576       0.665576       
712         0.665528       0.665528       
713         0.665576       0.665576       
714         0.665528       0.665528       
715         0.665575       0.665575       
716         0.665529       0.665529       
717         0.665575       0.665575       
718         0.665529       0.665529       
719         0.665574       0.665574       
720         0.66553        0.66553        
721         0.665574       0.665574       
722         0.66553        0.66553        
723         0.665573       0.665573       
724         0.66553        0.66553        
725         0.665573       0.665573       
726         0.665531       0.665531       
727         0.665573       0.665573       
728         0.665531       0.665531       
729         0.665572       0.665572       
730         0.665532       0.665532       
731         0.665572       0.665572       
732         0.665532       0.665532       
733         0.665571       0.665571       
734         0.665533       0.665533       
735         0.665571       0.665571       
736         0.665533       0.665533       
737         0.665571       0.665571       
738         0.665533       0.665533       
739         0.66557        0.66557        
740         0.665534       0.665534       
741         0.66557        0.66557        
742         0.665534       0.665534       
743         0.665569       0.665569       
744         0.665534       0.665534       
745         0.665569       0.665569       
746         0.665535       0.665535       
747         0.665569       0.665569       
748         0.665535       0.665535       
749         0.665568       0.665568       
750         0.665535       0.665535       
751         0.665568       0.665568       
752         0.665536       0.665536       
753         0.665568       0.665568       
754         0.665536       0.665536       
755         0.665567       0.665567       
756         0.665536       0.665536       
757         0.665567       0.665567       
758         0.665537       0.665537       
759         0.665567       0.665567       
760         0.665537       0.665537       
761         0.665567       0.665567       
762         0.665537       0.665537       
763         0.665566       0.665566       
764         0.665538       0.665538       
765         0.665566       0.665566       
766         0.665538       0.665538       
767         0.665566       0.665566       
768         0.665538       0.665538       
769         0.665565       0.665565       
770         0.665538       0.665538       
771         0.665565       0.665565       
772         0.665539       0.665539       
773         0.665565       0.665565       
774         0.665539       0.665539       
775         0.665565       0.665565       
776         0.665539       0.665539       
777         0.665564       0.665564       
778         0.665539       0.665539       
779         0.665564       0.665564       
780         0.66554        0.66554        
781         0.665564       0.665564       
782         0.66554        0.66554        
783         0.665564       0.665564       
784         0.66554        0.66554        
785         0.665563       0.665563       
786         0.66554        0.66554        
787         0.665563       0.665563       
788         0.665541       0.665541       
789         0.665563       0.665563       
790         0.665541       0.665541       
791         0.665563       0.665563       
792         0.665541       0.665541       
793         0.665563       0.665563       
794         0.665541       0.665541       
795         0.665562       0.665562       
796         0.665541       0.665541       
797         0.665562       0.665562       
798         0.665542       0.665542       
799         0.665562       0.665562       
800         0.665542       0.665542       
801         0.665562       0.665562       
802         0.665542       0.665542       
803         0.665562       0.665562       
804         0.665542       0.665542       
805         0.665561       0.665561       
806         0.665542       0.665542       
807         0.665561       0.665561       
808         0.665543       0.665543       
809         0.665561       0.665561       
810         0.665543       0.665543       
811         0.665561       0.665561       
812         0.665543       0.665543       
813         0.665561       0.665561       
814         0.665543       0.665543       
815         0.66556        0.66556        
816         0.665543       0.665543       
817         0.66556        0.66556        
818         0.665544       0.665544       
819         0.66556        0.66556        
820         0.665544       0.665544       
821         0.66556        0.66556        
822         0.665544       0.665544       
823         0.66556        0.66556        
824         0.665544       0.665544       
825         0.66556        0.66556        
826         0.665544       0.665544       
827         0.665559       0.665559       
828         0.665544       0.665544       
829         0.665559       0.665559       
830         0.665544       0.665544       
831         0.665559       0.665559       
832         0.665545       0.665545       
833         0.665559       0.665559       
834         0.665545       0.665545       
835         0.665559       0.665559       
836         0.665545       0.665545       
837         0.665559       0.665559       
838         0.665545       0.665545       
839         0.665559       0.665559       
840         0.665545       0.665545       
841         0.665558       0.665558       
842         0.665545       0.665545       
843         0.665558       0.665558       
844         0.665545       0.665545       
845         0.665558       0.665558       
846         0.665546       0.665546       
847         0.665558       0.665558       
848         0.665546       0.665546       
849         0.665558       0.665558       
850         0.665546       0.665546       
851         0.665558       0.665558       
852         0.665546       0.665546       
853         0.665558       0.665558       
854         0.665546       0.665546       
855         0.665558       0.665558       
856         0.665546       0.665546       
857         0.665557       0.665557       
858         0.665546       0.665546       
859         0.665557       0.665557       
860         0.665546       0.665546       
861         0.665557       0.665557       
862         0.665546       0.665546       
863         0.665557       0.665557       
864         0.665547       0.665547       
865         0.665557       0.665557       
866         0.665547       0.665547       
867         0.665557       0.665557       
868         0.665547       0.665547       
869         0.665557       0.665557       
870         0.665547       0.665547       
871         0.665557       0.665557       
872         0.665547       0.665547       
873         0.665557       0.665557       
874         0.665547       0.665547       
875         0.665557       0.665557       
876         0.665547       0.665547       
877         0.665556       0.665556       
878         0.665547       0.665547       
879         0.665556       0.665556       
880         0.665547       0.665547       
881         0.665556       0.665556       
882         0.665547       0.665547       
883         0.665556       0.665556       
884         0.665548       0.665548       
885         0.665556       0.665556       
886         0.665548       0.665548       
887         0.665556       0.665556       
888         0.665548       0.665548       
889         0.665556       0.665556       
890         0.665548       0.665548       
891         0.665556       0.665556       
892         0.665548       0.665548       
893         0.665556       0.665556       
894         0.665548       0.665548       
895         0.665556       0.665556       
896         0.665548       0.665548       
897         0.665556       0.665556       
898         0.665548       0.665548       
899         0.665556       0.665556       
900         0.665548       0.665548       
901         0.665555       0.665555       
902         0.665548       0.665548       
903         0.665555       0.665555       
904         0.665548       0.665548       
905         0.665555       0.665555       
906         0.665548       0.665548       
907         0.665555       0.665555       
908         0.665548       0.665548       
909         0.665555       0.665555       
910         0.665549       0.665549       
911         0.665555       0.665555       
912         0.665549       0.665549       
913         0.665555       0.665555       
914         0.665549       0.665549       
915         0.665555       0.665555       
916         0.665549       0.665549       
917         0.665555       0.665555       
918         0.665549       0.665549       
919         0.665555       0.665555       
920         0.665549       0.665549       
921         0.665555       0.665555       
922         0.665549       0.665549       
923         0.665555       0.665555       
924         0.665549       0.665549       
925         0.665555       0.665555       
926         0.665549       0.665549       
927         0.665555       0.665555       
928         0.665549       0.665549       
929         0.665555       0.665555       
930         0.665549       0.665549       
931         0.665555       0.665555       
932         0.665549       0.665549       
933         0.665554       0.665554       
934         0.665549       0.665549       
935         0.665554       0.665554       
936         0.665549       0.665549       
937         0.665554       0.665554       
938         0.665549       0.665549       
939         0.665554       0.665554       
940         0.665549       0.665549       
941         0.665554       0.665554       
942         0.665549       0.665549       
943         0.665554       0.665554       
944         0.665549       0.665549       
945         0.665554       0.665554       
946         0.66555        0.66555        
947         0.665554       0.665554       
948         0.66555        0.66555        
949         0.665554       0.665554       
950         0.66555        0.66555        
951         0.665554       0.665554       
952         0.66555        0.66555        
953         0.665554       0.665554       
954         0.66555        0.66555        
955         0.665554       0.665554       
956         0.66555        0.66555        
957         0.665554       0.665554       
958         0.66555        0.66555        
959         0.665554       0.665554       
960         0.66555        0.66555        
961         0.665554       0.665554       
962         0.66555        0.66555        
963         0.665554       0.665554       
964         0.66555        0.66555        
965         0.665554       0.665554       
966         0.66555        0.66555        
967         0.665554       0.665554       
968         0.66555        0.66555        
969         0.665554       0.665554       
970         0.66555        0.66555        
971         0.665554       0.665554       
972         0.66555        0.66555        
973         0.665554       0.665554       
974         0.66555        0.66555        
975         0.665554       0.665554       
976         0.66555        0.66555        
977         0.665554       0.665554       
978         0.66555        0.66555        
979         0.665553       0.665553       
980         0.66555        0.66555        
981         0.665553       0.665553       
982         0.66555        0.66555        
983         0.665553       0.665553       
984         0.66555        0.66555        
985         0.665553       0.665553       
986         0.66555        0.66555        
987         0.665553       0.665553       
988         0.66555        0.66555        
989         0.665553       0.665553       
990         0.66555        0.66555        
991         0.665553       0.665553       
992         0.66555        0.66555        
993         0.665553       0.665553       
994         0.66555        0.66555        
995         0.665553       0.665553       
996         0.66555        0.66555        
997         0.665553       0.665553       
998         0.66555        0.66555        
999         0.665553       0.665553       
