# lambda = 0.999
#===============================================
0           0.5            0.5005         
1           0.24975        0.24975        
2           0.187188       0.187187       
3           0.151996       0.151996       
4           0.128764       0.128764       
5           0.112072       0.112072       
6           0.0994124      0.0994123      
7           0.08944        0.08944        
8           0.0813591      0.081359       
9           0.074665       0.074665       
10          0.0690211      0.0690211      
11          0.0641929      0.0641929      
12          0.0600121      0.0600121      
13          0.0563542      0.0563542      
14          0.0531253      0.0531253      
15          0.0502527      0.0502527      
16          0.0476796      0.0476796      
17          0.0453609      0.0453608      
18          0.0432599      0.0432599      
19          0.0413471      0.0413471      
20          0.0395979      0.0395979      
21          0.0379919      0.0379919      
22          0.036512       0.0365119      
23          0.0351437      0.0351436      
24          0.0338747      0.0338747      
25          0.0326944      0.0326944      
26          0.0315939      0.0315939      
27          0.0305651      0.0305651      
28          0.0296013      0.0296013      
29          0.0286963      0.0286963      
30          0.027845       0.027845       
31          0.0270425      0.0270425      
32          0.0262849      0.0262849      
33          0.0255684      0.0255684      
34          0.0248898      0.0248898      
35          0.024246       0.024246       
36          0.0236345      0.0236345      
37          0.0230528      0.0230528      
38          0.0224989      0.0224989      
39          0.0219707      0.0219707      
40          0.0214665      0.0214665      
41          0.0209847      0.0209847      
42          0.0205238      0.0205238      
43          0.0200824      0.0200824      
44          0.0196594      0.0196594      
45          0.0192537      0.0192537      
46          0.0188641      0.0188641      
47          0.0184897      0.0184897      
48          0.0181297      0.0181297      
49          0.0177832      0.0177832      
50          0.0174495      0.0174495      
51          0.0171279      0.0171279      
52          0.0168177      0.0168177      
53          0.0165183      0.0165183      
54          0.0162292      0.0162292      
55          0.0159499      0.0159499      
56          0.0156798      0.0156798      
57          0.0154185      0.0154185      
58          0.0151656      0.0151656      
59          0.0149206      0.0149206      
60          0.0146833      0.0146833      
61          0.0144532      0.0144532      
62          0.0142301      0.0142301      
63          0.0140136      0.0140136      
64          0.0138034      0.0138034      
65          0.0135992      0.0135992      
66          0.0134009      0.0134009      
67          0.0132081      0.0132081      
68          0.0130206      0.0130206      
69          0.0128382      0.0128382      
70          0.0126607      0.0126607      
71          0.0124879      0.0124879      
72          0.0123196      0.0123196      
73          0.0121557      0.0121557      
74          0.0119959      0.0119959      
75          0.0118402      0.0118402      
76          0.0116883      0.0116883      
77          0.0115401      0.0115401      
78          0.0113955      0.0113955      
79          0.0112544      0.0112544      
80          0.0111166      0.0111166      
81          0.0109821      0.0109821      
82          0.0108506      0.0108506      
83          0.0107221      0.0107221      
84          0.0105965      0.0105965      
85          0.0104738      0.0104738      
86          0.0103537      0.0103537      
87          0.0102363      0.0102363      
88          0.0101214      0.0101214      
89          0.0100089      0.0100089      
90          0.00989881     0.0098988      
91          0.00979102     0.00979102     
92          0.00968546     0.00968546     
93          0.00958206     0.00958206     
94          0.00948075     0.00948075     
95          0.00938148     0.00938148     
96          0.00928417     0.00928417     
97          0.00918878     0.00918878     
98          0.00909524     0.00909524     
99          0.0090035      0.0090035      
100         0.00891352     0.00891352     
101         0.00882523     0.00882523     
102         0.0087386      0.0087386      
103         0.00865358     0.00865358     
104         0.00857011     0.00857011     
105         0.00848817     0.00848817     
106         0.0084077      0.0084077      
107         0.00832868     0.00832868     
108         0.00825105     0.00825105     
109         0.00817479     0.00817479     
110         0.00809985     0.00809985     
111         0.00802621     0.00802621     
112         0.00795383     0.00795383     
113         0.00788268     0.00788268     
114         0.00781272     0.00781272     
115         0.00774393     0.00774393     
116         0.00767628     0.00767628     
117         0.00760973     0.00760973     
118         0.00754427     0.00754427     
119         0.00747987     0.00747987     
120         0.0074165      0.0074165      
121         0.00735413     0.00735413     
122         0.00729275     0.00729275     
123         0.00723233     0.00723232     
124         0.00717284     0.00717284     
125         0.00711427     0.00711427     
126         0.00705659     0.00705659     
127         0.00699979     0.00699979     
128         0.00694384     0.00694384     
129         0.00688873     0.00688873     
130         0.00683443     0.00683443     
131         0.00678094     0.00678094     
132         0.00672822     0.00672822     
133         0.00667627     0.00667627     
134         0.00662506     0.00662506     
135         0.00657459     0.00657459     
136         0.00652483     0.00652483     
137         0.00647578     0.00647578     
138         0.00642741     0.00642741     
139         0.00637971     0.00637971     
140         0.00633267     0.00633267     
141         0.00628628     0.00628628     
142         0.00624051     0.00624051     
143         0.00619537     0.00619537     
144         0.00615083     0.00615083     
145         0.00610688     0.00610688     
146         0.00606352     0.00606352     
147         0.00602072     0.00602072     
148         0.00597849     0.00597849     
149         0.00593681     0.00593681     
150         0.00589566     0.00589566     
151         0.00585504     0.00585504     
152         0.00581494     0.00581494     
153         0.00577534     0.00577534     
154         0.00573625     0.00573625     
155         0.00569764     0.00569764     
156         0.00565951     0.00565951     
157         0.00562185     0.00562185     
158         0.00558466     0.00558466     
159         0.00554791     0.00554791     
160         0.00551162     0.00551162     
161         0.00547576     0.00547576     
162         0.00544033     0.00544033     
163         0.00540532     0.00540532     
164         0.00537073     0.00537073     
165         0.00533654     0.00533654     
166         0.00530275     0.00530275     
167         0.00526936     0.00526936     
168         0.00523635     0.00523635     
169         0.00520372     0.00520372     
170         0.00517147     0.00517147     
171         0.00513958     0.00513958     
172         0.00510805     0.00510805     
173         0.00507688     0.00507688     
174         0.00504605     0.00504605     
175         0.00501557     0.00501557     
176         0.00498542     0.00498542     
177         0.00495561     0.00495561     
178         0.00492612     0.00492612     
179         0.00489695     0.00489695     
180         0.0048681      0.0048681      
181         0.00483955     0.00483955     
182         0.00481132     0.00481132     
183         0.00478338     0.00478338     
184         0.00475574     0.00475574     
185         0.00472839     0.00472839     
186         0.00470132     0.00470132     
187         0.00467454     0.00467454     
188         0.00464804     0.00464804     
189         0.00462181     0.00462181     
190         0.00459585     0.00459585     
191         0.00457015     0.00457015     
192         0.00454471     0.00454471     
193         0.00451954     0.00451954     
194         0.00449461     0.00449461     
195         0.00446993     0.00446993     
196         0.0044455      0.0044455      
197         0.00442132     0.00442132     
198         0.00439737     0.00439737     
199         0.00437365     0.00437365     
200         0.00435017     0.00435017     
201         0.00432691     0.00432691     
202         0.00430388     0.00430388     
203         0.00428107     0.00428107     
204         0.00425848     0.00425848     
205         0.00423611     0.00423611     
206         0.00421395     0.00421395     
207         0.00419199     0.00419199     
208         0.00417024     0.00417024     
209         0.0041487      0.0041487      
210         0.00412736     0.00412736     
211         0.00410621     0.00410621     
212         0.00408526     0.00408526     
213         0.0040645      0.0040645      
214         0.00404394     0.00404394     
215         0.00402356     0.00402355     
216         0.00400336     0.00400336     
217         0.00398334     0.00398334     
218         0.00396351     0.00396351     
219         0.00394385     0.00394385     
220         0.00392437     0.00392437     
221         0.00390506     0.00390506     
222         0.00388592     0.00388592     
223         0.00386695     0.00386695     
224         0.00384814     0.00384814     
225         0.0038295      0.0038295      
226         0.00381102     0.00381102     
227         0.0037927      0.0037927      
228         0.00377454     0.00377454     
229         0.00375653     0.00375653     
230         0.00373868     0.00373868     
231         0.00372098     0.00372098     
232         0.00370342     0.00370342     
233         0.00368602     0.00368602     
234         0.00366876     0.00366876     
235         0.00365164     0.00365164     
236         0.00363467     0.00363467     
237         0.00361784     0.00361784     
238         0.00360115     0.00360115     
239         0.00358459     0.00358459     
240         0.00356817     0.00356817     
241         0.00355188     0.00355188     
242         0.00353573     0.00353573     
243         0.0035197      0.0035197      
244         0.00350381     0.00350381     
245         0.00348804     0.00348804     
246         0.0034724      0.0034724      
247         0.00345688     0.00345688     
248         0.00344148     0.00344148     
249         0.00342621     0.00342621     
250         0.00341106     0.00341106     
251         0.00339602     0.00339602     
252         0.0033811      0.0033811      
253         0.0033663      0.0033663      
254         0.00335161     0.00335161     
255         0.00333704     0.00333704     
256         0.00332258     0.00332258     
257         0.00330823     0.00330823     
258         0.00329399     0.00329399     
259         0.00327985     0.00327985     
260         0.00326583     0.00326583     
261         0.00325191     0.00325191     
262         0.00323809     0.00323809     
263         0.00322438     0.00322438     
264         0.00321077     0.00321077     
265         0.00319726     0.00319726     
266         0.00318385     0.00318385     
267         0.00317054     0.00317054     
268         0.00315732     0.00315732     
269         0.00314421     0.00314421     
270         0.00313119     0.00313119     
271         0.00311826     0.00311826     
272         0.00310543     0.00310543     
273         0.00309269     0.00309269     
274         0.00308004     0.00308004     
275         0.00306749     0.00306749     
276         0.00305502     0.00305502     
277         0.00304264     0.00304264     
278         0.00303035     0.00303035     
279         0.00301814     0.00301814     
280         0.00300603     0.00300603     
281         0.00299399     0.00299399     
282         0.00298204     0.00298204     
283         0.00297018     0.00297018     
284         0.00295839     0.00295839     
285         0.00294669     0.00294669     
286         0.00293507     0.00293507     
287         0.00292353     0.00292353     
288         0.00291207     0.00291207     
289         0.00290068     0.00290068     
290         0.00288938     0.00288938     
291         0.00287815     0.00287815     
292         0.002867       0.002867       
293         0.00285592     0.00285592     
294         0.00284491     0.00284491     
295         0.00283398     0.00283398     
296         0.00282312     0.00282312     
297         0.00281234     0.00281234     
298         0.00280163     0.00280163     
299         0.00279098     0.00279098     
300         0.00278041     0.00278041     
301         0.00276991     0.00276991     
302         0.00275947     0.00275947     
303         0.00274911     0.00274911     
304         0.00273881     0.00273881     
305         0.00272857     0.00272857     
306         0.00271841     0.00271841     
307         0.00270831     0.00270831     
308         0.00269827     0.00269827     
309         0.0026883      0.0026883      
310         0.00267839     0.00267839     
311         0.00266855     0.00266855     
312         0.00265876     0.00265876     
313         0.00264904     0.00264904     
314         0.00263938     0.00263938     
315         0.00262979     0.00262979     
316         0.00262025     0.00262025     
317         0.00261077     0.00261077     
318         0.00260135     0.00260135     
319         0.00259199     0.00259199     
320         0.00258268     0.00258268     
321         0.00257344     0.00257344     
322         0.00256425     0.00256425     
323         0.00255511     0.00255511     
324         0.00254604     0.00254604     
325         0.00253701     0.00253701     
326         0.00252805     0.00252805     
327         0.00251913     0.00251913     
328         0.00251028     0.00251028     
329         0.00250147     0.00250147     
330         0.00249272     0.00249272     
331         0.00248402     0.00248402     
332         0.00247537     0.00247537     
333         0.00246677     0.00246677     
334         0.00245823     0.00245823     
335         0.00244973     0.00244973     
336         0.00244129     0.00244129     
337         0.00243289     0.00243289     
338         0.00242455     0.00242455     
339         0.00241625     0.00241625     
340         0.002408       0.002408       
341         0.0023998      0.0023998      
342         0.00239165     0.00239165     
343         0.00238354     0.00238354     
344         0.00237548     0.00237548     
345         0.00236747     0.00236747     
346         0.0023595      0.0023595      
347         0.00235158     0.00235158     
348         0.0023437      0.0023437      
349         0.00233587     0.00233587     
350         0.00232809     0.00232809     
351         0.00232034     0.00232034     
352         0.00231265     0.00231265     
353         0.00230499     0.00230499     
354         0.00229738     0.00229738     
355         0.00228981     0.00228981     
356         0.00228228     0.00228228     
357         0.00227479     0.00227479     
358         0.00226735     0.00226735     
359         0.00225995     0.00225995     
360         0.00225258     0.00225258     
361         0.00224526     0.00224526     
362         0.00223798     0.00223798     
363         0.00223074     0.00223074     
364         0.00222354     0.00222354     
365         0.00221637     0.00221637     
366         0.00220925     0.00220925     
367         0.00220217     0.00220217     
368         0.00219512     0.00219512     
369         0.00218811     0.00218811     
370         0.00218114     0.00218114     
371         0.00217421     0.00217421     
372         0.00216731     0.00216731     
373         0.00216045     0.00216045     
374         0.00215363     0.00215363     
375         0.00214684     0.00214684     
376         0.00214009     0.00214009     
377         0.00213337     0.00213337     
378         0.00212669     0.00212669     
379         0.00212005     0.00212005     
380         0.00211344     0.00211344     
381         0.00210686     0.00210686     
382         0.00210032     0.00210032     
383         0.00209381     0.00209381     
384         0.00208734     0.00208734     
385         0.0020809      0.0020809      
386         0.00207449     0.00207449     
387         0.00206812     0.00206812     
388         0.00206178     0.00206178     
389         0.00205547     0.00205547     
390         0.00204919     0.00204919     
391         0.00204295     0.00204295     
392         0.00203674     0.00203674     
393         0.00203056     0.00203056     
394         0.00202441     0.00202441     
395         0.00201829     0.00201829     
396         0.0020122      0.0020122      
397         0.00200614     0.00200614     
398         0.00200012     0.00200012     
399         0.00199412     0.00199412     
400         0.00198815     0.00198815     
401         0.00198222     0.00198222     
402         0.00197631     0.00197631     
403         0.00197043     0.00197043     
404         0.00196458     0.00196458     
405         0.00195876     0.00195876     
406         0.00195297     0.00195297     
407         0.00194721     0.00194721     
408         0.00194147     0.00194147     
409         0.00193576     0.00193576     
410         0.00193008     0.00193008     
411         0.00192443     0.00192443     
412         0.00191881     0.00191881     
413         0.00191321     0.00191321     
414         0.00190764     0.00190764     
415         0.0019021      0.0019021      
416         0.00189658     0.00189658     
417         0.00189109     0.00189109     
418         0.00188563     0.00188563     
419         0.00188019     0.00188019     
420         0.00187478     0.00187478     
421         0.00186939     0.00186939     
422         0.00186403     0.00186403     
423         0.0018587      0.0018587      
424         0.00185339     0.00185339     
425         0.0018481      0.0018481      
426         0.00184284     0.00184284     
427         0.00183761     0.00183761     
428         0.0018324      0.0018324      
429         0.00182721     0.00182721     
430         0.00182205     0.00182205     
431         0.00181691     0.00181691     
432         0.00181179     0.00181179     
433         0.0018067      0.0018067      
434         0.00180163     0.00180163     
435         0.00179659     0.00179659     
436         0.00179157     0.00179157     
437         0.00178657     0.00178657     
438         0.0017816      0.0017816      
439         0.00177664     0.00177664     
440         0.00177171     0.00177171     
441         0.00176681     0.00176681     
442         0.00176192     0.00176192     
443         0.00175706     0.00175706     
444         0.00175222     0.00175222     
445         0.0017474      0.0017474      
446         0.0017426      0.0017426      
447         0.00173782     0.00173782     
448         0.00173307     0.00173307     
449         0.00172833     0.00172833     
450         0.00172362     0.00172362     
451         0.00171893     0.00171893     
452         0.00171426     0.00171426     
453         0.00170961     0.00170961     
454         0.00170498     0.00170498     
455         0.00170037     0.00170037     
456         0.00169578     0.00169578     
457         0.00169121     0.00169121     
458         0.00168666     0.00168666     
459         0.00168214     0.00168214     
460         0.00167763     0.00167763     
461         0.00167314     0.00167314     
462         0.00166867     0.00166867     
463         0.00166422     0.00166422     
464         0.00165979     0.00165979     
465         0.00165538     0.00165538     
466         0.00165098     0.00165098     
467         0.00164661     0.00164661     
468         0.00164225     0.00164225     
469         0.00163792     0.00163792     
470         0.0016336      0.0016336      
471         0.0016293      0.0016293      
472         0.00162502     0.00162502     
473         0.00162075     0.00162075     
474         0.00161651     0.00161651     
475         0.00161228     0.00161228     
476         0.00160807     0.00160807     
477         0.00160388     0.00160388     
478         0.00159971     0.00159971     
479         0.00159555     0.00159555     
480         0.00159141     0.00159141     
481         0.00158729     0.00158729     
482         0.00158319     0.00158319     
483         0.0015791      0.0015791      
484         0.00157503     0.00157503     
485         0.00157098     0.00157098     
486         0.00156694     0.00156694     
487         0.00156292     0.00156292     
488         0.00155892     0.00155892     
489         0.00155493     0.00155493     
490         0.00155096     0.00155096     
491         0.00154701     0.00154701     
492         0.00154307     0.00154307     
493         0.00153915     0.00153915     
494         0.00153524     0.00153524     
495         0.00153135     0.00153135     
496         0.00152748     0.00152748     
497         0.00152362     0.00152362     
498         0.00151978     0.00151978     
499         0.00151595     0.00151595     
500         0.00151214     0.00151214     
501         0.00150834     0.00150834     
502         0.00150456     0.00150456     
503         0.00150079     0.00150079     
504         0.00149704     0.00149704     
505         0.00149331     0.00149331     
506         0.00148959     0.00148959     
507         0.00148588     0.00148588     
508         0.00148219     0.00148219     
509         0.00147851     0.00147851     
510         0.00147485     0.00147485     
511         0.0014712      0.0014712      
512         0.00146757     0.00146757     
513         0.00146395     0.00146395     
514         0.00146034     0.00146034     
515         0.00145675     0.00145675     
516         0.00145318     0.00145318     
517         0.00144961     0.00144961     
518         0.00144606     0.00144606     
519         0.00144253     0.00144253     
520         0.00143901     0.00143901     
521         0.0014355      0.0014355      
522         0.00143201     0.00143201     
523         0.00142853     0.00142853     
524         0.00142506     0.00142506     
525         0.0014216      0.0014216      
526         0.00141816     0.00141816     
527         0.00141474     0.00141474     
528         0.00141132     0.00141132     
529         0.00140792     0.00140792     
530         0.00140453     0.00140453     
531         0.00140116     0.00140116     
532         0.0013978      0.0013978      
533         0.00139445     0.00139445     
534         0.00139111     0.00139111     
535         0.00138778     0.00138778     
536         0.00138447     0.00138447     
537         0.00138117     0.00138117     
538         0.00137789     0.00137789     
539         0.00137461     0.00137461     
540         0.00137135     0.00137135     
541         0.0013681      0.0013681      
542         0.00136486     0.00136486     
543         0.00136164     0.00136164     
544         0.00135842     0.00135842     
545         0.00135522     0.00135522     
546         0.00135203     0.00135203     
547         0.00134885     0.00134885     
548         0.00134569     0.00134569     
549         0.00134253     0.00134253     
550         0.00133939     0.00133939     
551         0.00133626     0.00133626     
552         0.00133314     0.00133314     
553         0.00133003     0.00133003     
554         0.00132693     0.00132693     
555         0.00132384     0.00132384     
556         0.00132077     0.00132077     
557         0.00131771     0.00131771     
558         0.00131465     0.00131465     
559         0.00131161     0.00131161     
560         0.00130858     0.00130858     
561         0.00130556     0.00130556     
562         0.00130255     0.00130255     
563         0.00129956     0.00129956     
564         0.00129657     0.00129657     
565         0.00129359     0.00129359     
566         0.00129063     0.00129063     
567         0.00128767     0.00128767     
568         0.00128473     0.00128473     
569         0.0012818      0.0012818      
570         0.00127887     0.00127887     
571         0.00127596     0.00127596     
572         0.00127306     0.00127306     
573         0.00127017     0.00127017     
574         0.00126728     0.00126728     
575         0.00126441     0.00126441     
576         0.00126155     0.00126155     
577         0.0012587      0.0012587      
578         0.00125586     0.00125586     
579         0.00125303     0.00125303     
580         0.0012502      0.0012502      
581         0.00124739     0.00124739     
582         0.00124459     0.00124459     
583         0.0012418      0.0012418      
584         0.00123902     0.00123902     
585         0.00123624     0.00123624     
586         0.00123348     0.00123348     
587         0.00123073     0.00123073     
588         0.00122798     0.00122798     
589         0.00122525     0.00122525     
590         0.00122252     0.00122252     
591         0.00121981     0.00121981     
592         0.0012171      0.0012171      
593         0.00121441     0.00121441     
594         0.00121172     0.00121172     
595         0.00120904     0.00120904     
596         0.00120637     0.00120637     
597         0.00120371     0.00120371     
598         0.00120106     0.00120106     
599         0.00119842     0.00119842     
600         0.00119578     0.00119578     
601         0.00119316     0.00119316     
602         0.00119054     0.00119054     
603         0.00118794     0.00118794     
604         0.00118534     0.00118534     
605         0.00118275     0.00118275     
606         0.00118017     0.00118017     
607         0.0011776      0.0011776      
608         0.00117504     0.00117504     
609         0.00117248     0.00117248     
610         0.00116994     0.00116994     
611         0.0011674      0.0011674      
612         0.00116487     0.00116487     
613         0.00116235     0.00116235     
614         0.00115984     0.00115984     
615         0.00115733     0.00115733     
616         0.00115484     0.00115484     
617         0.00115235     0.00115235     
618         0.00114987     0.00114987     
619         0.0011474      0.0011474      
620         0.00114494     0.00114494     
621         0.00114248     0.00114248     
622         0.00114004     0.00114004     
623         0.0011376      0.0011376      
624         0.00113517     0.00113517     
625         0.00113275     0.00113275     
626         0.00113033     0.00113033     
627         0.00112792     0.00112792     
628         0.00112553     0.00112553     
629         0.00112314     0.00112313     
630         0.00112075     0.00112075     
631         0.00111838     0.00111838     
632         0.00111601     0.00111601     
633         0.00111365     0.00111365     
634         0.0011113      0.0011113      
635         0.00110895     0.00110895     
636         0.00110661     0.00110661     
637         0.00110428     0.00110428     
638         0.00110196     0.00110196     
639         0.00109965     0.00109965     
640         0.00109734     0.00109734     
641         0.00109504     0.00109504     
642         0.00109274     0.00109274     
643         0.00109046     0.00109046     
644         0.00108818     0.00108818     
645         0.00108591     0.00108591     
646         0.00108365     0.00108365     
647         0.00108139     0.00108139     
648         0.00107914     0.00107914     
649         0.0010769      0.0010769      
650         0.00107466     0.00107466     
651         0.00107243     0.00107243     
652         0.00107021     0.00107021     
653         0.001068       0.001068       
654         0.00106579     0.00106579     
655         0.00106359     0.00106359     
656         0.0010614      0.0010614      
657         0.00105921     0.00105921     
658         0.00105703     0.00105703     
659         0.00105486     0.00105486     
660         0.00105269     0.00105269     
661         0.00105053     0.00105053     
662         0.00104838     0.00104838     
663         0.00104623     0.00104623     
664         0.00104409     0.00104409     
665         0.00104196     0.00104196     
666         0.00103983     0.00103983     
667         0.00103771     0.00103771     
668         0.0010356      0.0010356      
669         0.00103349     0.00103349     
670         0.00103139     0.00103139     
671         0.00102929     0.00102929     
672         0.00102721     0.00102721     
673         0.00102513     0.00102513     
674         0.00102305     0.00102305     
675         0.00102098     0.00102098     
676         0.00101892     0.00101892     
677         0.00101686     0.00101686     
678         0.00101481     0.00101481     
679         0.00101277     0.00101277     
680         0.00101073     0.00101073     
681         0.0010087      0.0010087      
682         0.00100668     0.00100668     
683         0.00100466     0.00100466     
684         0.00100264     0.00100264     
685         0.00100064     0.00100064     
686         0.000998637    0.000998637    
687         0.000996642    0.000996642    
688         0.000994653    0.000994653    
689         0.00099267     0.00099267     
690         0.000990693    0.000990693    
691         0.000988722    0.000988722    
692         0.000986756    0.000986756    
693         0.000984797    0.000984797    
694         0.000982843    0.000982843    
695         0.000980895    0.000980895    
696         0.000978953    0.000978953    
697         0.000977017    0.000977017    
698         0.000975086    0.000975086    
699         0.000973161    0.000973161    
700         0.000971242    0.000971242    
701         0.000969328    0.000969328    
702         0.00096742     0.00096742     
703         0.000965518    0.000965518    
704         0.000963621    0.000963621    
705         0.00096173     0.00096173     
706         0.000959844    0.000959844    
707         0.000957964    0.000957964    
708         0.000956089    0.000956089    
709         0.00095422     0.00095422     
710         0.000952356    0.000952356    
711         0.000950498    0.000950498    
712         0.000948645    0.000948645    
713         0.000946797    0.000946797    
714         0.000944955    0.000944955    
715         0.000943118    0.000943118    
716         0.000941286    0.000941286    
717         0.00093946     0.00093946     
718         0.000937638    0.000937638    
719         0.000935822    0.000935822    
720         0.000934012    0.000934012    
721         0.000932206    0.000932206    
722         0.000930406    0.000930406    
723         0.000928611    0.000928611    
724         0.000926821    0.000926821    
725         0.000925036    0.000925036    
726         0.000923256    0.000923256    
727         0.000921481    0.000921481    
728         0.000919711    0.000919711    
729         0.000917947    0.000917947    
730         0.000916187    0.000916187    
731         0.000914432    0.000914432    
732         0.000912682    0.000912682    
733         0.000910937    0.000910937    
734         0.000909198    0.000909197    
735         0.000907462    0.000907462    
736         0.000905732    0.000905732    
737         0.000904007    0.000904007    
738         0.000902287    0.000902287    
739         0.000900571    0.000900571    
740         0.00089886     0.00089886     
741         0.000897154    0.000897154    
742         0.000895453    0.000895453    
743         0.000893757    0.000893757    
744         0.000892065    0.000892065    
745         0.000890378    0.000890378    
746         0.000888695    0.000888695    
747         0.000887018    0.000887018    
748         0.000885345    0.000885345    
749         0.000883676    0.000883676    
750         0.000882013    0.000882013    
751         0.000880353    0.000880353    
752         0.000878699    0.000878699    
753         0.000877049    0.000877049    
754         0.000875403    0.000875403    
755         0.000873762    0.000873762    
756         0.000872126    0.000872126    
757         0.000870494    0.000870494    
758         0.000868866    0.000868866    
759         0.000867243    0.000867243    
760         0.000865625    0.000865625    
761         0.00086401     0.00086401     
762         0.000862401    0.000862401    
763         0.000860795    0.000860795    
764         0.000859194    0.000859194    
765         0.000857598    0.000857598    
766         0.000856005    0.000856005    
767         0.000854417    0.000854417    
768         0.000852834    0.000852834    
769         0.000851254    0.000851254    
770         0.000849679    0.000849679    
771         0.000848108    0.000848108    
772         0.000846541    0.000846541    
773         0.000844979    0.000844979    
774         0.000843421    0.000843421    
775         0.000841867    0.000841867    
776         0.000840317    0.000840317    
777         0.000838771    0.000838771    
778         0.000837229    0.000837229    
779         0.000835692    0.000835692    
780         0.000834158    0.000834158    
781         0.000832629    0.000832629    
782         0.000831104    0.000831104    
783         0.000829583    0.000829583    
784         0.000828066    0.000828066    
785         0.000826553    0.000826553    
786         0.000825044    0.000825044    
787         0.000823539    0.000823539    
788         0.000822037    0.000822037    
789         0.00082054     0.00082054     
790         0.000819047    0.000819047    
791         0.000817558    0.000817558    
792         0.000816073    0.000816073    
793         0.000814591    0.000814591    
794         0.000813114    0.000813114    
795         0.00081164     0.00081164     
796         0.000810171    0.000810171    
797         0.000808705    0.000808705    
798         0.000807243    0.000807243    
799         0.000805784    0.000805784    
800         0.00080433     0.00080433     
801         0.000802879    0.000802879    
802         0.000801432    0.000801432    
803         0.000799989    0.000799989    
804         0.00079855     0.00079855     
805         0.000797114    0.000797114    
806         0.000795683    0.000795683    
807         0.000794254    0.000794254    
808         0.00079283     0.00079283     
809         0.000791409    0.000791409    
810         0.000789992    0.000789992    
811         0.000788579    0.000788579    
812         0.000787169    0.000787169    
813         0.000785763    0.000785763    
814         0.00078436     0.00078436     
815         0.000782961    0.000782961    
816         0.000781566    0.000781566    
817         0.000780174    0.000780174    
818         0.000778786    0.000778786    
819         0.000777401    0.000777401    
820         0.00077602     0.00077602     
821         0.000774642    0.000774642    
822         0.000773268    0.000773268    
823         0.000771897    0.000771897    
824         0.00077053     0.00077053     
825         0.000769167    0.000769167    
826         0.000767806    0.000767806    
827         0.00076645     0.00076645     
828         0.000765096    0.000765096    
829         0.000763747    0.000763747    
830         0.0007624      0.0007624      
831         0.000761057    0.000761057    
832         0.000759717    0.000759717    
833         0.000758381    0.000758381    
834         0.000757048    0.000757048    
835         0.000755718    0.000755718    
836         0.000754392    0.000754392    
837         0.000753069    0.000753069    
838         0.00075175     0.00075175     
839         0.000750433    0.000750433    
840         0.00074912     0.00074912     
841         0.000747811    0.000747811    
842         0.000746504    0.000746504    
843         0.000745201    0.000745201    
844         0.000743901    0.000743901    
845         0.000742604    0.000742604    
846         0.000741311    0.000741311    
847         0.00074002     0.00074002     
848         0.000738733    0.000738733    
849         0.000737449    0.000737449    
850         0.000736169    0.000736169    
851         0.000734891    0.000734891    
852         0.000733617    0.000733617    
853         0.000732345    0.000732345    
854         0.000731077    0.000731077    
855         0.000729812    0.000729812    
856         0.00072855     0.00072855     
857         0.000727291    0.000727291    
858         0.000726036    0.000726036    
859         0.000724783    0.000724783    
860         0.000723534    0.000723534    
861         0.000722287    0.000722287    
862         0.000721044    0.000721044    
863         0.000719803    0.000719803    
864         0.000718566    0.000718566    
865         0.000717331    0.000717331    
866         0.0007161      0.0007161      
867         0.000714872    0.000714872    
868         0.000713646    0.000713646    
869         0.000712424    0.000712424    
870         0.000711204    0.000711204    
871         0.000709988    0.000709988    
872         0.000708774    0.000708774    
873         0.000707564    0.000707564    
874         0.000706356    0.000706356    
875         0.000705151    0.000705151    
876         0.000703949    0.000703949    
877         0.00070275     0.00070275     
878         0.000701554    0.000701554    
879         0.000700361    0.000700361    
880         0.00069917     0.00069917     
881         0.000697983    0.000697983    
882         0.000696798    0.000696798    
883         0.000695616    0.000695616    
884         0.000694437    0.000694437    
885         0.000693261    0.000693261    
886         0.000692088    0.000692088    
887         0.000690917    0.000690917    
888         0.000689749    0.000689749    
889         0.000688584    0.000688584    
890         0.000687422    0.000687422    
891         0.000686263    0.000686263    
892         0.000685106    0.000685106    
893         0.000683952    0.000683952    
894         0.000682801    0.000682801    
895         0.000681652    0.000681652    
896         0.000680506    0.000680506    
897         0.000679363    0.000679363    
898         0.000678223    0.000678223    
899         0.000677085    0.000677085    
900         0.00067595     0.00067595     
901         0.000674817    0.000674817    
902         0.000673688    0.000673688    
903         0.000672561    0.000672561    
904         0.000671436    0.000671436    
905         0.000670314    0.000670314    
906         0.000669195    0.000669195    
907         0.000668079    0.000668079    
908         0.000666965    0.000666965    
909         0.000665853    0.000665853    
910         0.000664745    0.000664745    
911         0.000663638    0.000663638    
912         0.000662535    0.000662535    
913         0.000661434    0.000661434    
914         0.000660335    0.000660335    
915         0.000659239    0.000659239    
916         0.000658146    0.000658146    
917         0.000657055    0.000657055    
918         0.000655967    0.000655967    
919         0.000654881    0.000654881    
920         0.000653797    0.000653797    
921         0.000652717    0.000652717    
922         0.000651638    0.000651638    
923         0.000650562    0.000650562    
924         0.000649489    0.000649489    
925         0.000648418    0.000648418    
926         0.00064735     0.00064735     
927         0.000646284    0.000646284    
928         0.00064522     0.00064522     
929         0.000644159    0.000644159    
930         0.0006431      0.0006431      
931         0.000642044    0.000642044    
932         0.00064099     0.00064099     
933         0.000639939    0.000639939    
934         0.00063889     0.00063889     
935         0.000637843    0.000637843    
936         0.000636799    0.000636799    
937         0.000635757    0.000635757    
938         0.000634717    0.000634717    
939         0.00063368     0.00063368     
940         0.000632645    0.000632645    
941         0.000631613    0.000631613    
942         0.000630583    0.000630583    
943         0.000629555    0.000629555    
944         0.000628529    0.000628529    
945         0.000627506    0.000627506    
946         0.000626485    0.000626485    
947         0.000625467    0.000625467    
948         0.000624451    0.000624451    
949         0.000623437    0.000623437    
950         0.000622425    0.000622425    
951         0.000621415    0.000621415    
952         0.000620408    0.000620408    
953         0.000619403    0.000619403    
954         0.000618401    0.000618401    
955         0.0006174      0.0006174      
956         0.000616402    0.000616402    
957         0.000615406    0.000615406    
958         0.000614412    0.000614412    
959         0.000613421    0.000613421    
960         0.000612431    0.000612431    
961         0.000611444    0.000611444    
962         0.000610459    0.000610459    
963         0.000609477    0.000609477    
964         0.000608496    0.000608496    
965         0.000607518    0.000607518    
966         0.000606541    0.000606541    
967         0.000605567    0.000605567    
968         0.000604595    0.000604595    
969         0.000603626    0.000603626    
970         0.000602658    0.000602658    
971         0.000601692    0.000601692    
972         0.000600729    0.000600729    
973         0.000599768    0.000599768    
974         0.000598809    0.000598809    
975         0.000597852    0.000597852    
976         0.000596897    0.000596897    
977         0.000595944    0.000595944    
978         0.000594993    0.000594993    
979         0.000594045    0.000594045    
980         0.000593098    0.000593098    
981         0.000592153    0.000592153    
982         0.000591211    0.000591211    
983         0.000590271    0.000590271    
984         0.000589332    0.000589332    
985         0.000588396    0.000588396    
986         0.000587462    0.000587462    
987         0.00058653     0.00058653     
988         0.000585599    0.000585599    
989         0.000584671    0.000584671    
990         0.000583745    0.000583745    
991         0.000582821    0.000582821    
992         0.000581899    0.000581899    
993         0.000580978    0.000580978    
994         0.00058006     0.00058006     
995         0.000579144    0.000579144    
996         0.00057823     0.00057823     
997         0.000577318    0.000577318    
998         0.000576407    0.000576407    
999         0.000575499    0.000575499    
