# lambda = 3.57
#===============================================
0           0.5            0.5005         
1           0.8925         0.892499       
2           0.342519       0.342522       
3           0.803963       0.803966       
4           0.562655       0.562649       
5           0.878486       0.878488       
6           0.381093       0.381085       
7           0.842024       0.842018       
8           0.47488        0.474895       
9           0.890247       0.89025        
10          0.348814       0.348807       
11          0.8109         0.810892       
12          0.547428       0.547446       
13          0.88447        0.884463       
14          0.364794       0.364811       
15          0.827238       0.827254       
16          0.510208       0.510169       
17          0.892128       0.892131       
18          0.343561       0.343553       
19          0.805131       0.805122       
20          0.560115       0.560134       
21          0.879599       0.87959        
22          0.378081       0.378103       
23          0.839434       0.839454       
24          0.48118        0.481133       
25          0.891236       0.891229       
26          0.346057       0.346075       
27          0.807897       0.807916       
28          0.554063       0.55402        
29          0.882066       0.882082       
30          0.371372       0.371327       
31          0.833434       0.833393       
32          0.495594       0.495692       
33          0.892431       0.892434       
34          0.342713       0.342705       
35          0.804181       0.804172       
36          0.562181       0.562202       
37          0.878697       0.878688       
38          0.380522       0.380547       
39          0.841538       0.841559       
40          0.476065       0.476013       
41          0.890455       0.890446       
42          0.348236       0.34826        
43          0.810274       0.810301       
44          0.548816       0.548756       
45          0.883993       0.884013       
46          0.366102       0.366045       
47          0.828494       0.82844        
48          0.507266       0.507393       
49          0.892312       0.892305       
50          0.343047       0.343066       
51          0.804556       0.804577       
52          0.561367       0.561321       
53          0.879056       0.879076       
54          0.379551       0.379497       
55          0.840706       0.84066        
56          0.478092       0.478204       
57          0.890787       0.890804       
58          0.347311       0.347262       
59          0.809269       0.809215       
60          0.551039       0.551157       
61          0.8832         0.883157       
62          0.368273       0.368391       
63          0.830553       0.830664       
64          0.502422       0.502161       
65          0.892479       0.892483       
66          0.342578       0.342566       
67          0.804029       0.804016       
68          0.562511       0.562541       
69          0.87855        0.878537       
70          0.38092        0.380955       
71          0.841877       0.841907       
72          0.475239       0.475166       
73          0.890311       0.890298       
74          0.348636       0.348672       
75          0.810708       0.810747       
76          0.547855       0.547768       
77          0.884324       0.884354       
78          0.365192       0.365111       
79          0.827622       0.827544       
80          0.50931        0.509493       
81          0.892191       0.892178       
82          0.343386       0.34342        
83          0.804935       0.804974       
84          0.560542       0.560458       
85          0.879415       0.879451       
86          0.378579       0.378481       
87          0.839867       0.839782       
88          0.480131       0.480337       
89          0.891091       0.89112        
90          0.346462       0.34638        
91          0.808341       0.808252       
92          0.553086       0.553282       
93          0.882439       0.882365       
94          0.370352       0.370555       
95          0.832493       0.832681       
96          0.49783        0.497383       
97          0.892483       0.892476       
98          0.342566       0.342588       
99          0.804016       0.80404        
100         0.56254        0.562487       
101         0.878537       0.87856        
102         0.380954       0.380891       
103         0.841906       0.841852       
104         0.475168       0.475299       
105         0.890299       0.890322       
106         0.348671       0.348607       
107         0.810745       0.810676       
108         0.547771       0.547926       
109         0.884353       0.8843         
110         0.365114       0.365259       
111         0.827547       0.827686       
112         0.509486       0.509161       
113         0.892179       0.8922         
114         0.343419       0.343358       
115         0.804972       0.804904       
116         0.560461       0.560609       
117         0.87945        0.879386       
118         0.378484       0.378657       
119         0.839785       0.839935       
120         0.48033        0.479966       
121         0.891119       0.891067       
122         0.346383       0.346527       
123         0.808255       0.808413       
124         0.553275       0.552927       
125         0.882368       0.882499       
126         0.370548       0.370188       
127         0.832675       0.832342       
128         0.497399       0.49819        
129         0.892476       0.892488       
130         0.342587       0.342552       
131         0.804039       0.804          
132         0.562489       0.562575       
133         0.878559       0.878521       
134         0.380893       0.380996       
135         0.841854       0.841942       
136         0.475294       0.47508        
137         0.890321       0.890283       
138         0.348609       0.348714       
139         0.810678       0.810792       
140         0.54792        0.547667       
141         0.884302       0.884388       
142         0.365253       0.365017       
143         0.827681       0.827453       
144         0.509173       0.509705       
145         0.8922         0.892164       
146         0.343361       0.343461       
147         0.804907       0.805019       
148         0.560604       0.560359       
149         0.879388       0.879494       
150         0.378651       0.378364       
151         0.839929       0.839681       
152         0.479979       0.480582       
153         0.891069       0.891154       
154         0.346522       0.346285       
155         0.808407       0.808147       
156         0.55294        0.553512       
157         0.882495       0.882277       
158         0.370202       0.370795       
159         0.832354       0.832903       
160         0.498161       0.496858       
161         0.892488       0.892465       
162         0.342553       0.342618       
163         0.804001       0.804074       
164         0.562572       0.562414       
165         0.878523       0.878593       
166         0.380993       0.380802       
167         0.841939       0.841777       
168         0.475087       0.475484       
169         0.890284       0.890354       
170         0.348711       0.348516       
171         0.810789       0.810578       
172         0.547675       0.548143       
173         0.884386       0.884226       
174         0.365024       0.365463       
175         0.82746        0.827882       
176         0.509689       0.508701       
177         0.892165       0.89223        
178         0.343458       0.343276       
179         0.805016       0.804813       
180         0.560366       0.560809       
181         0.879491       0.879299       
182         0.378373       0.378892       
183         0.839689       0.840138       
184         0.480563       0.479473       
185         0.891151       0.890996       
186         0.346292       0.346727       
187         0.808155       0.808631       
188         0.553494       0.552446       
189         0.882284       0.88268        
190         0.370777       0.369694       
191         0.832886       0.831883       
192         0.496898       0.499279       
193         0.892466       0.892498       
194         0.342615       0.342524       
195         0.804071       0.803969       
196         0.56242        0.562642       
197         0.87859        0.878491       
198         0.380809       0.381077       
199         0.841783       0.842011       
200         0.475468       0.474912       
201         0.890352       0.890253       
202         0.348524       0.348798       
203         0.810586       0.810883       
204         0.548125       0.547466       
205         0.884232       0.884457       
206         0.365446       0.364829       
207         0.827866       0.827272       
208         0.508739       0.510128       
209         0.892227       0.892134       
210         0.343283       0.343545       
211         0.80482        0.805113       
212         0.560793       0.560155       
213         0.879306       0.879582       
214         0.378873       0.378127       
215         0.840122       0.839475       
216         0.479513       0.481083       
217         0.891002       0.891222       
218         0.34671        0.346094       
219         0.808613       0.807937       
220         0.552486       0.553974       
221         0.882666       0.8821         
222         0.369734       0.371279       
223         0.83192        0.833348       
224         0.49919        0.495797       
225         0.892498       0.892437       
226         0.342526       0.342696       
227         0.803971       0.804162       
228         0.562639       0.562224       
229         0.878493       0.878678       
230         0.381073       0.380573       
231         0.842007       0.841582       
232         0.47492        0.475959       
233         0.890254       0.890437       
234         0.348794       0.348287       
235         0.810878       0.810329       
236         0.547476       0.548694       
237         0.884453       0.884035       
238         0.364839       0.365985       
239         0.827281       0.828383       
240         0.510107       0.507528       
241         0.892135       0.892298       
242         0.343541       0.343086       
243         0.805108       0.804599       
244         0.560165       0.561273       
245         0.879577       0.879097       
246         0.378139       0.379439       
247         0.839485       0.84061        
248         0.481057       0.478326       
249         0.891219       0.890823       
250         0.346103       0.347209       
251         0.807947       0.809158       
252         0.553951       0.551284       
253         0.882109       0.883111       
254         0.371255       0.368517       
255         0.833326       0.830783       
256         0.49585        0.501881       
257         0.892439       0.892487       
258         0.342691       0.342555       
259         0.804157       0.804003       
260         0.562234       0.562568       
261         0.878673       0.878524       
262         0.380586       0.380988       
263         0.841593       0.841935       
264         0.475932       0.475096       
265         0.890432       0.890286       
266         0.348299       0.348707       
267         0.810343       0.810784       
268         0.548662       0.547686       
269         0.884046       0.884382       
270         0.365956       0.365034       
271         0.828355       0.82747        
272         0.507594       0.509666       
273         0.892294       0.892166       
274         0.343096       0.343453       
275         0.804611       0.805011       
276         0.561248       0.560378       
277         0.879108       0.879486       
278         0.37941        0.378386       
279         0.840585       0.8397         
280         0.478386       0.480536       
281         0.890832       0.891147       
282         0.347183       0.346303       
283         0.80913        0.808167       
284         0.551347       0.553469       
285         0.883088       0.882294       
286         0.36858        0.37075        
287         0.830842       0.832861       
288         0.501741       0.496957       
289         0.892489       0.892467       
290         0.34255        0.342612       
291         0.803997       0.804067       
292         0.562581       0.562429       
293         0.878519       0.878587       
294         0.381003       0.38082        
295         0.841948       0.841792       
296         0.475065       0.475446       
297         0.89028        0.890348       
298         0.348722       0.348534       
299         0.8108         0.810598       
300         0.547649       0.548099       
301         0.884394       0.884241       
302         0.365          0.365422       
303         0.827437       0.827843       
304         0.509743       0.508794       
305         0.892161       0.892224       
306         0.343468       0.343293       
307         0.805027       0.804831       
308         0.560341       0.560769       
309         0.879502       0.879316       
310         0.378344       0.378845       
311         0.839663       0.840098       
312         0.480626       0.47957        
313         0.89116        0.89101        
314         0.346268       0.346687       
315         0.808129       0.808588       
316         0.553553       0.552542       
317         0.882262       0.882644       
318         0.370838       0.369792       
319         0.832942       0.831974       
320         0.496764       0.499061       
321         0.892463       0.892497       
322         0.342624       0.342528       
323         0.804081       0.803973       
324         0.562399       0.562633       
325         0.8786         0.878495       
326         0.380784       0.381067       
327         0.841762       0.842002       
328         0.47552        0.474934       
329         0.890361       0.890257       
330         0.348498       0.348787       
331         0.810559       0.810871       
332         0.548185       0.547493       
333         0.884211       0.884448       
334         0.365503       0.364854       
335         0.827921       0.827296       
336         0.508611       0.510072       
337         0.892235       0.892138       
338         0.343261       0.343534       
339         0.804795       0.8051         
340         0.560847       0.560182       
341         0.879283       0.87957        
342         0.378936       0.378158       
343         0.840177       0.839502       
344         0.479379       0.481016       
345         0.890982       0.891213       
346         0.346765       0.346119       
347         0.808673       0.807965       
348         0.552353       0.553913       
349         0.882715       0.882123       
350         0.369599       0.371215       
351         0.831794       0.83329        
352         0.499488       0.495937       
353         0.892499       0.892441       
354         0.342522       0.342684       
355         0.803966       0.804149       
356         0.562648       0.562252       
357         0.878488       0.878665       
358         0.381085       0.380607       
359         0.842017       0.841611       
360         0.474896       0.475888       
361         0.89025        0.890424       
362         0.348806       0.34832        
363         0.810891       0.810366       
364         0.547447       0.548612       
365         0.884463       0.884064       
366         0.364812       0.365908       
367         0.827255       0.828309       
368         0.510167       0.507701       
369         0.892131       0.892288       
370         0.343553       0.343112       
371         0.805122       0.804629       
372         0.560135       0.561208       
373         0.87959        0.879125       
374         0.378104       0.379363       
375         0.839455       0.840545       
376         0.481131       0.478485       
377         0.891229       0.890847       
378         0.346076       0.347141       
379         0.807917       0.809083       
380         0.554018       0.551449       
381         0.882083       0.88305        
382         0.371325       0.368683       
383         0.833391       0.830938       
384         0.495697       0.501513       
385         0.892434       0.892492       
386         0.342704       0.342542       
387         0.804171       0.803989       
388         0.562203       0.562599       
389         0.878687       0.878511       
390         0.380548       0.381025       
391         0.841561       0.841967       
392         0.476011       0.47502        
393         0.890446       0.890272       
394         0.348262       0.348744       
395         0.810302       0.810825       
396         0.548753       0.547595       
397         0.884014       0.884413       
398         0.366042       0.36495        
399         0.828438       0.827388       
400         0.5074         0.509856       
401         0.892305       0.892153       
402         0.343067       0.343491       
403         0.804578       0.805052       
404         0.561319       0.560287       
405         0.879077       0.879525       
406         0.379494       0.37828        
407         0.840658       0.839608       
408         0.47821        0.480759       
409         0.890805       0.891178       
410         0.347259       0.346217       
411         0.809213       0.808072       
412         0.551163       0.553677       
413         0.883155       0.882214       
414         0.368397       0.370967       
415         0.830669       0.833061       
416         0.502148       0.496481       
417         0.892484       0.892456       
418         0.342565       0.342643       
419         0.804015       0.804103       
420         0.562542       0.562352       
421         0.878536       0.878621       
422         0.380957       0.380728       
423         0.841908       0.841714       
424         0.475162       0.475637       
425         0.890298       0.890381       
426         0.348674       0.348442       
427         0.810748       0.810497       
428         0.547764       0.548321       
429         0.884355       0.884164       
430         0.365107       0.365632       
431         0.82754        0.828044       
432         0.509501       0.508321       
433         0.892178       0.892253       
434         0.343422       0.343212       
435         0.804975       0.80474        
436         0.560454       0.560966       
437         0.879453       0.879231       
438         0.378476       0.379077       
439         0.839778       0.840298       
440         0.480347       0.479084       
441         0.891121       0.890938       
442         0.346377       0.346887       
443         0.808248       0.808807       
444         0.553291       0.552059       
445         0.882362       0.882825       
446         0.370565       0.369299       
447         0.83269        0.831515       
448         0.497363       0.500149       
449         0.892475       0.8925         
450         0.342589       0.342519       
451         0.804041       0.803964       
452         0.562485       0.562654       
453         0.878561       0.878486       
454         0.380888       0.381092       
455         0.84185        0.842023       
456         0.475305       0.474881       
457         0.890323       0.890248       
458         0.348603       0.348813       
459         0.810672       0.810899       
460         0.547933       0.54743        
461         0.884298       0.884469       
462         0.365266       0.364795       
463         0.827693       0.827239       
464         0.509144       0.510204       
465         0.892202       0.892128       
466         0.343355       0.34356        
467         0.804901       0.80513        
468         0.560616       0.560117       
469         0.879383       0.879598       
470         0.378666       0.378083       
471         0.839942       0.839436       
472         0.479948       0.481176       
473         0.891065       0.891235       
474         0.346535       0.346059       
475         0.808421       0.807898       
476         0.55291        0.554059       
477         0.882506       0.882067       
478         0.37017        0.371368       
479         0.832325       0.83343        
480         0.49823        0.495603       
481         0.892489       0.892431       
482         0.342551       0.342713       
483         0.803999       0.804181       
484         0.562578       0.562183       
485         0.87852        0.878696       
486         0.381          0.380524       
487         0.841945       0.84154        
488         0.475072       0.476061       
489         0.890282       0.890454       
490         0.348719       0.348238       
491         0.810797       0.810277       
492         0.547657       0.54881        
493         0.884392       0.883995       
494         0.365007       0.366097       
495         0.827444       0.82849        
496         0.509727       0.507278       
497         0.892162       0.892311       
498         0.343465       0.343049       
499         0.805024       0.804558       
500         0.560348       0.561363       
501         0.879498       0.879058       
502         0.378352       0.379546       
503         0.839671       0.840702       
504         0.480607       0.478102       
505         0.891157       0.890788       
506         0.346275       0.347306       
507         0.808136       0.809264       
508         0.553536       0.55105        
509         0.882268       0.883196       
510         0.37082        0.368283       
511         0.832925       0.830563       
512         0.496803       0.502399       
513         0.892464       0.892479       
514         0.342621       0.342577       
515         0.804078       0.804028       
516         0.562405       0.562514       
517         0.878597       0.878548       
518         0.380792       0.380923       
519         0.841768       0.84188        
520         0.475505       0.475232       
521         0.890358       0.89031        
522         0.348506       0.348639       
523         0.810567       0.810711       
524         0.548167       0.547847       
525         0.884217       0.884327       
526         0.365486       0.365185       
527         0.827904       0.827615       
528         0.508649       0.509327       
529         0.892233       0.892189       
530         0.343267       0.343389       
531         0.804802       0.804939       
532         0.560831       0.560534       
533         0.87929        0.879418       
534         0.378918       0.378569       
535         0.84016        0.839859       
536         0.479418       0.48015        
537         0.890988       0.891093       
538         0.346749       0.346454       
539         0.808655       0.808332       
540         0.552393       0.553104       
541         0.8827         0.882432       
542         0.369639       0.370371       
543         0.831832       0.832511       
544         0.499399       0.497788       
545         0.892499       0.892483       
546         0.342523       0.342568       
547         0.803967       0.804018       
548         0.562646       0.562535       
549         0.87849        0.878539       
550         0.381082       0.380948       
551         0.842015       0.841901       
552         0.474902       0.475179       
553         0.890251       0.890301       
554         0.348803       0.348666       
555         0.810888       0.810739       
556         0.547455       0.547784       
557         0.884461       0.884348       
558         0.364818       0.365126       
559         0.827262       0.827558       
560         0.510152       0.509458       
561         0.892132       0.892181       
562         0.34355        0.343414       
563         0.805118       0.804966       
564         0.560143       0.560474       
565         0.879587       0.879444       
566         0.378113       0.378499       
567         0.839462       0.839798       
568         0.481112       0.480298       
569         0.891226       0.891114       
570         0.346082       0.346396       
571         0.807925       0.808268       
572         0.554001       0.553245       
573         0.882089       0.882379       
574         0.371308       0.370517       
575         0.833375       0.832646       
576         0.495735       0.497467       
577         0.892435       0.892477       
578         0.342701       0.342583       
579         0.804168       0.804035       
580         0.562211       0.562498       
581         0.878684       0.878556       
582         0.380558       0.380904       
583         0.841569       0.841863       
584         0.475991       0.475272       
585         0.890442       0.890317       
586         0.348271       0.34862        
587         0.810313       0.81069        
588         0.54873        0.547894       
589         0.884022       0.884311       
590         0.36602        0.365229       
591         0.828417       0.827658       
592         0.507449       0.509226       
593         0.892302       0.892196       
594         0.343074       0.34337        
595         0.804586       0.804918       
596         0.561301       0.56058        
597         0.879084       0.879399       
598         0.379473       0.378623       
599         0.84064        0.839905       
600         0.478254       0.480038       
601         0.890812       0.891077       
602         0.34724        0.346499       
603         0.809192       0.808381       
604         0.551209       0.552997       
605         0.883138       0.882473       
606         0.368443       0.37026        
607         0.830713       0.832408       
608         0.502046       0.498032       
609         0.892485       0.892486       
610         0.342561       0.342558       
611         0.80401        0.804007       
612         0.562552       0.56256        
613         0.878531       0.878528       
614         0.380969       0.380978       
615         0.841919       0.841927       
616         0.475136       0.475117       
617         0.890293       0.89029        
618         0.348687       0.348696       
619         0.810762       0.810773       
620         0.547733       0.547711       
621         0.884366       0.884374       
622         0.365078       0.365057       
623         0.827512       0.827492       
624         0.509566       0.509614       
625         0.892173       0.89217        
626         0.343434       0.343444       
627         0.804989       0.805          
628         0.560424       0.560402       
629         0.879466       0.879475       
630         0.378441       0.378415       
631         0.839747       0.839725       
632         0.480422       0.480476       
633         0.891132       0.891139       
634         0.346347       0.346326       
635         0.808216       0.808192       
636         0.553361       0.553413       
637         0.882335       0.882315       
638         0.370638       0.370692       
639         0.832758       0.832807       
640         0.497202       0.497084       
641         0.892472       0.89247        
642         0.342598       0.342604       
643         0.804051       0.804059       
644         0.562463       0.562447       
645         0.878571       0.878578       
646         0.380862       0.380842       
647         0.841828       0.841811       
648         0.475359       0.4754         
649         0.890332       0.89034        
650         0.348577       0.348557       
651         0.810644       0.810622       
652         0.547996       0.548045       
653         0.884276       0.884259       
654         0.365325       0.365371       
655         0.82775        0.827793       
656         0.509011       0.508909       
657         0.89221        0.892217       
658         0.343331       0.343313       
659         0.804874       0.804854       
660         0.560675       0.56072        
661         0.879357       0.879338       
662         0.378735       0.378787       
663         0.840002       0.840047       
664         0.479803       0.479693       
665         0.891044       0.891028       
666         0.346593       0.346637       
667         0.808484       0.808533       
668         0.552769       0.552662       
669         0.882559       0.882599       
670         0.370026       0.369916       
671         0.832191       0.832089       
672         0.498548       0.49879        
673         0.892492       0.892495       
674         0.34254        0.342534       
675         0.803987       0.80398        
676         0.562603       0.562619       
677         0.878509       0.878502       
678         0.38103        0.381049       
679         0.841971       0.841987       
680         0.475009       0.47497        
681         0.89027        0.890263       
682         0.34875        0.34877        
683         0.810831       0.810852       
684         0.547582       0.547535       
685         0.884417       0.884433       
686         0.364937       0.364894       
687         0.827376       0.827334       
688         0.509884       0.509983       
689         0.892151       0.892144       
690         0.343496       0.343516       
691         0.805058       0.80508        
692         0.560274       0.560226       
693         0.879531       0.879551       
694         0.378265       0.378209       
695         0.839595       0.839546       
696         0.480791       0.480909       
697         0.891183       0.891199       
698         0.346204       0.34616        
699         0.808059       0.808009       
700         0.553707       0.553815       
701         0.882203       0.882161       
702         0.370999       0.371112       
703         0.83309        0.833195       
704         0.496412       0.496163       
705         0.892454       0.892447       
706         0.342648       0.342666       
707         0.804108       0.804129       
708         0.56234        0.562295       
709         0.878626       0.878646       
710         0.380714       0.380659       
711         0.841702       0.841655       
712         0.475667       0.47578        
713         0.890386       0.890406       
714         0.348427       0.348373       
715         0.810482       0.810423       
716         0.548356       0.548487       
717         0.884152       0.884107       
718         0.365665       0.365789       
719         0.828076       0.828195       
720         0.508247       0.507969       
721         0.892257       0.892273       
722         0.343199       0.343154       
723         0.804726       0.804676       
724         0.560996       0.561106       
725         0.879218       0.87917        
726         0.379112       0.379242       
727         0.840329       0.84044        
728         0.47901        0.478738       
729         0.890927       0.890886       
730         0.346918       0.347033       
731         0.808841       0.808966       
732         0.551984       0.551709       
733         0.882853       0.882955       
734         0.369223       0.368945       
735         0.831444       0.831183       
736         0.500317       0.500934       
737         0.8925         0.892497       
738         0.34252        0.342528       
739         0.803964       0.803973       
740         0.562652       0.562633       
741         0.878487       0.878495       
742         0.38109        0.381067       
743         0.842021       0.842002       
744         0.474886       0.474933       
745         0.890248       0.890257       
746         0.348811       0.348788       
747         0.810897       0.810871       
748         0.547436       0.547492       
749         0.884467       0.884448       
750         0.364801       0.364853       
751         0.827245       0.827295       
752         0.510192       0.510074       
753         0.892129       0.892138       
754         0.343558       0.343534       
755         0.805127       0.805101       
756         0.560123       0.560181       
757         0.879595       0.87957        
758         0.37809        0.378158       
759         0.839442       0.839501       
760         0.481161       0.481018       
761         0.891233       0.891214       
762         0.346064       0.346118       
763         0.807904       0.807964       
764         0.554046       0.553915       
765         0.882072       0.882123       
766         0.371354       0.371217       
767         0.833417       0.833291       
768         0.495634       0.495934       
769         0.892432       0.892441       
770         0.34271        0.342685       
771         0.804178       0.804149       
772         0.562189       0.562251       
773         0.878693       0.878666       
774         0.380532       0.380606       
775         0.841547       0.84161        
776         0.476044       0.47589        
777         0.890451       0.890425       
778         0.348246       0.34832        
779         0.810285       0.810365       
780         0.548792       0.548614       
781         0.884001       0.884063       
782         0.366079       0.36591        
783         0.828473       0.828311       
784         0.507318       0.507697       
785         0.892309       0.892288       
786         0.343055       0.343112       
787         0.804564       0.804628       
788         0.561348       0.56121        
789         0.879064       0.879125       
790         0.379529       0.379365       
791         0.840688       0.840546       
792         0.478137       0.478481       
793         0.890794       0.890847       
794         0.347291       0.347142       
795         0.809247       0.809085       
796         0.551087       0.551445       
797         0.883183       0.883052       
798         0.36832        0.368679       
799         0.830598       0.830935       
800         0.502317       0.501522       
801         0.892481       0.892492       
802         0.342573       0.342542       
803         0.804024       0.803989       
804         0.562524       0.562598       
805         0.878544       0.878511       
806         0.380934       0.381024       
807         0.841889       0.841966       
808         0.475208       0.475022       
809         0.890306       0.890273       
810         0.348651       0.348744       
811         0.810724       0.810824       
812         0.547819       0.547597       
813         0.884337       0.884412       
814         0.365159       0.364952       
815         0.82759        0.82739        
816         0.509386       0.509852       
817         0.892186       0.892153       
818         0.3434         0.34349        
819         0.804951       0.805051       
820         0.560507       0.560289       
821         0.87943        0.879524       
822         0.378538       0.378283       
823         0.839832       0.83961        
824         0.480217       0.480754       
825         0.891103       0.891178       
826         0.346428       0.346219       
827         0.808304       0.808074       
828         0.553167       0.553672       
829         0.882408       0.882216       
830         0.370437       0.370962       
831         0.832572       0.833057       
832         0.497644       0.496491       
833         0.89248        0.892456       
834         0.342575       0.342642       
835         0.804026       0.804102       
836         0.562519       0.562354       
837         0.878546       0.87862        
838         0.380929       0.38073        
839         0.841885       0.841716       
840         0.475219       0.475632       
841         0.890308       0.89038        
842         0.348646       0.348444       
843         0.810718       0.8105         
844         0.547832       0.548316       
845         0.884332       0.884166       
846         0.365171       0.365627       
847         0.827601       0.82804        
848         0.509358       0.508332       
849         0.892187       0.892252       
850         0.343395       0.343214       
851         0.804945       0.804742       
852         0.56052        0.560962       
853         0.879424       0.879233       
854         0.378553       0.379072       
855         0.839844       0.840294       
856         0.480186       0.479095       
857         0.891098       0.89094        
858         0.34644        0.346883       
859         0.808317       0.808802       
860         0.553138       0.55207        
861         0.88242        0.882821       
862         0.370406       0.369311       
863         0.832543       0.831525       
864         0.497712       0.500124       
865         0.892481       0.8925         
866         0.342572       0.342519       
867         0.804022       0.803963       
868         0.562527       0.562654       
869         0.878543       0.878486       
870         0.380938       0.381092       
871         0.841893       0.842024       
872         0.4752         0.474881       
873         0.890304       0.890247       
874         0.348655       0.348814       
875         0.810728       0.810899       
876         0.547809       0.547429       
877         0.88434        0.884469       
878         0.36515        0.364795       
879         0.827581       0.827239       
880         0.509406       0.510205       
881         0.892184       0.892128       
882         0.343404       0.343561       
883         0.804955       0.80513        
884         0.560498       0.560117       
885         0.879434       0.879598       
886         0.378527       0.378082       
887         0.839822       0.839436       
888         0.480239       0.481177       
889         0.891106       0.891235       
890         0.346419       0.346058       
891         0.808294       0.807898       
892         0.553189       0.55406        
893         0.8824         0.882067       
894         0.370459       0.371369       
895         0.832592       0.833431       
896         0.497595       0.4956         
897         0.892479       0.892431       
898         0.342577       0.342713       
899         0.804028       0.804181       
900         0.562513       0.562182       
901         0.878549       0.878696       
902         0.380922       0.380524       
903         0.841879       0.84154        
904         0.475234       0.476062       
905         0.89031        0.890454       
906         0.348639       0.348237       
907         0.81071        0.810276       
908         0.547849       0.548812       
909         0.884326       0.883994       
910         0.365187       0.366098       
911         0.827616       0.828491       
912         0.509323       0.507274       
913         0.89219        0.892311       
914         0.343388       0.343048       
915         0.804938       0.804557       
916         0.560536       0.561364       
917         0.879417       0.879057       
918         0.378572       0.379547       
919         0.839861       0.840703       
920         0.480146       0.478099       
921         0.891093       0.890788       
922         0.346456       0.347308       
923         0.808334       0.809266       
924         0.5531         0.551047       
925         0.882434       0.883197       
926         0.370367       0.36828        
927         0.832507       0.83056        
928         0.497798       0.502406       
929         0.892483       0.892479       
930         0.342568       0.342577       
931         0.804018       0.804028       
932         0.562536       0.562513       
933         0.878539       0.878549       
934         0.38095        0.380922       
935         0.841902       0.841879       
936         0.475177       0.475234       
937         0.8903         0.89031        
938         0.348667       0.348638       
939         0.810741       0.81071        
940         0.547781       0.547849       
941         0.884349       0.884326       
942         0.365123       0.365187       
943         0.827556       0.827617       
944         0.509465       0.509322       
945         0.89218        0.89219        
946         0.343415       0.343388       
947         0.804968       0.804938       
948         0.560471       0.560536       
949         0.879445       0.879417       
950         0.378495       0.378572       
951         0.839795       0.839861       
952         0.480306       0.480145       
953         0.891115       0.891093       
954         0.346393       0.346456       
955         0.808265       0.808335       
956         0.553252       0.553099       
957         0.882376       0.882435       
958         0.370525       0.370365       
959         0.832653       0.832506       
960         0.497451       0.497801       
961         0.892477       0.892483       
962         0.342584       0.342568       
963         0.804036       0.804018       
964         0.562496       0.562537       
965         0.878556       0.878538       
966         0.380901       0.38095        
967         0.841861       0.841903       
968         0.475277       0.475176       
969         0.890318       0.8903         
970         0.348617       0.348667       
971         0.810687       0.810741       
972         0.5479         0.54778        
973         0.884309       0.88435        
974         0.365235       0.365123       
975         0.827663       0.827555       
976         0.509214       0.509467       
977         0.892197       0.89218        
978         0.343368       0.343415       
979         0.804915       0.804968       
980         0.560585       0.56047        
981         0.879396       0.879446       
982         0.378629       0.378494       
983         0.839911       0.839794       
984         0.480024       0.480308       
985         0.891075       0.891116       
986         0.346504       0.346392       
987         0.808387       0.808264       
988         0.552983       0.553254       
989         0.882478       0.882375       
990         0.370246       0.370527       
991         0.832396       0.832655       
992         0.498062       0.497446       
993         0.892487       0.892477       
994         0.342557       0.342584       
995         0.804005       0.804037       
996         0.562563       0.562495       
997         0.878527       0.878557       
998         0.380982       0.3809         
999         0.84193        0.841861       
