# lambda = 1.001
#===============================================
0           0.5            0.5005         
1           0.25025        0.25025        
2           0.187813       0.187812       
3           0.152692       0.152691       
4           0.129506       0.129506       
5           0.112847       0.112847       
6           0.100213       0.100213       
7           0.0902603      0.0902603      
8           0.0821955      0.0821955      
9           0.0755148      0.0755148      
10          0.0698822      0.0698821      
11          0.0650636      0.0650636      
12          0.0608912      0.0608912      
13          0.0572406      0.0572406      
14          0.0540181      0.0540181      
15          0.0511513      0.0511513      
16          0.0485833      0.0485833      
17          0.0462692      0.0462692      
18          0.0441725      0.0441725      
19          0.0422635      0.0422635      
20          0.0405178      0.0405178      
21          0.038915       0.038915       
22          0.037438       0.037438       
23          0.0360724      0.0360724      
24          0.034806       0.034806       
25          0.0336281      0.0336281      
26          0.0325298      0.0325298      
27          0.0315031      0.0315031      
28          0.0305411      0.0305411      
29          0.029638       0.029638       
30          0.0287883      0.0287883      
31          0.0279875      0.0279875      
32          0.0272314      0.0272314      
33          0.0265164      0.0265164      
34          0.0258391      0.0258391      
35          0.0251966      0.0251966      
36          0.0245863      0.0245863      
37          0.0240058      0.0240058      
38          0.0234529      0.0234529      
39          0.0229258      0.0229258      
40          0.0224226      0.0224226      
41          0.0219417      0.0219417      
42          0.0214818      0.0214818      
43          0.0210413      0.0210413      
44          0.0206192      0.0206192      
45          0.0202142      0.0202142      
46          0.0198254      0.0198254      
47          0.0194518      0.0194518      
48          0.0190925      0.0190925      
49          0.0187467      0.0187467      
50          0.0184137      0.0184137      
51          0.0180927      0.0180927      
52          0.0177831      0.0177831      
53          0.0174843      0.0174843      
54          0.0171958      0.0171958      
55          0.016917       0.016917       
56          0.0166474      0.0166474      
57          0.0163867      0.0163867      
58          0.0161343      0.0161343      
59          0.0158898      0.0158898      
60          0.015653       0.015653       
61          0.0154234      0.0154234      
62          0.0152007      0.0152007      
63          0.0149846      0.0149846      
64          0.0147748      0.0147748      
65          0.0145711      0.0145711      
66          0.0143731      0.0143731      
67          0.0141807      0.0141807      
68          0.0139936      0.0139936      
69          0.0138116      0.0138116      
70          0.0136344      0.0136344      
71          0.013462       0.013462       
72          0.013294       0.013294       
73          0.0131304      0.0131304      
74          0.012971       0.012971       
75          0.0128155      0.0128155      
76          0.0126639      0.0126639      
77          0.0125161      0.0125161      
78          0.0123718      0.0123718      
79          0.0122309      0.0122309      
80          0.0120934      0.0120934      
81          0.0119591      0.0119591      
82          0.0118279      0.0118279      
83          0.0116997      0.0116997      
84          0.0115744      0.0115744      
85          0.0114518      0.0114518      
86          0.011332       0.011332       
87          0.0112148      0.0112148      
88          0.0111001      0.0111001      
89          0.0109879      0.0109879      
90          0.010878       0.010878       
91          0.0107705      0.0107705      
92          0.0106651      0.0106651      
93          0.0105619      0.0105619      
94          0.0104608      0.0104608      
95          0.0103617      0.0103617      
96          0.0102646      0.0102646      
97          0.0101694      0.0101694      
98          0.0100761      0.0100761      
99          0.00998452     0.00998452     
100         0.00989471     0.00989471     
101         0.0098066      0.0098066      
102         0.00972014     0.00972014     
103         0.00963529     0.00963529     
104         0.00955199     0.00955199     
105         0.00947021     0.00947021     
106         0.00938991     0.00938991     
107         0.00931104     0.00931104     
108         0.00923357     0.00923357     
109         0.00915746     0.00915746     
110         0.00908267     0.00908267     
111         0.00900918     0.00900918     
112         0.00893694     0.00893694     
113         0.00886593     0.00886593     
114         0.00879611     0.00879611     
115         0.00872746     0.00872746     
116         0.00865994     0.00865994     
117         0.00859353     0.00859353     
118         0.0085282      0.0085282      
119         0.00846393     0.00846393     
120         0.00840068     0.00840068     
121         0.00833844     0.00833844     
122         0.00827718     0.00827718     
123         0.00821688     0.00821688     
124         0.00815751     0.00815751     
125         0.00809905     0.00809905     
126         0.00804149     0.00804149     
127         0.0079848      0.0079848      
128         0.00792897     0.00792897     
129         0.00787397     0.00787397     
130         0.00781978     0.00781978     
131         0.00776639     0.00776639     
132         0.00771378     0.00771378     
133         0.00766193     0.00766193     
134         0.00761083     0.00761083     
135         0.00756046     0.00756046     
136         0.0075108      0.0075108      
137         0.00746184     0.00746184     
138         0.00741357     0.00741357     
139         0.00736597     0.00736597     
140         0.00731902     0.00731902     
141         0.00727272     0.00727272     
142         0.00722704     0.00722704     
143         0.00718199     0.00718199     
144         0.00713754     0.00713754     
145         0.00709368     0.00709368     
146         0.0070504      0.0070504      
147         0.0070077      0.0070077      
148         0.00696555     0.00696555     
149         0.00692395     0.00692395     
150         0.00688288     0.00688288     
151         0.00684234     0.00684234     
152         0.00680232     0.00680232     
153         0.0067628      0.0067628      
154         0.00672379     0.00672379     
155         0.00668525     0.00668525     
156         0.0066472      0.0066472      
157         0.00660962     0.00660962     
158         0.0065725      0.0065725      
159         0.00653583     0.00653583     
160         0.00649961     0.00649961     
161         0.00646382     0.00646382     
162         0.00642846     0.00642846     
163         0.00639352     0.00639352     
164         0.006359       0.006359       
165         0.00632488     0.00632488     
166         0.00629116     0.00629116     
167         0.00625783     0.00625783     
168         0.00622489     0.00622489     
169         0.00619233     0.00619233     
170         0.00616014     0.00616014     
171         0.00612831     0.00612831     
172         0.00609685     0.00609685     
173         0.00606574     0.00606573     
174         0.00603497     0.00603497     
175         0.00600455     0.00600455     
176         0.00597446     0.00597446     
177         0.00594471     0.00594471     
178         0.00591528     0.00591528     
179         0.00588617     0.00588617     
180         0.00585737     0.00585737     
181         0.00582889     0.00582889     
182         0.0058007      0.0058007      
183         0.00577282     0.00577282     
184         0.00574524     0.00574524     
185         0.00571794     0.00571794     
186         0.00569093     0.00569093     
187         0.0056642      0.0056642      
188         0.00563775     0.00563775     
189         0.00561157     0.00561157     
190         0.00558566     0.00558566     
191         0.00556002     0.00556002     
192         0.00553464     0.00553463     
193         0.00550951     0.00550951     
194         0.00548463     0.00548463     
195         0.00546        0.00546        
196         0.00543562     0.00543562     
197         0.00541148     0.00541148     
198         0.00538758     0.00538758     
199         0.00536391     0.00536391     
200         0.00534048     0.00534048     
201         0.00531727     0.00531727     
202         0.00529428     0.00529428     
203         0.00527152     0.00527152     
204         0.00524898     0.00524898     
205         0.00522665     0.00522665     
206         0.00520453     0.00520453     
207         0.00518262     0.00518262     
208         0.00516091     0.00516091     
209         0.00513941     0.00513941     
210         0.00511811     0.00511811     
211         0.00509701     0.00509701     
212         0.0050761      0.0050761      
213         0.00505538     0.00505538     
214         0.00503486     0.00503486     
215         0.00501452     0.00501452     
216         0.00499436     0.00499436     
217         0.00497439     0.00497439     
218         0.00495459     0.00495459     
219         0.00493497     0.00493497     
220         0.00491553     0.00491553     
221         0.00489626     0.00489626     
222         0.00487716     0.00487716     
223         0.00485823     0.00485823     
224         0.00483946     0.00483946     
225         0.00482085     0.00482085     
226         0.00480241     0.00480241     
227         0.00478413     0.00478413     
228         0.004766       0.004766       
229         0.00474803     0.00474803     
230         0.00473021     0.00473021     
231         0.00471254     0.00471254     
232         0.00469503     0.00469503     
233         0.00467765     0.00467765     
234         0.00466043     0.00466043     
235         0.00464335     0.00464335     
236         0.00462641     0.00462641     
237         0.00460961     0.00460961     
238         0.00459295     0.00459295     
239         0.00457643     0.00457643     
240         0.00456004     0.00456004     
241         0.00454379     0.00454379     
242         0.00452766     0.00452766     
243         0.00451167     0.00451167     
244         0.00449581     0.00449581     
245         0.00448007     0.00448007     
246         0.00446446     0.00446446     
247         0.00444897     0.00444897     
248         0.00443361     0.00443361     
249         0.00441836     0.00441836     
250         0.00440324     0.00440324     
251         0.00438824     0.00438824     
252         0.00437335     0.00437335     
253         0.00435858     0.00435858     
254         0.00434392     0.00434392     
255         0.00432937     0.00432937     
256         0.00431494     0.00431494     
257         0.00430062     0.00430062     
258         0.00428641     0.00428641     
259         0.0042723      0.0042723      
260         0.0042583      0.0042583      
261         0.00424441     0.00424441     
262         0.00423062     0.00423062     
263         0.00421694     0.00421694     
264         0.00420335     0.00420335     
265         0.00418987     0.00418987     
266         0.00417649     0.00417649     
267         0.0041632      0.0041632      
268         0.00415002     0.00415002     
269         0.00413693     0.00413693     
270         0.00412393     0.00412393     
271         0.00411103     0.00411103     
272         0.00409823     0.00409823     
273         0.00408551     0.00408551     
274         0.00407289     0.00407289     
275         0.00406036     0.00406036     
276         0.00404791     0.00404791     
277         0.00403556     0.00403556     
278         0.00402329     0.00402329     
279         0.00401111     0.00401111     
280         0.00399902     0.00399902     
281         0.00398701     0.00398701     
282         0.00397509     0.00397509     
283         0.00396324     0.00396324     
284         0.00395148     0.00395148     
285         0.00393981     0.00393981     
286         0.00392821     0.00392821     
287         0.00391669     0.00391669     
288         0.00390525     0.00390525     
289         0.00389389     0.00389389     
290         0.00388261     0.00388261     
291         0.0038714      0.0038714      
292         0.00386027     0.00386027     
293         0.00384921     0.00384921     
294         0.00383823     0.00383823     
295         0.00382732     0.00382732     
296         0.00381649     0.00381649     
297         0.00380572     0.00380572     
298         0.00379503     0.00379503     
299         0.00378441     0.00378441     
300         0.00377386     0.00377386     
301         0.00376337     0.00376337     
302         0.00375296     0.00375296     
303         0.00374261     0.00374261     
304         0.00373234     0.00373234     
305         0.00372212     0.00372212     
306         0.00371198     0.00371198     
307         0.0037019      0.0037019      
308         0.00369188     0.00369188     
309         0.00368193     0.00368193     
310         0.00367204     0.00367204     
311         0.00366222     0.00366222     
312         0.00365245     0.00365245     
313         0.00364275     0.00364275     
314         0.00363311     0.00363311     
315         0.00362353     0.00362353     
316         0.00361401     0.00361401     
317         0.00360455     0.00360455     
318         0.00359515     0.00359515     
319         0.00358581     0.00358581     
320         0.00357652     0.00357652     
321         0.0035673      0.0035673      
322         0.00355812     0.00355812     
323         0.00354901     0.00354901     
324         0.00353995     0.00353995     
325         0.00353095     0.00353095     
326         0.003522       0.003522       
327         0.0035131      0.0035131      
328         0.00350426     0.00350426     
329         0.00349547     0.00349547     
330         0.00348674     0.00348674     
331         0.00347806     0.00347806     
332         0.00346942     0.00346942     
333         0.00346085     0.00346085     
334         0.00345232     0.00345232     
335         0.00344384     0.00344384     
336         0.00343541     0.00343541     
337         0.00342703     0.00342703     
338         0.0034187      0.0034187      
339         0.00341042     0.00341042     
340         0.00340219     0.00340219     
341         0.00339401     0.00339401     
342         0.00338587     0.00338587     
343         0.00337778     0.00337778     
344         0.00336974     0.00336974     
345         0.00336174     0.00336174     
346         0.00335379     0.00335379     
347         0.00334588     0.00334588     
348         0.00333802     0.00333802     
349         0.00333021     0.00333021     
350         0.00332244     0.00332244     
351         0.00331471     0.00331471     
352         0.00330703     0.00330703     
353         0.00329939     0.00329939     
354         0.00329179     0.00329179     
355         0.00328423     0.00328423     
356         0.00327672     0.00327672     
357         0.00326925     0.00326925     
358         0.00326182     0.00326182     
359         0.00325443     0.00325443     
360         0.00324708     0.00324708     
361         0.00323978     0.00323978     
362         0.00323251     0.00323251     
363         0.00322528     0.00322528     
364         0.0032181      0.0032181      
365         0.00321095     0.00321095     
366         0.00320384     0.00320384     
367         0.00319677     0.00319677     
368         0.00318973     0.00318973     
369         0.00318274     0.00318274     
370         0.00317578     0.00317578     
371         0.00316886     0.00316886     
372         0.00316198     0.00316198     
373         0.00315513     0.00315513     
374         0.00314832     0.00314832     
375         0.00314155     0.00314155     
376         0.00313481     0.00313481     
377         0.00312811     0.00312811     
378         0.00312144     0.00312144     
379         0.00311481     0.00311481     
380         0.00310821     0.00310821     
381         0.00310165     0.00310165     
382         0.00309512     0.00309512     
383         0.00308863     0.00308863     
384         0.00308217     0.00308217     
385         0.00307574     0.00307574     
386         0.00306935     0.00306935     
387         0.00306299     0.00306299     
388         0.00305666     0.00305666     
389         0.00305036     0.00305036     
390         0.0030441      0.0030441      
391         0.00303787     0.00303787     
392         0.00303167     0.00303167     
393         0.0030255      0.0030255      
394         0.00301936     0.00301936     
395         0.00301326     0.00301326     
396         0.00300718     0.00300718     
397         0.00300114     0.00300114     
398         0.00299512     0.00299512     
399         0.00298914     0.00298914     
400         0.00298318     0.00298318     
401         0.00297726     0.00297726     
402         0.00297136     0.00297136     
403         0.00296549     0.00296549     
404         0.00295966     0.00295966     
405         0.00295385     0.00295385     
406         0.00294807     0.00294807     
407         0.00294232     0.00294232     
408         0.00293659     0.00293659     
409         0.0029309      0.0029309      
410         0.00292523     0.00292523     
411         0.00291959     0.00291959     
412         0.00291398     0.00291398     
413         0.00290839     0.00290839     
414         0.00290283     0.00290283     
415         0.0028973      0.0028973      
416         0.00289179     0.00289179     
417         0.00288631     0.00288631     
418         0.00288086     0.00288086     
419         0.00287543     0.00287543     
420         0.00287003     0.00287003     
421         0.00286466     0.00286466     
422         0.00285931     0.00285931     
423         0.00285398     0.00285398     
424         0.00284868     0.00284868     
425         0.00284341     0.00284341     
426         0.00283816     0.00283816     
427         0.00283294     0.00283294     
428         0.00282774     0.00282774     
429         0.00282256     0.00282256     
430         0.00281741     0.00281741     
431         0.00281228     0.00281228     
432         0.00280717     0.00280717     
433         0.00280209     0.00280209     
434         0.00279704     0.00279704     
435         0.002792       0.002792       
436         0.00278699     0.00278699     
437         0.002782       0.002782       
438         0.00277704     0.00277704     
439         0.00277209     0.00277209     
440         0.00276717     0.00276717     
441         0.00276228     0.00276228     
442         0.0027574      0.0027574      
443         0.00275255     0.00275255     
444         0.00274772     0.00274772     
445         0.00274291     0.00274291     
446         0.00273812     0.00273812     
447         0.00273335     0.00273335     
448         0.00272861     0.00272861     
449         0.00272388     0.00272388     
450         0.00271918     0.00271918     
451         0.0027145      0.0027145      
452         0.00270984     0.00270984     
453         0.00270519     0.00270519     
454         0.00270057     0.00270057     
455         0.00269597     0.00269597     
456         0.00269139     0.00269139     
457         0.00268684     0.00268684     
458         0.0026823      0.0026823      
459         0.00267778     0.00267778     
460         0.00267328     0.00267328     
461         0.0026688      0.0026688      
462         0.00266434     0.00266434     
463         0.00265989     0.00265989     
464         0.00265547     0.00265547     
465         0.00265107     0.00265107     
466         0.00264668     0.00264668     
467         0.00264232     0.00264232     
468         0.00263797     0.00263797     
469         0.00263364     0.00263364     
470         0.00262934     0.00262934     
471         0.00262504     0.00262504     
472         0.00262077     0.00262077     
473         0.00261652     0.00261652     
474         0.00261228     0.00261228     
475         0.00260806     0.00260806     
476         0.00260386     0.00260386     
477         0.00259968     0.00259968     
478         0.00259551     0.00259551     
479         0.00259137     0.00259137     
480         0.00258723     0.00258723     
481         0.00258312     0.00258312     
482         0.00257903     0.00257903     
483         0.00257495     0.00257495     
484         0.00257088     0.00257088     
485         0.00256684     0.00256684     
486         0.00256281     0.00256281     
487         0.0025588      0.0025588      
488         0.0025548      0.0025548      
489         0.00255082     0.00255082     
490         0.00254686     0.00254686     
491         0.00254292     0.00254292     
492         0.00253899     0.00253899     
493         0.00253507     0.00253507     
494         0.00253117     0.00253117     
495         0.00252729     0.00252729     
496         0.00252343     0.00252343     
497         0.00251958     0.00251958     
498         0.00251574     0.00251574     
499         0.00251192     0.00251192     
500         0.00250812     0.00250812     
501         0.00250433     0.00250433     
502         0.00250055     0.00250055     
503         0.0024968      0.0024968      
504         0.00249305     0.00249305     
505         0.00248932     0.00248932     
506         0.00248561     0.00248561     
507         0.00248191     0.00248191     
508         0.00247823     0.00247823     
509         0.00247456     0.00247456     
510         0.0024709      0.0024709      
511         0.00246726     0.00246726     
512         0.00246364     0.00246364     
513         0.00246002     0.00246002     
514         0.00245643     0.00245643     
515         0.00245284     0.00245284     
516         0.00244927     0.00244927     
517         0.00244572     0.00244572     
518         0.00244218     0.00244218     
519         0.00243865     0.00243865     
520         0.00243513     0.00243513     
521         0.00243163     0.00243163     
522         0.00242815     0.00242815     
523         0.00242467     0.00242467     
524         0.00242121     0.00242121     
525         0.00241776     0.00241776     
526         0.00241433     0.00241433     
527         0.00241091     0.00241091     
528         0.0024075      0.0024075      
529         0.00240411     0.00240411     
530         0.00240073     0.00240073     
531         0.00239736     0.00239736     
532         0.002394       0.002394       
533         0.00239066     0.00239066     
534         0.00238733     0.00238733     
535         0.00238401     0.00238401     
536         0.00238071     0.00238071     
537         0.00237741     0.00237741     
538         0.00237413     0.00237413     
539         0.00237087     0.00237087     
540         0.00236761     0.00236761     
541         0.00236437     0.00236437     
542         0.00236114     0.00236114     
543         0.00235792     0.00235792     
544         0.00235471     0.00235471     
545         0.00235151     0.00235151     
546         0.00234833     0.00234833     
547         0.00234516     0.00234516     
548         0.002342       0.002342       
549         0.00233885     0.00233885     
550         0.00233571     0.00233571     
551         0.00233259     0.00233259     
552         0.00232947     0.00232947     
553         0.00232637     0.00232637     
554         0.00232328     0.00232328     
555         0.0023202      0.0023202      
556         0.00231713     0.00231713     
557         0.00231407     0.00231407     
558         0.00231103     0.00231103     
559         0.00230799     0.00230799     
560         0.00230497     0.00230497     
561         0.00230196     0.00230196     
562         0.00229895     0.00229895     
563         0.00229596     0.00229596     
564         0.00229298     0.00229298     
565         0.00229001     0.00229001     
566         0.00228705     0.00228705     
567         0.0022841      0.0022841      
568         0.00228116     0.00228116     
569         0.00227824     0.00227824     
570         0.00227532     0.00227532     
571         0.00227241     0.00227241     
572         0.00226952     0.00226952     
573         0.00226663     0.00226663     
574         0.00226375     0.00226375     
575         0.00226089     0.00226089     
576         0.00225803     0.00225803     
577         0.00225519     0.00225519     
578         0.00225235     0.00225235     
579         0.00224952     0.00224952     
580         0.00224671     0.00224671     
581         0.0022439      0.0022439      
582         0.00224111     0.00224111     
583         0.00223832     0.00223832     
584         0.00223554     0.00223554     
585         0.00223278     0.00223278     
586         0.00223002     0.00223002     
587         0.00222727     0.00222727     
588         0.00222453     0.00222453     
589         0.0022218      0.0022218      
590         0.00221908     0.00221908     
591         0.00221637     0.00221637     
592         0.00221367     0.00221367     
593         0.00221098     0.00221098     
594         0.0022083      0.0022083      
595         0.00220563     0.00220563     
596         0.00220296     0.00220296     
597         0.00220031     0.00220031     
598         0.00219766     0.00219766     
599         0.00219502     0.00219502     
600         0.0021924      0.0021924      
601         0.00218978     0.00218978     
602         0.00218717     0.00218717     
603         0.00218456     0.00218456     
604         0.00218197     0.00218197     
605         0.00217939     0.00217939     
606         0.00217681     0.00217681     
607         0.00217425     0.00217425     
608         0.00217169     0.00217169     
609         0.00216914     0.00216914     
610         0.0021666      0.0021666      
611         0.00216407     0.00216407     
612         0.00216154     0.00216154     
613         0.00215903     0.00215903     
614         0.00215652     0.00215652     
615         0.00215402     0.00215402     
616         0.00215153     0.00215153     
617         0.00214905     0.00214905     
618         0.00214658     0.00214658     
619         0.00214411     0.00214411     
620         0.00214165     0.00214165     
621         0.0021392      0.0021392      
622         0.00213676     0.00213676     
623         0.00213433     0.00213433     
624         0.0021319      0.0021319      
625         0.00212948     0.00212948     
626         0.00212707     0.00212707     
627         0.00212467     0.00212467     
628         0.00212228     0.00212228     
629         0.00211989     0.00211989     
630         0.00211751     0.00211751     
631         0.00211514     0.00211514     
632         0.00211278     0.00211278     
633         0.00211042     0.00211042     
634         0.00210808     0.00210808     
635         0.00210574     0.00210574     
636         0.0021034      0.0021034      
637         0.00210108     0.00210108     
638         0.00209876     0.00209876     
639         0.00209645     0.00209645     
640         0.00209415     0.00209415     
641         0.00209185     0.00209185     
642         0.00208956     0.00208956     
643         0.00208728     0.00208728     
644         0.00208501     0.00208501     
645         0.00208274     0.00208274     
646         0.00208048     0.00208048     
647         0.00207823     0.00207823     
648         0.00207598     0.00207598     
649         0.00207375     0.00207375     
650         0.00207151     0.00207151     
651         0.00206929     0.00206929     
652         0.00206707     0.00206707     
653         0.00206486     0.00206486     
654         0.00206266     0.00206266     
655         0.00206046     0.00206046     
656         0.00205828     0.00205828     
657         0.00205609     0.00205609     
658         0.00205392     0.00205392     
659         0.00205175     0.00205175     
660         0.00204959     0.00204959     
661         0.00204743     0.00204743     
662         0.00204528     0.00204528     
663         0.00204314     0.00204314     
664         0.002041       0.002041       
665         0.00203888     0.00203888     
666         0.00203675     0.00203675     
667         0.00203464     0.00203464     
668         0.00203253     0.00203253     
669         0.00203043     0.00203043     
670         0.00202833     0.00202833     
671         0.00202624     0.00202624     
672         0.00202416     0.00202416     
673         0.00202208     0.00202208     
674         0.00202001     0.00202001     
675         0.00201794     0.00201794     
676         0.00201589     0.00201589     
677         0.00201383     0.00201383     
678         0.00201179     0.00201179     
679         0.00200975     0.00200975     
680         0.00200771     0.00200771     
681         0.00200569     0.00200569     
682         0.00200367     0.00200367     
683         0.00200165     0.00200165     
684         0.00199964     0.00199964     
685         0.00199764     0.00199764     
686         0.00199564     0.00199564     
687         0.00199365     0.00199365     
688         0.00199167     0.00199167     
689         0.00198969     0.00198969     
690         0.00198771     0.00198771     
691         0.00198575     0.00198575     
692         0.00198379     0.00198379     
693         0.00198183     0.00198183     
694         0.00197988     0.00197988     
695         0.00197794     0.00197794     
696         0.001976       0.001976       
697         0.00197407     0.00197407     
698         0.00197214     0.00197214     
699         0.00197022     0.00197022     
700         0.0019683      0.0019683      
701         0.00196639     0.00196639     
702         0.00196449     0.00196449     
703         0.00196259     0.00196259     
704         0.0019607      0.0019607      
705         0.00195881     0.00195881     
706         0.00195693     0.00195693     
707         0.00195505     0.00195505     
708         0.00195318     0.00195318     
709         0.00195131     0.00195131     
710         0.00194945     0.00194945     
711         0.0019476      0.0019476      
712         0.00194575     0.00194575     
713         0.00194391     0.00194391     
714         0.00194207     0.00194207     
715         0.00194023     0.00194023     
716         0.00193841     0.00193841     
717         0.00193658     0.00193658     
718         0.00193477     0.00193477     
719         0.00193295     0.00193295     
720         0.00193115     0.00193115     
721         0.00192934     0.00192934     
722         0.00192755     0.00192755     
723         0.00192576     0.00192576     
724         0.00192397     0.00192397     
725         0.00192219     0.00192219     
726         0.00192041     0.00192041     
727         0.00191864     0.00191864     
728         0.00191687     0.00191687     
729         0.00191511     0.00191511     
730         0.00191336     0.00191336     
731         0.00191161     0.00191161     
732         0.00190986     0.00190986     
733         0.00190812     0.00190812     
734         0.00190638     0.00190638     
735         0.00190465     0.00190465     
736         0.00190292     0.00190292     
737         0.0019012      0.0019012      
738         0.00189948     0.00189948     
739         0.00189777     0.00189777     
740         0.00189607     0.00189607     
741         0.00189436     0.00189436     
742         0.00189266     0.00189266     
743         0.00189097     0.00189097     
744         0.00188928     0.00188928     
745         0.0018876      0.0018876      
746         0.00188592     0.00188592     
747         0.00188425     0.00188425     
748         0.00188258     0.00188258     
749         0.00188091     0.00188091     
750         0.00187925     0.00187925     
751         0.0018776      0.0018776      
752         0.00187594     0.00187594     
753         0.0018743      0.0018743      
754         0.00187266     0.00187266     
755         0.00187102     0.00187102     
756         0.00186938     0.00186938     
757         0.00186776     0.00186776     
758         0.00186613     0.00186613     
759         0.00186451     0.00186451     
760         0.0018629      0.0018629      
761         0.00186129     0.00186129     
762         0.00185968     0.00185968     
763         0.00185808     0.00185808     
764         0.00185648     0.00185648     
765         0.00185489     0.00185489     
766         0.0018533      0.0018533      
767         0.00185171     0.00185171     
768         0.00185013     0.00185013     
769         0.00184855     0.00184855     
770         0.00184698     0.00184698     
771         0.00184541     0.00184541     
772         0.00184385     0.00184385     
773         0.00184229     0.00184229     
774         0.00184074     0.00184074     
775         0.00183919     0.00183919     
776         0.00183764     0.00183764     
777         0.0018361      0.0018361      
778         0.00183456     0.00183456     
779         0.00183302     0.00183302     
780         0.00183149     0.00183149     
781         0.00182997     0.00182997     
782         0.00182844     0.00182844     
783         0.00182693     0.00182693     
784         0.00182541     0.00182541     
785         0.0018239      0.0018239      
786         0.0018224      0.0018224      
787         0.00182089     0.00182089     
788         0.0018194      0.0018194      
789         0.0018179      0.0018179      
790         0.00181641     0.00181641     
791         0.00181493     0.00181493     
792         0.00181344     0.00181344     
793         0.00181196     0.00181196     
794         0.00181049     0.00181049     
795         0.00180902     0.00180902     
796         0.00180755     0.00180755     
797         0.00180609     0.00180609     
798         0.00180463     0.00180463     
799         0.00180318     0.00180318     
800         0.00180172     0.00180172     
801         0.00180028     0.00180028     
802         0.00179883     0.00179883     
803         0.00179739     0.00179739     
804         0.00179596     0.00179596     
805         0.00179452     0.00179452     
806         0.00179309     0.00179309     
807         0.00179167     0.00179167     
808         0.00179025     0.00179025     
809         0.00178883     0.00178883     
810         0.00178741     0.00178741     
811         0.001786       0.001786       
812         0.0017846      0.0017846      
813         0.00178319     0.00178319     
814         0.00178179     0.00178179     
815         0.0017804      0.0017804      
816         0.00177901     0.00177901     
817         0.00177762     0.00177762     
818         0.00177623     0.00177623     
819         0.00177485     0.00177485     
820         0.00177347     0.00177347     
821         0.0017721      0.0017721      
822         0.00177072     0.00177072     
823         0.00176936     0.00176936     
824         0.00176799     0.00176799     
825         0.00176663     0.00176663     
826         0.00176527     0.00176527     
827         0.00176392     0.00176392     
828         0.00176257     0.00176257     
829         0.00176122     0.00176122     
830         0.00175988     0.00175988     
831         0.00175854     0.00175854     
832         0.0017572      0.0017572      
833         0.00175587     0.00175587     
834         0.00175454     0.00175454     
835         0.00175321     0.00175321     
836         0.00175189     0.00175189     
837         0.00175057     0.00175057     
838         0.00174925     0.00174925     
839         0.00174793     0.00174793     
840         0.00174662     0.00174662     
841         0.00174532     0.00174532     
842         0.00174401     0.00174401     
843         0.00174271     0.00174271     
844         0.00174142     0.00174142     
845         0.00174012     0.00174012     
846         0.00173883     0.00173883     
847         0.00173754     0.00173754     
848         0.00173626     0.00173626     
849         0.00173498     0.00173498     
850         0.0017337      0.0017337      
851         0.00173242     0.00173242     
852         0.00173115     0.00173115     
853         0.00172988     0.00172988     
854         0.00172862     0.00172862     
855         0.00172736     0.00172736     
856         0.0017261      0.0017261      
857         0.00172484     0.00172484     
858         0.00172359     0.00172359     
859         0.00172234     0.00172234     
860         0.00172109     0.00172109     
861         0.00171984     0.00171984     
862         0.0017186      0.0017186      
863         0.00171737     0.00171737     
864         0.00171613     0.00171613     
865         0.0017149      0.0017149      
866         0.00171367     0.00171367     
867         0.00171244     0.00171244     
868         0.00171122     0.00171122     
869         0.00171        0.00171        
870         0.00170878     0.00170878     
871         0.00170757     0.00170757     
872         0.00170636     0.00170636     
873         0.00170515     0.00170515     
874         0.00170395     0.00170395     
875         0.00170274     0.00170274     
876         0.00170154     0.00170154     
877         0.00170035     0.00170035     
878         0.00169915     0.00169915     
879         0.00169796     0.00169796     
880         0.00169677     0.00169677     
881         0.00169559     0.00169559     
882         0.00169441     0.00169441     
883         0.00169323     0.00169323     
884         0.00169205     0.00169205     
885         0.00169088     0.00169088     
886         0.00168971     0.00168971     
887         0.00168854     0.00168854     
888         0.00168737     0.00168737     
889         0.00168621     0.00168621     
890         0.00168505     0.00168505     
891         0.00168389     0.00168389     
892         0.00168274     0.00168274     
893         0.00168159     0.00168159     
894         0.00168044     0.00168044     
895         0.00167929     0.00167929     
896         0.00167815     0.00167815     
897         0.00167701     0.00167701     
898         0.00167587     0.00167587     
899         0.00167473     0.00167473     
900         0.0016736      0.0016736      
901         0.00167247     0.00167247     
902         0.00167134     0.00167134     
903         0.00167022     0.00167022     
904         0.0016691      0.0016691      
905         0.00166798     0.00166798     
906         0.00166686     0.00166686     
907         0.00166574     0.00166574     
908         0.00166463     0.00166463     
909         0.00166352     0.00166352     
910         0.00166242     0.00166242     
911         0.00166131     0.00166131     
912         0.00166021     0.00166021     
913         0.00165911     0.00165911     
914         0.00165802     0.00165802     
915         0.00165692     0.00165692     
916         0.00165583     0.00165583     
917         0.00165474     0.00165474     
918         0.00165366     0.00165366     
919         0.00165257     0.00165257     
920         0.00165149     0.00165149     
921         0.00165041     0.00165041     
922         0.00164934     0.00164934     
923         0.00164826     0.00164826     
924         0.00164719     0.00164719     
925         0.00164612     0.00164612     
926         0.00164506     0.00164506     
927         0.00164399     0.00164399     
928         0.00164293     0.00164293     
929         0.00164187     0.00164187     
930         0.00164082     0.00164082     
931         0.00163976     0.00163976     
932         0.00163871     0.00163871     
933         0.00163766     0.00163766     
934         0.00163661     0.00163661     
935         0.00163557     0.00163557     
936         0.00163453     0.00163453     
937         0.00163349     0.00163349     
938         0.00163245     0.00163245     
939         0.00163142     0.00163142     
940         0.00163038     0.00163038     
941         0.00162935     0.00162935     
942         0.00162832     0.00162832     
943         0.0016273      0.0016273      
944         0.00162627     0.00162627     
945         0.00162525     0.00162525     
946         0.00162423     0.00162423     
947         0.00162322     0.00162322     
948         0.0016222      0.0016222      
949         0.00162119     0.00162119     
950         0.00162018     0.00162018     
951         0.00161917     0.00161917     
952         0.00161817     0.00161817     
953         0.00161717     0.00161717     
954         0.00161617     0.00161617     
955         0.00161517     0.00161517     
956         0.00161417     0.00161417     
957         0.00161318     0.00161318     
958         0.00161219     0.00161219     
959         0.0016112      0.0016112      
960         0.00161021     0.00161021     
961         0.00160922     0.00160922     
962         0.00160824     0.00160824     
963         0.00160726     0.00160726     
964         0.00160628     0.00160628     
965         0.0016053      0.0016053      
966         0.00160433     0.00160433     
967         0.00160336     0.00160336     
968         0.00160239     0.00160239     
969         0.00160142     0.00160142     
970         0.00160045     0.00160045     
971         0.00159949     0.00159949     
972         0.00159853     0.00159853     
973         0.00159757     0.00159757     
974         0.00159661     0.00159661     
975         0.00159566     0.00159566     
976         0.00159471     0.00159471     
977         0.00159375     0.00159375     
978         0.00159281     0.00159281     
979         0.00159186     0.00159186     
980         0.00159091     0.00159091     
981         0.00158997     0.00158997     
982         0.00158903     0.00158903     
983         0.00158809     0.00158809     
984         0.00158716     0.00158716     
985         0.00158622     0.00158622     
986         0.00158529     0.00158529     
987         0.00158436     0.00158436     
988         0.00158343     0.00158343     
989         0.0015825      0.0015825      
990         0.00158158     0.00158158     
991         0.00158066     0.00158066     
992         0.00157974     0.00157974     
993         0.00157882     0.00157882     
994         0.0015779      0.0015779      
995         0.00157699     0.00157699     
996         0.00157608     0.00157608     
997         0.00157517     0.00157517     
998         0.00157426     0.00157426     
999         0.00157335     0.00157335     
