# lambda = 1.01
#===============================================
0           0.5            0.5005         
1           0.2525         0.2525         
2           0.190631       0.190631       
3           0.155834       0.155834       
4           0.132865       0.132865       
5           0.116364       0.116364       
6           0.103852       0.103852       
7           0.0939972      0.0939972      
8           0.0860134      0.0860133      
9           0.0794012      0.0794012      
10          0.0738276      0.0738276      
11          0.0690609      0.0690609      
12          0.0649344      0.0649344      
13          0.0613251      0.0613251      
14          0.05814        0.05814        
15          0.0553073      0.0553073      
16          0.0527709      0.0527709      
17          0.050486       0.050486       
18          0.0484165      0.0484165      
19          0.0465331      0.0465331      
20          0.0448114      0.0448114      
21          0.0432314      0.0432314      
22          0.0417761      0.0417761      
23          0.0404311      0.0404311      
24          0.0391844      0.0391844      
25          0.0380255      0.0380255      
26          0.0369454      0.0369454      
27          0.0359362      0.0359362      
28          0.0349912      0.0349912      
29          0.0341045      0.0341045      
30          0.0332708      0.0332708      
31          0.0324855      0.0324855      
32          0.0317445      0.0317445      
33          0.0310442      0.0310442      
34          0.0303812      0.0303812      
35          0.0297528      0.0297528      
36          0.0291562      0.0291562      
37          0.0285892      0.0285892      
38          0.0280496      0.0280496      
39          0.0275354      0.0275354      
40          0.027045       0.027045       
41          0.0265767      0.0265767      
42          0.0261291      0.0261291      
43          0.0257008      0.0257008      
44          0.0252907      0.0252907      
45          0.0248976      0.0248976      
46          0.0245205      0.0245205      
47          0.0241584      0.0241584      
48          0.0238105      0.0238105      
49          0.023476       0.023476       
50          0.0231542      0.0231542      
51          0.0228442      0.0228442      
52          0.0225456      0.0225456      
53          0.0222577      0.0222577      
54          0.0219799      0.0219799      
55          0.0217117      0.0217117      
56          0.0214527      0.0214527      
57          0.0212024      0.0212024      
58          0.0209604      0.0209604      
59          0.0207263      0.0207263      
60          0.0204997      0.0204997      
61          0.0202802      0.0202802      
62          0.0200676      0.0200676      
63          0.0198616      0.0198616      
64          0.0196618      0.0196618      
65          0.0194679      0.0194679      
66          0.0192798      0.0192798      
67          0.0190972      0.0190972      
68          0.0189198      0.0189198      
69          0.0187475      0.0187475      
70          0.01858        0.01858        
71          0.0184171      0.0184171      
72          0.0182587      0.0182587      
73          0.0181046      0.0181046      
74          0.0179546      0.0179546      
75          0.0178085      0.0178085      
76          0.0176663      0.0176663      
77          0.0175277      0.0175277      
78          0.0173927      0.0173927      
79          0.0172611      0.0172611      
80          0.0171328      0.0171328      
81          0.0170077      0.0170076      
82          0.0168856      0.0168856      
83          0.0167665      0.0167665      
84          0.0166502      0.0166502      
85          0.0165367      0.0165367      
86          0.0164259      0.0164259      
87          0.0163176      0.0163176      
88          0.0162119      0.0162119      
89          0.0161085      0.0161085      
90          0.0160075      0.0160075      
91          0.0159088      0.0159088      
92          0.0158123      0.0158123      
93          0.0157179      0.0157179      
94          0.0156255      0.0156255      
95          0.0155352      0.0155352      
96          0.0154468      0.0154468      
97          0.0153603      0.0153603      
98          0.0152756      0.0152756      
99          0.0151926      0.0151926      
100         0.0151114      0.0151114      
101         0.0150319      0.0150319      
102         0.014954       0.014954       
103         0.0148777      0.0148777      
104         0.0148029      0.0148029      
105         0.0147296      0.0147296      
106         0.0146578      0.0146578      
107         0.0145874      0.0145874      
108         0.0145183      0.0145183      
109         0.0144506      0.0144506      
110         0.0143842      0.0143842      
111         0.0143191      0.0143191      
112         0.0142552      0.0142552      
113         0.0141925      0.0141925      
114         0.014131       0.014131       
115         0.0140706      0.0140706      
116         0.0140114      0.0140114      
117         0.0139532      0.0139532      
118         0.0138961      0.0138961      
119         0.01384        0.01384        
120         0.013785       0.013785       
121         0.0137309      0.0137309      
122         0.0136778      0.0136778      
123         0.0136256      0.0136256      
124         0.0135743      0.0135743      
125         0.013524       0.013524       
126         0.0134745      0.0134745      
127         0.0134258      0.0134258      
128         0.0133781      0.0133781      
129         0.0133311      0.0133311      
130         0.0132849      0.0132849      
131         0.0132395      0.0132395      
132         0.0131948      0.0131948      
133         0.0131509      0.0131509      
134         0.0131078      0.0131078      
135         0.0130653      0.0130653      
136         0.0130236      0.0130236      
137         0.0129825      0.0129825      
138         0.0129421      0.0129421      
139         0.0129023      0.0129023      
140         0.0128632      0.0128632      
141         0.0128247      0.0128247      
142         0.0127869      0.0127869      
143         0.0127496      0.0127496      
144         0.0127129      0.0127129      
145         0.0126768      0.0126768      
146         0.0126413      0.0126413      
147         0.0126063      0.0126063      
148         0.0125718      0.0125718      
149         0.0125379      0.0125379      
150         0.0125045      0.0125045      
151         0.0124717      0.0124716      
152         0.0124393      0.0124393      
153         0.0124074      0.0124074      
154         0.012376       0.012376       
155         0.012345       0.012345       
156         0.0123146      0.0123146      
157         0.0122845      0.0122845      
158         0.012255       0.012255       
159         0.0122258      0.0122258      
160         0.0121971      0.0121971      
161         0.0121688      0.0121688      
162         0.012141       0.012141       
163         0.0121135      0.0121135      
164         0.0120864      0.0120864      
165         0.0120597      0.0120597      
166         0.0120335      0.0120335      
167         0.0120075      0.0120075      
168         0.011982       0.011982       
169         0.0119568      0.0119568      
170         0.011932       0.011932       
171         0.0119075      0.0119075      
172         0.0118834      0.0118834      
173         0.0118596      0.0118596      
174         0.0118361      0.0118361      
175         0.011813       0.011813       
176         0.0117902      0.0117902      
177         0.0117677      0.0117677      
178         0.0117455      0.0117455      
179         0.0117236      0.0117236      
180         0.011702       0.011702       
181         0.0116807      0.0116807      
182         0.0116597      0.0116597      
183         0.011639       0.011639       
184         0.0116186      0.0116186      
185         0.0115984      0.0115984      
186         0.0115786      0.0115786      
187         0.0115589      0.0115589      
188         0.0115396      0.0115396      
189         0.0115205      0.0115205      
190         0.0115016      0.0115016      
191         0.0114831      0.0114831      
192         0.0114647      0.0114647      
193         0.0114466      0.0114466      
194         0.0114287      0.0114287      
195         0.0114111      0.0114111      
196         0.0113937      0.0113937      
197         0.0113765      0.0113765      
198         0.0113596      0.0113596      
199         0.0113428      0.0113428      
200         0.0113263      0.0113263      
201         0.01131        0.01131        
202         0.0112939      0.0112939      
203         0.011278       0.011278       
204         0.0112623      0.0112623      
205         0.0112468      0.0112468      
206         0.0112316      0.0112316      
207         0.0112165      0.0112165      
208         0.0112016      0.0112016      
209         0.0111868      0.0111868      
210         0.0111723      0.0111723      
211         0.011158       0.011158       
212         0.0111438      0.0111438      
213         0.0111298      0.0111298      
214         0.011116       0.011116       
215         0.0111024      0.0111024      
216         0.0110889      0.0110889      
217         0.0110756      0.0110756      
218         0.0110624      0.0110624      
219         0.0110495      0.0110495      
220         0.0110367      0.0110367      
221         0.011024       0.011024       
222         0.0110115      0.0110115      
223         0.0109991      0.0109991      
224         0.0109869      0.0109869      
225         0.0109749      0.0109749      
226         0.010963       0.010963       
227         0.0109512      0.0109512      
228         0.0109396      0.0109396      
229         0.0109281      0.0109281      
230         0.0109168      0.0109168      
231         0.0109056      0.0109056      
232         0.0108945      0.0108945      
233         0.0108836      0.0108836      
234         0.0108728      0.0108728      
235         0.0108621      0.0108621      
236         0.0108516      0.0108516      
237         0.0108412      0.0108412      
238         0.0108309      0.0108309      
239         0.0108207      0.0108207      
240         0.0108106      0.0108106      
241         0.0108007      0.0108007      
242         0.0107909      0.0107909      
243         0.0107812      0.0107812      
244         0.0107716      0.0107716      
245         0.0107621      0.0107621      
246         0.0107528      0.0107528      
247         0.0107435      0.0107435      
248         0.0107344      0.0107344      
249         0.0107254      0.0107254      
250         0.0107164      0.0107164      
251         0.0107076      0.0107076      
252         0.0106989      0.0106989      
253         0.0106903      0.0106903      
254         0.0106817      0.0106817      
255         0.0106733      0.0106733      
256         0.010665       0.010665       
257         0.0106568      0.0106568      
258         0.0106486      0.0106486      
259         0.0106406      0.0106406      
260         0.0106326      0.0106326      
261         0.0106248      0.0106248      
262         0.010617       0.010617       
263         0.0106093      0.0106093      
264         0.0106017      0.0106017      
265         0.0105942      0.0105942      
266         0.0105868      0.0105868      
267         0.0105795      0.0105795      
268         0.0105722      0.0105722      
269         0.0105651      0.0105651      
270         0.010558       0.010558       
271         0.010551       0.010551       
272         0.010544       0.010544       
273         0.0105372      0.0105372      
274         0.0105304      0.0105304      
275         0.0105237      0.0105237      
276         0.0105171      0.0105171      
277         0.0105106      0.0105106      
278         0.0105041      0.0105041      
279         0.0104977      0.0104977      
280         0.0104914      0.0104914      
281         0.0104851      0.0104851      
282         0.0104789      0.0104789      
283         0.0104728      0.0104728      
284         0.0104668      0.0104668      
285         0.0104608      0.0104608      
286         0.0104549      0.0104549      
287         0.010449       0.010449       
288         0.0104432      0.0104432      
289         0.0104375      0.0104375      
290         0.0104319      0.0104319      
291         0.0104263      0.0104263      
292         0.0104207      0.0104207      
293         0.0104153      0.0104153      
294         0.0104099      0.0104099      
295         0.0104045      0.0104045      
296         0.0103992      0.0103992      
297         0.010394       0.010394       
298         0.0103888      0.0103888      
299         0.0103837      0.0103837      
300         0.0103786      0.0103786      
301         0.0103736      0.0103736      
302         0.0103687      0.0103687      
303         0.0103638      0.0103638      
304         0.0103589      0.0103589      
305         0.0103541      0.0103541      
306         0.0103494      0.0103494      
307         0.0103447      0.0103447      
308         0.0103401      0.0103401      
309         0.0103355      0.0103355      
310         0.010331       0.010331       
311         0.0103265      0.0103265      
312         0.010322       0.010322       
313         0.0103176      0.0103176      
314         0.0103133      0.0103133      
315         0.010309       0.010309       
316         0.0103048      0.0103048      
317         0.0103006      0.0103006      
318         0.0102964      0.0102964      
319         0.0102923      0.0102923      
320         0.0102882      0.0102882      
321         0.0102842      0.0102842      
322         0.0102802      0.0102802      
323         0.0102763      0.0102763      
324         0.0102724      0.0102724      
325         0.0102685      0.0102685      
326         0.0102647      0.0102647      
327         0.0102609      0.0102609      
328         0.0102572      0.0102572      
329         0.0102535      0.0102535      
330         0.0102499      0.0102499      
331         0.0102463      0.0102463      
332         0.0102427      0.0102427      
333         0.0102392      0.0102392      
334         0.0102357      0.0102357      
335         0.0102322      0.0102322      
336         0.0102288      0.0102288      
337         0.0102254      0.0102254      
338         0.010222       0.010222       
339         0.0102187      0.0102187      
340         0.0102154      0.0102154      
341         0.0102122      0.0102122      
342         0.010209       0.010209       
343         0.0102058      0.0102058      
344         0.0102027      0.0102027      
345         0.0101996      0.0101996      
346         0.0101965      0.0101965      
347         0.0101934      0.0101934      
348         0.0101904      0.0101904      
349         0.0101875      0.0101875      
350         0.0101845      0.0101845      
351         0.0101816      0.0101816      
352         0.0101787      0.0101787      
353         0.0101758      0.0101758      
354         0.010173       0.010173       
355         0.0101702      0.0101702      
356         0.0101675      0.0101675      
357         0.0101647      0.0101647      
358         0.010162       0.010162       
359         0.0101593      0.0101593      
360         0.0101567      0.0101567      
361         0.0101541      0.0101541      
362         0.0101515      0.0101515      
363         0.0101489      0.0101489      
364         0.0101464      0.0101464      
365         0.0101438      0.0101438      
366         0.0101414      0.0101414      
367         0.0101389      0.0101389      
368         0.0101365      0.0101365      
369         0.010134       0.010134       
370         0.0101317      0.0101317      
371         0.0101293      0.0101293      
372         0.010127       0.010127       
373         0.0101247      0.0101247      
374         0.0101224      0.0101224      
375         0.0101201      0.0101201      
376         0.0101179      0.0101179      
377         0.0101156      0.0101156      
378         0.0101135      0.0101135      
379         0.0101113      0.0101113      
380         0.0101091      0.0101091      
381         0.010107       0.010107       
382         0.0101049      0.0101049      
383         0.0101028      0.0101028      
384         0.0101008      0.0101008      
385         0.0100987      0.0100987      
386         0.0100967      0.0100967      
387         0.0100947      0.0100947      
388         0.0100927      0.0100927      
389         0.0100908      0.0100908      
390         0.0100889      0.0100889      
391         0.0100869      0.0100869      
392         0.010085       0.010085       
393         0.0100832      0.0100832      
394         0.0100813      0.0100813      
395         0.0100795      0.0100795      
396         0.0100777      0.0100777      
397         0.0100759      0.0100759      
398         0.0100741      0.0100741      
399         0.0100723      0.0100723      
400         0.0100706      0.0100706      
401         0.0100689      0.0100689      
402         0.0100671      0.0100671      
403         0.0100655      0.0100655      
404         0.0100638      0.0100638      
405         0.0100621      0.0100621      
406         0.0100605      0.0100605      
407         0.0100589      0.0100589      
408         0.0100573      0.0100573      
409         0.0100557      0.0100557      
410         0.0100541      0.0100541      
411         0.0100526      0.0100526      
412         0.010051       0.010051       
413         0.0100495      0.0100495      
414         0.010048       0.010048       
415         0.0100465      0.0100465      
416         0.010045       0.010045       
417         0.0100436      0.0100436      
418         0.0100421      0.0100421      
419         0.0100407      0.0100407      
420         0.0100393      0.0100393      
421         0.0100379      0.0100379      
422         0.0100365      0.0100365      
423         0.0100351      0.0100351      
424         0.0100337      0.0100337      
425         0.0100324      0.0100324      
426         0.0100311      0.0100311      
427         0.0100297      0.0100297      
428         0.0100284      0.0100284      
429         0.0100272      0.0100272      
430         0.0100259      0.0100259      
431         0.0100246      0.0100246      
432         0.0100234      0.0100234      
433         0.0100221      0.0100221      
434         0.0100209      0.0100209      
435         0.0100197      0.0100197      
436         0.0100185      0.0100185      
437         0.0100173      0.0100173      
438         0.0100161      0.0100161      
439         0.0100149      0.0100149      
440         0.0100138      0.0100138      
441         0.0100127      0.0100127      
442         0.0100115      0.0100115      
443         0.0100104      0.0100104      
444         0.0100093      0.0100093      
445         0.0100082      0.0100082      
446         0.0100071      0.0100071      
447         0.010006       0.010006       
448         0.010005       0.010005       
449         0.0100039      0.0100039      
450         0.0100029      0.0100029      
451         0.0100019      0.0100019      
452         0.0100008      0.0100008      
453         0.00999984     0.00999984     
454         0.00999884     0.00999884     
455         0.00999785     0.00999785     
456         0.00999687     0.00999687     
457         0.00999591     0.00999591     
458         0.00999495     0.00999495     
459         0.009994       0.009994       
460         0.00999306     0.00999306     
461         0.00999213     0.00999213     
462         0.00999121     0.00999121     
463         0.0099903      0.0099903      
464         0.0099894      0.0099894      
465         0.00998851     0.00998851     
466         0.00998763     0.00998763     
467         0.00998675     0.00998675     
468         0.00998589     0.00998589     
469         0.00998503     0.00998503     
470         0.00998418     0.00998418     
471         0.00998334     0.00998334     
472         0.00998251     0.00998251     
473         0.00998169     0.00998169     
474         0.00998088     0.00998088     
475         0.00998007     0.00998007     
476         0.00997928     0.00997928     
477         0.00997849     0.00997849     
478         0.00997771     0.00997771     
479         0.00997693     0.00997693     
480         0.00997617     0.00997617     
481         0.00997541     0.00997541     
482         0.00997466     0.00997466     
483         0.00997392     0.00997392     
484         0.00997318     0.00997318     
485         0.00997246     0.00997246     
486         0.00997174     0.00997174     
487         0.00997102     0.00997102     
488         0.00997032     0.00997032     
489         0.00996962     0.00996962     
490         0.00996893     0.00996893     
491         0.00996824     0.00996824     
492         0.00996757     0.00996757     
493         0.0099669      0.0099669      
494         0.00996623     0.00996623     
495         0.00996558     0.00996558     
496         0.00996493     0.00996493     
497         0.00996428     0.00996428     
498         0.00996365     0.00996365     
499         0.00996302     0.00996302     
500         0.00996239     0.00996239     
501         0.00996177     0.00996177     
502         0.00996116     0.00996116     
503         0.00996056     0.00996056     
504         0.00995996     0.00995996     
505         0.00995936     0.00995936     
506         0.00995878     0.00995878     
507         0.0099582      0.0099582      
508         0.00995762     0.00995762     
509         0.00995705     0.00995705     
510         0.00995649     0.00995649     
511         0.00995593     0.00995593     
512         0.00995538     0.00995538     
513         0.00995483     0.00995483     
514         0.00995429     0.00995429     
515         0.00995375     0.00995375     
516         0.00995322     0.00995322     
517         0.0099527      0.0099527      
518         0.00995218     0.00995218     
519         0.00995166     0.00995166     
520         0.00995115     0.00995115     
521         0.00995065     0.00995065     
522         0.00995015     0.00995015     
523         0.00994966     0.00994966     
524         0.00994917     0.00994917     
525         0.00994868     0.00994868     
526         0.0099482      0.0099482      
527         0.00994773     0.00994773     
528         0.00994726     0.00994726     
529         0.0099468      0.0099468      
530         0.00994634     0.00994634     
531         0.00994588     0.00994588     
532         0.00994543     0.00994543     
533         0.00994498     0.00994498     
534         0.00994454     0.00994454     
535         0.0099441      0.0099441      
536         0.00994367     0.00994367     
537         0.00994324     0.00994324     
538         0.00994282     0.00994282     
539         0.0099424      0.0099424      
540         0.00994198     0.00994198     
541         0.00994157     0.00994157     
542         0.00994116     0.00994116     
543         0.00994076     0.00994076     
544         0.00994036     0.00994036     
545         0.00993996     0.00993996     
546         0.00993957     0.00993957     
547         0.00993919     0.00993919     
548         0.0099388      0.0099388      
549         0.00993842     0.00993842     
550         0.00993805     0.00993805     
551         0.00993767     0.00993767     
552         0.00993731     0.00993731     
553         0.00993694     0.00993694     
554         0.00993658     0.00993658     
555         0.00993622     0.00993622     
556         0.00993587     0.00993587     
557         0.00993552     0.00993552     
558         0.00993517     0.00993517     
559         0.00993483     0.00993483     
560         0.00993449     0.00993449     
561         0.00993416     0.00993416     
562         0.00993382     0.00993382     
563         0.00993349     0.00993349     
564         0.00993317     0.00993317     
565         0.00993284     0.00993284     
566         0.00993252     0.00993252     
567         0.00993221     0.00993221     
568         0.0099319      0.0099319      
569         0.00993159     0.00993159     
570         0.00993128     0.00993128     
571         0.00993097     0.00993097     
572         0.00993067     0.00993067     
573         0.00993038     0.00993038     
574         0.00993008     0.00993008     
575         0.00992979     0.00992979     
576         0.0099295      0.0099295      
577         0.00992921     0.00992921     
578         0.00992893     0.00992893     
579         0.00992865     0.00992865     
580         0.00992837     0.00992837     
581         0.0099281      0.0099281      
582         0.00992783     0.00992783     
583         0.00992756     0.00992756     
584         0.00992729     0.00992729     
585         0.00992703     0.00992703     
586         0.00992677     0.00992677     
587         0.00992651     0.00992651     
588         0.00992625     0.00992625     
589         0.009926       0.009926       
590         0.00992575     0.00992575     
591         0.0099255      0.0099255      
592         0.00992526     0.00992526     
593         0.00992501     0.00992501     
594         0.00992477     0.00992477     
595         0.00992453     0.00992453     
596         0.0099243      0.0099243      
597         0.00992406     0.00992406     
598         0.00992383     0.00992383     
599         0.0099236      0.0099236      
600         0.00992338     0.00992338     
601         0.00992315     0.00992315     
602         0.00992293     0.00992293     
603         0.00992271     0.00992271     
604         0.00992249     0.00992249     
605         0.00992228     0.00992228     
606         0.00992206     0.00992206     
607         0.00992185     0.00992185     
608         0.00992164     0.00992164     
609         0.00992144     0.00992144     
610         0.00992123     0.00992123     
611         0.00992103     0.00992103     
612         0.00992083     0.00992083     
613         0.00992063     0.00992063     
614         0.00992043     0.00992043     
615         0.00992024     0.00992024     
616         0.00992004     0.00992004     
617         0.00991985     0.00991985     
618         0.00991966     0.00991966     
619         0.00991948     0.00991948     
620         0.00991929     0.00991929     
621         0.00991911     0.00991911     
622         0.00991893     0.00991893     
623         0.00991875     0.00991875     
624         0.00991857     0.00991857     
625         0.00991839     0.00991839     
626         0.00991822     0.00991822     
627         0.00991805     0.00991805     
628         0.00991788     0.00991788     
629         0.00991771     0.00991771     
630         0.00991754     0.00991754     
631         0.00991737     0.00991737     
632         0.00991721     0.00991721     
633         0.00991705     0.00991705     
634         0.00991689     0.00991689     
635         0.00991673     0.00991673     
636         0.00991657     0.00991657     
637         0.00991641     0.00991641     
638         0.00991626     0.00991626     
639         0.00991611     0.00991611     
640         0.00991595     0.00991595     
641         0.0099158      0.0099158      
642         0.00991566     0.00991566     
643         0.00991551     0.00991551     
644         0.00991536     0.00991536     
645         0.00991522     0.00991522     
646         0.00991508     0.00991508     
647         0.00991494     0.00991494     
648         0.0099148      0.0099148      
649         0.00991466     0.00991466     
650         0.00991452     0.00991452     
651         0.00991439     0.00991439     
652         0.00991425     0.00991425     
653         0.00991412     0.00991412     
654         0.00991399     0.00991399     
655         0.00991386     0.00991386     
656         0.00991373     0.00991373     
657         0.0099136      0.0099136      
658         0.00991347     0.00991347     
659         0.00991335     0.00991335     
660         0.00991323     0.00991323     
661         0.0099131      0.0099131      
662         0.00991298     0.00991298     
663         0.00991286     0.00991286     
664         0.00991274     0.00991274     
665         0.00991263     0.00991263     
666         0.00991251     0.00991251     
667         0.00991239     0.00991239     
668         0.00991228     0.00991228     
669         0.00991217     0.00991217     
670         0.00991205     0.00991205     
671         0.00991194     0.00991194     
672         0.00991183     0.00991183     
673         0.00991173     0.00991173     
674         0.00991162     0.00991162     
675         0.00991151     0.00991151     
676         0.00991141     0.00991141     
677         0.0099113      0.0099113      
678         0.0099112      0.0099112      
679         0.0099111      0.0099111      
680         0.009911       0.009911       
681         0.0099109      0.0099109      
682         0.0099108      0.0099108      
683         0.0099107      0.0099107      
684         0.0099106      0.0099106      
685         0.0099105      0.0099105      
686         0.00991041     0.00991041     
687         0.00991032     0.00991032     
688         0.00991022     0.00991022     
689         0.00991013     0.00991013     
690         0.00991004     0.00991004     
691         0.00990995     0.00990995     
692         0.00990986     0.00990986     
693         0.00990977     0.00990977     
694         0.00990968     0.00990968     
695         0.00990959     0.00990959     
696         0.00990951     0.00990951     
697         0.00990942     0.00990942     
698         0.00990934     0.00990934     
699         0.00990926     0.00990926     
700         0.00990917     0.00990917     
701         0.00990909     0.00990909     
702         0.00990901     0.00990901     
703         0.00990893     0.00990893     
704         0.00990885     0.00990885     
705         0.00990877     0.00990877     
706         0.00990869     0.00990869     
707         0.00990862     0.00990862     
708         0.00990854     0.00990854     
709         0.00990846     0.00990846     
710         0.00990839     0.00990839     
711         0.00990832     0.00990832     
712         0.00990824     0.00990824     
713         0.00990817     0.00990817     
714         0.0099081      0.0099081      
715         0.00990803     0.00990803     
716         0.00990796     0.00990796     
717         0.00990789     0.00990789     
718         0.00990782     0.00990782     
719         0.00990775     0.00990775     
720         0.00990768     0.00990768     
721         0.00990761     0.00990761     
722         0.00990755     0.00990755     
723         0.00990748     0.00990748     
724         0.00990742     0.00990742     
725         0.00990735     0.00990735     
726         0.00990729     0.00990729     
727         0.00990723     0.00990723     
728         0.00990716     0.00990716     
729         0.0099071      0.0099071      
730         0.00990704     0.00990704     
731         0.00990698     0.00990698     
732         0.00990692     0.00990692     
733         0.00990686     0.00990686     
734         0.0099068      0.0099068      
735         0.00990674     0.00990674     
736         0.00990669     0.00990669     
737         0.00990663     0.00990663     
738         0.00990657     0.00990657     
739         0.00990652     0.00990652     
740         0.00990646     0.00990646     
741         0.00990641     0.00990641     
742         0.00990635     0.00990635     
743         0.0099063      0.0099063      
744         0.00990625     0.00990625     
745         0.00990619     0.00990619     
746         0.00990614     0.00990614     
747         0.00990609     0.00990609     
748         0.00990604     0.00990604     
749         0.00990599     0.00990599     
750         0.00990594     0.00990594     
751         0.00990589     0.00990589     
752         0.00990584     0.00990584     
753         0.00990579     0.00990579     
754         0.00990574     0.00990574     
755         0.0099057      0.0099057      
756         0.00990565     0.00990565     
757         0.0099056      0.0099056      
758         0.00990556     0.00990556     
759         0.00990551     0.00990551     
760         0.00990547     0.00990547     
761         0.00990542     0.00990542     
762         0.00990538     0.00990538     
763         0.00990533     0.00990533     
764         0.00990529     0.00990529     
765         0.00990525     0.00990525     
766         0.0099052      0.0099052      
767         0.00990516     0.00990516     
768         0.00990512     0.00990512     
769         0.00990508     0.00990508     
770         0.00990504     0.00990504     
771         0.009905       0.009905       
772         0.00990496     0.00990496     
773         0.00990492     0.00990492     
774         0.00990488     0.00990488     
775         0.00990484     0.00990484     
776         0.0099048      0.0099048      
777         0.00990476     0.00990476     
778         0.00990472     0.00990472     
779         0.00990469     0.00990469     
780         0.00990465     0.00990465     
781         0.00990461     0.00990461     
782         0.00990458     0.00990458     
783         0.00990454     0.00990454     
784         0.00990451     0.00990451     
785         0.00990447     0.00990447     
786         0.00990444     0.00990444     
787         0.0099044      0.0099044      
788         0.00990437     0.00990437     
789         0.00990433     0.00990433     
790         0.0099043      0.0099043      
791         0.00990427     0.00990427     
792         0.00990423     0.00990423     
793         0.0099042      0.0099042      
794         0.00990417     0.00990417     
795         0.00990414     0.00990414     
796         0.00990411     0.00990411     
797         0.00990408     0.00990408     
798         0.00990404     0.00990404     
799         0.00990401     0.00990401     
800         0.00990398     0.00990398     
801         0.00990395     0.00990395     
802         0.00990392     0.00990392     
803         0.00990389     0.00990389     
804         0.00990387     0.00990387     
805         0.00990384     0.00990384     
806         0.00990381     0.00990381     
807         0.00990378     0.00990378     
808         0.00990375     0.00990375     
809         0.00990372     0.00990372     
810         0.0099037      0.0099037      
811         0.00990367     0.00990367     
812         0.00990364     0.00990364     
813         0.00990362     0.00990362     
814         0.00990359     0.00990359     
815         0.00990356     0.00990356     
816         0.00990354     0.00990354     
817         0.00990351     0.00990351     
818         0.00990349     0.00990349     
819         0.00990346     0.00990346     
820         0.00990344     0.00990344     
821         0.00990341     0.00990341     
822         0.00990339     0.00990339     
823         0.00990337     0.00990337     
824         0.00990334     0.00990334     
825         0.00990332     0.00990332     
826         0.00990329     0.00990329     
827         0.00990327     0.00990327     
828         0.00990325     0.00990325     
829         0.00990323     0.00990323     
830         0.0099032      0.0099032      
831         0.00990318     0.00990318     
832         0.00990316     0.00990316     
833         0.00990314     0.00990314     
834         0.00990312     0.00990312     
835         0.0099031      0.0099031      
836         0.00990307     0.00990307     
837         0.00990305     0.00990305     
838         0.00990303     0.00990303     
839         0.00990301     0.00990301     
840         0.00990299     0.00990299     
841         0.00990297     0.00990297     
842         0.00990295     0.00990295     
843         0.00990293     0.00990293     
844         0.00990291     0.00990291     
845         0.00990289     0.00990289     
846         0.00990288     0.00990288     
847         0.00990286     0.00990286     
848         0.00990284     0.00990284     
849         0.00990282     0.00990282     
850         0.0099028      0.0099028      
851         0.00990278     0.00990278     
852         0.00990276     0.00990276     
853         0.00990275     0.00990275     
854         0.00990273     0.00990273     
855         0.00990271     0.00990271     
856         0.00990269     0.00990269     
857         0.00990268     0.00990268     
858         0.00990266     0.00990266     
859         0.00990264     0.00990264     
860         0.00990263     0.00990263     
861         0.00990261     0.00990261     
862         0.0099026      0.0099026      
863         0.00990258     0.00990258     
864         0.00990256     0.00990256     
865         0.00990255     0.00990255     
866         0.00990253     0.00990253     
867         0.00990252     0.00990252     
868         0.0099025      0.0099025      
869         0.00990249     0.00990249     
870         0.00990247     0.00990247     
871         0.00990246     0.00990246     
872         0.00990244     0.00990244     
873         0.00990243     0.00990243     
874         0.00990241     0.00990241     
875         0.0099024      0.0099024      
876         0.00990238     0.00990238     
877         0.00990237     0.00990237     
878         0.00990236     0.00990236     
879         0.00990234     0.00990234     
880         0.00990233     0.00990233     
881         0.00990232     0.00990232     
882         0.0099023      0.0099023      
883         0.00990229     0.00990229     
884         0.00990228     0.00990228     
885         0.00990226     0.00990226     
886         0.00990225     0.00990225     
887         0.00990224     0.00990224     
888         0.00990223     0.00990223     
889         0.00990221     0.00990221     
890         0.0099022      0.0099022      
891         0.00990219     0.00990219     
892         0.00990218     0.00990218     
893         0.00990217     0.00990217     
894         0.00990215     0.00990215     
895         0.00990214     0.00990214     
896         0.00990213     0.00990213     
897         0.00990212     0.00990212     
898         0.00990211     0.00990211     
899         0.0099021      0.0099021      
900         0.00990209     0.00990209     
901         0.00990207     0.00990207     
902         0.00990206     0.00990206     
903         0.00990205     0.00990205     
904         0.00990204     0.00990204     
905         0.00990203     0.00990203     
906         0.00990202     0.00990202     
907         0.00990201     0.00990201     
908         0.009902       0.009902       
909         0.00990199     0.00990199     
910         0.00990198     0.00990198     
911         0.00990197     0.00990197     
912         0.00990196     0.00990196     
913         0.00990195     0.00990195     
914         0.00990194     0.00990194     
915         0.00990193     0.00990193     
916         0.00990192     0.00990192     
917         0.00990191     0.00990191     
918         0.0099019      0.0099019      
919         0.0099019      0.0099019      
920         0.00990189     0.00990189     
921         0.00990188     0.00990188     
922         0.00990187     0.00990187     
923         0.00990186     0.00990186     
924         0.00990185     0.00990185     
925         0.00990184     0.00990184     
926         0.00990183     0.00990183     
927         0.00990183     0.00990183     
928         0.00990182     0.00990182     
929         0.00990181     0.00990181     
930         0.0099018      0.0099018      
931         0.00990179     0.00990179     
932         0.00990178     0.00990178     
933         0.00990178     0.00990178     
934         0.00990177     0.00990177     
935         0.00990176     0.00990176     
936         0.00990175     0.00990175     
937         0.00990175     0.00990175     
938         0.00990174     0.00990174     
939         0.00990173     0.00990173     
940         0.00990172     0.00990172     
941         0.00990172     0.00990172     
942         0.00990171     0.00990171     
943         0.0099017      0.0099017      
944         0.00990169     0.00990169     
945         0.00990169     0.00990169     
946         0.00990168     0.00990168     
947         0.00990167     0.00990167     
948         0.00990167     0.00990167     
949         0.00990166     0.00990166     
950         0.00990165     0.00990165     
951         0.00990165     0.00990165     
952         0.00990164     0.00990164     
953         0.00990163     0.00990163     
954         0.00990163     0.00990163     
955         0.00990162     0.00990162     
956         0.00990161     0.00990161     
957         0.00990161     0.00990161     
958         0.0099016      0.0099016      
959         0.0099016      0.0099016      
960         0.00990159     0.00990159     
961         0.00990158     0.00990158     
962         0.00990158     0.00990158     
963         0.00990157     0.00990157     
964         0.00990157     0.00990157     
965         0.00990156     0.00990156     
966         0.00990155     0.00990155     
967         0.00990155     0.00990155     
968         0.00990154     0.00990154     
969         0.00990154     0.00990154     
970         0.00990153     0.00990153     
971         0.00990153     0.00990153     
972         0.00990152     0.00990152     
973         0.00990152     0.00990152     
974         0.00990151     0.00990151     
975         0.00990151     0.00990151     
976         0.0099015      0.0099015      
977         0.0099015      0.0099015      
978         0.00990149     0.00990149     
979         0.00990149     0.00990149     
980         0.00990148     0.00990148     
981         0.00990148     0.00990148     
982         0.00990147     0.00990147     
983         0.00990147     0.00990147     
984         0.00990146     0.00990146     
985         0.00990146     0.00990146     
986         0.00990145     0.00990145     
987         0.00990145     0.00990145     
988         0.00990144     0.00990144     
989         0.00990144     0.00990144     
990         0.00990143     0.00990143     
991         0.00990143     0.00990143     
992         0.00990142     0.00990142     
993         0.00990142     0.00990142     
994         0.00990142     0.00990142     
995         0.00990141     0.00990141     
996         0.00990141     0.00990141     
997         0.0099014      0.0099014      
998         0.0099014      0.0099014      
999         0.0099014      0.0099014      
