# lambda = 3.64
#===============================================
0           0.5            0.5005         
1           0.91           0.909999       
2           0.298116       0.298119       
3           0.761644       0.761648       
4           0.660814       0.660807       
5           0.815865       0.815874       
6           0.546835       0.546814       
7           0.902016       0.902023       
8           0.321716       0.321695       
9           0.794301       0.794275       
10          0.594727       0.594784       
11          0.877337       0.877298       
12          0.391724       0.391832       
13          0.867326       0.867411       
14          0.41886        0.418634       
15          0.886036       0.885901       
16          0.367555       0.367932       
17          0.846148       0.846511       
18          0.473861       0.472946       
19          0.907513       0.907336       
20          0.305517       0.306042       
21          0.772322       0.773064       
22          0.640061       0.638586       
23          0.838594       0.84009        
24          0.49269        0.488994       
25          0.909805       0.909559       
26          0.298696       0.299431       
27          0.762496       0.763571       
28          0.659189       0.657131       
29          0.817758       0.820128       
30          0.542468       0.536966       
31          0.903435       0.905026       
32          0.317554       0.312872       
33          0.788837       0.782539       
34          0.606326       0.619426       
35          0.868849       0.858085       
36          0.41478        0.443263       
37          0.883565       0.898282       
38          0.374477       0.332591       
39          0.852648       0.807986       
40          0.457328       0.564726       
41          0.903372       0.89475        
42          0.31774        0.342787       
43          0.789083       0.820034       
44          0.605808       0.537185       
45          0.869249       0.904967       
46          0.413705       0.313046       
47          0.882894       0.782776       
48          0.376348       0.618937       
49          0.854345       0.858508       
50          0.45296        0.442157       
51          0.901945       0.897821       
52          0.321921       0.333927       
53          0.794568       0.809608       
54          0.594156       0.561081       
55          0.87773        0.89642        
56          0.390644       0.337979       
57          0.86647        0.814447       
58          0.421147       0.550088       
59          0.887367       0.900868       
60          0.363806       0.32507        
61          0.842483       0.798614       
62          0.483049       0.58542        
63          0.908954       0.88344        
64          0.301234       0.374824       
65          0.766191       0.852965       
66          0.652078       0.456514       
67          0.825815       0.903117       
68          0.523594       0.318489       
69          0.907974       0.790075       
70          0.304149       0.603717       
71          0.770378       0.870843       
72          0.6439         0.409409       
73          0.834626       0.880128       
74          0.502413       0.38403        
75          0.909979       0.861046       
76          0.298179       0.435511       
77          0.761737       0.894862       
78          0.660637       0.342466       
79          0.816072       0.819667       
80          0.546358       0.53804        
81          0.902177       0.904733       
82          0.321242       0.313737       
83          0.793686       0.783714       
84          0.596044       0.617003       
85          0.876423       0.860169       
86          0.394233       0.437812       
87          0.86928        0.895923       
88          0.413621       0.339412       
89          0.88284        0.81613        
90          0.376497       0.546225       
91          0.854479       0.902222       
92          0.452615       0.321111       
93          0.901827       0.793515       
94          0.322268       0.596409       
95          0.795017       0.876167       
96          0.593191       0.394934       
97          0.878388       0.869819       
98          0.388834       0.412172       
99          0.865018       0.881922       
100         0.425014       0.379053       
101         0.889533       0.856754       
102         0.357682       0.446726       
103         0.836274       0.899669       
104         0.498389       0.328563       
105         0.909991       0.803018       
106         0.298144       0.575775       
107         0.761685       0.8891         
108         0.660735       0.358909       
109         0.815957       0.837539       
110         0.546622       0.495285       
111         0.902088       0.909919       
112         0.321504       0.298358       
113         0.794027       0.761999       
114         0.595316       0.660138       
115         0.87693        0.816655       
116         0.392842       0.545016       
117         0.868203       0.902624       
118         0.416514       0.319934       
119         0.884629       0.791978       
120         0.3715         0.599685       
121         0.849895       0.873829       
122         0.464367       0.401318       
123         0.905378       0.874553       
124         0.311833       0.399344       
125         0.781119       0.873121       
126         0.622338       0.403242       
127         0.855521       0.875922       
128         0.44992        0.395606       
129         0.900871       0.870331       
130         0.325061       0.410793       
131         0.798603       0.881033       
132         0.585445       0.381522       
133         0.883425       0.858905       
134         0.374866       0.441121       
135         0.853003       0.897381       
136         0.456416       0.335202       
137         0.903086       0.811143       
138         0.31858        0.557611       
139         0.790196       0.897919       
140         0.603462       0.333645       
141         0.871036       0.809266       
142         0.408889       0.56185        
143         0.879784       0.896076       
144         0.384982       0.338972       
145         0.861846       0.815614       
146         0.433405       0.547411       
147         0.893857       0.901818       
148         0.345351       0.322294       
149         0.822945       0.79505        
150         0.530372       0.593121       
151         0.906642       0.878436       
152         0.308097       0.388703       
153         0.775951       0.864911       
154         0.632818       0.425298       
155         0.845788       0.889687       
156         0.474767       0.357244       
157         0.907682       0.835819       
158         0.305014       0.499501       
159         0.771609       0.909999       
160         0.641472       0.298119       
161         0.837148       0.761648       
162         0.496245       0.660807       
163         0.909949       0.815874       
164         0.298269       0.546814       
165         0.761869       0.902023       
166         0.660386       0.321695       
167         0.816366       0.794275       
168         0.545681       0.594784       
169         0.902404       0.877298       
170         0.320578       0.391831       
171         0.79282        0.86741        
172         0.597893       0.418635       
173         0.875118       0.885902       
174         0.397804       0.367929       
175         0.871983       0.846509       
176         0.406327       0.472951       
177         0.87806        0.907337       
178         0.389736       0.306039       
179         0.865744       0.77306        
180         0.423082       0.638595       
181         0.888464       0.840081       
182         0.360708       0.489015       
183         0.839376       0.909561       
184         0.49076        0.299426       
185         0.909689       0.763564       
186         0.299043       0.657145       
187         0.763004       0.820112       
188         0.658218       0.537002       
189         0.818881       0.905016       
190         0.539867       0.312901       
191         0.904215       0.782578       
192         0.315262       0.619345       
193         0.785774       0.858155       
194         0.612732       0.443079       
195         0.863741       0.898206       
196         0.428402       0.332811       
197         0.89134        0.808255       
198         0.352545       0.564124       
199         0.830855       0.895033       
200         0.511547       0.341975       
201         0.909515       0.819102       
202         0.299564       0.539353       
203         0.763764       0.904363       
204         0.65676        0.314826       
205         0.820552       0.785187       
206         0.535976       0.613954       
207         0.905289       0.862733       
208         0.312097       0.431066       
209         0.781481       0.892703       
210         0.621597       0.348655       
211         0.856179       0.826624       
212         0.448216       0.521672       
213         0.900239       0.90829        
214         0.326904       0.303208       
215         0.800937       0.769034       
216         0.58035        0.64654        
217         0.8865         0.831835       
218         0.366249       0.509184       
219         0.844883       0.909693       
220         0.477043       0.299032       
221         0.908082       0.762987       
222         0.303829       0.658249       
223         0.769921       0.818844       
224         0.644799       0.539952       
225         0.833681       0.90419        
226         0.504711       0.315335       
227         0.909919       0.785872       
228         0.298357       0.61253        
229         0.761998       0.863907       
230         0.66014        0.427961       
231         0.816653       0.89111        
232         0.545019       0.353201       
233         0.902623       0.831558       
234         0.319938       0.509853       
235         0.791983       0.909647       
236         0.599676       0.29917        
237         0.873835       0.763189       
238         0.4013         0.657862       
239         0.87454        0.81929        
240         0.39938        0.538917       
241         0.873147       0.904487       
242         0.40317        0.31446        
243         0.875871       0.784693       
244         0.395744       0.614978       
245         0.870436       0.861879       
246         0.41051        0.433318       
247         0.880849       0.893815       
248         0.382032       0.345472       
249         0.859344       0.823081       
250         0.439973       0.530052       
251         0.896884       0.906713       
252         0.336638       0.307889       
253         0.812859       0.775659       
254         0.553715       0.633404       
255         0.899498       0.845221       
256         0.329062       0.476195       
257         0.80364        0.907937       
258         0.574402       0.304257       
259         0.88985        0.770533       
260         0.356782       0.643596       
261         0.835338       0.834944       
262         0.500676       0.501637       
263         0.909998       0.90999        
264         0.298121       0.298145       
265         0.761651       0.761687       
266         0.660801       0.660733       
267         0.815881       0.81596        
268         0.546797       0.546615       
269         0.902028       0.90209        
270         0.321678       0.321497       
271         0.794253       0.794018       
272         0.594831       0.595335       
273         0.877266       0.876917       
274         0.391921       0.392879       
275         0.867481       0.868231       
276         0.418447       0.416437       
277         0.88579        0.884583       
278         0.368243       0.37163        
279         0.84681        0.850017       
280         0.472191       0.464057       
281         0.907185       0.905297       
282         0.306489       0.312072       
283         0.773695       0.781446       
284         0.637331       0.621668       
285         0.84135        0.856116       
286         0.485867       0.448379       
287         0.909273       0.9003         
288         0.300284       0.326725       
289         0.764814       0.800712       
290         0.654741       0.580844       
291         0.822841       0.88621        
292         0.530615       0.367064       
293         0.906588       0.845674       
294         0.308257       0.475053       
295         0.776174       0.907735       
296         0.63237        0.304859       
297         0.846221       0.771388       
298         0.473677       0.641908       
299         0.907478       0.836698       
300         0.305621       0.497349       
301         0.772469       0.909974       
302         0.639769       0.298192       
303         0.838892       0.761756       
304         0.491955       0.660601       
305         0.909764       0.816115       
306         0.298819       0.546259       
307         0.762675       0.902211       
308         0.658846       0.321145       
309         0.818155       0.793559       
310         0.541549       0.596315       
311         0.903716       0.876233       
312         0.316728       0.394753       
313         0.787737       0.86968        
314         0.608634       0.412545       
315         0.867043       0.88216        
316         0.419618       0.378392       
317         0.886481       0.85617        
318         0.366303       0.448241       
319         0.844935       0.900248       
320         0.476912       0.326877       
321         0.90806        0.800903       
322         0.303894       0.580425       
323         0.770014       0.886456       
324         0.644616       0.366373       
325         0.833873       0.845004       
326         0.504244       0.47674        
327         0.909934       0.908031       
328         0.298312       0.30398        
329         0.761931       0.770137       
330         0.660267       0.644375       
331         0.816505       0.834128       
332         0.545361       0.503625       
333         0.90251        0.909952       
334         0.320267       0.298259       
335         0.792414       0.761854       
336         0.598758       0.660415       
337         0.874498       0.816332       
338         0.399494       0.545759       
339         0.873231       0.902378       
340         0.402944       0.320654       
341         0.875712       0.79292        
342         0.39618        0.597681       
343         0.870766       0.875269       
344         0.409619       0.397391       
345         0.880266       0.871676       
346         0.383648       0.407159       
347         0.860723       0.878625       
348         0.43636        0.38818        
349         0.895258       0.864486       
350         0.341328       0.426425       
351         0.818356       0.890295       
352         0.541084       0.355517       
353         0.903856       0.834013       
354         0.316317       0.503903       
355         0.787188       0.909945       
356         0.609783       0.298282       
357         0.86613        0.761887       
358         0.422055       0.660351       
359         0.887885       0.816407       
360         0.362344       0.545588       
361         0.841025       0.902435       
362         0.486676       0.320487       
363         0.909354       0.792702       
364         0.300043       0.598145       
365         0.764463       0.874938       
366         0.655416       0.398295       
367         0.822079       0.872348       
368         0.532406       0.405338       
369         0.906178       0.877383       
370         0.309472       0.3916         
371         0.777865       0.867228       
372         0.62896        0.419123       
373         0.849464       0.88619        
374         0.465464       0.36712        
375         0.905658       0.845728       
376         0.311006       0.474919       
377         0.779984       0.90771        
378         0.624657       0.304931       
379         0.853437       0.771492       
380         0.4553         0.641704       
381         0.902727       0.836909       
382         0.319632       0.496833       
383         0.791582       0.909963       
384         0.600528       0.298225       
385         0.873215       0.761804       
386         0.402987       0.660509       
387         0.875742       0.816222       
388         0.396097       0.546014       
389         0.870703       0.902293       
390         0.409788       0.320903       
391         0.880377       0.793245       
392         0.38334        0.596987       
393         0.860461       0.87576        
394         0.437047       0.396048       
395         0.895574       0.870666       
396         0.340417       0.409889       
397         0.817301       0.880443       
398         0.543526       0.383157       
399         0.903104       0.860306       
400         0.318526       0.437454       
401         0.790125       0.89576        
402         0.603612       0.339881       
403         0.870923       0.816677       
404         0.409195       0.544964       
405         0.879986       0.902641       
406         0.384421       0.319885       
407         0.861375       0.791913       
408         0.434644       0.599823       
409         0.894452       0.873729       
410         0.343643       0.40159        
411         0.821011       0.874748       
412         0.534905       0.398811       
413         0.905565       0.87273        
414         0.311281       0.404305       
415         0.780363       0.876666       
416         0.623885       0.393566       
417         0.854136       0.868765       
418         0.4535         0.415004       
419         0.90213        0.883704       
420         0.321382       0.374088       
421         0.793868       0.852292       
422         0.595655       0.45824        
423         0.876695       0.903652       
424         0.393488       0.316917       
425         0.868705       0.787989       
426         0.415166       0.608107       
427         0.883804       0.867459       
428         0.373809       0.418506       
429         0.852036       0.885826       
430         0.458898       0.368145       
431         0.903851       0.846715       
432         0.316333       0.47243        
433         0.78721        0.907233       
434         0.609738       0.306347       
435         0.866166       0.773494       
436         0.421959       0.637732       
437         0.887831       0.840949       
438         0.362497       0.486863       
439         0.841179       0.909372       
440         0.486293       0.299989       
441         0.909316       0.764385       
442         0.300155       0.655567       
443         0.764626       0.821908       
444         0.655101       0.532805       
445         0.822434       0.906083       
446         0.531571       0.309752       
447         0.906372       0.778253       
448         0.308897       0.628173       
449         0.777066       0.850201       
450         0.630573       0.463589       
451         0.847941       0.905174       
452         0.469332       0.312435       
453         0.906576       0.781943       
454         0.308292       0.62065        
455         0.776223       0.857015       
456         0.632271       0.446047       
457         0.846316       0.899404       
458         0.473437       0.329333       
459         0.907432       0.803977       
460         0.305758       0.573656       
461         0.772663       0.890252       
462         0.639385       0.355639       
463         0.839282       0.834142       
464         0.490992       0.50359        
465         0.909705       0.909953       
466         0.298997       0.298256       
467         0.762936       0.76185        
468         0.658346       0.660422       
469         0.818732       0.816323       
470         0.540212       0.54578        
471         0.904114       0.902371       
472         0.315558       0.320674       
473         0.786171       0.792946       
474         0.611906       0.597624       
475         0.864417       0.875309       
476         0.42661        0.397281       
477         0.890394       0.871594       
478         0.355236       0.407381       
479         0.833718       0.878775       
480         0.504622       0.387766       
481         0.909922       0.864149       
482         0.298348       0.427319       
483         0.761985       0.890772       
484         0.660165       0.354163       
485         0.816624       0.832583       
486         0.545087       0.507375       
487         0.902601       0.909802       
488         0.320003       0.298707       
489         0.792067       0.762511       
490         0.599496       0.65916        
491         0.873966       0.817792       
492         0.400943       0.542391       
493         0.874284       0.903459       
494         0.400079       0.317484       
495         0.873658       0.788744       
496         0.401783       0.606522       
497         0.874887       0.868697       
498         0.398434       0.415187       
499         0.872451       0.883816       
500         0.40506        0.373774       
501         0.87719        0.852003       
502         0.392128       0.458981       
503         0.867643       0.903875       
504         0.418011       0.31626        
505         0.885531       0.787113       
506         0.368971       0.609942       
507         0.847506       0.866003       
508         0.470432       0.422393       
509         0.906818       0.888077       
510         0.307578       0.361803       
511         0.775224       0.840482       
512         0.634276       0.488022       
513         0.84437        0.909478       
514         0.478329       0.299674       
515         0.908291       0.763925       
516         0.303208       0.656451       
517         0.769033       0.820904       
518         0.646542       0.535156       
519         0.831833       0.905501       
520         0.509189       0.31147        
521         0.909693       0.780622       
522         0.299033       0.623355       
523         0.762989       0.854612       
524         0.658247       0.45227        
525         0.818847       0.901708       
526         0.539945       0.322617       
527         0.904192       0.795468       
528         0.315329       0.592223       
529         0.785864       0.879041       
530         0.612546       0.387033       
531         0.863893       0.863548       
532         0.427997       0.428911       
533         0.891129       0.891605       
534         0.353147       0.35179        
535         0.8315         0.830043       
536         0.509992       0.513501       
537         0.909637       0.909336       
538         0.2992         0.300095       
539         0.763233       0.764538       
540         0.657778       0.655271       
541         0.819386       0.822243       
542         0.538693       0.532022       
543         0.904551       0.906268       
544         0.314274       0.309206       
545         0.784441       0.777495       
546         0.6155         0.629707       
547         0.861441       0.848761       
548         0.434471       0.467252       
549         0.89437        0.906096       
550         0.34388        0.309712       
551         0.82128        0.778197       
552         0.534276       0.628287       
553         0.905724       0.850095       
554         0.310814       0.463859       
555         0.779719       0.905246       
556         0.625196       0.312225       
557         0.852946       0.781655       
558         0.456561       0.62124        
559         0.903132       0.856496       
560         0.318445       0.447396       
561         0.790017       0.899927       
562         0.603839       0.327811       
563         0.870751       0.802078       
564         0.409658       0.577846       
565         0.880291       0.887942       
566         0.383578       0.362185       
567         0.860663       0.840865       
568         0.436517       0.487072       
569         0.89533        0.909392       
570         0.341119       0.299931       
571         0.818114       0.764299       
572         0.541644       0.655732       
573         0.903687       0.821721       
574         0.316813       0.533243       
575         0.78785        0.905977       
576         0.608397       0.310064       
577         0.86723        0.778684       
578         0.419117       0.6273         
579         0.886187       0.851012       
580         0.367128       0.461517       
581         0.845736       0.904609       
582         0.474898       0.3141         
583         0.907706       0.784206       
584         0.304943       0.615985       
585         0.771508       0.861033       
586         0.641671       0.435546       
587         0.836942       0.894878       
588         0.49675        0.342419       
589         0.909962       0.819613       
590         0.298231       0.538166       
591         0.761813       0.904698       
592         0.660493       0.313839       
593         0.816241       0.783853       
594         0.545971       0.616716       
595         0.902308       0.860413       
596         0.320861       0.437172       
597         0.793189       0.895632       
598         0.597106       0.340251       
599         0.875677       0.817108       
600         0.396276       0.543971       
601         0.870839       0.902962       
602         0.409422       0.318942       
603         0.880136       0.790674       
604         0.384007       0.602452       
605         0.861026       0.871793       
606         0.435563       0.406843       
607         0.894886       0.878411       
608         0.342397       0.38877        
609         0.819587       0.864965       
610         0.538226       0.425154       
611         0.904681       0.889609       
612         0.313889       0.357466       
613         0.78392        0.83605        
614         0.616577       0.498936       
615         0.860531       0.909996       
616         0.436862       0.298128       
617         0.895489       0.761662       
618         0.340661       0.66078        
619         0.817584       0.815905       
620         0.542871       0.546742       
621         0.90331        0.902047       
622         0.317922       0.321623       
623         0.789325       0.794182       
624         0.605299       0.594984       
625         0.86964        0.87716        
626         0.412653       0.392212       
627         0.882228       0.867709       
628         0.378201       0.417835       
629         0.856001       0.885426       
630         0.448679       0.369266       
631         0.900413       0.847788       
632         0.326397       0.469719       
633         0.800298       0.906662       
634         0.58175        0.308037       
635         0.885674       0.775867       
636         0.368571       0.632986       
637         0.847124       0.845626       
638         0.471398       0.475176       
639         0.907022       0.907757       
640         0.306972       0.304793       
641         0.774374       0.771295       
642         0.635976       0.642093       
643         0.842698       0.836507       
644         0.48251        0.497817       
645         0.908887       0.909983       
646         0.301435       0.298168       
647         0.766482       0.76172        
648         0.651515       0.66067        
649         0.826438       0.816035       
650         0.522116       0.546445       
651         0.90822        0.902148       
652         0.303419       0.321328       
653         0.769335       0.793798       
654         0.64595        0.595806       
655         0.832463       0.876589       
656         0.507664       0.393777       
657         0.909786       0.868929       
658         0.298754       0.414565       
659         0.76258        0.883431       
660         0.659028       0.374849       
661         0.817945       0.852987       
662         0.542036       0.456456       
663         0.903568       0.903098       
664         0.317164       0.318542       
665         0.788318       0.790146       
666         0.607417       0.603567       
667         0.868001       0.870957       
668         0.417055       0.409103       
669         0.884957       0.879926       
670         0.37058        0.38459        
671         0.849032       0.861517       
672         0.466563       0.434272       
673         0.90593        0.894275       
674         0.310203       0.344153       
675         0.778876       0.821591       
676         0.62691        0.533549       
677         0.851374       0.905903       
678         0.460592       0.310283       
679         0.904347       0.778987       
680         0.314872       0.626684       
681         0.785249       0.851582       
682         0.613825       0.46006        
683         0.86284        0.904194       
684         0.430783       0.315324       
685         0.892561       0.785858       
686         0.349061       0.612559       
687         0.827072       0.863883       
688         0.520608       0.428025       
689         0.908454       0.891143       
690         0.302722       0.353105       
691         0.768336       0.831456       
692         0.647906       0.510099       
693         0.830371       0.909629       
694         0.512712       0.299224       
695         0.909412       0.763267       
696         0.29987        0.657713       
697         0.764211       0.819461       
698         0.655901       0.538518       
699         0.82153        0.904599       
700         0.533691       0.314129       
701         0.905868       0.784246       
702         0.310386       0.615904       
703         0.77913        0.861101       
704         0.626395       0.435366       
705         0.851849       0.894794       
706         0.459377       0.342662       
707         0.903993       0.819891       
708         0.315914       0.537517       
709         0.786649       0.904876       
710         0.61091        0.313313       
711         0.865224       0.783139       
712         0.424465       0.61819        
713         0.889232       0.859153       
714         0.358535       0.440473       
715         0.837155       0.897102       
716         0.496227       0.336009       
717         0.909948       0.81211        
718         0.298271       0.555419       
719         0.761871       0.898821       
720         0.660382       0.331029       
721         0.816371       0.806074       
722         0.54567        0.569          
723         0.902408       0.89267        
724         0.320567       0.34875        
725         0.792806       0.826729       
726         0.597923       0.521423       
727         0.875097       0.908329       
728         0.397861       0.303092       
729         0.872026       0.768867       
730         0.406211       0.646866       
731         0.877981       0.831487       
732         0.389955       0.510023       
733         0.86592        0.909634       
734         0.422614       0.299207       
735         0.888202       0.763243       
736         0.36145        0.657759       
737         0.840126       0.819408       
738         0.488903       0.538642       
739         0.909552       0.904565       
740         0.299453       0.314231       
741         0.763603       0.784384       
742         0.65707        0.615618       
743         0.820198       0.861342       
744         0.536802       0.434732       
745         0.90507        0.894494       
746         0.312743       0.343523       
747         0.782362       0.820875       
748         0.619788       0.535223       
749         0.857769       0.905484       
750         0.444085       0.311521       
751         0.898619       0.780692       
752         0.331613       0.623212       
753         0.806791       0.85474        
754         0.567401       0.45194        
755         0.893464       0.901592       
756         0.346477       0.322954       
757         0.824208       0.795903       
758         0.527397       0.591287       
759         0.907268       0.879667       
760         0.306244       0.385306       
761         0.773349       0.862116       
762         0.638021       0.432693       
763         0.840659       0.89351        
764         0.487583       0.346346       
765         0.909439       0.824061       
766         0.29979        0.527743       
767         0.764094       0.907198       
768         0.656126       0.30645        
769         0.821274       0.77364        
770         0.53429        0.637442       
771         0.90572        0.841239       
772         0.310824       0.486143       
773         0.779734       0.909301       
774         0.625166       0.300201       
775         0.852973       0.764692       
776         0.456492       0.654975       
777         0.90311        0.822577       
778         0.31851        0.531236       
779         0.790103       0.906448       
780         0.603658       0.308671       
781         0.870888       0.776751       
782         0.409288       0.631208       
783         0.880048       0.847335       
784         0.384251       0.470865       
785         0.861232       0.90691        
786         0.435021       0.307304       
787         0.894631       0.77484        
788         0.34313        0.635045       
789         0.820426       0.843617       
790         0.536271       0.480215       
791         0.905211       0.908575       
792         0.312326       0.302362       
793         0.781793       0.767818       
794         0.620957       0.648915       
795         0.856745       0.82928        
796         0.446749       0.515331       
797         0.899678       0.909144       
798         0.328536       0.300667       
799         0.802985       0.76537        
800         0.575848       0.653667       
801         0.889059       0.824046       
802         0.359024       0.527778       
803         0.837658       0.907191       
804         0.494993       0.306471       
805         0.909909       0.773669       
806         0.298388       0.637383       
807         0.762044       0.841298       
808         0.660052       0.485997       
809         0.816755       0.909286       
810         0.544784       0.300244       
811         0.9027         0.764756       
812         0.319712       0.654852       
813         0.791687       0.822716       
814         0.600304       0.530911       
815         0.873378       0.906522       
816         0.402543       0.308453       
817         0.875428       0.776447       
818         0.396956       0.63182        
819         0.871351       0.846749       
820         0.40804        0.472345       
821         0.879218       0.907216       
822         0.386546       0.306397       
823         0.863147       0.773566       
824         0.429973       0.637589       
825         0.89215        0.841092       
826         0.350235       0.486509       
827         0.828356       0.909337       
828         0.517543       0.300092       
829         0.90888        0.764534       
830         0.301455       0.65528        
831         0.766511       0.822233       
832         0.651457       0.532044       
833         0.826501       0.906262       
834         0.521966       0.309221       
835         0.908244       0.777516       
836         0.303347       0.629664       
837         0.769232       0.848801       
838         0.646151       0.467149       
839         0.832249       0.906072       
840         0.508182       0.309785       
841         0.909756       0.778298       
842         0.298843       0.628082       
843         0.762711       0.850286       
844         0.658779       0.463372       
845         0.818233       0.905117       
846         0.541369       0.312605       
847         0.903771       0.782175       
848         0.316568       0.620173       
849         0.787524       0.857432       
850         0.609081       0.444961       
851         0.866689       0.898973       
852         0.420563       0.330585       
853         0.887031       0.805527       
854         0.364754       0.570217       
855         0.843419       0.892053       
856         0.48071        0.350512       
857         0.908646       0.828658       
858         0.302152       0.516822       
859         0.767517       0.90897        
860         0.649503       0.301187       
861         0.828642       0.766123       
862         0.516859       0.652211       
863         0.908965       0.825668       
864         0.3012         0.523943       
865         0.766142       0.907913       
866         0.652173       0.304328       
867         0.82571        0.770634       
868         0.523843       0.643396       
869         0.907931       0.835153       
870         0.304277       0.501129       
871         0.77056        0.909995       
872         0.643541       0.29813        
873         0.835001       0.761664       
874         0.501499       0.660776       
875         0.909992       0.81591        
876         0.29814        0.54673        
877         0.76168        0.902051       
878         0.660746       0.321612       
879         0.815945       0.794166       
880         0.546651       0.595017       
881         0.902078       0.877137       
882         0.321532       0.392273       
883         0.794064       0.867758       
884         0.595237       0.417706       
885         0.876985       0.885349       
886         0.392692       0.369483       
887         0.868085       0.847994       
888         0.416828       0.469197       
889         0.88482        0.906546       
890         0.370965       0.308381       
891         0.849393       0.776347       
892         0.465644       0.632022       
893         0.905704       0.846556       
894         0.310873       0.472832       
895         0.7798         0.907313       
896         0.625031       0.306109       
897         0.853097       0.773158       
898         0.456174       0.6384         
899         0.903009       0.840278       
900         0.318806       0.488528       
901         0.790494       0.909521       
902         0.602831       0.299545       
903         0.87151        0.763737       
904         0.40761        0.656812       
905         0.878929       0.820492       
906         0.387343       0.536116       
907         0.863802       0.905252       
908         0.428238       0.312206       
909         0.891255       0.781629       
910         0.352787       0.621293       
911         0.831115       0.856448       
912         0.51092        0.447519       
913         0.909566       0.899974       
914         0.299411       0.327675       
915         0.763541       0.801906       
916         0.657188       0.578223       
917         0.820063       0.887727       
918         0.537118       0.36279        
919         0.904985       0.841471       
920         0.312993       0.485566       
921         0.782703       0.909242       
922         0.619087       0.300377       
923         0.858379       0.764949       
924         0.442496       0.65448        
925         0.897963       0.823135       
926         0.333515       0.529925       
927         0.80911        0.90674        
928         0.562202       0.307806       
929         0.895916       0.775544       
930         0.339431       0.633634       
931         0.816152       0.844996       
932         0.546175       0.476758       
933         0.902239       0.908034       
934         0.321061       0.303971       
935         0.79345        0.770124       
936         0.596548       0.6444         
937         0.87607        0.834102       
938         0.395201       0.503689       
939         0.870022       0.90995        
940         0.411624       0.298264       
941         0.88157        0.761861       
942         0.380031       0.6604         
943         0.857611       0.816349       
944         0.444497       0.545721       
945         0.898787       0.902391       
946         0.331128       0.320617       
947         0.806195       0.792871       
948         0.568731       0.597785       
949         0.892805       0.875195       
950         0.348364       0.397593       
951         0.826303       0.871827       
952         0.522435       0.406752       
953         0.908168       0.878349       
954         0.303572       0.388941       
955         0.769555       0.865104       
956         0.645518       0.424786       
957         0.832921       0.889408       
958         0.506556       0.358036       
959         0.909844       0.83664        
960         0.298583       0.497491       
961         0.762329       0.909977       
962         0.659507       0.298184       
963         0.817389       0.761745       
964         0.543322       0.660623       
965         0.903169       0.816089       
966         0.318337       0.546319       
967         0.789874       0.90219        
968         0.604141       0.321204       
969         0.870523       0.793636       
970         0.410275       0.596151       
971         0.880696       0.876348       
972         0.382457       0.394438       
973         0.859709       0.869438       
974         0.439019       0.413197       
975         0.896464       0.882573       
976         0.337851       0.377241       
977         0.814296       0.855146       
978         0.550433       0.450892       
979         0.900742       0.901222       
980         0.325439       0.324036       
981         0.799083       0.797294       
982         0.5844         0.588283       
983         0.884071       0.88163        
984         0.373061       0.379865       
985         0.851347       0.857466       
986         0.460661       0.444875       
987         0.904367       0.898939       
988         0.314814       0.330686       
989         0.78517        0.805652       
990         0.613988       0.569941       
991         0.862705       0.892194       
992         0.43114        0.350109       
993         0.89274        0.828219       
994         0.348548       0.517872       
995         0.826507       0.908837       
996         0.521952       0.301581       
997         0.908246       0.766693       
998         0.30334        0.651104       
999         0.769223       0.82689        
